do run
loading script "felix_peak_hop_argon_2CDD_CDD_center.py"
loading script "felix_pump_ms.py"
loading script "felix_pause.py"
loading script "felix_pump_extraction_line.py"
testing...
no interpolation path defined
executed snippet estimated_duration=139.8, duration=0.0100679397583
script duration name:peak_hop_argon_2CDD_CDD_center seconds:140.0
loading script "felix_peak_hop_argon_2CDD_CDD_center.py"
loading script "felix_pump_ms.py"
loading script "felix_pause.py"
loading script "felix_pump_extraction_line.py"
testing...
no interpolation path defined
executed snippet estimated_duration=0, duration=2.00271606445e-05
loading script "felix_peak_hop_argon_2CDD_CDD_center.py"
loading script "felix_pump_ms.py"
loading script "felix_pause.py"
loading script "felix_pump_extraction_line.py"
testing...
no interpolation path defined
executed snippet estimated_duration=0.0, duration=2.88486480713e-05
script duration name:pause seconds:0.0
loading script "felix_peak_hop_argon_2CDD_CDD_center.py"
loading script "felix_pump_ms.py"
loading script "felix_pause.py"
loading script "felix_pump_extraction_line.py"
testing...
no interpolation path defined
calculate duration
testing...
no interpolation path defined
executed snippet estimated_duration=4.0, duration=0.000119924545288
executed snippet estimated_duration=4.0, duration=0.00088906288147
Script duration 140.0
Run total estimated duration= 141.000
run duration: 0:02:21
doing event level: 2
15:24:02 -- Setting default integration. t=1.048576
setting integration time = 1.048576
SetIntegrationTime 1.048576 ===>> OK
----------------- start -----------------
**************** Experiment Type: Ar/Ar, Ar/Ar
close session 4921183792
$$$$$ Clearing conditionals
adding conditionals 
Add queue conditionals
add default conditionals
adding default conditionals from /Users/obama/PychronDev/setupfiles/spectrometer/default_conditionals.yaml
Start automated run ba-01-F-957
loading script "felix_peak_hop_argon_2CDD_CDD_center.py"
loading script "felix_pump_ms.py"
loading script "felix_pause.py"
loading script "felix_pump_extraction_line.py"
%%%%%%%%%%%%%%%%%% setting automated run ba-01-F-957
No metadata section in "felix_pause.py". Using default "15" value for "eqtime"
No metadata section in "felix_pause.py". Using default "1" value for "sensitivity_multiplier"
$$$$$$$$$$$$$$$ auto_save_detector_ic=False
============================= Pre Extraction Check =============================
loading queue conditionals pre_run_terminations
loading system conditionals pre_run_terminations
loading conditionals from /Users/obama/PychronDev/setupfiles/spectrometer/default_conditionals.yaml
15:24:02 -- ******* Pre Extraction Check *******
Get a measurement from the spectrometer
Pre Extraction Termination data. keys=AX(CDD),L2(CDD),H2,H1,AX,L1, signals=0.00015,0.00192,0.08165,0.08289,-0.07922,-0.31886
15:24:02 -- testing system defined conditionals
Checking default pre extraction terminations n=2
testing L2_CDD_
evaluate ot="L2(CDD).inactive" t="L2_CDD_", ctx="{'L2_CDD_': False}"
GetDeflection L2 (CDD) ===>> 0
testing L2_CDD_==3250
evaluate ot="L2(CDD).deflection==3250" t="L2_CDD_==3250", ctx="{'L2_CDD_': 0.0}"
15:24:02 -- ******* Pre Extraction Check Passed *******
=================================================================================
15:24:02 -- stopping status monitor
stop 4897129392
Status monitor stopped
Status monitor finished
15:24:06 -- starting status monitor
start 4897129392
StatusMonitor period=3. Frequencies(state=1, checksum=3, lock=5, owner=5)
start extraction
do extraction
Analysis started at 15:24:11.389927
Extraction Started felix_pause.py
15:24:11 -- ******* Extraction Started felix_pause.py *******
state changed from not run to extraction
DO EXTRACTION <pychron.extraction_line.pyscript_runner.RemotePyScriptRunner object at 0x127ecf5f0>
testing...
no interpolation path defined
executed snippet estimated_duration=0.0, duration=3.88622283936e-05
pause script
sleep (0.0,) {}
SLEEP 0.0
executed snippet estimated_duration=0.0, duration=0.000976085662842
felix_pause.py completed successfully
no extraction action
Requested Output= 0.000
Achieved Output=  0.000
no extraction action
no extraction action
no extraction action
no extraction action
persistence save...
persistence save - db
AutomatedRunPersister post_extraction_save deprecated
persistence save - dvc
no extraction position for 
Popen(['git', 'cat-file', '--batch-check'], cwd=/Users/obama/PychronDev/data/.dvc/MetaData, universal_newlines=False, shell=None)
not connected to db mysql://felixexp@129.138.12.160/labspy
using pymysql
4922518608 connecting to database mysql://felixexp@129.138.12.160/labspy
create new session 4922518608
testing database connection get_migrate_version
closing test session
close session 4922518608
connected to db mysql://felixexp@129.138.12.160/labspy
Enviromentals: {'lab_humiditys': [{'device': 'EnvironmentalMonitor',
                    'name': 'Lab Hum.',
                    'pub_date': '2017-10-19T15:21:21',
                    'title': 'iServer Hum.',
                    'value': 37.7}],
 'lab_pneumatics': [{'device': 'AirPressure',
                     'name': 'Pressure',
                     'pub_date': '2017-10-19T15:22:58',
                     'title': None,
                     'value': 81.075},
                    {'device': 'AirPressure2',
                     'name': 'Pressure2',
                     'pub_date': '2017-10-19T15:23:08',
                     'title': None,
                     'value': 81.3475}],
 'lab_temperatures': [{'device': 'Coldfinger',
                       'name': 'ColdFinger Temp.',
                       'pub_date': '2017-10-19T14:04:18',
                       'title': None,
                       'value': 72.0},
                      {'device': 'EnvironmentalMonitor',
                       'name': 'Lab Temp.',
                       'pub_date': '2017-10-19T14:47:53',
                       'title': 'iServer Temp.',
                       'value': 73.7},
                      {'device': 'Chiller',
                       'name': 'Coolant Temp.',
                       'pub_date': '2017-10-19T15:23:07',
                       'title': None,
                       'value': 18.0}]}
Extraction Finished
15:24:14 -- ******* Extraction Finished *******
no overlap. not waiting for min ms pumptime
15:24:14 -- Sending spectrometer configuration
======== Sending configuration ========
SetDeflection H1(CDD),0.0 ===>> Error: could not set Deflection H1(CDD) Set to 0
SetDeflection L2(CDD),0.0 ===>> Error: could not set Deflection L2(CDD) Set to 0
SetDeflection L1(CDD),0.0 ===>> Error: could not set Deflection L1(CDD) Set to 0
SetDeflection H2(CDD),600.0 ===>> Error: could not set Deflection H2(CDD) Set to 600
SetZFocus 1.65 ===>> OK
SetHV 9900.0 ===>> OK
SetZSymmetry 3.35 ===>> OK
SetExtractionLens 63.57 ===>> OK
SetIonRepeller -5.15 ===>> OK
SetElectronEnergy 125.02 ===>> OK
SetYSymmetry 38.07 ===>> OK
send trap current 250.0
GetParameter Trap Current Readback ===>> 248.830617103095
SetParameter Trap Current Set,250.0 ===>> OK
updating mftable name argon_2CDD
Using mftable located at /Users/obama/PychronDev/setupfiles/spectrometer/mftables/argon_2CDD.csv
============ MFtable ===========
Isotope  H2     H1     AX(CDD)L2(CDD)
Ar40     3.7670 3.8422 --- ---
Ar39     --- 3.7670 --- ---
Ar38     --- --- 3.7944 ---
Ar36     --- --- --- 3.7673
PHHCbs   --- --- 3.8095 ---
================================
get initial guess discrete
get initial guess discrete
get initial guess discrete
get initial guess discrete
======== Configuration Finished ========
GetYSymmetry ===>> 38.07
GetZSymmetry ===>> 3.35
GetParameter Trap Current Readback ===>> 248.047427211133
GetHighVoltage ===>> 9900
start measurement
do measurement
L#=ba-01-F analysis type=blank_air
Measurement Started felix_peak_hop_argon_2CDD_CDD_center.py
15:24:14 -- ******* Measurement Started felix_peak_hop_argon_2CDD_CDD_center.py *******
state changed from extraction to measurement
setting trap, emission, spec, defl, and gains
GetExtractionLens ===>> 63.57
GetYSymmetry ===>> 38.07
GetZSymmetry ===>> 3.35
GetZFocus ===>> 1.65
GetDeflection H2 (CDD) ===>> 0
GetDeflection H1 (CDD) ===>> 0
GetDeflection AX (CDD) ===>> 0
GetDeflection L1 (CDD) ===>> 0
GetDeflection L2 (CDD) ===>> 0
GetGain H2 ===>> 0.9809305
GetGain H1 ===>> 0.9706
GetGain AX ===>> 0.01
GetGain L1 ===>> 0.970094835296087
GetGain L2 ===>> 0.967359864778375
GetGain H2(CDD) ===>> 0
GetGain H1(CDD) ===>> 0
GetGain AX(CDD) ===>> 0
GetGain L1(CDD) ===>> 0
GetGain L2(CDD) ===>> 0
GetParameter Trap Current Readback ===>> 248.159311481414
GetParameter Source Current Readback ===>> 861.650430324116
pre measurement save
New frame /Users/obama/PychronDev/data/isotopes/18/5d6a83-54dd-43e9-b026-121ba3ad329c.h5
flush and close file /Users/obama/PychronDev/data/isotopes/18/5d6a83-54dd-43e9-b026-121ba3ad329c.h5
testing...
no interpolation path defined
molweights={'PHHCl': 38.13021421, 'Ar40': 39.9624, 'PM41': 41.0, 'Ar35': 35.0, 'Ar36': 35.9675, 'Ar37': 36.9668, 'PHHCbs': 38.9016474, 'Ar38': 37.9627, 'Ar39': 38.964, 'PM42': 42.0}
Cannot update isotopes. isotope=Ar40, detector=AX(CDD). error:local variable 'ret' referenced before assignment
executed snippet estimated_duration=155.4, duration=0.017539024353
unknown measurement script
activate_detectors ('H2', 'H1', 'AX', 'AX(CDD)', 'L1', 'L2(CDD)') {}
activate detectors
*************** Set Analysis View Ar/Ar
create graphs
clearing graphs
creating plots for detectors [Detector(H2), Detector(H1), Detector(AX), Detector(AX(CDD)), Detector(L1), Detector(L2(CDD))]
clear isotope group
setting isotope det=H2, iso=Ar40
setting isotope det=H1, iso=Ar39
setting isotope det=AX, iso=Ar38
setting isotope det=AX(CDD), iso=Ar40
setting isotope det=L1, iso=Ar37
setting isotope det=L2(CDD), iso=Ar36
load analysis view
set_spectrometer_configuration ('argon_2CDD',) {}
======== Sending configuration ========
SetDeflection H1(CDD),0.0 ===>> Error: could not set Deflection H1(CDD) Set to 0
SetDeflection L2(CDD),0.0 ===>> Error: could not set Deflection L2(CDD) Set to 0
SetDeflection L1(CDD),0.0 ===>> Error: could not set Deflection L1(CDD) Set to 0
SetDeflection H2(CDD),600.0 ===>> Error: could not set Deflection H2(CDD) Set to 600
SetZFocus 1.65 ===>> OK
SetHV 9900.0 ===>> OK
SetZSymmetry 3.35 ===>> OK
SetExtractionLens 63.57 ===>> OK
SetIonRepeller -5.15 ===>> OK
SetElectronEnergy 125.02 ===>> OK
SetYSymmetry 38.07 ===>> OK
send trap current 250.0
GetParameter Trap Current Readback ===>> 248.830617103095
SetParameter Trap Current Set,250.0 ===>> OK
updating mftable name argon_2CDD
Using mftable located at /Users/obama/PychronDev/setupfiles/spectrometer/mftables/argon_2CDD.csv
============ MFtable ===========
Isotope  H2     H1     AX(CDD)L2(CDD)
Ar40     3.7670 3.8422 --- ---
Ar39     --- 3.7670 --- ---
Ar38     --- --- 3.7944 ---
Ar36     --- --- --- 3.7673
PHHCbs   --- --- 3.8095 ---
================================
get initial guess discrete
get initial guess discrete
get initial guess discrete
get initial guess discrete
======== Configuration Finished ========
GetYSymmetry ===>> 38.07
GetZSymmetry ===>> 3.35
GetParameter Trap Current Readback ===>> 248.047427211133
GetHighVoltage ===>> 9900
position_magnet ('Ar40',) {'detector': 'H2'}
detector Detector(H2)
POSITION Ar40 H2
molweights={'PHHCl': 38.13021421, 'Ar40': 39.9624, 'PM41': 41.0, 'Ar35': 35.0, 'Ar36': 35.9675, 'Ar37': 36.9668, 'PHHCbs': 38.9016474, 'Ar38': 37.9627, 'Ar39': 38.964, 'PM42': 42.0}
Cannot update isotopes. isotope=Ar40, detector=H2. error:local variable 'ret' referenced before assignment
Mapping mass to dac mass func: "discrete"
using discrete mass mapping
H2 map mass to dac 39.9624 >> 3.76702
GetHighVoltage ===>> 9900
positioning Ar40 (3.76702) on H2
setting magnet DAC
current  : 3.767020
requested: 3.767020
Delta Dac: 0.000000
Checking detector protection. dv=0.00000
AF Demag not enabled. self.use_af_demag=True, use_af_demag=False
SetMagnetDAC 3.76702 ===>> OK
set_dac. change=False
equilibrate () {'delay': 3, 'inlet': 'H', 'outlet': 'V', 'eqtime': 15.0}
Equilibration Started
15:24:14 -- ******* Equilibration Started *******
checking ownership. requestor=192.168.2.137
check software interlocks V
interlocks []
actuate state mode=None-script, software_lock=False
doing actuation None-script close_channel True
Close V ===>> OK
GetIndicatorState V ===>> False
change switch state (True, True)
15:24:14 -- CLOSE  VALVE-V (Felix Ion Pump)
waiting 3s before opening inlet value ('H',)
update labels <pychron.experiment.plot_panel.PlotPanel object at 0x1255a5cb0>
update labels "<pychron.graph.stacked_regression_graph.StackedRegressionGraph object at 0x122771890>"
setting label 0 H2 Ar40
setting label 1 H1 Ar39
setting label 2 AX Ar38
setting label 3 AX(CDD) Ar40(AX(CDD))
setting label 4 L1 Ar37
setting label 5 L2(CDD) Ar36
update labels "<pychron.graph.stacked_graph.StackedGraph object at 0x122771110>"
setting label 0 H2 Ar40
setting label 1 H1 Ar39
setting label 2 AX Ar38
setting label 3 AX(CDD) Ar40(AX(CDD))
setting label 4 L1 Ar37
setting label 5 L2(CDD) Ar36
checking ownership. requestor=192.168.2.137
check software interlocks H
interlocks []
actuate state mode=None-script, software_lock=False
doing actuation None-script open_channel True
Open H ===>> OK
GetIndicatorState H ===>> OK
change switch state (True, True)
15:24:18 -- OPEN   VALVE-H (Felix Inlet)
equilibrating for 15.0sec
set_time_zero (0,) {}
sniff (15.0,) {}
py_sniff
build tables- sniff [Detector(H2), Detector(H1), Detector(AX), Detector(AX(CDD)), Detector(L1), Detector(L2(CDD))]
add group /sniff/Ar40 (Group) u'' table H2
add group /sniff/Ar39 (Group) u'' table H1
add group /sniff/Ar38 (Group) u'' table AX
add group /sniff/Ar40 (Group) u'' table AX(CDD)
add group /sniff/Ar37 (Group) u'' table L1
add group /sniff/Ar36 (Group) u'' table L2(CDD)
flush and close file /Users/obama/PychronDev/data/isotopes/18/5d6a83-54dd-43e9-b026-121ba3ad329c.h5
measuring sniff. ncounts=15.0
"sniff" increment series count="1" fit count="0" regressing="False"
starting measurement
measurement period (ms) = 1048.576
set_plot_data, get_fit 'Isotope' object has no attribute 'iso'
flush and close file /Users/obama/PychronDev/data/isotopes/18/5d6a83-54dd-43e9-b026-121ba3ad329c.h5
_execute: Traceback (most recent call last):
  File "/Users/obama/.pychron.1/updates/pychron/pyscripts/pyscript.py", line 360, in execute_snippet
    func(*argv)
  File "<string>", line 68, in main
  File "/Users/obama/.pychron.1/updates/pychron/pyscripts/pyscript.py", line 135, in decorator
    return func(obj, *args, **kw)
  File "/Users/obama/.pychron.1/updates/pychron/pyscripts/measurement_pyscript.py", line 169, in sniff
    series=self._series_count, block=block):
  File "/Users/obama/.pychron.1/updates/pychron/pyscripts/measurement_pyscript.py", line 883, in _automated_run_call
    return func(*args, **kw)
  File "/Users/obama/.pychron.1/updates/pychron/experiment/automated_run/automated_run.py", line 389, in py_sniff
    return self._sniff(ncounts, starttime, starttime_offset, series)
  File "/Users/obama/.pychron.1/updates/pychron/experiment/automated_run/automated_run.py", line 2229, in _sniff
    check_conditionals, sc)
  File "/Users/obama/.pychron.1/updates/pychron/experiment/automated_run/automated_run.py", line 2291, in _measure
    m.measure()
  File "/Users/obama/.pychron.1/updates/pychron/experiment/automated_run/data_collector.py", line 115, in measure
    self._measure(evt)
  File "/Users/obama/.pychron.1/updates/pychron/experiment/automated_run/data_collector.py", line 154, in _measure
    if not self._iter(i):
  File "/Users/obama/.pychron.1/updates/pychron/experiment/automated_run/data_collector.py", line 181, in _iter
    if not self._iter_hook(i):
  File "/Users/obama/.pychron.1/updates/pychron/experiment/automated_run/multi_collector.py", line 37, in _iter_hook
    return self._iteration(i)
  File "/Users/obama/.pychron.1/updates/pychron/experiment/automated_run/data_collector.py", line 226, in _iteration
    self._plot_data(i, x, k, s)
  File "/Users/obama/.pychron.1/updates/pychron/experiment/automated_run/data_collector.py", line 450, in _plot_data
    self._plot_data_(i, x, keys, signals)
  File "/Users/obama/.pychron.1/updates/pychron/experiment/automated_run/data_collector.py", line 315, in _plot_data_
    self._set_plot_data(cnt, det.isotope, det.name, x, signal)
  File "/Users/obama/.pychron.1/updates/pychron/experiment/automated_run/data_collector.py", line 384, in _set_plot_data
    update_graph(sgraph, 0, 0)
  File "/Users/obama/.pychron.1/updates/pychron/experiment/automated_run/data_collector.py", line 368, in update_graph
    pids = [(g.get_plotid_by_ytitle(name), fit)]
UnboundLocalError: local variable 'name' referenced before assignment

Post Equilibration Started felix_pump_extraction_line.py
15:24:18 -- ******* Post Equilibration Started felix_pump_extraction_line.py *******
testing...
no interpolation path defined
calculate duration
testing...
no interpolation path defined
executed snippet estimated_duration=4.0, duration=0.00017786026001
executed snippet estimated_duration=4.0, duration=0.0012629032135
Pump after analysis
Post Measurement Started felix_pump_ms.py
15:24:18 -- ******* Post Measurement Started felix_pump_ms.py *******
doing GOSUB
testing...
testing...
no interpolation path defined
no interpolation path defined
executed snippet estimated_duration=4.0, duration=0.000155925750732
executed snippet estimated_duration=0, duration=2.09808349609e-05
Pump Bone
Pumping spectrometer
close () {'description': 'Felix Inlet'}
open () {'name': 'V'}
close name=--- desc=Felix Inlet
open name=V desc=---
checking ownership. requestor=192.168.2.137
check software interlocks V
checking ownership. requestor=192.168.2.137
interlocks []
check software interlocks H
actuate state mode=None-script, software_lock=False
interlocks []
doing actuation None-script open_channel True
actuate state mode=None-script, software_lock=False
doing actuation None-script close_channel True
Open V ===>> OK
Close H ===>> OK
State checksums do not match. Local:-2036973481 Remote:1014679806
State checksum failed
GetIndicatorState V ===>> OK
change switch state (True, True)
15:24:19 -- OPEN   VALVE-V (Felix Ion Pump)
-------------------------- open V () result=[(True, True)]
GetIndicatorState H ===>> False
change switch state (True, True)
15:24:19 -- CLOSE  VALVE-H (Felix Inlet)
-------------------------- close None (Felix Inlet) result=[(True, True)]
action=open, ok=True, locked=[False]
executed snippet estimated_duration=0, duration=0.409348011017
felix_pump_ms.py completed successfully
setting _ms_pumptime
Post Measurement Finished
15:24:19 -- ******* Post Measurement Finished *******
----------------- finish -----------------
state changed from measurement to failed
----------------- stop -----------------
Measurement Finished unsuccessfully. Aborted=False
15:24:19 -- ******* Measurement Finished unsuccessfully. Aborted=False *******
failed execution step Measurement Failed
measurement did not complete successfully
15:24:19 -- Automated run ba-01-F-957 failed duration: 17.179 s
----------------- finish -----------------
----------------- stop -----------------
finish run. runs completed=1
write rem/ex queues
/Users/obama/PychronDev/experiments/rem/Argon2CDD_38AX.rem.txt
/Users/obama/PychronDev/experiments/rem/Argon2CDD_38AX.ex.txt
doing event level: 3
add run
