do run
loading script "felix_peak_hop_argon_2CDD_CDD_center.py"
loading script "felix_pump_ms.py"
loading script "felix_pump_extraction_line.py"
testing...
no interpolation path defined
executed snippet estimated_duration=139.8, duration=0.0103759765625
script duration name:peak_hop_argon_2CDD_CDD_center seconds:140.0
loading script "felix_peak_hop_argon_2CDD_CDD_center.py"
loading script "felix_pump_ms.py"
loading script "felix_pump_extraction_line.py"
testing...
no interpolation path defined
executed snippet estimated_duration=0, duration=2.78949737549e-05
loading script "felix_peak_hop_argon_2CDD_CDD_center.py"
loading script "felix_pump_ms.py"
loading script "felix_pump_extraction_line.py"
loading script "felix_peak_hop_argon_2CDD_CDD_center.py"
loading script "felix_pump_ms.py"
loading script "felix_pump_extraction_line.py"
testing...
no interpolation path defined
calculate duration
testing...
no interpolation path defined
executed snippet estimated_duration=4.0, duration=0.00012993812561
executed snippet estimated_duration=4.0, duration=0.00090503692627
Script duration 140.0
Run total estimated duration= 141.000
run duration: 0:02:21
doing event level: 2
14:32:12 -- Setting default integration. t=1.048576
setting integration time = 1.048576
SetIntegrationTime 1.048576 ===>> OK
----------------- start -----------------
**************** Experiment Type: Ar/Ar, Ar/Ar
close session 5050996880
$$$$$ Clearing conditionals
adding conditionals 
Add queue conditionals
add default conditionals
adding default conditionals from /Users/obama/PychronDev/setupfiles/spectrometer/default_conditionals.yaml
Start automated run a-01-F-2593
loading script "felix_peak_hop_argon_2CDD_CDD_center.py"
loading script "felix_pump_ms.py"
loading script "felix_pump_extraction_line.py"
%%%%%%%%%%%%%%%%%% setting automated run a-01-F-2593
$$$$$$$$$$$$$$$ auto_save_detector_ic=False
============================= Pre Extraction Check =============================
loading queue conditionals pre_run_terminations
loading system conditionals pre_run_terminations
loading conditionals from /Users/obama/PychronDev/setupfiles/spectrometer/default_conditionals.yaml
14:32:12 -- ******* Pre Extraction Check *******
Get a measurement from the spectrometer
Pre Extraction Termination data. keys=AX(CDD),L2(CDD),H2,H1,AX,L1, signals=0.40940,0.00016,0.07979,-0.08728,-0.05398,0.14875
14:32:12 -- testing system defined conditionals
Checking default pre extraction terminations n=2
testing L2_CDD_
evaluate ot="L2(CDD).inactive" t="L2_CDD_", ctx="{'L2_CDD_': False}"
GetDeflection L2 (CDD) ===>> 0
testing L2_CDD_==3250
evaluate ot="L2(CDD).deflection==3250" t="L2_CDD_==3250", ctx="{'L2_CDD_': 0.0}"
14:32:12 -- ******* Pre Extraction Check Passed *******
=================================================================================
14:32:12 -- stopping status monitor. block=True
stop 5042687920
Status monitor stopped
Status monitor finished
14:32:17 -- starting status monitor
start 5042687920
StatusMonitor period=3. Frequencies(state=1, checksum=3, lock=5, owner=5)
start extraction
no extraction script
14:32:21 -- Sending spectrometer configuration
======== Sending configuration ========
SetDeflection H1(CDD),0.0 ===>> Error: could not set Deflection H1(CDD) Set to 0
SetDeflection L2(CDD),0.0 ===>> Error: could not set Deflection L2(CDD) Set to 0
SetDeflection L1(CDD),0.0 ===>> Error: could not set Deflection L1(CDD) Set to 0
SetDeflection H2(CDD),600.0 ===>> Error: could not set Deflection H2(CDD) Set to 600
SetExtractionFocus 1.65 ===>> OK
SetHV 9900.0 ===>> OK
SetExtractionLens 63.57 ===>> OK
SetExtractionSymmetry 3.35 ===>> OK
SetIonRepeller -5.15 ===>> OK
SetElectronEnergy 125.02 ===>> OK
SetYSymmetry 38.07 ===>> OK
send trap current 250.0
GetParameter Trap Current Readback ===>> 248.718732832815
SetParameter Trap Current Set,250.0 ===>> OK
updating mftable name argon_2CDD
Using mftable located at /Users/obama/PychronDev/setupfiles/spectrometer/mftables/argon_2CDD.csv
============ MFtable ===========
Isotope  H2     AX(CDD)L2(CDD)
Ar40     3.7681 --- ---
Ar38     --- 3.7951 ---
Ar36     --- --- 3.7677
PHHCbs   --- 3.8102 ---
================================
get initial guess discrete
get initial guess discrete
get initial guess discrete
======== Configuration Finished ========
GetYSymmetry ===>> 38.07
GetZSymmetry ===>> 3.34554334554335
GetParameter Trap Current Readback ===>> 247.935542940853
GetHighVoltage ===>> 9900
start measurement
do measurement
L#=a-01-F analysis type=air
Measurement Started felix_peak_hop_argon_2CDD_CDD_center.py
14:32:22 -- ******* Measurement Started felix_peak_hop_argon_2CDD_CDD_center.py *******
state changed from not run to measurement
setting trap, emission, spec, defl, and gains
GetExtractionLens ===>> 63.57
GetYSymmetry ===>> 38.07
GetZSymmetry ===>> 3.34554334554335
GetZFocus ===>> 1.66056166056166
GetDeflection H2 (CDD) ===>> 0
GetDeflection H1 (CDD) ===>> 0
GetDeflection AX (CDD) ===>> 0
GetDeflection L1 (CDD) ===>> 0
GetDeflection L2 (CDD) ===>> 0
GetGain H2 ===>> 0.9809305
GetGain H1 ===>> 0.9706
GetGain AX ===>> 0.01
GetGain L1 ===>> 0.970094835296087
GetGain L2 ===>> 0.967359864778375
GetGain H2(CDD) ===>> 0
GetGain H1(CDD) ===>> 0
GetGain AX(CDD) ===>> 0
GetGain L1(CDD) ===>> 0
GetGain L2(CDD) ===>> 0
GetParameter Trap Current Readback ===>> 247.935542940853
GetParameter Source Current Readback ===>> 862.380333272294
pre measurement save
New frame /Users/obama/PychronDev/data/isotopes/da/93cb4a-5681-4073-b9d6-fc7ef8d301ca.h5
flush and close file /Users/obama/PychronDev/data/isotopes/da/93cb4a-5681-4073-b9d6-fc7ef8d301ca.h5
testing...
no interpolation path defined
molweights={'PHHCl': 38.13021421, 'Ar40': 39.9624, 'PM41': 41.0, 'Ar35': 35.0, 'Ar36': 35.9675, 'Ar37': 36.9668, 'PHHCbs': 38.9016474, 'Ar38': 37.9627, 'Ar39': 38.964, 'PM42': 42.0}
setting detector H2 to PM42 (42.0624)
setting detector H1 to PM41 (41.0624)
setting detector AX to Ar40 (40.0624)
setting detector L1 to Ar39 (39.0624)
setting detector L2 to Ar38 (37.9624)
setting detector H2(CDD) to PM42 (41.9624)
setting detector H1(CDD) to PM41 (40.9624)
setting detector AX(CDD) to Ar40 (39.9624)
setting detector L1(CDD) to Ar39 (38.9624)
setting detector L2(CDD) to Ar38 (38.0624)
executed snippet estimated_duration=155.4, duration=0.0184509754181
unknown measurement script
activate_detectors ('H2', 'H1', 'AX', 'AX(CDD)', 'L1', 'L2(CDD)') {}
activate detectors
*************** Set Analysis View Ar/Ar
create graphs
clearing graphs
creating plots for detectors [Detector(H2), Detector(H1), Detector(AX), Detector(AX(CDD)), Detector(L1), Detector(L2(CDD))]
clear isotope group
setting isotope det=H2, iso=PM42
setting isotope det=H1, iso=PM41
setting isotope det=AX, iso=Ar40
setting isotope det=AX(CDD), iso=Ar40
setting isotope det=L1, iso=Ar39
setting isotope det=L2(CDD), iso=Ar38
setting previous blanks
 - setting Ar40 blank 0.182+/-0.034
 - setting Ar36 blank 0.00292+/-0.00024
 - setting Ar37 blank -0.006+/-0.021
 - setting Ar38AX blank -0.018+/-0.032
 - setting Ar38AX(CDD) blank 0.0013+/-0.0005
 - setting Ar39 blank -0.00+/-0.05
load analysis view
set_spectrometer_configuration ('argon_2CDD',) {}
======== Sending configuration ========
SetDeflection H1(CDD),0.0 ===>> Error: could not set Deflection H1(CDD) Set to 0
SetDeflection L2(CDD),0.0 ===>> Error: could not set Deflection L2(CDD) Set to 0
SetDeflection L1(CDD),0.0 ===>> Error: could not set Deflection L1(CDD) Set to 0
SetDeflection H2(CDD),600.0 ===>> Error: could not set Deflection H2(CDD) Set to 600
SetExtractionFocus 1.65 ===>> OK
SetHV 9900.0 ===>> OK
SetExtractionLens 63.57 ===>> OK
SetExtractionSymmetry 3.35 ===>> OK
SetIonRepeller -5.15 ===>> OK
SetElectronEnergy 125.02 ===>> OK
SetYSymmetry 38.07 ===>> OK
send trap current 250.0
GetParameter Trap Current Readback ===>> 248.494964292254
SetParameter Trap Current Set,250.0 ===>> OK
updating mftable name argon_2CDD
Using mftable located at /Users/obama/PychronDev/setupfiles/spectrometer/mftables/argon_2CDD.csv
============ MFtable ===========
Isotope  H2     AX(CDD)L2(CDD)
Ar40     3.7681 --- ---
Ar38     --- 3.7951 ---
Ar36     --- --- 3.7677
PHHCbs   --- 3.8102 ---
================================
get initial guess discrete
get initial guess discrete
get initial guess discrete
======== Configuration Finished ========
GetYSymmetry ===>> 38.07
GetZSymmetry ===>> 3.34554334554335
GetParameter Trap Current Readback ===>> 247.935542940853
GetHighVoltage ===>> 9900
position_magnet ('Ar40',) {'detector': 'H2'}
detector Detector(H2)
POSITION Ar40 H2
molweights={'PHHCl': 38.13021421, 'Ar40': 39.9624, 'PM41': 41.0, 'Ar35': 35.0, 'Ar36': 35.9675, 'Ar37': 36.9668, 'PHHCbs': 38.9016474, 'Ar38': 37.9627, 'Ar39': 38.964, 'PM42': 42.0}
setting detector H2 to Ar40 (39.9624)
setting detector H1 to Ar39 (38.9624)
setting detector AX to Ar38 (37.9624)
setting detector L1 to Ar37 (36.9624)
setting detector L2 to Ar36 (35.8624)
setting detector H2(CDD) to Ar40 (39.8624)
setting detector H1(CDD) to Ar39 (38.8624)
setting detector AX(CDD) to Ar38 (37.8624)
setting detector L1(CDD) to Ar37 (36.8624)
setting detector L2(CDD) to Ar36 (35.9624)
Mapping mass to dac mass func: "discrete"
using discrete mass mapping
H2 map mass to dac 39.9624 >> 3.76815
GetHighVoltage ===>> 9900
positioning Ar40 (3.76815) on H2
setting magnet DAC
current  : 3.795080
requested: 3.768150
Delta Dac: 0.026930
Checking detector protection. dv=0.02693
AF Demag not enabled. self.use_af_demag=True, use_af_demag=False
SetMagnetDAC 3.76815 ===>> OK
Magnet settling time: 0.500 0.500
Magnet settling complete
set_dac. change=True
equilibrate () {'delay': 3, 'inlet': 'H', 'outlet': 'V', 'eqtime': 15.0}
Equilibration Started
14:32:23 -- ******* Equilibration Started *******
checking ownership. requestor=192.168.2.137
check software interlocks V
interlocks []
actuate state mode=None-script, software_lock=True
VALVE-V(Felix Ion Pump) software locked
change switch state (True, False)
waiting 3s before opening inlet value ('H',)
update labels <pychron.experiment.plot_panel.PlotPanel object at 0x12d163770>
update labels "<pychron.graph.stacked_regression_graph.StackedRegressionGraph object at 0x13c75e830>"
setting label 0 H2 Ar40
setting label 1 H1 Ar39
setting label 2 AX Ar38
setting label 3 AX(CDD) Ar38AX(CDD)
setting label 4 L1 Ar37
setting label 5 L2(CDD) Ar36
update labels "<pychron.graph.stacked_graph.StackedGraph object at 0x13c2f9fb0>"
setting label 0 H2 Ar40
setting label 1 H1 Ar39
setting label 2 AX Ar38
setting label 3 AX(CDD) Ar38AX(CDD)
setting label 4 L1 Ar37
setting label 5 L2(CDD) Ar36
checking ownership. requestor=192.168.2.137
check software interlocks H
interlocks []
actuate state mode=None-script, software_lock=True
VALVE-H(Felix Inlet) software locked
change switch state (True, False)
set_time_zero (0,) {}
equilibrating for 15.0sec
sniff (15.0,) {}
py_sniff
build tables- sniff [Detector(H2), Detector(H1), Detector(AX), Detector(AX(CDD)), Detector(L1), Detector(L2(CDD))]
add group /sniff/Ar40 (Group) u'' table H2
add group /sniff/Ar39 (Group) u'' table H1
add group /sniff/Ar38 (Group) u'' table AX
add group /sniff/Ar38 (Group) u'' table AX(CDD)
add group /sniff/Ar37 (Group) u'' table L1
add group /sniff/Ar36 (Group) u'' table L2(CDD)
flush and close file /Users/obama/PychronDev/data/isotopes/da/93cb4a-5681-4073-b9d6-fc7ef8d301ca.h5
measuring sniff. ncounts=15.0
"sniff" increment series count="1" fit count="0" regressing="False"
starting measurement
measurement period (ms) = 1048.576
Equilibration Finished
14:32:41 -- ******* Equilibration Finished *******
checking ownership. requestor=192.168.2.137
check software interlocks H
interlocks []
actuate state mode=None-script, software_lock=True
VALVE-H(Felix Inlet) software locked
change switch state (True, False)
Post Equilibration Started felix_pump_extraction_line.py
14:32:41 -- ******* Post Equilibration Started felix_pump_extraction_line.py *******
testing...
no interpolation path defined
calculate duration
testing...
no interpolation path defined
executed snippet estimated_duration=4.0, duration=0.000144958496094
executed snippet estimated_duration=4.0, duration=0.0119619369507
Pump after analysis
doing GOSUB
testing...
no interpolation path defined
executed snippet estimated_duration=4.0, duration=0.000159978866577
Pump Bone
close () {'description': 'Felix Inlet'}
close name=--- desc=Felix Inlet
checking ownership. requestor=192.168.2.137
check software interlocks H
interlocks []
actuate state mode=None-script, software_lock=True
VALVE-H(Felix Inlet) software locked
change switch state (True, False)
-------------------------- close None (Felix Inlet) result=[(True, False)]
action=close, ok=True, locked=[True]
is_closed ('A',) {}
is A () closed?
is closed False
close () {'description': 'CO2 Laser to Bone'}
close name=--- desc=CO2 Laser to Bone
checking ownership. requestor=192.168.2.137
check software interlocks F
interlocks []
actuate state mode=None-script, software_lock=True
VALVE-F(CO2 Laser to Bone) software locked
change switch state (True, False)
-------------------------- close None (CO2 Laser to Bone) result=[(True, False)]
action=close, ok=True, locked=[True]
sleep (1,) {}
SLEEP 1.0
close () {'description': 'CO2 Laser to Roughing'}
close name=--- desc=CO2 Laser to Roughing
checking ownership. requestor=192.168.2.137
check software interlocks G
interlocks []
actuate state mode=None-script, software_lock=True
VALVE-G(CO2 Laser to Roughing) software locked
change switch state (True, False)
-------------------------- close None (CO2 Laser to Roughing) result=[(True, False)]
action=close, ok=True, locked=[True]
open () {'description': 'Bone to Turbo'}
open name=--- desc=Bone to Turbo
checking ownership. requestor=192.168.2.137
check software interlocks C
interlocks []
actuate state mode=None-script, software_lock=False
doing actuation None-script open_channel False
Open C ===>> OK
waiting for write to finish
measurement finished
estimated time: 15.729 actual time: :15.873
flush and close file /Users/obama/PychronDev/data/isotopes/da/93cb4a-5681-4073-b9d6-fc7ef8d301ca.h5
set_spectrometer_configuration ('argon_2CDD',) {}
======== Sending configuration ========
caching configuration from /Users/obama/PychronDev/setupfiles/spectrometer/configurations/argon_2CDD.cfg
SetDeflection H1(CDD),0.0 ===>> Error: could not set Deflection H1(CDD) Set to 0
GetIndicatorState C ===>> OK
change switch state (True, True)
SetDeflection L2(CDD),0.0 ===>> Error: could not set Deflection L2(CDD) Set to 0
SetDeflection L1(CDD),0.0 ===>> Error: could not set Deflection L1(CDD) Set to 0
SetDeflection H2(CDD),600.0 ===>> Error: could not set Deflection H2(CDD) Set to 600
14:32:42 -- OPEN   VALVE-C (Bone to Turbo)
-------------------------- open None (Bone to Turbo) result=[(True, True)]
SetExtractionFocus 1.65 ===>> OK
SetHV 9900.0 ===>> OK
SetExtractionLens 63.57 ===>> OK
SetExtractionSymmetry 3.35 ===>> OK
SetIonRepeller -5.15 ===>> OK
SetElectronEnergy 125.02 ===>> OK
SetYSymmetry 38.07 ===>> OK
send trap current 250.0
GetParameter Trap Current Readback ===>> 248.830617103095
SetParameter Trap Current Set,250.0 ===>> OK
updating mftable name argon_2CDD
Using mftable located at /Users/obama/PychronDev/setupfiles/spectrometer/mftables/argon_2CDD.csv
============ MFtable ===========
Isotope  H2     AX(CDD)L2(CDD)
Ar40     3.7681 --- ---
Ar38     --- 3.7951 ---
Ar36     --- --- 3.7677
PHHCbs   --- 3.8102 ---
================================
get initial guess discrete
get initial guess discrete
get initial guess discrete
======== Configuration Finished ========
GetYSymmetry ===>> 38.07
GetZSymmetry ===>> 3.34554334554335
GetParameter Trap Current Readback ===>> 248.047427211133
GetHighVoltage ===>> 9900
load_hops ('hops/argon_2CDDF.yaml',) {}
define_hops ([{'counts': 10, 'settle': 5, 'positioning': {'detector': 'L2(CDD)', 'isotope': 'Ar36'}, 'cup_configuration': [{'protect': False, 'active': True, 'detector': 'H2', 'is_baseline': False, 'isotope': 'Ar40', 'deflection': 0}, {'protect': False, 'active': True, 'detector': 'H1', 'is_baseline': False, 'isotope': 'Ar39', 'deflection': 0}, {'protect': False, 'active': True, 'detector': 'AX', 'is_baseline': False, 'isotope': 'Ar38', 'deflection': 0}, {'protect': False, 'active': True, 'detector': 'L1', 'is_baseline': False, 'isotope': 'Ar37', 'deflection': 0}, {'protect': False, 'active': True, 'detector': 'L2(CDD)', 'is_baseline': False, 'isotope': 'Ar36', 'deflection': 0}]}, {'counts': 20, 'settle': 5, 'positioning': {'detector': 'AX(CDD)', 'isotope': 'Ar38', 'use_af_demag': False}, 'cup_configuration': [{'protect': False, 'active': True, 'detector': 'AX(CDD)', 'is_baseline': False, 'isotope': 'Ar38', 'deflection': 0}]}],) {}
set_fits () {}
using default fits file=/Users/obama/PychronDev/scripts/measurement/fits/nominal.yaml
set "Ar40" to "('Parabolic', 'SEM')"
action=open, ok=True, locked=[False]
No fit for "Ar38AX". defaulting to linear. check the measurement script "felix_peak_hop_argon_2CDD_CDD_center.py"
open () {'description': 'Bone to Getter GP-50'}
set "Ar38AX" to "linear"
open name=--- desc=Bone to Getter GP-50
set "Ar36" to "('Parabolic', 'SEM')"
set "Ar37" to "('linear', 'SEM')"
No fit for "Ar38AX(CDD)". defaulting to linear. check the measurement script "felix_peak_hop_argon_2CDD_CDD_center.py"
checking ownership. requestor=192.168.2.137
set "Ar38AX(CDD)" to "linear"
check software interlocks N
set "Ar39" to "('Parabolic', 'SEM')"
interlocks []
set_baseline_fits () {}
actuate state mode=None-script, software_lock=False
doing actuation None-script open_channel False
using default fits file=/Users/obama/PychronDev/scripts/measurement/fits/nominal.yaml
set "H2" to "('average', 'SEM')"
set "AX" to "('average', 'SEM')"
set "L2(CDD)" to "('average', 'SEM')"
set "L1" to "('average', 'SEM')"
set "AX(CDD)" to "('average', 'SEM')"
set "H1" to "('average', 'SEM')"
peak_hop () {'ncycles': 10, 'hops': [{'counts': 10, 'settle': 5, 'positioning': {'detector': 'L2(CDD)', 'isotope': 'Ar36'}, 'cup_configuration': [{'protect': False, 'active': True, 'detector': 'H2', 'is_baseline': False, 'isotope': 'Ar40', 'deflection': 0}, {'protect': False, 'active': True, 'detector': 'H1', 'is_baseline': False, 'isotope': 'Ar39', 'deflection': 0}, {'protect': False, 'active': True, 'detector': 'AX', 'is_baseline': False, 'isotope': 'Ar38', 'deflection': 0}, {'protect': False, 'active': True, 'detector': 'L1', 'is_baseline': False, 'isotope': 'Ar37', 'deflection': 0}, {'protect': False, 'active': True, 'detector': 'L2(CDD)', 'is_baseline': False, 'isotope': 'Ar36', 'deflection': 0}]}, {'counts': 20, 'settle': 5, 'positioning': {'detector': 'AX(CDD)', 'isotope': 'Ar38', 'use_af_demag': False}, 'cup_configuration': [{'protect': False, 'active': True, 'detector': 'AX(CDD)', 'is_baseline': False, 'isotope': 'Ar38', 'deflection': 0}]}]}
adding conditionals 
make new hop generatior
add group /signal/Ar40 (Group) u'' table H2
add group /signal/Ar39 (Group) u'' table H1
add group /signal/Ar38 (Group) u'' table AX
add group /signal/Ar37 (Group) u'' table L1
add group /signal/Ar36 (Group) u'' table L2(CDD)
add group /signal/Ar38 (Group) u'' table AX(CDD)
Open N ===>> OK
flush and close file /Users/obama/PychronDev/data/isotopes/da/93cb4a-5681-4073-b9d6-fc7ef8d301ca.h5
measuring signal. ncounts=430.0
GetIndicatorState N ===>> OK
change switch state (True, True)
14:32:42 -- OPEN   VALVE-N (Bone to Getter GP-50)
-------------------------- open None (Bone to Getter GP-50) result=[(True, True)]
"signal" increment series count="2" fit count="1" regressing="True"
action=open, ok=True, locked=[False]
open () {'description': 'Bone to Diode Laser'}
open name=--- desc=Bone to Diode Laser
checking ownership. requestor=192.168.2.137
check software interlocks B
interlocks []
actuate state mode=None-script, software_lock=False
doing actuation None-script open_channel False
Open B ===>> OK
GetIndicatorState B ===>> OK
change switch state (True, True)
14:32:43 -- OPEN   VALVE-B (Bone to Diode Laser)
-------------------------- open None (Bone to Diode Laser) result=[(True, True)]
starting measurement
measurement period (ms) = 1048.576
$$$$$$$$$$$$$$$$$ SETTING is_baseline False
Peak hop Detectors=['H2', 'H1', 'AX', 'L1', 'L2(CDD)']
Peak hop Deflections=[0, 0, 0, 0, 0]
Peak hop DeflectionsPairs=[('H2', 0), ('H1', 0), ('AX', 0), ('L1', 0), ('L2(CDD)', 0)]
SetDeflection L2 (CDD),0.0 ===>> OK
----------------------- HOP Ar36 L2(CDD)
detector Detector(L2(CDD))
POSITION Ar36 L2(CDD)
Mapping mass to dac mass func: "discrete"
using discrete mass mapping
L2(CDD) map mass to dac 35.9675 >> 3.76771
GetDeflection L2 (CDD) ===>> 0
GetHighVoltage ===>> 9900
positioning Ar36 (3.76771) on L2(CDD)
setting magnet DAC
current  : 3.768150
requested: 3.767710
Delta Dac: 0.000440
Checking detector protection. dv=0.00044
AF Demag not enabled. self.use_af_demag=True, use_af_demag=False
SetMagnetDAC 3.76771 ===>> OK
Magnet settling time: 0.500 0.500
action=open, ok=True, locked=[False]
open () {'description': 'Bone to CO2 Laser'}
open name=--- desc=Bone to CO2 Laser
checking ownership. requestor=192.168.2.137
check software interlocks D
interlocks []
actuate state mode=None-script, software_lock=False
doing actuation None-script open_channel False
Open D ===>> OK
GetIndicatorState D ===>> OK
change switch state (True, True)
14:32:43 -- OPEN   VALVE-D (Bone to CO2 Laser)
-------------------------- open None (Bone to CO2 Laser) result=[(True, True)]
action=open, ok=True, locked=[False]
sleep (1,) {}
Magnet settling complete
set_dac. change=True
SLEEP 1.0
update detector isotope pairing
detectors=['H2', 'H1', 'AX', 'L1', 'L2(CDD)']
isotopes=['Ar40', 'Ar39', 'Ar38', 'Ar37', 'Ar36']
updating pairing H2 - Ar40
updating pairing H1 - Ar39
updating pairing AX - Ar38
updating pairing L1 - Ar37
updating pairing L2(CDD) - Ar36
set_resource () {'name': 'CO2PumpTimeFlag', 'value': 30}
Set CO2PumpTimeFlag 30 ===>> OK
release ('FelixCO2Flag',) {}
release FelixCO2Flag
Set FelixCO2Flag 0 ===>> OK
executed snippet estimated_duration=6.0, duration=3.6432890892
PumpBone.py completed successfully
gosub finished
get_resource_value () {'name': 'FelixMiniboneFlag'}
Read FelixMiniboneFlag ===>> 0
Get Resource Value FelixMiniboneFlag=0.0
executed snippet estimated_duration=4.0, duration=3.68438982964
felix_pump_extraction_line.py completed successfully
Post Equilibration Finished
14:32:45 -- ******* Post Equilibration Finished *******
Join finished
delaying 5 for detectors to settle after peak hop
no intensity change cnt= 0
signals=[  1.52795465e-04   2.07278935e+00   6.18538542e+02  -1.43913705e-01
   2.67242724e-01  -5.81085459e-02]
prev_signals=[  1.52795465e-04   2.07278935e+00   6.18538542e+02  -1.43913705e-01
   2.67242724e-01  -5.81085459e-02]
resetting no_intensity_change_cnt
signals=[  0.00000000e+00   2.08129110e+00   6.18909286e+02  -3.28294000e-02
   2.55781211e-01   1.02504964e-01]
prev_signals=[  1.52795465e-04   2.07278935e+00   6.18538542e+02  -1.43913705e-01
   2.67242724e-01  -5.81085459e-02]
$$$$$$$$$$$$$$$$$ SETTING is_baseline False
Peak hop Detectors=['AX(CDD)']
Peak hop Deflections=[0]
Peak hop DeflectionsPairs=[('AX(CDD)', 0)]
SetDeflection AX (CDD),0.0 ===>> OK
----------------------- HOP Ar38 AX(CDD)
detector Detector(AX(CDD))
POSITION Ar38 AX(CDD)
Mapping mass to dac mass func: "discrete"
using discrete mass mapping
AX(CDD) map mass to dac 37.9627 >> 3.79508
GetDeflection AX (CDD) ===>> 0
GetHighVoltage ===>> 9900
positioning Ar38 (3.79508) on AX(CDD)
setting magnet DAC
current  : 3.767710
requested: 3.795080
Delta Dac: 0.027370
Checking detector protection. dv=0.02737
AF Demag not enabled. self.use_af_demag=True, use_af_demag=False
SetMagnetDAC 3.79508 ===>> OK
Magnet settling time: 0.500 0.500
Magnet settling complete
set_dac. change=True
update detector isotope pairing
detectors=['AX(CDD)']
isotopes=['Ar38']
updating pairing AX(CDD) - Ar38
Join finished
delaying 5 for detectors to settle after peak hop
no intensity change cnt= 0
signals=[ 0.39014379  0.         -0.13838062 -0.10669437 -0.05346879 -0.12612777]
prev_signals=[ 0.39014379  0.         -0.13838062 -0.10669437 -0.05346879 -0.12612777]
resetting no_intensity_change_cnt
signals=[ 0.38769835  0.         -0.0111231   0.07410559 -0.05908442 -0.27229528]
prev_signals=[ 0.39014379  0.         -0.13838062 -0.10669437 -0.05346879 -0.12612777]
GetDeflection L2 (CDD) ===>> 0
testing L2_CDD_==3250
evaluate ot="L2(CDD).deflection==3250" t="L2_CDD_==3250", ctx="{'L2_CDD_': 0.0}"
GetDeflection L2 (CDD) ===>> 0
testing L2_CDD_==3250
evaluate ot="L2(CDD).deflection==3250" t="L2_CDD_==3250", ctx="{'L2_CDD_': 0.0}"
$$$$$$$$$$$$$$$$$ SETTING is_baseline False
Peak hop Detectors=['H2', 'H1', 'AX', 'L1', 'L2(CDD)']
Peak hop Deflections=[0, 0, 0, 0, 0]
Peak hop DeflectionsPairs=[('H2', 0), ('H1', 0), ('AX', 0), ('L1', 0), ('L2(CDD)', 0)]
SetDeflection L2 (CDD),0.0 ===>> OK
----------------------- HOP Ar36 L2(CDD)
detector Detector(L2(CDD))
POSITION Ar36 L2(CDD)
Mapping mass to dac mass func: "discrete"
using discrete mass mapping
L2(CDD) map mass to dac 35.9675 >> 3.76771
GetDeflection L2 (CDD) ===>> 0
GetHighVoltage ===>> 9900
positioning Ar36 (3.76771) on L2(CDD)
setting magnet DAC
current  : 3.795080
requested: 3.767710
Delta Dac: 0.027370
Checking detector protection. dv=0.02737
AF Demag not enabled. self.use_af_demag=True, use_af_demag=False
SetMagnetDAC 3.76771 ===>> OK
Magnet settling time: 0.500 0.500
Magnet settling complete
set_dac. change=True
update detector isotope pairing
detectors=['H2', 'H1', 'AX', 'L1', 'L2(CDD)']
isotopes=['Ar40', 'Ar39', 'Ar38', 'Ar37', 'Ar36']
updating pairing H2 - Ar40
updating pairing H1 - Ar39
updating pairing AX - Ar38
updating pairing L1 - Ar37
updating pairing L2(CDD) - Ar36
Join finished
delaying 5 for detectors to settle after peak hop
no intensity change cnt= 0
signals=[  0.00000000e+00   2.05803165e+00   6.16170329e+02   3.01656221e-01
   2.51409467e-01  -2.62151879e-01]
prev_signals=[  0.00000000e+00   2.05803165e+00   6.16170329e+02   3.01656221e-01
   2.51409467e-01  -2.62151879e-01]
resetting no_intensity_change_cnt
signals=[  0.00000000e+00   2.01375885e+00   6.15265207e+02   1.50643597e-01
   2.39738864e-01  -1.27741728e-01]
prev_signals=[  0.00000000e+00   2.05803165e+00   6.16170329e+02   3.01656221e-01
   2.51409467e-01  -2.62151879e-01]
GetDeflection L2 (CDD) ===>> 0
testing L2_CDD_==3250
evaluate ot="L2(CDD).deflection==3250" t="L2_CDD_==3250", ctx="{'L2_CDD_': 0.0}"
$$$$$$$$$$$$$$$$$ SETTING is_baseline False
Peak hop Detectors=['AX(CDD)']
Peak hop Deflections=[0]
Peak hop DeflectionsPairs=[('AX(CDD)', 0)]
SetDeflection AX (CDD),0.0 ===>> OK
----------------------- HOP Ar38 AX(CDD)
detector Detector(AX(CDD))
POSITION Ar38 AX(CDD)
Mapping mass to dac mass func: "discrete"
using discrete mass mapping
AX(CDD) map mass to dac 37.9627 >> 3.79508
GetDeflection AX (CDD) ===>> 0
GetHighVoltage ===>> 9900
positioning Ar38 (3.79508) on AX(CDD)
setting magnet DAC
current  : 3.767710
requested: 3.795080
Delta Dac: 0.027370
Checking detector protection. dv=0.02737
AF Demag not enabled. self.use_af_demag=True, use_af_demag=False
SetMagnetDAC 3.79508 ===>> OK
Magnet settling time: 0.500 0.500
Magnet settling complete
set_dac. change=True
update detector isotope pairing
detectors=['AX(CDD)']
isotopes=['Ar38']
updating pairing AX(CDD) - Ar38
Join finished
delaying 5 for detectors to settle after peak hop
no intensity change cnt= 0
signals=[ 0.37638826  0.          0.12011399  0.03595446 -0.03973096  0.01521923]
prev_signals=[ 0.37638826  0.          0.12011399  0.03595446 -0.03973096  0.01521923]
resetting no_intensity_change_cnt
signals=[ 0.3973273   0.         -0.20911093 -0.09825624 -0.0394764  -0.11771209]
prev_signals=[ 0.37638826  0.          0.12011399  0.03595446 -0.03973096  0.01521923]
GetDeflection L2 (CDD) ===>> 0
testing L2_CDD_==3250
evaluate ot="L2(CDD).deflection==3250" t="L2_CDD_==3250", ctx="{'L2_CDD_': 0.0}"
14:33:53 -- collecting point 50
GetDeflection L2 (CDD) ===>> 0
testing L2_CDD_==3250
evaluate ot="L2(CDD).deflection==3250" t="L2_CDD_==3250", ctx="{'L2_CDD_': 0.0}"
$$$$$$$$$$$$$$$$$ SETTING is_baseline False
Peak hop Detectors=['H2', 'H1', 'AX', 'L1', 'L2(CDD)']
Peak hop Deflections=[0, 0, 0, 0, 0]
Peak hop DeflectionsPairs=[('H2', 0), ('H1', 0), ('AX', 0), ('L1', 0), ('L2(CDD)', 0)]
SetDeflection L2 (CDD),0.0 ===>> OK
----------------------- HOP Ar36 L2(CDD)
detector Detector(L2(CDD))
POSITION Ar36 L2(CDD)
Mapping mass to dac mass func: "discrete"
using discrete mass mapping
L2(CDD) map mass to dac 35.9675 >> 3.76771
GetDeflection L2 (CDD) ===>> 0
GetHighVoltage ===>> 9900
positioning Ar36 (3.76771) on L2(CDD)
setting magnet DAC
current  : 3.795080
requested: 3.767710
Delta Dac: 0.027370
Checking detector protection. dv=0.02737
AF Demag not enabled. self.use_af_demag=True, use_af_demag=False
SetMagnetDAC 3.76771 ===>> OK
Magnet settling time: 0.500 0.500
Magnet settling complete
set_dac. change=True
update detector isotope pairing
detectors=['H2', 'H1', 'AX', 'L1', 'L2(CDD)']
isotopes=['Ar40', 'Ar39', 'Ar38', 'Ar37', 'Ar36']
updating pairing H2 - Ar40
updating pairing H1 - Ar39
updating pairing AX - Ar38
updating pairing L1 - Ar37
updating pairing L2(CDD) - Ar36
Join finished
delaying 5 for detectors to settle after peak hop
no intensity change cnt= 0
signals=[  0.00000000e+00   2.06893951e+00   6.13010568e+02   9.79219065e-02
   2.38470007e-01  -1.33275275e-01]
prev_signals=[  0.00000000e+00   2.06893951e+00   6.13010568e+02   9.79219065e-02
   2.38470007e-01  -1.33275275e-01]
resetting no_intensity_change_cnt
signals=[  0.00000000e+00   2.05129446e+00   6.12858452e+02   1.63014296e-02
   3.25906835e-01  -3.73262472e-01]
prev_signals=[  0.00000000e+00   2.06893951e+00   6.13010568e+02   9.79219065e-02
   2.38470007e-01  -1.33275275e-01]
GetDeflection L2 (CDD) ===>> 0
testing L2_CDD_==3250
evaluate ot="L2(CDD).deflection==3250" t="L2_CDD_==3250", ctx="{'L2_CDD_': 0.0}"
$$$$$$$$$$$$$$$$$ SETTING is_baseline False
Peak hop Detectors=['AX(CDD)']
Peak hop Deflections=[0]
Peak hop DeflectionsPairs=[('AX(CDD)', 0)]
SetDeflection AX (CDD),0.0 ===>> OK
----------------------- HOP Ar38 AX(CDD)
detector Detector(AX(CDD))
POSITION Ar38 AX(CDD)
Mapping mass to dac mass func: "discrete"
using discrete mass mapping
AX(CDD) map mass to dac 37.9627 >> 3.79508
GetDeflection AX (CDD) ===>> 0
GetHighVoltage ===>> 9900
positioning Ar38 (3.79508) on AX(CDD)
setting magnet DAC
current  : 3.767710
requested: 3.795080
Delta Dac: 0.027370
Checking detector protection. dv=0.02737
AF Demag not enabled. self.use_af_demag=True, use_af_demag=False
SetMagnetDAC 3.79508 ===>> OK
Magnet settling time: 0.500 0.500
Magnet settling complete
set_dac. change=True
update detector isotope pairing
detectors=['AX(CDD)']
isotopes=['Ar38']
updating pairing AX(CDD) - Ar38
Join finished
delaying 5 for detectors to settle after peak hop
no intensity change cnt= 0
signals=[ 0.40344095  0.          0.08736134 -0.0159518   0.01204183 -0.25235417]
prev_signals=[ 0.40344095  0.          0.08736134 -0.0159518   0.01204183 -0.25235417]
resetting no_intensity_change_cnt
signals=[ 0.38846255  0.         -0.06310024 -0.13189271 -0.10734985 -0.3135594 ]
prev_signals=[ 0.40344095  0.          0.08736134 -0.0159518   0.01204183 -0.25235417]
GetDeflection L2 (CDD) ===>> 0
testing L2_CDD_==3250
evaluate ot="L2(CDD).deflection==3250" t="L2_CDD_==3250", ctx="{'L2_CDD_': 0.0}"
refresh_lock_state fired. ('V', False)
refresh_canvas_needed fired
GetDeflection L2 (CDD) ===>> 0
testing L2_CDD_==3250
evaluate ot="L2(CDD).deflection==3250" t="L2_CDD_==3250", ctx="{'L2_CDD_': 0.0}"
State checksums do not match. Local:-1046534389 Remote:-1987851567
State checksum failed
$$$$$$$$$$$$$$$$$ SETTING is_baseline False
Peak hop Detectors=['H2', 'H1', 'AX', 'L1', 'L2(CDD)']
Peak hop Deflections=[0, 0, 0, 0, 0]
Peak hop DeflectionsPairs=[('H2', 0), ('H1', 0), ('AX', 0), ('L1', 0), ('L2(CDD)', 0)]
SetDeflection L2 (CDD),0.0 ===>> OK
----------------------- HOP Ar36 L2(CDD)
detector Detector(L2(CDD))
POSITION Ar36 L2(CDD)
Mapping mass to dac mass func: "discrete"
using discrete mass mapping
L2(CDD) map mass to dac 35.9675 >> 3.76771
GetDeflection L2 (CDD) ===>> 0
GetHighVoltage ===>> 9900
positioning Ar36 (3.76771) on L2(CDD)
setting magnet DAC
current  : 3.795080
requested: 3.767710
Delta Dac: 0.027370
Checking detector protection. dv=0.02737
AF Demag not enabled. self.use_af_demag=True, use_af_demag=False
SetMagnetDAC 3.76771 ===>> OK
Magnet settling time: 0.500 0.500
Magnet settling complete
set_dac. change=True
update detector isotope pairing
detectors=['H2', 'H1', 'AX', 'L1', 'L2(CDD)']
isotopes=['Ar40', 'Ar39', 'Ar38', 'Ar37', 'Ar36']
updating pairing H2 - Ar40
updating pairing H1 - Ar39
updating pairing AX - Ar38
updating pairing L1 - Ar37
updating pairing L2(CDD) - Ar36
Join finished
delaying 5 for detectors to settle after peak hop
no intensity change cnt= 0
signals=[  0.00000000e+00   1.99675566e+00   6.10397181e+02   3.39891373e-02
   2.57943340e-01  -2.39444099e-01]
prev_signals=[  0.00000000e+00   1.99675566e+00   6.10397181e+02   3.39891373e-02
   2.57943340e-01  -2.39444099e-01]
resetting no_intensity_change_cnt
signals=[  0.00000000e+00   2.02691232e+00   6.10136113e+02  -4.77415598e-02
   2.80997956e-01  -1.76159199e-01]
prev_signals=[  0.00000000e+00   1.99675566e+00   6.10397181e+02   3.39891373e-02
   2.57943340e-01  -2.39444099e-01]
GetDeflection L2 (CDD) ===>> 0
testing L2_CDD_==3250
evaluate ot="L2(CDD).deflection==3250" t="L2_CDD_==3250", ctx="{'L2_CDD_': 0.0}"
refresh_lock_state fired. ('H', False)
refresh_canvas_needed fired
14:35:00 -- collecting point 100
$$$$$$$$$$$$$$$$$ SETTING is_baseline False
Peak hop Detectors=['AX(CDD)']
Peak hop Deflections=[0]
Peak hop DeflectionsPairs=[('AX(CDD)', 0)]
SetDeflection AX (CDD),0.0 ===>> OK
----------------------- HOP Ar38 AX(CDD)
detector Detector(AX(CDD))
POSITION Ar38 AX(CDD)
Mapping mass to dac mass func: "discrete"
using discrete mass mapping
AX(CDD) map mass to dac 37.9627 >> 3.79508
GetDeflection AX (CDD) ===>> 0
GetHighVoltage ===>> 9900
positioning Ar38 (3.79508) on AX(CDD)
setting magnet DAC
current  : 3.767710
requested: 3.795080
Delta Dac: 0.027370
Checking detector protection. dv=0.02737
AF Demag not enabled. self.use_af_demag=True, use_af_demag=False
SetMagnetDAC 3.79508 ===>> OK
Magnet settling time: 0.500 0.500
Magnet settling complete
set_dac. change=True
update detector isotope pairing
detectors=['AX(CDD)']
isotopes=['Ar38']
updating pairing AX(CDD) - Ar38
Join finished
delaying 5 for detectors to settle after peak hop
no intensity change cnt= 0
signals=[  3.76999610e-01   1.60331017e-04  -8.16295421e-02  -3.68470912e-01
   3.55771174e-03  -2.34141698e-01]
prev_signals=[  3.76999610e-01   1.60331017e-04  -8.16295421e-02  -3.68470912e-01
   3.55771174e-03  -2.34141698e-01]
resetting no_intensity_change_cnt
signals=[ 0.38540576  0.         -0.03116843  0.08011742 -0.06475375 -0.00899339]
prev_signals=[  3.76999610e-01   1.60331017e-04  -8.16295421e-02  -3.68470912e-01
   3.55771174e-03  -2.34141698e-01]
GetDeflection L2 (CDD) ===>> 0
testing L2_CDD_==3250
evaluate ot="L2(CDD).deflection==3250" t="L2_CDD_==3250", ctx="{'L2_CDD_': 0.0}"
GetDeflection L2 (CDD) ===>> 0
testing L2_CDD_==3250
evaluate ot="L2(CDD).deflection==3250" t="L2_CDD_==3250", ctx="{'L2_CDD_': 0.0}"
$$$$$$$$$$$$$$$$$ SETTING is_baseline False
Peak hop Detectors=['H2', 'H1', 'AX', 'L1', 'L2(CDD)']
Peak hop Deflections=[0, 0, 0, 0, 0]
Peak hop DeflectionsPairs=[('H2', 0), ('H1', 0), ('AX', 0), ('L1', 0), ('L2(CDD)', 0)]
SetDeflection L2 (CDD),0.0 ===>> OK
----------------------- HOP Ar36 L2(CDD)
detector Detector(L2(CDD))
POSITION Ar36 L2(CDD)
Mapping mass to dac mass func: "discrete"
using discrete mass mapping
L2(CDD) map mass to dac 35.9675 >> 3.76771
GetDeflection L2 (CDD) ===>> 0
GetHighVoltage ===>> 9900
positioning Ar36 (3.76771) on L2(CDD)
setting magnet DAC
current  : 3.795080
requested: 3.767710
Delta Dac: 0.027370
Checking detector protection. dv=0.02737
AF Demag not enabled. self.use_af_demag=True, use_af_demag=False
SetMagnetDAC 3.76771 ===>> OK
Magnet settling time: 0.500 0.500
Magnet settling complete
set_dac. change=True
update detector isotope pairing
detectors=['H2', 'H1', 'AX', 'L1', 'L2(CDD)']
isotopes=['Ar40', 'Ar39', 'Ar38', 'Ar37', 'Ar36']
updating pairing H2 - Ar40
updating pairing H1 - Ar39
updating pairing AX - Ar38
updating pairing L1 - Ar37
updating pairing L2(CDD) - Ar36
Join finished
delaying 5 for detectors to settle after peak hop
no intensity change cnt= 0
signals=[  1.52795465e-04   2.00573847e+00   6.07933761e+02   2.20018607e-01
   2.75814503e-01  -5.30357342e-02]
prev_signals=[  1.52795465e-04   2.00573847e+00   6.07933761e+02   2.20018607e-01
   2.75814503e-01  -5.30357342e-02]
resetting no_intensity_change_cnt
signals=[  1.52795465e-04   2.02322293e+00   6.07903360e+02  -1.98930982e-01
   3.27241479e-01   1.90241207e-02]
prev_signals=[  1.52795465e-04   2.00573847e+00   6.07933761e+02   2.20018607e-01
   2.75814503e-01  -5.30357342e-02]
GetDeflection L2 (CDD) ===>> 0
testing L2_CDD_==3250
evaluate ot="L2(CDD).deflection==3250" t="L2_CDD_==3250", ctx="{'L2_CDD_': 0.0}"
$$$$$$$$$$$$$$$$$ SETTING is_baseline False
Peak hop Detectors=['AX(CDD)']
Peak hop Deflections=[0]
Peak hop DeflectionsPairs=[('AX(CDD)', 0)]
SetDeflection AX (CDD),0.0 ===>> OK
----------------------- HOP Ar38 AX(CDD)
detector Detector(AX(CDD))
POSITION Ar38 AX(CDD)
Mapping mass to dac mass func: "discrete"
using discrete mass mapping
AX(CDD) map mass to dac 37.9627 >> 3.79508
GetDeflection AX (CDD) ===>> 0
GetHighVoltage ===>> 9900
positioning Ar38 (3.79508) on AX(CDD)
setting magnet DAC
current  : 3.767710
requested: 3.795080
Delta Dac: 0.027370
Checking detector protection. dv=0.02737
AF Demag not enabled. self.use_af_demag=True, use_af_demag=False
SetMagnetDAC 3.79508 ===>> OK
Magnet settling time: 0.500 0.500
Magnet settling complete
set_dac. change=True
update detector isotope pairing
detectors=['AX(CDD)']
isotopes=['Ar38']
updating pairing AX(CDD) - Ar38
Join finished
delaying 5 for detectors to settle after peak hop
GetDeflection L2 (CDD) ===>> 0
testing L2_CDD_==3250
evaluate ot="L2(CDD).deflection==3250" t="L2_CDD_==3250", ctx="{'L2_CDD_': 0.0}"
GetDeflection L2 (CDD) ===>> 0
testing L2_CDD_==3250
evaluate ot="L2(CDD).deflection==3250" t="L2_CDD_==3250", ctx="{'L2_CDD_': 0.0}"
14:36:07 -- collecting point 150
$$$$$$$$$$$$$$$$$ SETTING is_baseline False
Peak hop Detectors=['H2', 'H1', 'AX', 'L1', 'L2(CDD)']
Peak hop Deflections=[0, 0, 0, 0, 0]
Peak hop DeflectionsPairs=[('H2', 0), ('H1', 0), ('AX', 0), ('L1', 0), ('L2(CDD)', 0)]
SetDeflection L2 (CDD),0.0 ===>> OK
----------------------- HOP Ar36 L2(CDD)
detector Detector(L2(CDD))
POSITION Ar36 L2(CDD)
Mapping mass to dac mass func: "discrete"
using discrete mass mapping
L2(CDD) map mass to dac 35.9675 >> 3.76771
GetDeflection L2 (CDD) ===>> 0
GetHighVoltage ===>> 9900
positioning Ar36 (3.76771) on L2(CDD)
setting magnet DAC
current  : 3.795080
requested: 3.767710
Delta Dac: 0.027370
Checking detector protection. dv=0.02737
AF Demag not enabled. self.use_af_demag=True, use_af_demag=False
SetMagnetDAC 3.76771 ===>> OK
Magnet settling time: 0.500 0.500
Magnet settling complete
set_dac. change=True
update detector isotope pairing
detectors=['H2', 'H1', 'AX', 'L1', 'L2(CDD)']
isotopes=['Ar40', 'Ar39', 'Ar38', 'Ar37', 'Ar36']
updating pairing H2 - Ar40
updating pairing H1 - Ar39
updating pairing AX - Ar38
updating pairing L1 - Ar37
updating pairing L2(CDD) - Ar36
Join finished
delaying 5 for detectors to settle after peak hop
no intensity change cnt= 0
signals=[  1.52795465e-04   2.03044130e+00   6.04865278e+02   2.45457354e-01
   2.83365535e-01  -1.75253082e-02]
prev_signals=[  1.52795465e-04   2.03044130e+00   6.04865278e+02   2.45457354e-01
   2.83365535e-01  -1.75253082e-02]
resetting no_intensity_change_cnt
signals=[  3.05590948e-04   2.01456089e+00   6.04891378e+02  -3.82625390e-02
   3.11294987e-01  -2.03594691e-01]
prev_signals=[  1.52795465e-04   2.03044130e+00   6.04865278e+02   2.45457354e-01
   2.83365535e-01  -1.75253082e-02]
GetDeflection L2 (CDD) ===>> 0
testing L2_CDD_==3250
evaluate ot="L2(CDD).deflection==3250" t="L2_CDD_==3250", ctx="{'L2_CDD_': 0.0}"
$$$$$$$$$$$$$$$$$ SETTING is_baseline False
Peak hop Detectors=['AX(CDD)']
Peak hop Deflections=[0]
Peak hop DeflectionsPairs=[('AX(CDD)', 0)]
SetDeflection AX (CDD),0.0 ===>> OK
----------------------- HOP Ar38 AX(CDD)
detector Detector(AX(CDD))
POSITION Ar38 AX(CDD)
Mapping mass to dac mass func: "discrete"
using discrete mass mapping
AX(CDD) map mass to dac 37.9627 >> 3.79508
GetDeflection AX (CDD) ===>> 0
GetHighVoltage ===>> 9900
positioning Ar38 (3.79508) on AX(CDD)
setting magnet DAC
current  : 3.767710
requested: 3.795080
Delta Dac: 0.027370
Checking detector protection. dv=0.02737
AF Demag not enabled. self.use_af_demag=True, use_af_demag=False
SetMagnetDAC 3.79508 ===>> OK
Magnet settling time: 0.500 0.500
Magnet settling complete
set_dac. change=True
update detector isotope pairing
detectors=['AX(CDD)']
isotopes=['Ar38']
updating pairing AX(CDD) - Ar38
Join finished
delaying 5 for detectors to settle after peak hop
GetDeflection L2 (CDD) ===>> 0
testing L2_CDD_==3250
evaluate ot="L2(CDD).deflection==3250" t="L2_CDD_==3250", ctx="{'L2_CDD_': 0.0}"
GetDeflection L2 (CDD) ===>> 0
testing L2_CDD_==3250
evaluate ot="L2(CDD).deflection==3250" t="L2_CDD_==3250", ctx="{'L2_CDD_': 0.0}"
$$$$$$$$$$$$$$$$$ SETTING is_baseline False
Peak hop Detectors=['H2', 'H1', 'AX', 'L1', 'L2(CDD)']
Peak hop Deflections=[0, 0, 0, 0, 0]
Peak hop DeflectionsPairs=[('H2', 0), ('H1', 0), ('AX', 0), ('L1', 0), ('L2(CDD)', 0)]
SetDeflection L2 (CDD),0.0 ===>> OK
----------------------- HOP Ar36 L2(CDD)
detector Detector(L2(CDD))
POSITION Ar36 L2(CDD)
Mapping mass to dac mass func: "discrete"
using discrete mass mapping
L2(CDD) map mass to dac 35.9675 >> 3.76771
GetDeflection L2 (CDD) ===>> 0
GetHighVoltage ===>> 9900
positioning Ar36 (3.76771) on L2(CDD)
setting magnet DAC
current  : 3.795080
requested: 3.767710
Delta Dac: 0.027370
Checking detector protection. dv=0.02737
AF Demag not enabled. self.use_af_demag=True, use_af_demag=False
SetMagnetDAC 3.76771 ===>> OK
Magnet settling time: 0.500 0.500
Magnet settling complete
set_dac. change=True
update detector isotope pairing
detectors=['H2', 'H1', 'AX', 'L1', 'L2(CDD)']
isotopes=['Ar40', 'Ar39', 'Ar38', 'Ar37', 'Ar36']
updating pairing H2 - Ar40
updating pairing H1 - Ar39
updating pairing AX - Ar38
updating pairing L1 - Ar37
updating pairing L2(CDD) - Ar36
Join finished
delaying 5 for detectors to settle after peak hop
no intensity change cnt= 0
signals=[  0.00000000e+00   1.98328147e+00   6.02530666e+02   2.11924601e-01
   2.07283129e-01  -1.48722929e-01]
prev_signals=[  0.00000000e+00   1.98328147e+00   6.02530666e+02   2.11924601e-01
   2.07283129e-01  -1.48722929e-01]
resetting no_intensity_change_cnt
signals=[  0.00000000e+00   1.98665002e+00   6.02590128e+02   2.75151676e-02
   2.24373049e-01  -1.04800223e-01]
prev_signals=[  0.00000000e+00   1.98328147e+00   6.02530666e+02   2.11924601e-01
   2.07283129e-01  -1.48722929e-01]
set states for children of U. state=False
refresh_canvas_needed fired
GetDeflection L2 (CDD) ===>> 0
testing L2_CDD_==3250
evaluate ot="L2(CDD).deflection==3250" t="L2_CDD_==3250", ctx="{'L2_CDD_': 0.0}"
$$$$$$$$$$$$$$$$$ SETTING is_baseline False
Peak hop Detectors=['AX(CDD)']
Peak hop Deflections=[0]
Peak hop DeflectionsPairs=[('AX(CDD)', 0)]
SetDeflection AX (CDD),0.0 ===>> OK
----------------------- HOP Ar38 AX(CDD)
detector Detector(AX(CDD))
POSITION Ar38 AX(CDD)
Mapping mass to dac mass func: "discrete"
using discrete mass mapping
AX(CDD) map mass to dac 37.9627 >> 3.79508
GetDeflection AX (CDD) ===>> 0
GetHighVoltage ===>> 9900
positioning Ar38 (3.79508) on AX(CDD)
setting magnet DAC
current  : 3.767710
requested: 3.795080
Delta Dac: 0.027370
Checking detector protection. dv=0.02737
AF Demag not enabled. self.use_af_demag=True, use_af_demag=False
SetMagnetDAC 3.79508 ===>> OK
Magnet settling time: 0.500 0.500
Magnet settling complete
set_dac. change=True
update detector isotope pairing
detectors=['AX(CDD)']
isotopes=['Ar38']
updating pairing AX(CDD) - Ar38
set states for children of U. state=True
refresh_canvas_needed fired
Join finished
delaying 5 for detectors to settle after peak hop
GetDeflection L2 (CDD) ===>> 0
testing L2_CDD_==3250
evaluate ot="L2(CDD).deflection==3250" t="L2_CDD_==3250", ctx="{'L2_CDD_': 0.0}"
14:37:18 -- collecting point 200
GetDeflection L2 (CDD) ===>> 0
testing L2_CDD_==3250
evaluate ot="L2(CDD).deflection==3250" t="L2_CDD_==3250", ctx="{'L2_CDD_': 0.0}"
$$$$$$$$$$$$$$$$$ SETTING is_baseline False
Peak hop Detectors=['H2', 'H1', 'AX', 'L1', 'L2(CDD)']
Peak hop Deflections=[0, 0, 0, 0, 0]
Peak hop DeflectionsPairs=[('H2', 0), ('H1', 0), ('AX', 0), ('L1', 0), ('L2(CDD)', 0)]
SetDeflection L2 (CDD),0.0 ===>> OK
----------------------- HOP Ar36 L2(CDD)
detector Detector(L2(CDD))
POSITION Ar36 L2(CDD)
Mapping mass to dac mass func: "discrete"
using discrete mass mapping
L2(CDD) map mass to dac 35.9675 >> 3.76771
GetDeflection L2 (CDD) ===>> 0
GetHighVoltage ===>> 9900
positioning Ar36 (3.76771) on L2(CDD)
setting magnet DAC
current  : 3.795080
requested: 3.767710
Delta Dac: 0.027370
Checking detector protection. dv=0.02737
AF Demag not enabled. self.use_af_demag=True, use_af_demag=False
SetMagnetDAC 3.76771 ===>> OK
Magnet settling time: 0.500 0.500
Magnet settling complete
set_dac. change=True
update detector isotope pairing
detectors=['H2', 'H1', 'AX', 'L1', 'L2(CDD)']
isotopes=['Ar40', 'Ar39', 'Ar38', 'Ar37', 'Ar36']
updating pairing H2 - Ar40
updating pairing H1 - Ar39
updating pairing AX - Ar38
updating pairing L1 - Ar37
updating pairing L2(CDD) - Ar36
Join finished
delaying 5 for detectors to settle after peak hop
no intensity change cnt= 0
signals=[  1.52795465e-04   1.98440432e+00   5.99818041e+02   1.58968337e-01
   2.43657624e-01  -5.39580656e-02]
prev_signals=[  1.52795465e-04   1.98440432e+00   5.99818041e+02   1.58968337e-01
   2.43657624e-01  -5.39580656e-02]
resetting no_intensity_change_cnt
signals=[  0.00000000e+00   1.95488959e+00   6.00110093e+02   1.60587044e-01
   2.44628293e-01  -2.91198619e-01]
prev_signals=[  1.52795465e-04   1.98440432e+00   5.99818041e+02   1.58968337e-01
   2.43657624e-01  -5.39580656e-02]
GetDeflection L2 (CDD) ===>> 0
testing L2_CDD_==3250
evaluate ot="L2(CDD).deflection==3250" t="L2_CDD_==3250", ctx="{'L2_CDD_': 0.0}"
$$$$$$$$$$$$$$$$$ SETTING is_baseline False
Peak hop Detectors=['AX(CDD)']
Peak hop Deflections=[0]
Peak hop DeflectionsPairs=[('AX(CDD)', 0)]
SetDeflection AX (CDD),0.0 ===>> OK
----------------------- HOP Ar38 AX(CDD)
detector Detector(AX(CDD))
POSITION Ar38 AX(CDD)
Mapping mass to dac mass func: "discrete"
using discrete mass mapping
AX(CDD) map mass to dac 37.9627 >> 3.79508
GetDeflection AX (CDD) ===>> 0
GetHighVoltage ===>> 9900
positioning Ar38 (3.79508) on AX(CDD)
setting magnet DAC
current  : 3.767710
requested: 3.795080
Delta Dac: 0.027370
Checking detector protection. dv=0.02737
AF Demag not enabled. self.use_af_demag=True, use_af_demag=False
SetMagnetDAC 3.79508 ===>> OK
Magnet settling time: 0.500 0.500
Magnet settling complete
set_dac. change=True
update detector isotope pairing
detectors=['AX(CDD)']
isotopes=['Ar38']
updating pairing AX(CDD) - Ar38
Join finished
delaying 5 for detectors to settle after peak hop
no intensity change cnt= 0
signals=[ 0.37959787  0.          0.02757019  0.02000079 -0.06968432 -0.12243871]
prev_signals=[ 0.37959787  0.          0.02757019  0.02000079 -0.06968432 -0.12243871]
resetting no_intensity_change_cnt
signals=[ 0.37287297  0.         -0.02673984 -0.28364687 -0.02934178 -0.37914037]
prev_signals=[ 0.37959787  0.          0.02757019  0.02000079 -0.06968432 -0.12243871]
GetDeflection L2 (CDD) ===>> 0
testing L2_CDD_==3250
evaluate ot="L2(CDD).deflection==3250" t="L2_CDD_==3250", ctx="{'L2_CDD_': 0.0}"
GetDeflection L2 (CDD) ===>> 0
testing L2_CDD_==3250
evaluate ot="L2(CDD).deflection==3250" t="L2_CDD_==3250", ctx="{'L2_CDD_': 0.0}"
State checksums do not match. Local:-1987851567 Remote:1119936736
State checksum failed
$$$$$$$$$$$$$$$$$ SETTING is_baseline False
Peak hop Detectors=['H2', 'H1', 'AX', 'L1', 'L2(CDD)']
Peak hop Deflections=[0, 0, 0, 0, 0]
Peak hop DeflectionsPairs=[('H2', 0), ('H1', 0), ('AX', 0), ('L1', 0), ('L2(CDD)', 0)]
SetDeflection L2 (CDD),0.0 ===>> OK
----------------------- HOP Ar36 L2(CDD)
detector Detector(L2(CDD))
POSITION Ar36 L2(CDD)
Mapping mass to dac mass func: "discrete"
using discrete mass mapping
L2(CDD) map mass to dac 35.9675 >> 3.76771
GetDeflection L2 (CDD) ===>> 0
GetHighVoltage ===>> 9900
positioning Ar36 (3.76771) on L2(CDD)
setting magnet DAC
current  : 3.795080
requested: 3.767710
Delta Dac: 0.027370
Checking detector protection. dv=0.02737
AF Demag not enabled. self.use_af_demag=True, use_af_demag=False
SetMagnetDAC 3.76771 ===>> OK
Magnet settling time: 0.500 0.500
Magnet settling complete
set_dac. change=True
update detector isotope pairing
detectors=['H2', 'H1', 'AX', 'L1', 'L2(CDD)']
isotopes=['Ar40', 'Ar39', 'Ar38', 'Ar37', 'Ar36']
updating pairing H2 - Ar40
updating pairing H1 - Ar39
updating pairing AX - Ar38
updating pairing L1 - Ar37
updating pairing L2(CDD) - Ar36
Join finished
delaying 5 for detectors to settle after peak hop
no intensity change cnt= 0
signals=[  0.00000000e+00   1.96098500e+00   5.96996152e+02   8.05798710e-02
   3.07699928e-01  -2.08666714e-01]
prev_signals=[  0.00000000e+00   1.96098500e+00   5.96996152e+02   8.05798710e-02
   3.07699928e-01  -2.08666714e-01]
resetting no_intensity_change_cnt
signals=[  0.00000000e+00   1.94638810e+00   5.96262449e+02   4.71684231e-02
   2.61247713e-01  -9.25799027e-02]
prev_signals=[  0.00000000e+00   1.96098500e+00   5.96996152e+02   8.05798710e-02
   3.07699928e-01  -2.08666714e-01]
State checksums do not match. Local:-1987851567 Remote:1119936736
State checksum failed
GetDeflection L2 (CDD) ===>> 0
testing L2_CDD_==3250
evaluate ot="L2(CDD).deflection==3250" t="L2_CDD_==3250", ctx="{'L2_CDD_': 0.0}"
refresh_lock_state fired. ('H', True)
refresh_lock_state fired. ('V', True)
refresh_canvas_needed fired
14:38:25 -- collecting point 250
$$$$$$$$$$$$$$$$$ SETTING is_baseline False
Peak hop Detectors=['AX(CDD)']
Peak hop Deflections=[0]
Peak hop DeflectionsPairs=[('AX(CDD)', 0)]
SetDeflection AX (CDD),0.0 ===>> OK
----------------------- HOP Ar38 AX(CDD)
detector Detector(AX(CDD))
POSITION Ar38 AX(CDD)
Mapping mass to dac mass func: "discrete"
using discrete mass mapping
AX(CDD) map mass to dac 37.9627 >> 3.79508
GetDeflection AX (CDD) ===>> 0
GetHighVoltage ===>> 9900
positioning Ar38 (3.79508) on AX(CDD)
setting magnet DAC
current  : 3.767710
requested: 3.795080
Delta Dac: 0.027370
Checking detector protection. dv=0.02737
AF Demag not enabled. self.use_af_demag=True, use_af_demag=False
SetMagnetDAC 3.79508 ===>> OK
Magnet settling time: 0.500 0.500
Magnet settling complete
set_dac. change=True
update detector isotope pairing
detectors=['AX(CDD)']
isotopes=['Ar38']
updating pairing AX(CDD) - Ar38
Join finished
delaying 5 for detectors to settle after peak hop
no intensity change cnt= 0
signals=[ 0.37837516  0.         -0.37397308 -0.03433219  0.02365769 -0.37118791]
prev_signals=[ 0.37837516  0.         -0.37397308 -0.03433219  0.02365769 -0.37118791]
resetting no_intensity_change_cnt
signals=[ 0.3705804   0.         -0.14234258  0.06323815 -0.02689381 -0.01937004]
prev_signals=[ 0.37837516  0.         -0.37397308 -0.03433219  0.02365769 -0.37118791]
GetDeflection L2 (CDD) ===>> 0
testing L2_CDD_==3250
evaluate ot="L2(CDD).deflection==3250" t="L2_CDD_==3250", ctx="{'L2_CDD_': 0.0}"
GetDeflection L2 (CDD) ===>> 0
testing L2_CDD_==3250
evaluate ot="L2(CDD).deflection==3250" t="L2_CDD_==3250", ctx="{'L2_CDD_': 0.0}"
$$$$$$$$$$$$$$$$$ SETTING is_baseline False
Peak hop Detectors=['H2', 'H1', 'AX', 'L1', 'L2(CDD)']
Peak hop Deflections=[0, 0, 0, 0, 0]
Peak hop DeflectionsPairs=[('H2', 0), ('H1', 0), ('AX', 0), ('L1', 0), ('L2(CDD)', 0)]
SetDeflection L2 (CDD),0.0 ===>> OK
----------------------- HOP Ar36 L2(CDD)
detector Detector(L2(CDD))
POSITION Ar36 L2(CDD)
Mapping mass to dac mass func: "discrete"
using discrete mass mapping
L2(CDD) map mass to dac 35.9675 >> 3.76771
GetDeflection L2 (CDD) ===>> 0
GetHighVoltage ===>> 9900
positioning Ar36 (3.76771) on L2(CDD)
setting magnet DAC
current  : 3.795080
requested: 3.767710
Delta Dac: 0.027370
Checking detector protection. dv=0.02737
AF Demag not enabled. self.use_af_demag=True, use_af_demag=False
SetMagnetDAC 3.76771 ===>> OK
Magnet settling time: 0.500 0.500
Magnet settling complete
set_dac. change=True
update detector isotope pairing
detectors=['H2', 'H1', 'AX', 'L1', 'L2(CDD)']
isotopes=['Ar40', 'Ar39', 'Ar38', 'Ar37', 'Ar36']
updating pairing H2 - Ar40
updating pairing H1 - Ar39
updating pairing AX - Ar38
updating pairing L1 - Ar37
updating pairing L2(CDD) - Ar36
Join finished
delaying 5 for detectors to settle after peak hop
no intensity change cnt= 0
signals=[  0.00000000e+00   1.94542567e+00   5.93423731e+02  -1.22414509e-01
   2.84353356e-01  -4.11606394e-02]
prev_signals=[  0.00000000e+00   1.94542567e+00   5.93423731e+02  -1.22414509e-01
   2.84353356e-01  -4.11606394e-02]
resetting no_intensity_change_cnt
signals=[  0.00000000e+00   1.97766724e+00   5.93727790e+02   1.38619100e-01
   3.15545405e-01  -4.56570517e-02]
prev_signals=[  0.00000000e+00   1.94542567e+00   5.93423731e+02  -1.22414509e-01
   2.84353356e-01  -4.11606394e-02]
GetDeflection L2 (CDD) ===>> 0
testing L2_CDD_==3250
evaluate ot="L2(CDD).deflection==3250" t="L2_CDD_==3250", ctx="{'L2_CDD_': 0.0}"
$$$$$$$$$$$$$$$$$ SETTING is_baseline False
Peak hop Detectors=['AX(CDD)']
Peak hop Deflections=[0]
Peak hop DeflectionsPairs=[('AX(CDD)', 0)]
SetDeflection AX (CDD),0.0 ===>> OK
----------------------- HOP Ar38 AX(CDD)
detector Detector(AX(CDD))
POSITION Ar38 AX(CDD)
Mapping mass to dac mass func: "discrete"
using discrete mass mapping
AX(CDD) map mass to dac 37.9627 >> 3.79508
GetDeflection AX (CDD) ===>> 0
GetHighVoltage ===>> 9900
positioning Ar38 (3.79508) on AX(CDD)
setting magnet DAC
current  : 3.767710
requested: 3.795080
Delta Dac: 0.027370
Checking detector protection. dv=0.02737
AF Demag not enabled. self.use_af_demag=True, use_af_demag=False
SetMagnetDAC 3.79508 ===>> OK
Magnet settling time: 0.500 0.500
Magnet settling complete
set_dac. change=True
update detector isotope pairing
detectors=['AX(CDD)']
isotopes=['Ar38']
updating pairing AX(CDD) - Ar38
Join finished
delaying 5 for detectors to settle after peak hop
no intensity change cnt= 0
signals=[ 0.37119176  0.          0.09342225  0.06404742 -0.04106075 -0.33211616]
prev_signals=[ 0.37119176  0.          0.09342225  0.06404742 -0.04106075 -0.33211616]
resetting no_intensity_change_cnt
signals=[ 0.37929219  0.         -0.23404593 -0.16645267 -0.03059635  0.04946382]
prev_signals=[ 0.37119176  0.          0.09342225  0.06404742 -0.04106075 -0.33211616]
GetDeflection L2 (CDD) ===>> 0
testing L2_CDD_==3250
evaluate ot="L2(CDD).deflection==3250" t="L2_CDD_==3250", ctx="{'L2_CDD_': 0.0}"
GetDeflection L2 (CDD) ===>> 0
testing L2_CDD_==3250
evaluate ot="L2(CDD).deflection==3250" t="L2_CDD_==3250", ctx="{'L2_CDD_': 0.0}"
14:39:32 -- collecting point 300
$$$$$$$$$$$$$$$$$ SETTING is_baseline False
waiting for write to finish
measurement finished
estimated time: 450.888 actual time: :410.063
flush and close file /Users/obama/PychronDev/data/isotopes/da/93cb4a-5681-4073-b9d6-fc7ef8d301ca.h5
set_deflection ('H2 (CDD)', 0) {}
setting spectrometer parameter SetDeflection H2 (CDD),0
SetDeflection H2 (CDD),0 ===>> OK
set_deflection ('H1 (CDD)', 0) {}
setting spectrometer parameter SetDeflection H1 (CDD),0
SetDeflection H1 (CDD),0 ===>> OK
set_deflection ('AX (CDD)', 0) {}
setting spectrometer parameter SetDeflection AX (CDD),0
SetDeflection AX (CDD),0 ===>> OK
set_deflection ('L1 (CDD)', 0) {}
setting spectrometer parameter SetDeflection L1 (CDD),0
SetDeflection L1 (CDD),0 ===>> OK
set_deflection ('L2 (CDD)', 0) {}
setting spectrometer parameter SetDeflection L2 (CDD),0
SetDeflection L2 (CDD),0 ===>> OK
define_detectors ('Ar40', 'AX(CDD)') {}
molweights={'PHHCl': 38.13021421, 'Ar40': 39.9624, 'PM41': 41.0, 'Ar35': 35.0, 'Ar36': 35.9675, 'Ar37': 36.9668, 'PHHCbs': 38.9016474, 'Ar38': 37.9627, 'Ar39': 38.964, 'PM42': 42.0}
setting detector H2 to PM42 (42.0624)
setting detector H1 to PM41 (41.0624)
setting detector AX to Ar40 (40.0624)
setting detector L1 to Ar39 (39.0624)
setting detector L2 to Ar38 (37.9624)
setting detector H2(CDD) to PM42 (41.9624)
setting detector H1(CDD) to PM41 (40.9624)
setting detector AX(CDD) to Ar40 (39.9624)
setting detector L1(CDD) to Ar39 (38.9624)
setting detector L2(CDD) to Ar38 (38.0624)
baselines () {'settling_time': 15.0, 'detector': 'AX(CDD)', 'mass': 'PHHCbs', 'ncounts': 120, 'use_dac': False}
%%%%%%%%%%%%%%%%%%%%%%%%%%%%%%%% Baseline
build tables- baseline [Detector(H2), Detector(H1), Detector(AX), Detector(AX(CDD)), Detector(L1), Detector(L2(CDD))]
add group baseline table H2
add group baseline table H1
add group baseline table AX
add group baseline table AX(CDD)
add group baseline table L1
add group baseline table L2(CDD)
flush and close file /Users/obama/PychronDev/data/isotopes/da/93cb4a-5681-4073-b9d6-fc7ef8d301ca.h5
detector Detector(AX(CDD))
POSITION PHHCbs AX(CDD)
molweights={'PHHCl': 38.13021421, 'Ar40': 39.9624, 'PM41': 41.0, 'Ar35': 35.0, 'Ar36': 35.9675, 'Ar37': 36.9668, 'PHHCbs': 38.9016474, 'Ar38': 37.9627, 'Ar39': 38.964, 'PM42': 42.0}
setting detector H2 to PM41 (41.0016474)
setting detector H1 to Ar40 (40.0016474)
setting detector AX to Ar39 (39.0016474)
setting detector L1 to Ar38 (38.0016474)
setting detector L2 to Ar37 (36.9016474)
setting detector H2(CDD) to PM41 (40.9016474)
setting detector H1(CDD) to Ar40 (39.9016474)
setting detector AX(CDD) to Ar39 (38.9016474)
setting detector L1(CDD) to Ar38 (37.9016474)
setting detector L2(CDD) to Ar37 (37.0016474)
Mapping mass to dac mass func: "discrete"
using discrete mass mapping
AX(CDD) map mass to dac 38.9016474 >> 3.81016
GetDeflection AX (CDD) ===>> 0
GetHighVoltage ===>> 9900
positioning PHHCbs (3.81016) on AX(CDD)
setting magnet DAC
current  : 3.795080
requested: 3.810160
Delta Dac: 0.015080
Checking detector protection. dv=0.01508
AF Demag not enabled. self.use_af_demag=True, use_af_demag=False
SetMagnetDAC 3.81016 ===>> OK
Magnet settling time: 0.500 0.500
Magnet settling complete
set_dac. change=True
Delaying 15.0s for detectors to settle
Join finished
measuring baseline. ncounts=120
"baseline" increment series count="2" fit count="1" regressing="True"
starting measurement
measurement period (ms) = 1048.576
set states for children of O. state=True
refresh_canvas_needed fired
GetDeflection L2 (CDD) ===>> 0
testing L2_CDD_==3250
evaluate ot="L2(CDD).deflection==3250" t="L2_CDD_==3250", ctx="{'L2_CDD_': 0.0}"
GetDeflection L2 (CDD) ===>> 0
testing L2_CDD_==3250
evaluate ot="L2(CDD).deflection==3250" t="L2_CDD_==3250", ctx="{'L2_CDD_': 0.0}"
14:40:14 -- collecting point 25
GetDeflection L2 (CDD) ===>> 0
testing L2_CDD_==3250
evaluate ot="L2(CDD).deflection==3250" t="L2_CDD_==3250", ctx="{'L2_CDD_': 0.0}"
GetDeflection L2 (CDD) ===>> 0
testing L2_CDD_==3250
evaluate ot="L2(CDD).deflection==3250" t="L2_CDD_==3250", ctx="{'L2_CDD_': 0.0}"
14:40:41 -- collecting point 50
GetDeflection L2 (CDD) ===>> 0
testing L2_CDD_==3250
evaluate ot="L2(CDD).deflection==3250" t="L2_CDD_==3250", ctx="{'L2_CDD_': 0.0}"
GetDeflection L2 (CDD) ===>> 0
testing L2_CDD_==3250
evaluate ot="L2(CDD).deflection==3250" t="L2_CDD_==3250", ctx="{'L2_CDD_': 0.0}"
GetDeflection L2 (CDD) ===>> 0
testing L2_CDD_==3250
evaluate ot="L2(CDD).deflection==3250" t="L2_CDD_==3250", ctx="{'L2_CDD_': 0.0}"
14:41:07 -- collecting point 75
GetDeflection L2 (CDD) ===>> 0
testing L2_CDD_==3250
evaluate ot="L2(CDD).deflection==3250" t="L2_CDD_==3250", ctx="{'L2_CDD_': 0.0}"
GetDeflection L2 (CDD) ===>> 0
testing L2_CDD_==3250
evaluate ot="L2(CDD).deflection==3250" t="L2_CDD_==3250", ctx="{'L2_CDD_': 0.0}"
14:41:33 -- collecting point 100
GetDeflection L2 (CDD) ===>> 0
testing L2_CDD_==3250
evaluate ot="L2(CDD).deflection==3250" t="L2_CDD_==3250", ctx="{'L2_CDD_': 0.0}"
GetDeflection L2 (CDD) ===>> 0
testing L2_CDD_==3250
evaluate ot="L2(CDD).deflection==3250" t="L2_CDD_==3250", ctx="{'L2_CDD_': 0.0}"
waiting for write to finish
measurement finished
estimated time: 125.829 actual time: :126.180
flush and close file /Users/obama/PychronDev/data/isotopes/da/93cb4a-5681-4073-b9d6-fc7ef8d301ca.h5
activate_detectors ('H2', 'AX', 'L2(CDD)') {'peak_center': True}
peak_center () {'detector': 'L2(CDD)', 'config_name': 'CDD_on_36', 'integration_time': 1.048576, 'isotope': 'Ar36'}
peak center: mean=1.9633590265 threshold=1.0
peak center started
setup peak center. detector=['L2(CDD)', 'H2', 'AX'], isotope=Ar36
VersionedUnpickler [<apptools.sweet_pickle.versioned_unpickler.VersionedUnpickler object at 0x13e458f50>] using Updater [<apptools.sweet_pickle.updater.Updater object at 0x13e7bd590>]
VersionedUnpickler [<apptools.sweet_pickle.versioned_unpickler.VersionedUnpickler object at 0x13e458f50>] using Updater [<apptools.sweet_pickle.updater.Updater object at 0x13e7bd590>]
VersionedUnpickler [<apptools.sweet_pickle.versioned_unpickler.VersionedUnpickler object at 0x13e458f50>] using Updater [<apptools.sweet_pickle.updater.Updater object at 0x13e7bd590>]
setting integration time = 0.524288
SetIntegrationTime 0.524288 ===>> OK
Mapping mass to dac mass func: "discrete"
using discrete mass mapping
L2(CDD) map mass to dac 35.9675 >> 3.76771
GetDeflection L2 (CDD) ===>> 0
GetHighVoltage ===>> 9900
do peak center. <pychron.spectrometer.jobs.peak_center.PeakCenter object at 0x13e7bd350>
doing pc
starting peak center. center dac= 3.76771 step_width=3e-05
width = 3e-05
get scan parameters. half-width=0.001,window=0.001, i=0, scalar=1
Scan parameters center=3.76771 width=0.00200 (3.76671 - 3.76871)
Moving to starting dac 3.76671
setting magnet DAC
current  : 3.810160
requested: 3.766710
Delta Dac: 0.043450
Checking detector protection. dv=0.04345
SetMagnetDAC 3.76671 ===>> OK
Magnet settling time: 0.500 0.500
Magnet settling complete
set_dac. change=True
Wait until signal near baseline. tol= 0.0. timeout= 10
no intensity change cnt= 0
signals=[  1.22236421e-03   1.14331562e+00   1.76122343e+02  -3.52211728e-01
  -8.67755619e-02  -3.13826658e-01]
prev_signals=[  1.22236421e-03   1.14331562e+00   1.76122343e+02  -3.52211728e-01
  -8.67755619e-02  -3.13826658e-01]
resetting no_intensity_change_cnt
signals=[  3.05590948e-04   5.22070205e-01   4.99396969e+02  -2.23821808e-01
  -8.22821879e-04  -1.96596418e-01]
prev_signals=[  1.22236421e-03   1.14331562e+00   1.76122343e+02  -3.52211728e-01
  -8.67755619e-02  -3.13826658e-01]
Peak center failed to move to a baseline position
_do_sweep sm= 3.76671, em= 3.76871, stm= 3e-05
calculated step values: start=3.76671, end=3.76871, width=3e-05, nsteps=67.6666666667
setting magnet DAC
current  : 3.766710
requested: 3.766710
Delta Dac: 0.000000
Checking detector protection. dv=0.00000
set_dac. change=False
no intensity change cnt= 0
signals=[  0.00000000e+00   5.80402279e-02   5.73162113e+02   3.10702967e-01
   2.13867590e-01  -1.28186357e-01]
prev_signals=[  0.00000000e+00   5.80402279e-02   5.73162113e+02   3.10702967e-01
   2.13867590e-01  -1.28186357e-01]
setting magnet DAC
current  : 3.766710
requested: 3.766740
Delta Dac: 0.000030
Checking detector protection. dv=0.00003
Magnet settling time: 1.049 0.500
Magnet settling complete
set_dac. change=True
resetting no_intensity_change_cnt
signals=[  6.11181966e-04   7.69595914e-02   5.73910828e+02   1.54519217e-01
   2.20241532e-01  -1.21736675e-01]
prev_signals=[  0.00000000e+00   5.80402279e-02   5.73162113e+02   3.10702967e-01
   2.13867590e-01  -1.28186357e-01]
setting magnet DAC
current  : 3.766740
requested: 3.766771
Delta Dac: 0.000030
Checking detector protection. dv=0.00003
Magnet settling time: 1.049 0.500
Magnet settling complete
set_dac. change=True
setting magnet DAC
current  : 3.766771
requested: 3.766801
Delta Dac: 0.000030
Checking detector protection. dv=0.00003
Magnet settling time: 1.049 0.500
Magnet settling complete
set_dac. change=True
setting magnet DAC
current  : 3.766801
requested: 3.766831
Delta Dac: 0.000030
Checking detector protection. dv=0.00003
Magnet settling time: 1.049 0.500
Magnet settling complete
set_dac. change=True
setting magnet DAC
current  : 3.766831
requested: 3.766862
Delta Dac: 0.000030
Checking detector protection. dv=0.00003
Magnet settling time: 1.049 0.500
Magnet settling complete
set_dac. change=True
setting magnet DAC
current  : 3.766862
requested: 3.766892
Delta Dac: 0.000030
Checking detector protection. dv=0.00003
Magnet settling time: 1.049 0.500
Magnet settling complete
set_dac. change=True
setting magnet DAC
current  : 3.766892
requested: 3.766922
Delta Dac: 0.000030
Checking detector protection. dv=0.00003
Magnet settling time: 1.049 0.500
Magnet settling complete
set_dac. change=True
setting magnet DAC
current  : 3.766922
requested: 3.766952
Delta Dac: 0.000030
Checking detector protection. dv=0.00003
Magnet settling time: 1.049 0.500
Magnet settling complete
set_dac. change=True
setting magnet DAC
current  : 3.766952
requested: 3.766983
Delta Dac: 0.000030
Checking detector protection. dv=0.00003
Magnet settling time: 1.049 0.500
Magnet settling complete
set_dac. change=True
setting magnet DAC
current  : 3.766983
requested: 3.767013
Delta Dac: 0.000030
Checking detector protection. dv=0.00003
Magnet settling time: 1.049 0.500
Magnet settling complete
set_dac. change=True
setting magnet DAC
current  : 3.767013
requested: 3.767043
Delta Dac: 0.000030
Checking detector protection. dv=0.00003
Magnet settling time: 1.049 0.500
Magnet settling complete
set_dac. change=True
setting magnet DAC
current  : 3.767043
requested: 3.767074
Delta Dac: 0.000030
Checking detector protection. dv=0.00003
Magnet settling time: 1.049 0.500
Magnet settling complete
set_dac. change=True
setting magnet DAC
current  : 3.767074
requested: 3.767104
Delta Dac: 0.000030
Checking detector protection. dv=0.00003
Magnet settling time: 1.049 0.500
Magnet settling complete
set_dac. change=True
setting magnet DAC
current  : 3.767104
requested: 3.767134
Delta Dac: 0.000030
Checking detector protection. dv=0.00003
Magnet settling time: 1.049 0.500
Magnet settling complete
set_dac. change=True
setting magnet DAC
current  : 3.767134
requested: 3.767165
Delta Dac: 0.000030
Checking detector protection. dv=0.00003
Magnet settling time: 1.049 0.500
Magnet settling complete
set_dac. change=True
setting magnet DAC
current  : 3.767165
requested: 3.767195
Delta Dac: 0.000030
Checking detector protection. dv=0.00003
Magnet settling time: 1.049 0.500
Magnet settling complete
set_dac. change=True
setting magnet DAC
current  : 3.767195
requested: 3.767225
Delta Dac: 0.000030
Checking detector protection. dv=0.00003
Magnet settling time: 1.049 0.500
Magnet settling complete
set_dac. change=True
setting magnet DAC
current  : 3.767225
requested: 3.767255
Delta Dac: 0.000030
Checking detector protection. dv=0.00003
Magnet settling time: 1.049 0.500
Magnet settling complete
set_dac. change=True
setting magnet DAC
current  : 3.767255
requested: 3.767286
Delta Dac: 0.000030
Checking detector protection. dv=0.00003
Magnet settling time: 1.049 0.500
Magnet settling complete
set_dac. change=True
setting magnet DAC
current  : 3.767286
requested: 3.767316
Delta Dac: 0.000030
Checking detector protection. dv=0.00003
Magnet settling time: 1.049 0.500
Magnet settling complete
set_dac. change=True
setting magnet DAC
current  : 3.767316
requested: 3.767346
Delta Dac: 0.000030
Checking detector protection. dv=0.00003
Magnet settling time: 1.049 0.500
Magnet settling complete
set_dac. change=True
setting magnet DAC
current  : 3.767346
requested: 3.767377
Delta Dac: 0.000030
Checking detector protection. dv=0.00003
Magnet settling time: 1.049 0.500
Magnet settling complete
set_dac. change=True
setting magnet DAC
current  : 3.767377
requested: 3.767407
Delta Dac: 0.000030
Checking detector protection. dv=0.00003
Magnet settling time: 1.049 0.500
Magnet settling complete
set_dac. change=True
setting magnet DAC
current  : 3.767407
requested: 3.767437
Delta Dac: 0.000030
Checking detector protection. dv=0.00003
Magnet settling time: 1.049 0.500
Magnet settling complete
set_dac. change=True
setting magnet DAC
current  : 3.767437
requested: 3.767468
Delta Dac: 0.000030
Checking detector protection. dv=0.00003
Magnet settling time: 1.049 0.500
Magnet settling complete
set_dac. change=True
setting magnet DAC
current  : 3.767468
requested: 3.767498
Delta Dac: 0.000030
Checking detector protection. dv=0.00003
Magnet settling time: 1.049 0.500
Magnet settling complete
set_dac. change=True
setting magnet DAC
current  : 3.767498
requested: 3.767528
Delta Dac: 0.000030
Checking detector protection. dv=0.00003
Magnet settling time: 1.049 0.500
Magnet settling complete
set_dac. change=True
setting magnet DAC
current  : 3.767528
requested: 3.767558
Delta Dac: 0.000030
Checking detector protection. dv=0.00003
Magnet settling time: 1.049 0.500
Magnet settling complete
set_dac. change=True
setting magnet DAC
current  : 3.767558
requested: 3.767589
Delta Dac: 0.000030
Checking detector protection. dv=0.00003
Magnet settling time: 1.049 0.500
Magnet settling complete
set_dac. change=True
setting magnet DAC
current  : 3.767589
requested: 3.767619
Delta Dac: 0.000030
Checking detector protection. dv=0.00003
Magnet settling time: 1.049 0.500
Magnet settling complete
set_dac. change=True
setting magnet DAC
current  : 3.767619
requested: 3.767649
Delta Dac: 0.000030
Checking detector protection. dv=0.00003
Magnet settling time: 1.049 0.500
Magnet settling complete
set_dac. change=True
setting magnet DAC
current  : 3.767649
requested: 3.767680
Delta Dac: 0.000030
Checking detector protection. dv=0.00003
Magnet settling time: 1.049 0.500
Magnet settling complete
set_dac. change=True
setting magnet DAC
current  : 3.767680
requested: 3.767710
Delta Dac: 0.000030
Checking detector protection. dv=0.00003
Magnet settling time: 1.049 0.500
Magnet settling complete
set_dac. change=True
setting magnet DAC
current  : 3.767710
requested: 3.767740
Delta Dac: 0.000030
Checking detector protection. dv=0.00003
Magnet settling time: 1.049 0.500
Magnet settling complete
set_dac. change=True
setting magnet DAC
current  : 3.767740
requested: 3.767771
Delta Dac: 0.000030
Checking detector protection. dv=0.00003
Magnet settling time: 1.049 0.500
Magnet settling complete
set_dac. change=True
setting magnet DAC
current  : 3.767771
requested: 3.767801
Delta Dac: 0.000030
Checking detector protection. dv=0.00003
Magnet settling time: 1.049 0.500
Magnet settling complete
set_dac. change=True
setting magnet DAC
current  : 3.767801
requested: 3.767831
Delta Dac: 0.000030
Checking detector protection. dv=0.00003
Magnet settling time: 1.049 0.500
Magnet settling complete
set_dac. change=True
setting magnet DAC
current  : 3.767831
requested: 3.767862
Delta Dac: 0.000030
Checking detector protection. dv=0.00003
Magnet settling time: 1.049 0.500
Magnet settling complete
set_dac. change=True
setting magnet DAC
current  : 3.767862
requested: 3.767892
Delta Dac: 0.000030
Checking detector protection. dv=0.00003
Magnet settling time: 1.049 0.500
Magnet settling complete
set_dac. change=True
setting magnet DAC
current  : 3.767892
requested: 3.767922
Delta Dac: 0.000030
Checking detector protection. dv=0.00003
Magnet settling time: 1.049 0.500
Magnet settling complete
set_dac. change=True
setting magnet DAC
current  : 3.767922
requested: 3.767952
Delta Dac: 0.000030
Checking detector protection. dv=0.00003
Magnet settling time: 1.049 0.500
Magnet settling complete
set_dac. change=True
setting magnet DAC
current  : 3.767952
requested: 3.767983
Delta Dac: 0.000030
Checking detector protection. dv=0.00003
Magnet settling time: 1.049 0.500
Magnet settling complete
set_dac. change=True
setting magnet DAC
current  : 3.767983
requested: 3.768013
Delta Dac: 0.000030
Checking detector protection. dv=0.00003
Magnet settling time: 1.049 0.500
Magnet settling complete
set_dac. change=True
setting magnet DAC
current  : 3.768013
requested: 3.768043
Delta Dac: 0.000030
Checking detector protection. dv=0.00003
Magnet settling time: 1.049 0.500
Magnet settling complete
set_dac. change=True
setting magnet DAC
current  : 3.768043
requested: 3.768074
Delta Dac: 0.000030
Checking detector protection. dv=0.00003
Magnet settling time: 1.049 0.500
Magnet settling complete
set_dac. change=True
setting magnet DAC
current  : 3.768074
requested: 3.768104
Delta Dac: 0.000030
Checking detector protection. dv=0.00003
Magnet settling time: 1.049 0.500
Magnet settling complete
set_dac. change=True
setting magnet DAC
current  : 3.768104
requested: 3.768134
Delta Dac: 0.000030
Checking detector protection. dv=0.00003
Magnet settling time: 1.049 0.500
Magnet settling complete
set_dac. change=True
setting magnet DAC
current  : 3.768134
requested: 3.768165
Delta Dac: 0.000030
Checking detector protection. dv=0.00003
Magnet settling time: 1.049 0.500
Magnet settling complete
set_dac. change=True
setting magnet DAC
current  : 3.768165
requested: 3.768195
Delta Dac: 0.000030
Checking detector protection. dv=0.00003
Magnet settling time: 1.049 0.500
Magnet settling complete
set_dac. change=True
setting magnet DAC
current  : 3.768195
requested: 3.768225
Delta Dac: 0.000030
Checking detector protection. dv=0.00003
Magnet settling time: 1.049 0.500
Magnet settling complete
set_dac. change=True
setting magnet DAC
current  : 3.768225
requested: 3.768255
Delta Dac: 0.000030
Checking detector protection. dv=0.00003
Magnet settling time: 1.049 0.500
Magnet settling complete
set_dac. change=True
setting magnet DAC
current  : 3.768255
requested: 3.768286
Delta Dac: 0.000030
Checking detector protection. dv=0.00003
Magnet settling time: 1.049 0.500
Magnet settling complete
set_dac. change=True
setting magnet DAC
current  : 3.768286
requested: 3.768316
Delta Dac: 0.000030
Checking detector protection. dv=0.00003
Magnet settling time: 1.049 0.500
Magnet settling complete
set_dac. change=True
setting magnet DAC
current  : 3.768316
requested: 3.768346
Delta Dac: 0.000030
Checking detector protection. dv=0.00003
Magnet settling time: 1.049 0.500
Magnet settling complete
set_dac. change=True
setting magnet DAC
current  : 3.768346
requested: 3.768377
Delta Dac: 0.000030
Checking detector protection. dv=0.00003
Magnet settling time: 1.049 0.500
Magnet settling complete
set_dac. change=True
setting magnet DAC
current  : 3.768377
requested: 3.768407
Delta Dac: 0.000030
Checking detector protection. dv=0.00003
Magnet settling time: 1.049 0.500
Magnet settling complete
set_dac. change=True
setting magnet DAC
current  : 3.768407
requested: 3.768437
Delta Dac: 0.000030
Checking detector protection. dv=0.00003
Magnet settling time: 1.049 0.500
Magnet settling complete
set_dac. change=True
setting magnet DAC
current  : 3.768437
requested: 3.768468
Delta Dac: 0.000030
Checking detector protection. dv=0.00003
Magnet settling time: 1.049 0.500
Magnet settling complete
set_dac. change=True
setting magnet DAC
current  : 3.768468
requested: 3.768498
Delta Dac: 0.000030
Checking detector protection. dv=0.00003
Magnet settling time: 1.049 0.500
Magnet settling complete
set_dac. change=True
setting magnet DAC
current  : 3.768498
requested: 3.768528
Delta Dac: 0.000030
Checking detector protection. dv=0.00003
Magnet settling time: 1.049 0.500
Magnet settling complete
set_dac. change=True
setting magnet DAC
current  : 3.768528
requested: 3.768558
Delta Dac: 0.000030
Checking detector protection. dv=0.00003
Magnet settling time: 1.049 0.500
Magnet settling complete
set_dac. change=True
setting magnet DAC
current  : 3.768558
requested: 3.768589
Delta Dac: 0.000030
Checking detector protection. dv=0.00003
Magnet settling time: 1.049 0.500
Magnet settling complete
set_dac. change=True
setting magnet DAC
current  : 3.768589
requested: 3.768619
Delta Dac: 0.000030
Checking detector protection. dv=0.00003
Magnet settling time: 1.049 0.500
Magnet settling complete
set_dac. change=True
setting magnet DAC
current  : 3.768619
requested: 3.768649
Delta Dac: 0.000030
Checking detector protection. dv=0.00003
Magnet settling time: 1.049 0.500
Magnet settling complete
set_dac. change=True
setting magnet DAC
current  : 3.768649
requested: 3.768680
Delta Dac: 0.000030
Checking detector protection. dv=0.00003
Magnet settling time: 1.049 0.500
Magnet settling complete
set_dac. change=True
setting magnet DAC
current  : 3.768680
requested: 3.768710
Delta Dac: 0.000030
Checking detector protection. dv=0.00003
Magnet settling time: 1.049 0.500
Magnet settling complete
set_dac. change=True
result of _do_sweep=True
result of _calculate_peak_center=([3.7672891583166335, 3.7676999799599198, 3.7681108016032065], [1.4661549887012708, 1.9732634926387478, 1.4700861296852379], 3.7677200200400804, 1.9732634926387478)
Failed to find a valid peak. peak not well centered, len(x)=500, len(y)=500, i=499
Failed to find a valid peak. No peak greater than 0.5. max = 0.356887754537
new center pos Detector(L2(CDD)) (Ar36) @ 3.76769997996
GetHighVoltage ===>> 9900
GetDeflection L2 (CDD) ===>> 0
dac uncorrected for HV and deflection 3.76769997996
update mftable L2(CDD) Ar36 3.76769997996 message=automated run peakcenter
get initial guess discrete
get initial guess discrete
get initial guess discrete
dump mftable to /Users/obama/PychronDev/setupfiles/spectrometer/mftables/argon_2CDD.csv
add to repo msg=modified - automated run peakcenter
Popen(['git', 'cat-file', '--batch-check'], cwd=/Users/obama/PychronDev/setupfiles/spectrometer/felix_mftable_archive, universal_newlines=False, shell=None)
Popen(['git', 'cat-file', '--batch'], cwd=/Users/obama/PychronDev/setupfiles/spectrometer/felix_mftable_archive, universal_newlines=False, shell=None)
sweep finished
locally archiving mftable
setting magnet DAC
current  : 3.768710
requested: 3.767700
Delta Dac: 0.001010
Checking detector protection. dv=0.00101
SetMagnetDAC 3.76769997996 ===>> OK
Magnet settling time: 0.500 0.500
Magnet settling complete
set_dac. change=True
setting integration time = 1.048576
SetIntegrationTime 1.048576 ===>> OK
Failed to find a valid peak. peak not well centered, len(x)=500, len(y)=500, i=499
Failed to find a valid peak. No peak greater than 0.5. max = 0.356887754537
flush and close file /Users/obama/PychronDev/data/isotopes/da/93cb4a-5681-4073-b9d6-fc7ef8d301ca.h5
finished measure script
executed snippet estimated_duration=155.4, duration=658.632073164
felix_peak_hop_argon_2CDD_CDD_center.py completed successfully
Measurement Finished
14:43:20 -- ******* Measurement Finished *******
Post Measurement Started felix_pump_ms.py
14:43:20 -- ******* Post Measurement Started felix_pump_ms.py *******
testing...
no interpolation path defined
executed snippet estimated_duration=0, duration=2.8133392334e-05
Pumping spectrometer
open () {'name': 'V'}
open name=V desc=---
checking ownership. requestor=192.168.2.137
check software interlocks V
interlocks []
actuate state mode=None-script, software_lock=True
VALVE-V(Felix Ion Pump) software locked
change switch state (True, False)
-------------------------- open V () result=[(True, False)]
action=open, ok=True, locked=[True]
executed snippet estimated_duration=0, duration=0.0025520324707
felix_pump_ms.py completed successfully
setting _ms_pumptime
Post Measurement Finished
14:43:20 -- ******* Post Measurement Finished *******
$$$$$$$$$$$$$$$$$$$$ state at run end measurement
state changed from measurement to success
post measurement save measured=True aborted=False
Set filtering
setting fod for Ar40= {'filter_outliers': True, 'std_devs': 2, 'iterations': 2}
setting fod for H2= {'filter_outliers': True, 'std_devs': 2, 'iterations': 1}
setting fod for Ar38= {'filter_outliers': True, 'std_devs': 2, 'iterations': 2}
setting fod for AX= {'filter_outliers': True, 'std_devs': 2, 'iterations': 1}
setting fod for Ar36= {'filter_outliers': True, 'std_devs': 2, 'iterations': 2}
setting fod for L2(CDD)= {'filter_outliers': True, 'std_devs': 2, 'iterations': 1}
setting fod for Ar37= {'filter_outliers': True, 'std_devs': 2, 'iterations': 2}
setting fod for L1= {'filter_outliers': True, 'std_devs': 2, 'iterations': 1}
setting fod for Ar38= {'filter_outliers': True, 'std_devs': 2, 'iterations': 2}
setting fod for AX(CDD)= {'filter_outliers': True, 'std_devs': 2, 'iterations': 1}
setting fod for Ar39= {'filter_outliers': True, 'std_devs': 2, 'iterations': 2}
setting fod for H1= {'filter_outliers': True, 'std_devs': 2, 'iterations': 1}
not connected to db mysql://felixexp@129.138.12.160/labspy
using pymysql
5052282256 connecting to database mysql://felixexp@129.138.12.160/labspy
create new session 5052282256
testing database connection get_migrate_version
closing test session
close session 5052282256
connected to db mysql://felixexp@129.138.12.160/labspy
Enviromentals: {'lab_humiditys': [{'device': 'EnvironmentalMonitor',
                    'name': 'Lab Hum.',
                    'pub_date': '2017-10-23T14:42:37',
                    'title': 'iServer Hum.',
                    'value': 23.3}],
 'lab_pneumatics': [{'device': 'AirPressure',
                     'name': 'Pressure',
                     'pub_date': '2017-10-23T14:41:36',
                     'title': None,
                     'value': 114.075},
                    {'device': 'AirPressure2',
                     'name': 'Pressure2',
                     'pub_date': '2017-10-23T14:41:40',
                     'title': None,
                     'value': 117.08398}],
 'lab_temperatures': [{'device': 'Coldfinger',
                       'name': 'ColdFinger Temp.',
                       'pub_date': '2017-10-23T12:59:46',
                       'title': None,
                       'value': 71.0},
                      {'device': 'EnvironmentalMonitor',
                       'name': 'Lab Temp.',
                       'pub_date': '2017-10-23T14:40:36',
                       'title': 'iServer Temp.',
                       'value': 74.1},
                      {'device': 'Chiller',
                       'name': 'Coolant Temp.',
                       'pub_date': '2017-10-23T14:39:10',
                       'title': None,
                       'value': 17.9444444444444}]}
persistence save...
persistence save - db
post measurement save
5309509456 connecting to database sqlite://@/
connected to db sqlite://@/
create new session 5309509456
close session 5309509456
No database instance. Not saving post measurement to isotopedb database
$$$$$$$$$$$$$$$ auto_save_detector_ic=False
massspec enabled True
create new session 4901580048
MassSpec Database Version: 16.0
close session 4901580048
saving post measurement to secondary database
saving to massspec database 129.138.12.160/massspecdata
setting labnumber to a-01-F
setting aliquot to 2593
setting step to 
setting uuid to da93cb4a-5681-4073-b9d6-fc7ef8d301ca
setting irradpos to a-01-F
setting extract_device to Extract Device
setting tray to ---
setting position to 
setting power_requested to 0.0
setting extract_value to 0.0
setting duration to 0.0
setting duration_at_request to 0.0
setting first_stage_delay to 0.0
setting cleanup to 0.0
setting comment to 
setting irradiation to NoIrradiation
setting level to A
setting irradiation_level to A
setting sample to air
setting material to Gas
setting project to REFERENCES
setting mass_spectrometer to Felix
no attribute chron_dosages
no attribute production_ratios
no attribute interference_corrections
no attribute production_name
no attribute j
adding new session for Felix
Reference Isotope=Ar40
Reference Detector=H2
%%%%%%%%%%%%%%%%%%%% Comment:  %%%%%%%%%%%%%%%%%%%
adding isotope Ar40 H2
add baseline dbdet= Ar40. original det= H2
get baseline data Ar40 H2
Get data baseline <pychron.processing.isotope.Baseline object at 0x13d3e5810> len t=120
baseline Ar40. v=-0.0428294969091, e=0.00940805954548
get signal data Ar40 H2
Get data signal Ar40 620.14+/-0.08 len t=100
adding isotope Ar39 H1
add baseline dbdet= Ar39. original det= H1
get baseline data Ar39 H1
Get data baseline <pychron.processing.isotope.Baseline object at 0x13d3e5d90> len t=120
baseline Ar39. v=-0.0224024375029, e=0.0115128506645
get signal data Ar39 H1
Get data signal Ar39 -0.03+/-0.04 len t=100
adding isotope Ar38 AX
add baseline dbdet= Ar38. original det= AX
get baseline data Ar38 AX
Get data baseline Ar38 len t=1
baseline Ar38. v=0.0, e=0.0
get signal data Ar38 AX
Get data signal Ar38 len t=1
no key Ar38 ['Ar40', 'Ar36', 'Ar37', 'Ar38AX', 'Ar38AX(CDD)', 'Ar39']
no blank for Ar38 ['Ar40', 'Ar36', 'Ar37', 'Ar38AX', 'Ar38AX(CDD)', 'Ar39']
adding isotope Ar38 AX(CDD)
add baseline dbdet= Ar38. original det= AX(CDD)
get baseline data Ar38 AX(CDD)
Get data baseline Ar38 len t=1
baseline Ar38. v=0.0, e=0.0
get signal data Ar38 AX(CDD)
Get data signal Ar38 len t=1
no key Ar38 ['Ar40', 'Ar36', 'Ar37', 'Ar38AX', 'Ar38AX(CDD)', 'Ar39']
no blank for Ar38 ['Ar40', 'Ar36', 'Ar37', 'Ar38AX', 'Ar38AX(CDD)', 'Ar39']
adding isotope Ar37 L1
add baseline dbdet= Ar37. original det= L1
get baseline data Ar37 L1
Get data baseline <pychron.processing.isotope.Baseline object at 0x13d2ac350> len t=120
baseline Ar37. v=-0.157570657741, e=0.00927012015328
get signal data Ar37 L1
Get data signal Ar37 -0.006+/-0.022 len t=100
adding isotope Ar36 L2(CDD)
add baseline dbdet= Ar36. original det= L2(CDD)
get baseline data Ar36 L2(CDD)
Get data baseline <pychron.processing.isotope.Baseline object at 0x13d2ac190> len t=120
baseline Ar36. v=0.0, e=0.0
get signal data Ar36 L2(CDD)
Get data signal Ar36 2.066+/-0.005 len t=100
a-01-F-2593 added analysis time 0.611283779144s
analysis added to mass spec database
mass spec save time= 0.620
persistence save - dvc
================= post measurement started
create new session 5042419280
close session 5042419280
add to repo msg=modified - felix_peak_hop_argon_2CDD_CDD_center.py
cannot update text with no name. tag=scripts/felix name=
add to repo msg=modified - felix_pump_ms.py
add to repo msg=modified - felix_pump_extraction_line.py
---------------- Experiment Queue saving disabled
Popen(['git', 'cat-file', '--batch-check'], cwd=/Users/obama/PychronDev/data/.dvc/MetaData, universal_newlines=False, shell=None)
DVC saving peakcenter
Failed to find a valid peak. peak not well centered, len(x)=500, len(y)=500, i=499
Failed to find a valid peak. No peak greater than 0.5. max = 0.356887754537
ahead behind
Popen(['git', 'fetch', 'origin'], cwd=/Users/obama/PychronDev/data/.dvc/repositories/FractionatedRes, universal_newlines=False, shell=None)
Popen(['git', 'status', '-sb'], cwd=/Users/obama/PychronDev/data/.dvc/repositories/FractionatedRes, universal_newlines=False, shell=None)
Smart pull ahead: 0 behind: 0
Up-to-date with origin
add to repo msg=modified - 0155fa6cc151036cb60f80cfea075a992e1eec24.json
add to repo msg=modified - -F-2593.json
add to repo msg=modified - -F-2593.dat.json
not at valid file /Users/obama/PychronDev/data/.dvc/repositories/FractionatedRes/a-01/tags/-F-2593.tags.json
add to repo msg=modified - -F-2593.peak.json
add to repo msg=modified - -F-2593.extr.json
not at valid file /Users/obama/PychronDev/data/.dvc/repositories/FractionatedRes/a-01/monitor/-F-2593.moni.json
commit message=<COLLECTION>
Popen(['git', 'cat-file', '--batch-check'], cwd=/Users/obama/PychronDev/data/.dvc/repositories/FractionatedRes, universal_newlines=False, shell=None)
Popen(['git', 'cat-file', '--batch'], cwd=/Users/obama/PychronDev/data/.dvc/repositories/FractionatedRes, universal_newlines=False, shell=None)
add to repo msg=modified - -F-2593.inte.json
add to repo msg=modified - -F-2593.base.json
commit message=<ISOEVO> default collection fits
add to repo msg=modified - -F-2593.blan.json
commit message=<BLANKS> preceding 
add to repo msg=modified - -F-2593.icfa.json
commit message=<ICFactor> default
push repository <pychron.git_archive.repo_manager.GitRepoManager object at 0x129d82470>
pushing to remote=origin, url=https://github.com
Popen(['git', 'push', 'origin', 'master'], cwd=/Users/obama/PychronDev/data/.dvc/repositories/FractionatedRes, universal_newlines=False, shell=None)
ahead behind
Popen(['git', 'fetch', 'origin'], cwd=/Users/obama/PychronDev/data/.dvc/MetaData, universal_newlines=False, shell=None)
Popen(['git', 'status', '-sb'], cwd=/Users/obama/PychronDev/data/.dvc/MetaData, universal_newlines=False, shell=None)
Smart pull ahead: 0 behind: 0
Up-to-date with origin
Popen(['git', 'diff', 'HEAD', '--name-only'], cwd=/Users/obama/PychronDev/data/.dvc/MetaData, universal_newlines=False, shell=None)
no changes to meta repo
Popen(['git', 'push', 'origin', 'master'], cwd=/Users/obama/PychronDev/data/.dvc/MetaData, universal_newlines=False, shell=None)
create new session 5042419280
add association FractionatedRes
get identifier "a-01-F"
setting analysis irradiation position=<pychron.dvc.dvc_orm.IrradiationPositionTbl object at 0x13d3eb990>
close session 5042419280
================= post measurement finished
14:43:30 -- ******* Post Run Check *******
loading queue conditionals post_run_actions
loading system conditionals post_run_actions
loading conditionals from /Users/obama/PychronDev/setupfiles/spectrometer/default_conditionals.yaml
loading queue conditionals post_run_terminations
loading system conditionals post_run_terminations
loading conditionals from /Users/obama/PychronDev/setupfiles/spectrometer/default_conditionals.yaml
Checking default post run terminations n=1
GetDeflection L2 (CDD) ===>> 0
testing L2_CDD_==3250
evaluate ot="L2(CDD).deflection==3250" t="L2_CDD_==3250", ctx="{'L2_CDD_': 0.0}"
14:43:30 -- ******* Post Run Check Passed *******
14:43:30 -- Automated run a-01-F-2593 success duration: 678.228 s
----------------- finish -----------------
----------------- stop -----------------
retroactive repository identifiers disabled
finish run. runs completed=1
update duration runid=a-01-F-2593, duration=678.228258133, md5=cdbb3bd9
loading script "felix_peak_hop_argon_2CDD_CDD_center.py"
loading script "felix_pump_ms.py"
loading script "felix_air_x5.py"
loading script "felix_pump_extraction_line.py"
testing...
no interpolation path defined
executed snippet estimated_duration=139.8, duration=0.0135209560394
script duration name:peak_hop_argon_2CDD_CDD_center seconds:140.0
loading script "felix_peak_hop_argon_2CDD_CDD_center.py"
loading script "felix_pump_ms.py"
loading script "felix_air_x5.py"
loading script "felix_pump_extraction_line.py"
testing...
no interpolation path defined
executed snippet estimated_duration=0, duration=3.00407409668e-05
loading script "felix_peak_hop_argon_2CDD_CDD_center.py"
loading script "felix_pump_ms.py"
loading script "felix_air_x5.py"
loading script "felix_pump_extraction_line.py"
testing...
no interpolation path defined
calculate duration
testing...
no interpolation path defined
executed snippet estimated_duration=0, duration=5.98430633545e-05
calculate duration
testing...
no interpolation path defined
executed snippet estimated_duration=0, duration=8.58306884766e-05
calculate duration
testing...
no interpolation path defined
executed snippet estimated_duration=32.0, duration=9.41753387451e-05
calculate duration
testing...
no interpolation path defined
executed snippet estimated_duration=34.0, duration=0.000114917755127
calculate duration
testing...
no interpolation path defined
executed snippet estimated_duration=2.0, duration=0.000110864639282
calculate duration
testing...
no interpolation path defined
executed snippet estimated_duration=34.0, duration=6.19888305664e-05
calculate duration
testing...
no interpolation path defined
executed snippet estimated_duration=34.0, duration=8.79764556885e-05
calculate duration
testing...
no interpolation path defined
executed snippet estimated_duration=34.0, duration=6.29425048828e-05
calculate duration
testing...
no interpolation path defined
executed snippet estimated_duration=34.0, duration=8.01086425781e-05
calculate duration
testing...
no interpolation path defined
executed snippet estimated_duration=34.0, duration=6.19888305664e-05
calculate duration
testing...
no interpolation path defined
executed snippet estimated_duration=34.0, duration=8.01086425781e-05
calculate duration
testing...
no interpolation path defined
executed snippet estimated_duration=34.0, duration=5.79357147217e-05
calculate duration
testing...
no interpolation path defined
executed snippet estimated_duration=34.0, duration=0.000113010406494
calculate duration
testing...
no interpolation path defined
executed snippet estimated_duration=34.0, duration=5.91278076172e-05
executed snippet estimated_duration=384.0, duration=0.014044046402
script duration name:air_x5 seconds:384.0
loading script "felix_peak_hop_argon_2CDD_CDD_center.py"
loading script "felix_pump_ms.py"
loading script "felix_air_x5.py"
loading script "felix_pump_extraction_line.py"
testing...
no interpolation path defined
calculate duration
testing...
no interpolation path defined
executed snippet estimated_duration=4.0, duration=0.000128030776978
executed snippet estimated_duration=4.0, duration=0.00103306770325
Script duration 524.0
Run total estimated duration= 525.000
peak_hop_argon_2CDD_CDD_center in script context. using previous estimated duration
script duration name:peak_hop_argon_2CDD_CDD_center seconds:140.0
pump_ms in script context. using previous estimated duration
air_x5 in script context. using previous estimated duration
script duration name:air_x5 seconds:384.0
pump_extraction_line in script context. using previous estimated duration
Script duration 524.0
Run total estimated duration= 525.000
script duration name:peak_hop_argon_2CDD_CDD_center seconds:140.0
script duration name:air_x5 seconds:384.0
Script duration 524.0
Run total estimated duration= 525.000
script duration name:peak_hop_argon_2CDD_CDD_center seconds:140.0
script duration name:air_x5 seconds:384.0
Script duration 524.0
Run total estimated duration= 525.000
script duration name:peak_hop_argon_2CDD_CDD_center seconds:140.0
script duration name:air_x5 seconds:384.0
Script duration 524.0
Run total estimated duration= 525.000
script duration name:peak_hop_argon_2CDD_CDD_center seconds:140.0
script duration name:air_x5 seconds:384.0
Script duration 524.0
Run total estimated duration= 525.000
script duration name:peak_hop_argon_2CDD_CDD_center seconds:140.0
script duration name:air_x5 seconds:384.0
Script duration 524.0
Run total estimated duration= 525.000
script duration name:peak_hop_argon_2CDD_CDD_center seconds:140.0
script duration name:air_x5 seconds:384.0
Script duration 524.0
Run total estimated duration= 525.000
script duration name:peak_hop_argon_2CDD_CDD_center seconds:140.0
script duration name:air_x5 seconds:384.0
Script duration 524.0
Run total estimated duration= 525.000
script duration name:peak_hop_argon_2CDD_CDD_center seconds:140.0
script duration name:air_x5 seconds:384.0
Script duration 524.0
Run total estimated duration= 525.000
script duration name:peak_hop_argon_2CDD_CDD_center seconds:140.0
script duration name:air_x5 seconds:384.0
Script duration 524.0
Run total estimated duration= 525.000
script duration name:peak_hop_argon_2CDD_CDD_center seconds:140.0
script duration name:air_x5 seconds:384.0
Script duration 524.0
Run total estimated duration= 525.000
script duration name:peak_hop_argon_2CDD_CDD_center seconds:140.0
script duration name:air_x5 seconds:384.0
Script duration 524.0
Run total estimated duration= 525.000
script duration name:peak_hop_argon_2CDD_CDD_center seconds:140.0
script duration name:air_x5 seconds:384.0
Script duration 524.0
Run total estimated duration= 525.000
script duration name:peak_hop_argon_2CDD_CDD_center seconds:140.0
script duration name:air_x5 seconds:384.0
Script duration 524.0
Run total estimated duration= 525.000
script duration name:peak_hop_argon_2CDD_CDD_center seconds:140.0
script duration name:air_x5 seconds:384.0
Script duration 524.0
Run total estimated duration= 525.000
script duration name:peak_hop_argon_2CDD_CDD_center seconds:140.0
script duration name:air_x5 seconds:384.0
Script duration 524.0
Run total estimated duration= 525.000
script duration name:peak_hop_argon_2CDD_CDD_center seconds:140.0
script duration name:air_x5 seconds:384.0
Script duration 524.0
Run total estimated duration= 525.000
script duration name:peak_hop_argon_2CDD_CDD_center seconds:140.0
script duration name:air_x5 seconds:384.0
Script duration 524.0
Run total estimated duration= 525.000
script duration name:peak_hop_argon_2CDD_CDD_center seconds:140.0
script duration name:air_x5 seconds:384.0
Script duration 524.0
Run total estimated duration= 525.000
nruns=20 before=5.0, run_dur=10500.0, btw=19.0
write rem/ex queues
/Users/obama/PychronDev/experiments/rem/Argon2CDD_38AX.rem.txt
/Users/obama/PychronDev/experiments/rem/Argon2CDD_38AX.ex.txt
doing event level: 3
add run
