do run
loading script "felix_peak_hop_argon_2CDD_CDD_center.py"
loading script "felix_pump_ms.py"
loading script "felix_pump_extraction_line.py"
testing...
no interpolation path defined
executed snippet estimated_duration=139.8, duration=0.0141010284424
script duration name:peak_hop_argon_2CDD_CDD_center seconds:140.0
loading script "felix_peak_hop_argon_2CDD_CDD_center.py"
loading script "felix_pump_ms.py"
loading script "felix_pump_extraction_line.py"
testing...
no interpolation path defined
executed snippet estimated_duration=0, duration=2.09808349609e-05
loading script "felix_peak_hop_argon_2CDD_CDD_center.py"
loading script "felix_pump_ms.py"
loading script "felix_pump_extraction_line.py"
loading script "felix_peak_hop_argon_2CDD_CDD_center.py"
loading script "felix_pump_ms.py"
loading script "felix_pump_extraction_line.py"
testing...
no interpolation path defined
calculate duration
testing...
no interpolation path defined
executed snippet estimated_duration=4.0, duration=0.000133037567139
executed snippet estimated_duration=4.0, duration=0.00109004974365
Script duration 140.0
Run total estimated duration= 141.000
run duration: 0:02:21
doing event level: 2
10:40:31 -- Setting default integration. t=1.048576
setting integration time = 1.048576
SetIntegrationTime 1.048576 ===>> OK
----------------- start -----------------
**************** Experiment Type: Ar/Ar, Ar/Ar
close session 5056658608
$$$$$ Clearing conditionals
adding conditionals 
Add queue conditionals
add default conditionals
adding default conditionals from /Users/obama/PychronDev/setupfiles/spectrometer/default_conditionals.yaml
Start automated run a-01-F-2568
loading script "felix_peak_hop_argon_2CDD_CDD_center.py"
loading script "felix_pump_ms.py"
loading script "felix_pump_extraction_line.py"
%%%%%%%%%%%%%%%%%% setting automated run a-01-F-2568
$$$$$$$$$$$$$$$ auto_save_detector_ic=False
============================= Pre Extraction Check =============================
loading queue conditionals pre_run_terminations
loading system conditionals pre_run_terminations
loading conditionals from /Users/obama/PychronDev/setupfiles/spectrometer/default_conditionals.yaml
10:40:31 -- ******* Pre Extraction Check *******
Get a measurement from the spectrometer
Pre Extraction Termination data. keys=AX(CDD),L2(CDD),H2,H1,AX,L1, signals=0.40696,0.00000,-0.07301,-0.01595,-0.00124,-0.50963
10:40:31 -- testing system defined conditionals
Checking default pre extraction terminations n=2
testing L2_CDD_
evaluate ot="L2(CDD).inactive" t="L2_CDD_", ctx="{'L2_CDD_': False}"
GetDeflection L2 (CDD) ===>> 0
testing L2_CDD_==3250
evaluate ot="L2(CDD).deflection==3250" t="L2_CDD_==3250", ctx="{'L2_CDD_': 0.0}"
10:40:31 -- ******* Pre Extraction Check Passed *******
=================================================================================
10:40:31 -- stopping status monitor. block=True
stop 5032563536
Status monitor stopped
Status monitor finished
10:40:36 -- starting status monitor
start 5032563536
StatusMonitor period=3. Frequencies(state=1, checksum=3, lock=5, owner=5)
start extraction
no extraction script
10:40:40 -- Sending spectrometer configuration
======== Sending configuration ========
caching configuration from /Users/obama/PychronDev/setupfiles/spectrometer/configurations/argon_2CDD.cfg
SetDeflection H1(CDD),0.0 ===>> Error: could not set Deflection H1(CDD) Set to 0
SetDeflection L2(CDD),0.0 ===>> Error: could not set Deflection L2(CDD) Set to 0
SetDeflection L1(CDD),0.0 ===>> Error: could not set Deflection L1(CDD) Set to 0
SetDeflection H2(CDD),600.0 ===>> Error: could not set Deflection H2(CDD) Set to 600
SetZFocus 1.65 ===>> OK
SetHV 9900.0 ===>> OK
SetZSymmetry 3.35 ===>> OK
SetExtractionLens 63.57 ===>> OK
SetIonRepeller -5.15 ===>> OK
SetElectronEnergy 125.02 ===>> OK
SetYSymmetry 38.07 ===>> OK
send trap current 250.0
GetParameter Trap Current Readback ===>> 248.718732832815
SetParameter Trap Current Set,250.0 ===>> OK
updating mftable name argon_2CDD
Using mftable located at /Users/obama/PychronDev/setupfiles/spectrometer/mftables/argon_2CDD.csv
============ MFtable ===========
Isotope  H2     AX(CDD)L2(CDD)
Ar40     3.7666 --- ---
Ar38     --- 3.7939 ---
Ar36     --- --- 3.7673
PHHCbs   --- 3.8090 ---
================================
get initial guess discrete
get initial guess discrete
get initial guess discrete
======== Configuration Finished ========
GetYSymmetry ===>> 38.07
GetZSymmetry ===>> 3.35
GetParameter Trap Current Readback ===>> 248.047427211133
GetHighVoltage ===>> 9900
start measurement
do measurement
L#=a-01-F analysis type=air
Measurement Started felix_peak_hop_argon_2CDD_CDD_center.py
10:40:40 -- ******* Measurement Started felix_peak_hop_argon_2CDD_CDD_center.py *******
state changed from not run to measurement
setting trap, emission, spec, defl, and gains
GetExtractionLens ===>> 63.57
GetYSymmetry ===>> 38.07
GetZSymmetry ===>> 3.35
GetZFocus ===>> 1.65
GetDeflection H2 (CDD) ===>> 0
GetDeflection H1 (CDD) ===>> 0
GetDeflection AX (CDD) ===>> 0
GetDeflection L1 (CDD) ===>> 0
GetDeflection L2 (CDD) ===>> 0
GetGain H2 ===>> 0.9809305
GetGain H1 ===>> 0.9706
GetGain AX ===>> 0.01
GetGain L1 ===>> 0.970094835296087
GetGain L2 ===>> 0.967359864778375
GetGain H2(CDD) ===>> 0
GetGain H1(CDD) ===>> 0
GetGain AX(CDD) ===>> 0
GetGain L1(CDD) ===>> 0
GetGain L2(CDD) ===>> 0
GetParameter Trap Current Readback ===>> 247.711774400293
GetParameter Source Current Readback ===>> 862.62363425502
pre measurement save
New frame /Users/obama/PychronDev/data/isotopes/34/893c93-32a5-477d-9377-a7ff534e404c.h5
flush and close file /Users/obama/PychronDev/data/isotopes/34/893c93-32a5-477d-9377-a7ff534e404c.h5
testing...
no interpolation path defined
molweights={'PHHCl': 38.13021421, 'Ar40': 39.9624, 'PM41': 41.0, 'Ar35': 35.0, 'Ar36': 35.9675, 'Ar37': 36.9668, 'PHHCbs': 38.9016474, 'Ar38': 37.9627, 'Ar39': 38.964, 'PM42': 42.0}
setting detector H2 to PM42 (42.0624)
setting detector H1 to PM41 (41.0624)
setting detector AX to Ar40 (40.0624)
setting detector L1 to Ar39 (39.0624)
setting detector L2 to Ar38 (37.9624)
setting detector H2(CDD) to PM42 (41.9624)
setting detector H1(CDD) to PM41 (40.9624)
setting detector AX(CDD) to Ar40 (39.9624)
setting detector L1(CDD) to Ar39 (38.9624)
setting detector L2(CDD) to Ar38 (38.0624)
executed snippet estimated_duration=155.4, duration=0.0167257785797
unknown measurement script
activate_detectors ('H2', 'H1', 'AX', 'AX(CDD)', 'L1', 'L2(CDD)') {}
activate detectors
*************** Set Analysis View Ar/Ar
create graphs
clearing graphs
creating plots for detectors [Detector(H2), Detector(H1), Detector(AX), Detector(AX(CDD)), Detector(L1), Detector(L2(CDD))]
clear isotope group
setting isotope det=H2, iso=PM42
setting isotope det=H1, iso=PM41
setting isotope det=AX, iso=Ar40
setting isotope det=AX(CDD), iso=Ar40
setting isotope det=L1, iso=Ar39
setting isotope det=L2(CDD), iso=Ar38
setting previous blanks
 - setting Ar40 blank 3+/-8
 - setting Ar36 blank -0.01+/-0.04
 - setting Ar37 blank -0.0+/-0.5
 - setting Ar38AX blank -0.06+/-0.06
 - setting Ar38AX(CDD) blank 0.0011+/-0.0012
 - setting Ar39 blank 0+/-6
load analysis view
set_spectrometer_configuration ('argon_2CDD',) {}
======== Sending configuration ========
SetDeflection H1(CDD),0.0 ===>> Error: could not set Deflection H1(CDD) Set to 0
SetDeflection L2(CDD),0.0 ===>> Error: could not set Deflection L2(CDD) Set to 0
SetDeflection L1(CDD),0.0 ===>> Error: could not set Deflection L1(CDD) Set to 0
SetDeflection H2(CDD),600.0 ===>> Error: could not set Deflection H2(CDD) Set to 600
SetZFocus 1.65 ===>> OK
SetHV 9900.0 ===>> OK
SetZSymmetry 3.35 ===>> OK
SetExtractionLens 63.57 ===>> OK
SetIonRepeller -5.15 ===>> OK
SetElectronEnergy 125.02 ===>> OK
SetYSymmetry 38.07 ===>> OK
send trap current 250.0
GetParameter Trap Current Readback ===>> 248.718732832815
SetParameter Trap Current Set,250.0 ===>> OK
updating mftable name argon_2CDD
Using mftable located at /Users/obama/PychronDev/setupfiles/spectrometer/mftables/argon_2CDD.csv
============ MFtable ===========
Isotope  H2     AX(CDD)L2(CDD)
Ar40     3.7666 --- ---
Ar38     --- 3.7939 ---
Ar36     --- --- 3.7673
PHHCbs   --- 3.8090 ---
================================
get initial guess discrete
get initial guess discrete
get initial guess discrete
======== Configuration Finished ========
GetYSymmetry ===>> 38.07
GetZSymmetry ===>> 3.35
GetParameter Trap Current Readback ===>> 247.935542940853
GetHighVoltage ===>> 9900
position_magnet ('Ar40',) {'detector': 'H2'}
detector Detector(H2)
POSITION Ar40 H2
molweights={'PHHCl': 38.13021421, 'Ar40': 39.9624, 'PM41': 41.0, 'Ar35': 35.0, 'Ar36': 35.9675, 'Ar37': 36.9668, 'PHHCbs': 38.9016474, 'Ar38': 37.9627, 'Ar39': 38.964, 'PM42': 42.0}
setting detector H2 to Ar40 (39.9624)
setting detector H1 to Ar39 (38.9624)
setting detector AX to Ar38 (37.9624)
setting detector L1 to Ar37 (36.9624)
setting detector L2 to Ar36 (35.8624)
setting detector H2(CDD) to Ar40 (39.8624)
setting detector H1(CDD) to Ar39 (38.8624)
setting detector AX(CDD) to Ar38 (37.8624)
setting detector L1(CDD) to Ar37 (36.8624)
setting detector L2(CDD) to Ar36 (35.9624)
Mapping mass to dac mass func: "discrete"
using discrete mass mapping
H2 map mass to dac 39.9624 >> 3.76656
GetHighVoltage ===>> 9900
positioning Ar40 (3.76656) on H2
setting magnet DAC
current  : 3.793910
requested: 3.766560
Delta Dac: 0.027350
Checking detector protection. dv=0.02735
AF Demag not enabled. self.use_af_demag=True, use_af_demag=False
SetMagnetDAC 3.76656 ===>> OK
Magnet settling time: 0.500 0.500
Magnet settling complete
set_dac. change=True
equilibrate () {'delay': 3, 'inlet': 'H', 'outlet': 'V', 'eqtime': 15.0}
Equilibration Started
10:40:41 -- ******* Equilibration Started *******
checking ownership. requestor=192.168.2.137
check software interlocks V
interlocks []
actuate state mode=None-script, software_lock=True
VALVE-V(Felix Ion Pump) software locked
change switch state (True, False)
waiting 3s before opening inlet value ('H',)
update labels <pychron.experiment.plot_panel.PlotPanel object at 0x1406cdef0>
update labels "<pychron.graph.stacked_regression_graph.StackedRegressionGraph object at 0x13e805110>"
setting label 0 H2 Ar40
setting label 1 H1 Ar39
setting label 2 AX Ar38
setting label 3 AX(CDD) Ar38AX(CDD)
setting label 4 L1 Ar37
setting label 5 L2(CDD) Ar36
update labels "<pychron.graph.stacked_graph.StackedGraph object at 0x13f28a6b0>"
setting label 0 H2 Ar40
setting label 1 H1 Ar39
setting label 2 AX Ar38
setting label 3 AX(CDD) Ar38AX(CDD)
setting label 4 L1 Ar37
setting label 5 L2(CDD) Ar36
checking ownership. requestor=192.168.2.137
check software interlocks H
interlocks []
actuate state mode=None-script, software_lock=True
VALVE-H(Felix Inlet) software locked
change switch state (True, False)
equilibrating for 15.0sec
set_time_zero (0,) {}
sniff (15.0,) {}
py_sniff
build tables- sniff [Detector(H2), Detector(H1), Detector(AX), Detector(AX(CDD)), Detector(L1), Detector(L2(CDD))]
add group /sniff/Ar40 (Group) u'' table H2
add group /sniff/Ar39 (Group) u'' table H1
add group /sniff/Ar38 (Group) u'' table AX
add group /sniff/Ar38 (Group) u'' table AX(CDD)
add group /sniff/Ar37 (Group) u'' table L1
add group /sniff/Ar36 (Group) u'' table L2(CDD)
flush and close file /Users/obama/PychronDev/data/isotopes/34/893c93-32a5-477d-9377-a7ff534e404c.h5
measuring sniff. ncounts=15.0
"sniff" increment series count="1" fit count="0" regressing="False"
starting measurement
measurement period (ms) = 1048.576
Equilibration Finished
10:41:00 -- ******* Equilibration Finished *******
checking ownership. requestor=192.168.2.137
check software interlocks H
interlocks []
actuate state mode=None-script, software_lock=True
VALVE-H(Felix Inlet) software locked
change switch state (True, False)
Post Equilibration Started felix_pump_extraction_line.py
10:41:00 -- ******* Post Equilibration Started felix_pump_extraction_line.py *******
testing...
no interpolation path defined
calculate duration
testing...
no interpolation path defined
executed snippet estimated_duration=4.0, duration=0.000324964523315
executed snippet estimated_duration=4.0, duration=0.0104880332947
Pump after analysis
doing GOSUB
testing...
no interpolation path defined
executed snippet estimated_duration=4.0, duration=0.000177145004272
Pump Bone
close () {'description': 'Felix Inlet'}
close name=--- desc=Felix Inlet
checking ownership. requestor=192.168.2.137
check software interlocks H
interlocks []
actuate state mode=None-script, software_lock=True
VALVE-H(Felix Inlet) software locked
change switch state (True, False)
-------------------------- close None (Felix Inlet) result=[(True, False)]
action=close, ok=True, locked=[True]
is_closed ('A',) {}
is A () closed?
is closed False
close () {'description': 'CO2 Laser to Bone'}
close name=--- desc=CO2 Laser to Bone
checking ownership. requestor=192.168.2.137
check software interlocks F
interlocks []
actuate state mode=None-script, software_lock=True
VALVE-F(CO2 Laser to Bone) software locked
change switch state (True, False)
-------------------------- close None (CO2 Laser to Bone) result=[(True, False)]
action=close, ok=True, locked=[True]
sleep (1,) {}
SLEEP 1.0
close () {'description': 'CO2 Laser to Roughing'}
close name=--- desc=CO2 Laser to Roughing
checking ownership. requestor=192.168.2.137
check software interlocks G
interlocks []
actuate state mode=None-script, software_lock=True
VALVE-G(CO2 Laser to Roughing) software locked
change switch state (True, False)
-------------------------- close None (CO2 Laser to Roughing) result=[(True, False)]
action=close, ok=True, locked=[True]
open () {'description': 'Bone to Turbo'}
open name=--- desc=Bone to Turbo
checking ownership. requestor=192.168.2.137
check software interlocks C
interlocks []
actuate state mode=None-script, software_lock=False
doing actuation None-script open_channel False
Open C ===>> OK
waiting for write to finish
measurement finished
estimated time: 15.729 actual time: :15.823
flush and close file /Users/obama/PychronDev/data/isotopes/34/893c93-32a5-477d-9377-a7ff534e404c.h5
set_spectrometer_configuration ('argon_2CDD',) {}
======== Sending configuration ========
caching configuration from /Users/obama/PychronDev/setupfiles/spectrometer/configurations/argon_2CDD.cfg
SetDeflection H1(CDD),0.0 ===>> Error: could not set Deflection H1(CDD) Set to 0
SetDeflection L2(CDD),0.0 ===>> Error: could not set Deflection L2(CDD) Set to 0
SetDeflection L1(CDD),0.0 ===>> Error: could not set Deflection L1(CDD) Set to 0
SetDeflection H2(CDD),600.0 ===>> Error: could not set Deflection H2(CDD) Set to 600
SetZFocus 1.65 ===>> OK
SetHV 9900.0 ===>> OK
GetIndicatorState C ===>> OK
change switch state (True, True)
SetZSymmetry 3.35 ===>> OK
SetExtractionLens 63.57 ===>> OK
10:41:01 -- OPEN   VALVE-C (Bone to Turbo)
-------------------------- open None (Bone to Turbo) result=[(True, True)]
SetIonRepeller -5.15 ===>> OK
SetElectronEnergy 125.02 ===>> OK
SetYSymmetry 38.07 ===>> OK
send trap current 250.0
GetParameter Trap Current Readback ===>> 248.942501373375
SetParameter Trap Current Set,250.0 ===>> OK
updating mftable name argon_2CDD
Using mftable located at /Users/obama/PychronDev/setupfiles/spectrometer/mftables/argon_2CDD.csv
============ MFtable ===========
Isotope  H2     AX(CDD)L2(CDD)
Ar40     3.7666 --- ---
Ar38     --- 3.7939 ---
Ar36     --- --- 3.7673
PHHCbs   --- 3.8090 ---
================================
get initial guess discrete
get initial guess discrete
get initial guess discrete
======== Configuration Finished ========
GetYSymmetry ===>> 38.07
GetZSymmetry ===>> 3.35
GetParameter Trap Current Readback ===>> 248.159311481414
GetHighVoltage ===>> 9900
load_hops ('hops/argon_2CDDF.yaml',) {}
define_hops ([{'counts': 10, 'settle': 5, 'positioning': {'detector': 'H2', 'isotope': 'Ar40'}, 'cup_configuration': [{'protect': False, 'active': True, 'detector': 'H2', 'is_baseline': False, 'isotope': 'Ar40', 'deflection': 0}, {'protect': False, 'active': True, 'detector': 'H1', 'is_baseline': False, 'isotope': 'Ar39', 'deflection': 0}, {'protect': False, 'active': True, 'detector': 'AX', 'is_baseline': False, 'isotope': 'Ar38', 'deflection': 0}, {'protect': False, 'active': True, 'detector': 'L1', 'is_baseline': False, 'isotope': 'Ar37', 'deflection': 0}, {'protect': False, 'active': True, 'detector': 'L2(CDD)', 'is_baseline': False, 'isotope': 'Ar36', 'deflection': 0}]}, {'counts': 20, 'settle': 5, 'positioning': {'detector': 'AX(CDD)', 'isotope': 'Ar38', 'use_af_demag': False}, 'cup_configuration': [{'protect': False, 'active': True, 'detector': 'AX(CDD)', 'is_baseline': False, 'isotope': 'Ar38', 'deflection': 0}]}],) {}
set_fits () {}
using default fits file=/Users/obama/PychronDev/scripts/measurement/fits/nominal.yaml
action=open, ok=True, locked=[False]
set "Ar40" to "('Parabolic', 'SEM')"
open () {'description': 'Bone to Getter GP-50'}
No fit for "Ar38AX". defaulting to linear. check the measurement script "felix_peak_hop_argon_2CDD_CDD_center.py"
set "Ar38AX" to "linear"
open name=--- desc=Bone to Getter GP-50
set "Ar36" to "('Parabolic', 'SEM')"
set "Ar37" to "('linear', 'SEM')"
No fit for "Ar38AX(CDD)". defaulting to linear. check the measurement script "felix_peak_hop_argon_2CDD_CDD_center.py"
set "Ar38AX(CDD)" to "linear"
checking ownership. requestor=192.168.2.137
set "Ar39" to "('Parabolic', 'SEM')"
check software interlocks N
set_baseline_fits () {}
interlocks []
actuate state mode=None-script, software_lock=False
using default fits file=/Users/obama/PychronDev/scripts/measurement/fits/nominal.yaml
doing actuation None-script open_channel False
set "H2" to "('average', 'SEM')"
set "AX" to "('average', 'SEM')"
set "L2(CDD)" to "('average', 'SEM')"
set "L1" to "('average', 'SEM')"
set "AX(CDD)" to "('average', 'SEM')"
set "H1" to "('average', 'SEM')"
peak_hop () {'ncycles': 10, 'hops': [{'counts': 10, 'settle': 5, 'positioning': {'detector': 'H2', 'isotope': 'Ar40'}, 'cup_configuration': [{'protect': False, 'active': True, 'detector': 'H2', 'is_baseline': False, 'isotope': 'Ar40', 'deflection': 0}, {'protect': False, 'active': True, 'detector': 'H1', 'is_baseline': False, 'isotope': 'Ar39', 'deflection': 0}, {'protect': False, 'active': True, 'detector': 'AX', 'is_baseline': False, 'isotope': 'Ar38', 'deflection': 0}, {'protect': False, 'active': True, 'detector': 'L1', 'is_baseline': False, 'isotope': 'Ar37', 'deflection': 0}, {'protect': False, 'active': True, 'detector': 'L2(CDD)', 'is_baseline': False, 'isotope': 'Ar36', 'deflection': 0}]}, {'counts': 20, 'settle': 5, 'positioning': {'detector': 'AX(CDD)', 'isotope': 'Ar38', 'use_af_demag': False}, 'cup_configuration': [{'protect': False, 'active': True, 'detector': 'AX(CDD)', 'is_baseline': False, 'isotope': 'Ar38', 'deflection': 0}]}]}
adding conditionals 
make new hop generatior
add group /signal/Ar40 (Group) u'' table H2
add group /signal/Ar39 (Group) u'' table H1
add group /signal/Ar38 (Group) u'' table AX
add group /signal/Ar37 (Group) u'' table L1
add group /signal/Ar36 (Group) u'' table L2(CDD)
add group /signal/Ar38 (Group) u'' table AX(CDD)
flush and close file /Users/obama/PychronDev/data/isotopes/34/893c93-32a5-477d-9377-a7ff534e404c.h5
measuring signal. ncounts=430.0
Open N ===>> OK
GetIndicatorState N ===>> OK
change switch state (True, True)
10:41:01 -- OPEN   VALVE-N (Bone to Getter GP-50)
-------------------------- open None (Bone to Getter GP-50) result=[(True, True)]
"signal" increment series count="2" fit count="1" regressing="True"
action=open, ok=True, locked=[False]
open () {'description': 'Bone to Diode Laser'}
open name=--- desc=Bone to Diode Laser
checking ownership. requestor=192.168.2.137
check software interlocks B
interlocks []
actuate state mode=None-script, software_lock=False
doing actuation None-script open_channel False
Open B ===>> OK
GetIndicatorState B ===>> OK
change switch state (True, True)
10:41:02 -- OPEN   VALVE-B (Bone to Diode Laser)
-------------------------- open None (Bone to Diode Laser) result=[(True, True)]
starting measurement
measurement period (ms) = 1048.576
$$$$$$$$$$$$$$$$$ SETTING is_baseline False
Peak hop Detectors=['H2', 'H1', 'AX', 'L1', 'L2(CDD)']
Peak hop Deflections=[0, 0, 0, 0, 0]
Peak hop DeflectionsPairs=[('H2', 0), ('H1', 0), ('AX', 0), ('L1', 0), ('L2(CDD)', 0)]
SetDeflection L2 (CDD),0.0 ===>> OK
----------------------- HOP Ar40 H2
detector Detector(H2)
POSITION Ar40 H2
Mapping mass to dac mass func: "discrete"
using discrete mass mapping
H2 map mass to dac 39.9624 >> 3.76656
GetHighVoltage ===>> 9900
positioning Ar40 (3.76656) on H2
setting magnet DAC
current  : 3.766560
requested: 3.766560
Delta Dac: 0.000000
Checking detector protection. dv=0.00000
AF Demag not enabled. self.use_af_demag=True, use_af_demag=False
SetMagnetDAC 3.76656 ===>> OK
set_dac. change=False
update detector isotope pairing
detectors=['H2', 'H1', 'AX', 'L1', 'L2(CDD)']
isotopes=['Ar40', 'Ar39', 'Ar38', 'Ar37', 'Ar36']
updating pairing H2 - Ar40
updating pairing H1 - Ar39
updating pairing AX - Ar38
updating pairing L1 - Ar37
updating pairing L2(CDD) - Ar36
action=open, ok=True, locked=[False]
open () {'description': 'Bone to CO2 Laser'}
open name=--- desc=Bone to CO2 Laser
checking ownership. requestor=192.168.2.137
check software interlocks D
interlocks []
actuate state mode=None-script, software_lock=False
doing actuation None-script open_channel False
Open D ===>> OK
GetIndicatorState D ===>> OK
change switch state (True, True)
10:41:02 -- OPEN   VALVE-D (Bone to CO2 Laser)
-------------------------- open None (Bone to CO2 Laser) result=[(True, True)]
action=open, ok=True, locked=[False]
sleep (1,) {}
SLEEP 1.0
set_resource () {'name': 'CO2PumpTimeFlag', 'value': 30}
Set CO2PumpTimeFlag 30 ===>> OK
release ('FelixCO2Flag',) {}
release FelixCO2Flag
Set FelixCO2Flag 0 ===>> OK
executed snippet estimated_duration=6.0, duration=3.76919007301
PumpBone.py completed successfully
gosub finished
get_resource_value () {'name': 'FelixMiniboneFlag'}
Read FelixMiniboneFlag ===>> 0
Get Resource Value FelixMiniboneFlag=0.0
executed snippet estimated_duration=4.0, duration=3.79247117043
felix_pump_extraction_line.py completed successfully
Post Equilibration Finished
10:41:03 -- ******* Post Equilibration Finished *******
$$$$$$$$$$$$$$$$$ SETTING is_baseline False
Peak hop Detectors=['AX(CDD)']
Peak hop Deflections=[0]
Peak hop DeflectionsPairs=[('AX(CDD)', 0)]
SetDeflection AX (CDD),0.0 ===>> OK
----------------------- HOP Ar38 AX(CDD)
detector Detector(AX(CDD))
POSITION Ar38 AX(CDD)
Mapping mass to dac mass func: "discrete"
using discrete mass mapping
AX(CDD) map mass to dac 37.9627 >> 3.79391
GetDeflection AX (CDD) ===>> 0
GetHighVoltage ===>> 9900
positioning Ar38 (3.79391) on AX(CDD)
setting magnet DAC
current  : 3.766560
requested: 3.793910
Delta Dac: 0.027350
Checking detector protection. dv=0.02735
AF Demag not enabled. self.use_af_demag=True, use_af_demag=False
SetMagnetDAC 3.79391 ===>> OK
Magnet settling time: 0.500 0.500
Magnet settling complete
set_dac. change=True
update detector isotope pairing
detectors=['AX(CDD)']
isotopes=['Ar38']
updating pairing AX(CDD) - Ar38
Join finished
delaying 5 for detectors to settle after peak hop
no intensity change cnt= 0
signals=[ 0.42239345  0.          0.11859871 -0.26330648 -0.08414407 -0.09696079]
prev_signals=[ 0.42239345  0.          0.11859871 -0.26330648 -0.08414407 -0.09696079]
resetting no_intensity_change_cnt
signals=[ 0.42162923  0.          0.02290827 -0.09837183 -0.06419757  0.0518852 ]
prev_signals=[ 0.42239345  0.          0.11859871 -0.26330648 -0.08414407 -0.09696079]
GetDeflection L2 (CDD) ===>> 0
testing L2_CDD_==3250
evaluate ot="L2(CDD).deflection==3250" t="L2_CDD_==3250", ctx="{'L2_CDD_': 0.0}"
GetDeflection L2 (CDD) ===>> 0
testing L2_CDD_==3250
evaluate ot="L2(CDD).deflection==3250" t="L2_CDD_==3250", ctx="{'L2_CDD_': 0.0}"
$$$$$$$$$$$$$$$$$ SETTING is_baseline False
Peak hop Detectors=['H2', 'H1', 'AX', 'L1', 'L2(CDD)']
Peak hop Deflections=[0, 0, 0, 0, 0]
Peak hop DeflectionsPairs=[('H2', 0), ('H1', 0), ('AX', 0), ('L1', 0), ('L2(CDD)', 0)]
SetDeflection L2 (CDD),0.0 ===>> OK
----------------------- HOP Ar40 H2
detector Detector(H2)
POSITION Ar40 H2
Mapping mass to dac mass func: "discrete"
using discrete mass mapping
H2 map mass to dac 39.9624 >> 3.76656
GetHighVoltage ===>> 9900
positioning Ar40 (3.76656) on H2
setting magnet DAC
current  : 3.793910
requested: 3.766560
Delta Dac: 0.027350
Checking detector protection. dv=0.02735
AF Demag not enabled. self.use_af_demag=True, use_af_demag=False
SetMagnetDAC 3.76656 ===>> OK
Magnet settling time: 0.500 0.500
Magnet settling complete
set_dac. change=True
update detector isotope pairing
detectors=['H2', 'H1', 'AX', 'L1', 'L2(CDD)']
isotopes=['Ar40', 'Ar39', 'Ar38', 'Ar37', 'Ar36']
updating pairing H2 - Ar40
updating pairing H1 - Ar39
updating pairing AX - Ar38
updating pairing L1 - Ar37
updating pairing L2(CDD) - Ar36
Join finished
delaying 5 for detectors to settle after peak hop
GetDeflection L2 (CDD) ===>> 0
testing L2_CDD_==3250
evaluate ot="L2(CDD).deflection==3250" t="L2_CDD_==3250", ctx="{'L2_CDD_': 0.0}"
set states for children of U. state=False
refresh_canvas_needed fired
$$$$$$$$$$$$$$$$$ SETTING is_baseline False
Peak hop Detectors=['AX(CDD)']
Peak hop Deflections=[0]
Peak hop DeflectionsPairs=[('AX(CDD)', 0)]
SetDeflection AX (CDD),0.0 ===>> OK
----------------------- HOP Ar38 AX(CDD)
detector Detector(AX(CDD))
POSITION Ar38 AX(CDD)
Mapping mass to dac mass func: "discrete"
using discrete mass mapping
AX(CDD) map mass to dac 37.9627 >> 3.79391
GetDeflection AX (CDD) ===>> 0
GetHighVoltage ===>> 9900
positioning Ar38 (3.79391) on AX(CDD)
setting magnet DAC
current  : 3.766560
requested: 3.793910
Delta Dac: 0.027350
Checking detector protection. dv=0.02735
AF Demag not enabled. self.use_af_demag=True, use_af_demag=False
SetMagnetDAC 3.79391 ===>> OK
Magnet settling time: 0.500 0.500
Magnet settling complete
set_dac. change=True
update detector isotope pairing
detectors=['AX(CDD)']
isotopes=['Ar38']
updating pairing AX(CDD) - Ar38
Join finished
delaying 5 for detectors to settle after peak hop
no intensity change cnt= 0
signals=[ 0.41154158  0.         -0.18569009  0.1386191  -0.0904773  -0.18030916]
prev_signals=[ 0.41154158  0.         -0.18569009  0.1386191  -0.0904773  -0.18030916]
resetting no_intensity_change_cnt
signals=[ 0.42529748  0.          0.1013481  -0.16032675 -0.05001861  0.00115278]
prev_signals=[ 0.41154158  0.         -0.18569009  0.1386191  -0.0904773  -0.18030916]
GetDeflection L2 (CDD) ===>> 0
testing L2_CDD_==3250
evaluate ot="L2(CDD).deflection==3250" t="L2_CDD_==3250", ctx="{'L2_CDD_': 0.0}"
10:42:07 -- collecting point 50
GetDeflection L2 (CDD) ===>> 0
testing L2_CDD_==3250
evaluate ot="L2(CDD).deflection==3250" t="L2_CDD_==3250", ctx="{'L2_CDD_': 0.0}"
$$$$$$$$$$$$$$$$$ SETTING is_baseline False
Peak hop Detectors=['H2', 'H1', 'AX', 'L1', 'L2(CDD)']
Peak hop Deflections=[0, 0, 0, 0, 0]
Peak hop DeflectionsPairs=[('H2', 0), ('H1', 0), ('AX', 0), ('L1', 0), ('L2(CDD)', 0)]
SetDeflection L2 (CDD),0.0 ===>> OK
----------------------- HOP Ar40 H2
detector Detector(H2)
POSITION Ar40 H2
Mapping mass to dac mass func: "discrete"
using discrete mass mapping
H2 map mass to dac 39.9624 >> 3.76656
GetHighVoltage ===>> 9900
positioning Ar40 (3.76656) on H2
setting magnet DAC
current  : 3.793910
requested: 3.766560
Delta Dac: 0.027350
Checking detector protection. dv=0.02735
AF Demag not enabled. self.use_af_demag=True, use_af_demag=False
SetMagnetDAC 3.76656 ===>> OK
Magnet settling time: 0.500 0.500
Magnet settling complete
set_dac. change=True
update detector isotope pairing
detectors=['H2', 'H1', 'AX', 'L1', 'L2(CDD)']
isotopes=['Ar40', 'Ar39', 'Ar38', 'Ar37', 'Ar36']
updating pairing H2 - Ar40
updating pairing H1 - Ar39
updating pairing AX - Ar38
updating pairing L1 - Ar37
updating pairing L2(CDD) - Ar36
Join finished
delaying 5 for detectors to settle after peak hop
no intensity change cnt= 0
signals=[  0.00000000e+00   2.18154880e+00   6.49136577e+02  -8.03394365e-02
   2.93740369e-01  -2.32900763e-02]
prev_signals=[  0.00000000e+00   2.18154880e+00   6.49136577e+02  -8.03394365e-02
   2.93740369e-01  -2.32900763e-02]
resetting no_intensity_change_cnt
signals=[  0.00000000e+00   2.13903924e+00   6.49128350e+02   7.44524259e-02
   3.10157726e-01  -1.46532605e-01]
prev_signals=[  0.00000000e+00   2.18154880e+00   6.49136577e+02  -8.03394365e-02
   2.93740369e-01  -2.32900763e-02]
GetDeflection L2 (CDD) ===>> 0
testing L2_CDD_==3250
evaluate ot="L2(CDD).deflection==3250" t="L2_CDD_==3250", ctx="{'L2_CDD_': 0.0}"
$$$$$$$$$$$$$$$$$ SETTING is_baseline False
Peak hop Detectors=['AX(CDD)']
Peak hop Deflections=[0]
Peak hop DeflectionsPairs=[('AX(CDD)', 0)]
SetDeflection AX (CDD),0.0 ===>> OK
----------------------- HOP Ar38 AX(CDD)
detector Detector(AX(CDD))
POSITION Ar38 AX(CDD)
Mapping mass to dac mass func: "discrete"
using discrete mass mapping
AX(CDD) map mass to dac 37.9627 >> 3.79391
GetDeflection AX (CDD) ===>> 0
GetHighVoltage ===>> 9900
positioning Ar38 (3.79391) on AX(CDD)
setting magnet DAC
current  : 3.766560
requested: 3.793910
Delta Dac: 0.027350
Checking detector protection. dv=0.02735
AF Demag not enabled. self.use_af_demag=True, use_af_demag=False
SetMagnetDAC 3.79391 ===>> OK
Magnet settling time: 0.500 0.500
Magnet settling complete
set_dac. change=True
update detector isotope pairing
detectors=['AX(CDD)']
isotopes=['Ar38']
updating pairing AX(CDD) - Ar38
Join finished
delaying 5 for detectors to settle after peak hop
no intensity change cnt= 0
signals=[ 0.42499179  0.         -0.28962306  0.09734383 -0.0377993  -0.07113633]
prev_signals=[ 0.42499179  0.         -0.28962306  0.09734383 -0.0377993  -0.07113633]
resetting no_intensity_change_cnt
signals=[  3.99314232e-01   0.00000000e+00  -1.69143688e-01  -1.54778709e-01
  -1.75791836e-04  -1.19671914e-01]
prev_signals=[ 0.42499179  0.         -0.28962306  0.09734383 -0.0377993  -0.07113633]
GetDeflection L2 (CDD) ===>> 0
testing L2_CDD_==3250
evaluate ot="L2(CDD).deflection==3250" t="L2_CDD_==3250", ctx="{'L2_CDD_': 0.0}"
GetDeflection L2 (CDD) ===>> 0
testing L2_CDD_==3250
evaluate ot="L2(CDD).deflection==3250" t="L2_CDD_==3250", ctx="{'L2_CDD_': 0.0}"
set states for children of O. state=False
set states for children of R. state=True
refresh_canvas_needed fired
$$$$$$$$$$$$$$$$$ SETTING is_baseline False
Peak hop Detectors=['H2', 'H1', 'AX', 'L1', 'L2(CDD)']
Peak hop Deflections=[0, 0, 0, 0, 0]
Peak hop DeflectionsPairs=[('H2', 0), ('H1', 0), ('AX', 0), ('L1', 0), ('L2(CDD)', 0)]
SetDeflection L2 (CDD),0.0 ===>> OK
----------------------- HOP Ar40 H2
detector Detector(H2)
POSITION Ar40 H2
Mapping mass to dac mass func: "discrete"
using discrete mass mapping
H2 map mass to dac 39.9624 >> 3.76656
GetHighVoltage ===>> 9900
positioning Ar40 (3.76656) on H2
setting magnet DAC
current  : 3.793910
requested: 3.766560
Delta Dac: 0.027350
Checking detector protection. dv=0.02735
AF Demag not enabled. self.use_af_demag=True, use_af_demag=False
SetMagnetDAC 3.76656 ===>> OK
Magnet settling time: 0.500 0.500
Magnet settling complete
set_dac. change=True
update detector isotope pairing
detectors=['H2', 'H1', 'AX', 'L1', 'L2(CDD)']
isotopes=['Ar40', 'Ar39', 'Ar38', 'Ar37', 'Ar36']
updating pairing H2 - Ar40
updating pairing H1 - Ar39
updating pairing AX - Ar38
updating pairing L1 - Ar37
updating pairing L2(CDD) - Ar36
Join finished
delaying 5 for detectors to settle after peak hop
no intensity change cnt= 0
signals=[  0.00000000e+00   2.17336769e+00   6.46120406e+02  -1.92227363e-01
   2.79306186e-01  -1.10910325e-01]
prev_signals=[  0.00000000e+00   2.17336769e+00   6.46120406e+02  -1.92227363e-01
   2.79306186e-01  -1.10910325e-01]
resetting no_intensity_change_cnt
signals=[  0.00000000e+00   2.14754112e+00   6.45802345e+02   2.20828012e-01
   3.27211224e-01  -1.21401165e-01]
prev_signals=[  0.00000000e+00   2.17336769e+00   6.46120406e+02  -1.92227363e-01
   2.79306186e-01  -1.10910325e-01]
GetDeflection L2 (CDD) ===>> 0
testing L2_CDD_==3250
evaluate ot="L2(CDD).deflection==3250" t="L2_CDD_==3250", ctx="{'L2_CDD_': 0.0}"
set states for children of R. state=False
refresh_canvas_needed fired
10:43:14 -- collecting point 100
$$$$$$$$$$$$$$$$$ SETTING is_baseline False
Peak hop Detectors=['AX(CDD)']
Peak hop Deflections=[0]
Peak hop DeflectionsPairs=[('AX(CDD)', 0)]
SetDeflection AX (CDD),0.0 ===>> OK
----------------------- HOP Ar38 AX(CDD)
detector Detector(AX(CDD))
POSITION Ar38 AX(CDD)
Mapping mass to dac mass func: "discrete"
using discrete mass mapping
AX(CDD) map mass to dac 37.9627 >> 3.79391
GetDeflection AX (CDD) ===>> 0
GetHighVoltage ===>> 9900
positioning Ar38 (3.79391) on AX(CDD)
setting magnet DAC
current  : 3.766560
requested: 3.793910
Delta Dac: 0.027350
Checking detector protection. dv=0.02735
AF Demag not enabled. self.use_af_demag=True, use_af_demag=False
SetMagnetDAC 3.79391 ===>> OK
Magnet settling time: 0.500 0.500
Magnet settling complete
set_dac. change=True
update detector isotope pairing
detectors=['AX(CDD)']
isotopes=['Ar38']
updating pairing AX(CDD) - Ar38
set states for children of U. state=True
refresh_canvas_needed fired
Join finished
delaying 5 for detectors to settle after peak hop
no intensity change cnt= 0
signals=[ 0.40023128  0.          0.15368367  0.06832502 -0.03636057  0.18772281]
prev_signals=[ 0.40023128  0.          0.15368367  0.06832502 -0.03636057  0.18772281]
State checksums do not match. Local:1119936736 Remote:-1046534389
State checksum failed
resetting no_intensity_change_cnt
signals=[ 0.39717446  0.         -0.012172   -0.1830965   0.00235386 -0.10088051]
prev_signals=[ 0.40023128  0.          0.15368367  0.06832502 -0.03636057  0.18772281]
GetDeflection L2 (CDD) ===>> 0
testing L2_CDD_==3250
evaluate ot="L2(CDD).deflection==3250" t="L2_CDD_==3250", ctx="{'L2_CDD_': 0.0}"
GetDeflection L2 (CDD) ===>> 0
testing L2_CDD_==3250
evaluate ot="L2(CDD).deflection==3250" t="L2_CDD_==3250", ctx="{'L2_CDD_': 0.0}"
State checksums do not match. Local:1119936736 Remote:-1987851567
State checksum failed
$$$$$$$$$$$$$$$$$ SETTING is_baseline False
Peak hop Detectors=['H2', 'H1', 'AX', 'L1', 'L2(CDD)']
Peak hop Deflections=[0, 0, 0, 0, 0]
Peak hop DeflectionsPairs=[('H2', 0), ('H1', 0), ('AX', 0), ('L1', 0), ('L2(CDD)', 0)]
SetDeflection L2 (CDD),0.0 ===>> OK
----------------------- HOP Ar40 H2
detector Detector(H2)
POSITION Ar40 H2
Mapping mass to dac mass func: "discrete"
using discrete mass mapping
H2 map mass to dac 39.9624 >> 3.76656
GetHighVoltage ===>> 9900
positioning Ar40 (3.76656) on H2
setting magnet DAC
current  : 3.793910
requested: 3.766560
Delta Dac: 0.027350
Checking detector protection. dv=0.02735
AF Demag not enabled. self.use_af_demag=True, use_af_demag=False
SetMagnetDAC 3.76656 ===>> OK
Magnet settling time: 0.500 0.500
Magnet settling complete
set_dac. change=True
update detector isotope pairing
detectors=['H2', 'H1', 'AX', 'L1', 'L2(CDD)']
isotopes=['Ar40', 'Ar39', 'Ar38', 'Ar37', 'Ar36']
updating pairing H2 - Ar40
updating pairing H1 - Ar39
updating pairing AX - Ar38
updating pairing L1 - Ar37
updating pairing L2(CDD) - Ar36
refresh_lock_state fired. ('H', False)
refresh_lock_state fired. ('V', False)
refresh_canvas_needed fired
Join finished
delaying 5 for detectors to settle after peak hop
no intensity change cnt= 0
signals=[  0.00000000e+00   2.12444172e+00   6.43135128e+02   1.11795758e-01
   2.97648471e-01   1.35138245e-01]
prev_signals=[  0.00000000e+00   2.12444172e+00   6.43135128e+02   1.11795758e-01
   2.97648471e-01   1.35138245e-01]
resetting no_intensity_change_cnt
signals=[  1.52795465e-04   2.15010773e+00   6.42601517e+02   1.26594752e-01
   3.03270712e-01  -1.50797968e-01]
prev_signals=[  0.00000000e+00   2.12444172e+00   6.43135128e+02   1.11795758e-01
   2.97648471e-01   1.35138245e-01]
GetDeflection L2 (CDD) ===>> 0
testing L2_CDD_==3250
evaluate ot="L2(CDD).deflection==3250" t="L2_CDD_==3250", ctx="{'L2_CDD_': 0.0}"
$$$$$$$$$$$$$$$$$ SETTING is_baseline False
Peak hop Detectors=['AX(CDD)']
Peak hop Deflections=[0]
Peak hop DeflectionsPairs=[('AX(CDD)', 0)]
SetDeflection AX (CDD),0.0 ===>> OK
----------------------- HOP Ar38 AX(CDD)
detector Detector(AX(CDD))
POSITION Ar38 AX(CDD)
Mapping mass to dac mass func: "discrete"
using discrete mass mapping
AX(CDD) map mass to dac 37.9627 >> 3.79391
GetDeflection AX (CDD) ===>> 0
GetHighVoltage ===>> 9900
positioning Ar38 (3.79391) on AX(CDD)
setting magnet DAC
current  : 3.766560
requested: 3.793910
Delta Dac: 0.027350
Checking detector protection. dv=0.02735
AF Demag not enabled. self.use_af_demag=True, use_af_demag=False
SetMagnetDAC 3.79391 ===>> OK
Magnet settling time: 0.500 0.500
Magnet settling complete
set_dac. change=True
update detector isotope pairing
detectors=['AX(CDD)']
isotopes=['Ar38']
updating pairing AX(CDD) - Ar38
Join finished
delaying 5 for detectors to settle after peak hop
no intensity change cnt= 0
signals=[ 0.4176553   0.         -0.141993    0.20047748 -0.02458799 -0.1546022 ]
prev_signals=[ 0.4176553   0.         -0.141993    0.20047748 -0.02458799 -0.1546022 ]
resetting no_intensity_change_cnt
signals=[ 0.40772052  0.         -0.03641277  0.00832473 -0.10644258 -0.24566862]
prev_signals=[ 0.4176553   0.         -0.141993    0.20047748 -0.02458799 -0.1546022 ]
GetDeflection L2 (CDD) ===>> 0
testing L2_CDD_==3250
evaluate ot="L2(CDD).deflection==3250" t="L2_CDD_==3250", ctx="{'L2_CDD_': 0.0}"
GetDeflection L2 (CDD) ===>> 0
testing L2_CDD_==3250
evaluate ot="L2(CDD).deflection==3250" t="L2_CDD_==3250", ctx="{'L2_CDD_': 0.0}"
10:44:20 -- collecting point 150
$$$$$$$$$$$$$$$$$ SETTING is_baseline False
Peak hop Detectors=['H2', 'H1', 'AX', 'L1', 'L2(CDD)']
Peak hop Deflections=[0, 0, 0, 0, 0]
Peak hop DeflectionsPairs=[('H2', 0), ('H1', 0), ('AX', 0), ('L1', 0), ('L2(CDD)', 0)]
SetDeflection L2 (CDD),0.0 ===>> OK
----------------------- HOP Ar40 H2
detector Detector(H2)
POSITION Ar40 H2
Mapping mass to dac mass func: "discrete"
using discrete mass mapping
H2 map mass to dac 39.9624 >> 3.76656
GetHighVoltage ===>> 9900
positioning Ar40 (3.76656) on H2
setting magnet DAC
current  : 3.793910
requested: 3.766560
Delta Dac: 0.027350
Checking detector protection. dv=0.02735
AF Demag not enabled. self.use_af_demag=True, use_af_demag=False
SetMagnetDAC 3.76656 ===>> OK
Magnet settling time: 0.500 0.500
Magnet settling complete
set_dac. change=True
update detector isotope pairing
detectors=['H2', 'H1', 'AX', 'L1', 'L2(CDD)']
isotopes=['Ar40', 'Ar39', 'Ar38', 'Ar37', 'Ar36']
updating pairing H2 - Ar40
updating pairing H1 - Ar39
updating pairing AX - Ar38
updating pairing L1 - Ar37
updating pairing L2(CDD) - Ar36
Join finished
delaying 5 for detectors to settle after peak hop
no intensity change cnt= 0
signals=[  0.00000000e+00   2.14545575e+00   6.40107374e+02   9.29504913e-02
   3.05005665e-01  -2.49818278e-01]
prev_signals=[  0.00000000e+00   2.14545575e+00   6.40107374e+02   9.29504913e-02
   3.05005665e-01  -2.49818278e-01]
resetting no_intensity_change_cnt
signals=[  0.00000000e+00   2.10663602e+00   6.39338681e+02  -3.86093341e-02
   2.35166661e-01  -1.85629690e-02]
prev_signals=[  0.00000000e+00   2.14545575e+00   6.40107374e+02   9.29504913e-02
   3.05005665e-01  -2.49818278e-01]
GetDeflection L2 (CDD) ===>> 0
testing L2_CDD_==3250
evaluate ot="L2(CDD).deflection==3250" t="L2_CDD_==3250", ctx="{'L2_CDD_': 0.0}"
$$$$$$$$$$$$$$$$$ SETTING is_baseline False
Peak hop Detectors=['AX(CDD)']
Peak hop Deflections=[0]
Peak hop DeflectionsPairs=[('AX(CDD)', 0)]
SetDeflection AX (CDD),0.0 ===>> OK
----------------------- HOP Ar38 AX(CDD)
detector Detector(AX(CDD))
POSITION Ar38 AX(CDD)
Mapping mass to dac mass func: "discrete"
using discrete mass mapping
AX(CDD) map mass to dac 37.9627 >> 3.79391
GetDeflection AX (CDD) ===>> 0
GetHighVoltage ===>> 9900
positioning Ar38 (3.79391) on AX(CDD)
setting magnet DAC
current  : 3.766560
requested: 3.793910
Delta Dac: 0.027350
Checking detector protection. dv=0.02735
AF Demag not enabled. self.use_af_demag=True, use_af_demag=False
SetMagnetDAC 3.79391 ===>> OK
Magnet settling time: 0.500 0.500
Magnet settling complete
set_dac. change=True
update detector isotope pairing
detectors=['AX(CDD)']
isotopes=['Ar38']
updating pairing AX(CDD) - Ar38
Join finished
delaying 5 for detectors to settle after peak hop
GetDeflection L2 (CDD) ===>> 0
testing L2_CDD_==3250
evaluate ot="L2(CDD).deflection==3250" t="L2_CDD_==3250", ctx="{'L2_CDD_': 0.0}"
GetDeflection L2 (CDD) ===>> 0
testing L2_CDD_==3250
evaluate ot="L2(CDD).deflection==3250" t="L2_CDD_==3250", ctx="{'L2_CDD_': 0.0}"
$$$$$$$$$$$$$$$$$ SETTING is_baseline False
Peak hop Detectors=['H2', 'H1', 'AX', 'L1', 'L2(CDD)']
Peak hop Deflections=[0, 0, 0, 0, 0]
Peak hop DeflectionsPairs=[('H2', 0), ('H1', 0), ('AX', 0), ('L1', 0), ('L2(CDD)', 0)]
SetDeflection L2 (CDD),0.0 ===>> OK
----------------------- HOP Ar40 H2
detector Detector(H2)
POSITION Ar40 H2
Mapping mass to dac mass func: "discrete"
using discrete mass mapping
H2 map mass to dac 39.9624 >> 3.76656
GetHighVoltage ===>> 9900
positioning Ar40 (3.76656) on H2
setting magnet DAC
current  : 3.793910
requested: 3.766560
Delta Dac: 0.027350
Checking detector protection. dv=0.02735
AF Demag not enabled. self.use_af_demag=True, use_af_demag=False
SetMagnetDAC 3.76656 ===>> OK
Magnet settling time: 0.500 0.500
Magnet settling complete
set_dac. change=True
update detector isotope pairing
detectors=['H2', 'H1', 'AX', 'L1', 'L2(CDD)']
isotopes=['Ar40', 'Ar39', 'Ar38', 'Ar37', 'Ar36']
updating pairing H2 - Ar40
updating pairing H1 - Ar39
updating pairing AX - Ar38
updating pairing L1 - Ar37
updating pairing L2(CDD) - Ar36
Join finished
delaying 5 for detectors to settle after peak hop
no intensity change cnt= 0
signals=[  0.00000000e+00   2.12219595e+00   6.36168452e+02  -1.57783901e-01
   3.02094885e-01   1.12536986e-01]
prev_signals=[  0.00000000e+00   2.12219595e+00   6.36168452e+02  -1.57783901e-01
   3.02094885e-01   1.12536986e-01]
resetting no_intensity_change_cnt
signals=[  0.00000000e+00   2.13727471e+00   6.36477729e+02   1.31797576e-01
   3.29370074e-01  -1.73277275e-01]
prev_signals=[  0.00000000e+00   2.12219595e+00   6.36168452e+02  -1.57783901e-01
   3.02094885e-01   1.12536986e-01]
GetDeflection L2 (CDD) ===>> 0
testing L2_CDD_==3250
evaluate ot="L2(CDD).deflection==3250" t="L2_CDD_==3250", ctx="{'L2_CDD_': 0.0}"
$$$$$$$$$$$$$$$$$ SETTING is_baseline False
Peak hop Detectors=['AX(CDD)']
Peak hop Deflections=[0]
Peak hop DeflectionsPairs=[('AX(CDD)', 0)]
SetDeflection AX (CDD),0.0 ===>> OK
----------------------- HOP Ar38 AX(CDD)
detector Detector(AX(CDD))
POSITION Ar38 AX(CDD)
Mapping mass to dac mass func: "discrete"
using discrete mass mapping
AX(CDD) map mass to dac 37.9627 >> 3.79391
GetDeflection AX (CDD) ===>> 0
GetHighVoltage ===>> 9900
positioning Ar38 (3.79391) on AX(CDD)
setting magnet DAC
current  : 3.766560
requested: 3.793910
Delta Dac: 0.027350
Checking detector protection. dv=0.02735
AF Demag not enabled. self.use_af_demag=True, use_af_demag=False
SetMagnetDAC 3.79391 ===>> OK
Magnet settling time: 0.500 0.500
Magnet settling complete
set_dac. change=True
update detector isotope pairing
detectors=['AX(CDD)']
isotopes=['Ar38']
updating pairing AX(CDD) - Ar38
Join finished
delaying 5 for detectors to settle after peak hop
GetDeflection L2 (CDD) ===>> 0
testing L2_CDD_==3250
evaluate ot="L2(CDD).deflection==3250" t="L2_CDD_==3250", ctx="{'L2_CDD_': 0.0}"
10:45:32 -- collecting point 200
GetDeflection L2 (CDD) ===>> 0
testing L2_CDD_==3250
evaluate ot="L2(CDD).deflection==3250" t="L2_CDD_==3250", ctx="{'L2_CDD_': 0.0}"
$$$$$$$$$$$$$$$$$ SETTING is_baseline False
Peak hop Detectors=['H2', 'H1', 'AX', 'L1', 'L2(CDD)']
Peak hop Deflections=[0, 0, 0, 0, 0]
Peak hop DeflectionsPairs=[('H2', 0), ('H1', 0), ('AX', 0), ('L1', 0), ('L2(CDD)', 0)]
SetDeflection L2 (CDD),0.0 ===>> OK
----------------------- HOP Ar40 H2
detector Detector(H2)
POSITION Ar40 H2
Mapping mass to dac mass func: "discrete"
using discrete mass mapping
H2 map mass to dac 39.9624 >> 3.76656
GetHighVoltage ===>> 9900
positioning Ar40 (3.76656) on H2
setting magnet DAC
current  : 3.793910
requested: 3.766560
Delta Dac: 0.027350
Checking detector protection. dv=0.02735
AF Demag not enabled. self.use_af_demag=True, use_af_demag=False
SetMagnetDAC 3.76656 ===>> OK
Magnet settling time: 0.500 0.500
Magnet settling complete
set_dac. change=True
update detector isotope pairing
detectors=['H2', 'H1', 'AX', 'L1', 'L2(CDD)']
isotopes=['Ar40', 'Ar39', 'Ar38', 'Ar37', 'Ar36']
updating pairing H2 - Ar40
updating pairing H1 - Ar39
updating pairing AX - Ar38
updating pairing L1 - Ar37
updating pairing L2(CDD) - Ar36
Join finished
delaying 5 for detectors to settle after peak hop
no intensity change cnt= 0
signals=[  1.52795465e-04   2.07696002e+00   6.32038142e+02   6.79781864e-02
   2.57775311e-01  -2.30453054e-01]
prev_signals=[  1.52795465e-04   2.07696002e+00   6.32038142e+02   6.79781864e-02
   2.57775311e-01  -2.30453054e-01]
resetting no_intensity_change_cnt
signals=[  0.00000000e+00   2.10198409e+00   6.32337164e+02   7.58397686e-02
   2.98151321e-01   1.41711159e-01]
prev_signals=[  1.52795465e-04   2.07696002e+00   6.32038142e+02   6.79781864e-02
   2.57775311e-01  -2.30453054e-01]
GetDeflection L2 (CDD) ===>> 0
testing L2_CDD_==3250
evaluate ot="L2(CDD).deflection==3250" t="L2_CDD_==3250", ctx="{'L2_CDD_': 0.0}"
$$$$$$$$$$$$$$$$$ SETTING is_baseline False
Peak hop Detectors=['AX(CDD)']
Peak hop Deflections=[0]
Peak hop DeflectionsPairs=[('AX(CDD)', 0)]
SetDeflection AX (CDD),0.0 ===>> OK
----------------------- HOP Ar38 AX(CDD)
detector Detector(AX(CDD))
POSITION Ar38 AX(CDD)
Mapping mass to dac mass func: "discrete"
using discrete mass mapping
AX(CDD) map mass to dac 37.9627 >> 3.79391
GetDeflection AX (CDD) ===>> 0
GetHighVoltage ===>> 9900
positioning Ar38 (3.79391) on AX(CDD)
setting magnet DAC
current  : 3.766560
requested: 3.793910
Delta Dac: 0.027350
Checking detector protection. dv=0.02735
AF Demag not enabled. self.use_af_demag=True, use_af_demag=False
SetMagnetDAC 3.79391 ===>> OK
Magnet settling time: 0.500 0.500
Magnet settling complete
set_dac. change=True
update detector isotope pairing
detectors=['AX(CDD)']
isotopes=['Ar38']
updating pairing AX(CDD) - Ar38
Join finished
delaying 5 for detectors to settle after peak hop
GetDeflection L2 (CDD) ===>> 0
testing L2_CDD_==3250
evaluate ot="L2(CDD).deflection==3250" t="L2_CDD_==3250", ctx="{'L2_CDD_': 0.0}"
GetDeflection L2 (CDD) ===>> 0
testing L2_CDD_==3250
evaluate ot="L2(CDD).deflection==3250" t="L2_CDD_==3250", ctx="{'L2_CDD_': 0.0}"
$$$$$$$$$$$$$$$$$ SETTING is_baseline False
Peak hop Detectors=['H2', 'H1', 'AX', 'L1', 'L2(CDD)']
Peak hop Deflections=[0, 0, 0, 0, 0]
Peak hop DeflectionsPairs=[('H2', 0), ('H1', 0), ('AX', 0), ('L1', 0), ('L2(CDD)', 0)]
SetDeflection L2 (CDD),0.0 ===>> OK
----------------------- HOP Ar40 H2
detector Detector(H2)
POSITION Ar40 H2
Mapping mass to dac mass func: "discrete"
using discrete mass mapping
H2 map mass to dac 39.9624 >> 3.76656
GetHighVoltage ===>> 9900
positioning Ar40 (3.76656) on H2
setting magnet DAC
current  : 3.793910
requested: 3.766560
Delta Dac: 0.027350
Checking detector protection. dv=0.02735
AF Demag not enabled. self.use_af_demag=True, use_af_demag=False
SetMagnetDAC 3.76656 ===>> OK
Magnet settling time: 0.500 0.500
Magnet settling complete
set_dac. change=True
update detector isotope pairing
detectors=['H2', 'H1', 'AX', 'L1', 'L2(CDD)']
isotopes=['Ar40', 'Ar39', 'Ar38', 'Ar37', 'Ar36']
updating pairing H2 - Ar40
updating pairing H1 - Ar39
updating pairing AX - Ar38
updating pairing L1 - Ar37
updating pairing L2(CDD) - Ar36
Join finished
delaying 5 for detectors to settle after peak hop
no intensity change cnt= 0
signals=[  1.52795465e-04   2.07567674e+00   6.30049562e+02  -1.04960511e-01
   2.95304119e-01  -1.60366147e-01]
prev_signals=[  1.52795465e-04   2.07567674e+00   6.30049562e+02  -1.04960511e-01
   2.95304119e-01  -1.60366147e-01]
resetting no_intensity_change_cnt
signals=[  0.00000000e+00   2.08016822e+00   6.29416134e+02   3.47681585e-01
   2.73328478e-01  -8.71614096e-02]
prev_signals=[  1.52795465e-04   2.07567674e+00   6.30049562e+02  -1.04960511e-01
   2.95304119e-01  -1.60366147e-01]
GetDeflection L2 (CDD) ===>> 0
testing L2_CDD_==3250
evaluate ot="L2(CDD).deflection==3250" t="L2_CDD_==3250", ctx="{'L2_CDD_': 0.0}"
10:46:38 -- collecting point 250
$$$$$$$$$$$$$$$$$ SETTING is_baseline False
Peak hop Detectors=['AX(CDD)']
Peak hop Deflections=[0]
Peak hop DeflectionsPairs=[('AX(CDD)', 0)]
SetDeflection AX (CDD),0.0 ===>> OK
----------------------- HOP Ar38 AX(CDD)
detector Detector(AX(CDD))
POSITION Ar38 AX(CDD)
Mapping mass to dac mass func: "discrete"
using discrete mass mapping
AX(CDD) map mass to dac 37.9627 >> 3.79391
GetDeflection AX (CDD) ===>> 0
GetHighVoltage ===>> 9900
positioning Ar38 (3.79391) on AX(CDD)
setting magnet DAC
current  : 3.766560
requested: 3.793910
Delta Dac: 0.027350
Checking detector protection. dv=0.02735
AF Demag not enabled. self.use_af_demag=True, use_af_demag=False
SetMagnetDAC 3.79391 ===>> OK
Magnet settling time: 0.500 0.500
Magnet settling complete
set_dac. change=True
update detector isotope pairing
detectors=['AX(CDD)']
isotopes=['Ar38']
updating pairing AX(CDD) - Ar38
Join finished
delaying 5 for detectors to settle after peak hop
no intensity change cnt= 0
signals=[ 0.39503469  0.          0.00973845  0.21504657 -0.04821448 -0.25074042]
prev_signals=[ 0.39503469  0.          0.00973845  0.21504657 -0.04821448 -0.25074042]
resetting no_intensity_change_cnt
signals=[ 0.40099549  0.         -0.08069726 -0.18263417 -0.05305915 -0.41112102]
prev_signals=[ 0.39503469  0.          0.00973845  0.21504657 -0.04821448 -0.25074042]
GetDeflection L2 (CDD) ===>> 0
testing L2_CDD_==3250
evaluate ot="L2(CDD).deflection==3250" t="L2_CDD_==3250", ctx="{'L2_CDD_': 0.0}"
GetDeflection L2 (CDD) ===>> 0
testing L2_CDD_==3250
evaluate ot="L2(CDD).deflection==3250" t="L2_CDD_==3250", ctx="{'L2_CDD_': 0.0}"
$$$$$$$$$$$$$$$$$ SETTING is_baseline False
Peak hop Detectors=['H2', 'H1', 'AX', 'L1', 'L2(CDD)']
Peak hop Deflections=[0, 0, 0, 0, 0]
Peak hop DeflectionsPairs=[('H2', 0), ('H1', 0), ('AX', 0), ('L1', 0), ('L2(CDD)', 0)]
SetDeflection L2 (CDD),0.0 ===>> OK
----------------------- HOP Ar40 H2
detector Detector(H2)
POSITION Ar40 H2
Mapping mass to dac mass func: "discrete"
using discrete mass mapping
H2 map mass to dac 39.9624 >> 3.76656
GetHighVoltage ===>> 9900
positioning Ar40 (3.76656) on H2
setting magnet DAC
current  : 3.793910
requested: 3.766560
Delta Dac: 0.027350
Checking detector protection. dv=0.02735
AF Demag not enabled. self.use_af_demag=True, use_af_demag=False
SetMagnetDAC 3.76656 ===>> OK
Magnet settling time: 0.500 0.500
Magnet settling complete
set_dac. change=True
update detector isotope pairing
detectors=['H2', 'H1', 'AX', 'L1', 'L2(CDD)']
isotopes=['Ar40', 'Ar39', 'Ar38', 'Ar37', 'Ar36']
updating pairing H2 - Ar40
updating pairing H1 - Ar39
updating pairing AX - Ar38
updating pairing L1 - Ar37
updating pairing L2(CDD) - Ar36
Join finished
delaying 5 for detectors to settle after peak hop
no intensity change cnt= 0
signals=[  0.00000000e+00   2.06123984e+00   6.26232317e+02  -6.03415781e-02
   2.31252113e-01  -9.18881819e-02]
prev_signals=[  0.00000000e+00   2.06123984e+00   6.26232317e+02  -6.03415781e-02
   2.31252113e-01  -9.18881819e-02]
resetting no_intensity_change_cnt
signals=[  0.00000000e+00   2.11000466e+00   6.26300008e+02  -8.25357079e-02
   3.01317661e-01  -2.88317037e-01]
prev_signals=[  0.00000000e+00   2.06123984e+00   6.26232317e+02  -6.03415781e-02
   2.31252113e-01  -9.18881819e-02]
GetDeflection L2 (CDD) ===>> 0
testing L2_CDD_==3250
evaluate ot="L2(CDD).deflection==3250" t="L2_CDD_==3250", ctx="{'L2_CDD_': 0.0}"
$$$$$$$$$$$$$$$$$ SETTING is_baseline False
Peak hop Detectors=['AX(CDD)']
Peak hop Deflections=[0]
Peak hop DeflectionsPairs=[('AX(CDD)', 0)]
SetDeflection AX (CDD),0.0 ===>> OK
----------------------- HOP Ar38 AX(CDD)
detector Detector(AX(CDD))
POSITION Ar38 AX(CDD)
Mapping mass to dac mass func: "discrete"
using discrete mass mapping
AX(CDD) map mass to dac 37.9627 >> 3.79391
GetDeflection AX (CDD) ===>> 0
GetHighVoltage ===>> 9900
positioning Ar38 (3.79391) on AX(CDD)
setting magnet DAC
current  : 3.766560
requested: 3.793910
Delta Dac: 0.027350
Checking detector protection. dv=0.02735
AF Demag not enabled. self.use_af_demag=True, use_af_demag=False
SetMagnetDAC 3.79391 ===>> OK
Magnet settling time: 0.500 0.500
Magnet settling complete
set_dac. change=True
update detector isotope pairing
detectors=['AX(CDD)']
isotopes=['Ar38']
updating pairing AX(CDD) - Ar38
Join finished
delaying 5 for detectors to settle after peak hop
no intensity change cnt= 0
signals=[ 0.40130117  0.         -0.19000143  0.0862449  -0.08498198 -0.15598555]
prev_signals=[ 0.40130117  0.         -0.19000143  0.0862449  -0.08498198 -0.15598555]
resetting no_intensity_change_cnt
signals=[ 0.38601712  0.         -0.1198524  -0.27417015  0.04950745 -0.01372054]
prev_signals=[ 0.40130117  0.         -0.19000143  0.0862449  -0.08498198 -0.15598555]
GetDeflection L2 (CDD) ===>> 0
testing L2_CDD_==3250
evaluate ot="L2(CDD).deflection==3250" t="L2_CDD_==3250", ctx="{'L2_CDD_': 0.0}"
GetDeflection L2 (CDD) ===>> 0
testing L2_CDD_==3250
evaluate ot="L2(CDD).deflection==3250" t="L2_CDD_==3250", ctx="{'L2_CDD_': 0.0}"
10:47:45 -- collecting point 300
$$$$$$$$$$$$$$$$$ SETTING is_baseline False
waiting for write to finish
measurement finished
estimated time: 450.888 actual time: :404.458
flush and close file /Users/obama/PychronDev/data/isotopes/34/893c93-32a5-477d-9377-a7ff534e404c.h5
set_deflection ('H2 (CDD)', 0) {}
setting spectrometer parameter SetDeflection H2 (CDD),0
SetDeflection H2 (CDD),0 ===>> OK
set_deflection ('H1 (CDD)', 0) {}
setting spectrometer parameter SetDeflection H1 (CDD),0
SetDeflection H1 (CDD),0 ===>> OK
set_deflection ('AX (CDD)', 0) {}
setting spectrometer parameter SetDeflection AX (CDD),0
SetDeflection AX (CDD),0 ===>> OK
set_deflection ('L1 (CDD)', 0) {}
setting spectrometer parameter SetDeflection L1 (CDD),0
SetDeflection L1 (CDD),0 ===>> OK
set_deflection ('L2 (CDD)', 0) {}
setting spectrometer parameter SetDeflection L2 (CDD),0
SetDeflection L2 (CDD),0 ===>> OK
define_detectors ('Ar40', 'AX(CDD)') {}
molweights={'PHHCl': 38.13021421, 'Ar40': 39.9624, 'PM41': 41.0, 'Ar35': 35.0, 'Ar36': 35.9675, 'Ar37': 36.9668, 'PHHCbs': 38.9016474, 'Ar38': 37.9627, 'Ar39': 38.964, 'PM42': 42.0}
setting detector H2 to PM42 (42.0624)
setting detector H1 to PM41 (41.0624)
setting detector AX to Ar40 (40.0624)
setting detector L1 to Ar39 (39.0624)
setting detector L2 to Ar38 (37.9624)
setting detector H2(CDD) to PM42 (41.9624)
setting detector H1(CDD) to PM41 (40.9624)
setting detector AX(CDD) to Ar40 (39.9624)
setting detector L1(CDD) to Ar39 (38.9624)
setting detector L2(CDD) to Ar38 (38.0624)
baselines () {'settling_time': 15.0, 'detector': 'AX(CDD)', 'mass': 'PHHCbs', 'ncounts': 120, 'use_dac': False}
%%%%%%%%%%%%%%%%%%%%%%%%%%%%%%%% Baseline
build tables- baseline [Detector(H2), Detector(H1), Detector(AX), Detector(AX(CDD)), Detector(L1), Detector(L2(CDD))]
add group baseline table H2
add group baseline table H1
add group baseline table AX
add group baseline table AX(CDD)
add group baseline table L1
add group baseline table L2(CDD)
flush and close file /Users/obama/PychronDev/data/isotopes/34/893c93-32a5-477d-9377-a7ff534e404c.h5
detector Detector(AX(CDD))
POSITION PHHCbs AX(CDD)
molweights={'PHHCl': 38.13021421, 'Ar40': 39.9624, 'PM41': 41.0, 'Ar35': 35.0, 'Ar36': 35.9675, 'Ar37': 36.9668, 'PHHCbs': 38.9016474, 'Ar38': 37.9627, 'Ar39': 38.964, 'PM42': 42.0}
setting detector H2 to PM41 (41.0016474)
setting detector H1 to Ar40 (40.0016474)
setting detector AX to Ar39 (39.0016474)
setting detector L1 to Ar38 (38.0016474)
setting detector L2 to Ar37 (36.9016474)
setting detector H2(CDD) to PM41 (40.9016474)
setting detector H1(CDD) to Ar40 (39.9016474)
setting detector AX(CDD) to Ar39 (38.9016474)
setting detector L1(CDD) to Ar38 (37.9016474)
setting detector L2(CDD) to Ar37 (37.0016474)
Mapping mass to dac mass func: "discrete"
using discrete mass mapping
AX(CDD) map mass to dac 38.9016474 >> 3.80899
GetDeflection AX (CDD) ===>> 0
GetHighVoltage ===>> 9900
positioning PHHCbs (3.80899) on AX(CDD)
setting magnet DAC
current  : 3.793910
requested: 3.808990
Delta Dac: 0.015080
Checking detector protection. dv=0.01508
AF Demag not enabled. self.use_af_demag=True, use_af_demag=False
SetMagnetDAC 3.80899 ===>> OK
Magnet settling time: 0.500 0.500
Magnet settling complete
set_dac. change=True
Delaying 15.0s for detectors to settle
Join finished
measuring baseline. ncounts=120
"baseline" increment series count="2" fit count="1" regressing="True"
starting measurement
measurement period (ms) = 1048.576
GetDeflection L2 (CDD) ===>> 0
testing L2_CDD_==3250
evaluate ot="L2(CDD).deflection==3250" t="L2_CDD_==3250", ctx="{'L2_CDD_': 0.0}"
GetDeflection L2 (CDD) ===>> 0
testing L2_CDD_==3250
evaluate ot="L2(CDD).deflection==3250" t="L2_CDD_==3250", ctx="{'L2_CDD_': 0.0}"
10:48:28 -- collecting point 25
GetDeflection L2 (CDD) ===>> 0
testing L2_CDD_==3250
evaluate ot="L2(CDD).deflection==3250" t="L2_CDD_==3250", ctx="{'L2_CDD_': 0.0}"
GetDeflection L2 (CDD) ===>> 0
testing L2_CDD_==3250
evaluate ot="L2(CDD).deflection==3250" t="L2_CDD_==3250", ctx="{'L2_CDD_': 0.0}"
10:48:54 -- collecting point 50
GetDeflection L2 (CDD) ===>> 0
testing L2_CDD_==3250
evaluate ot="L2(CDD).deflection==3250" t="L2_CDD_==3250", ctx="{'L2_CDD_': 0.0}"
GetDeflection L2 (CDD) ===>> 0
testing L2_CDD_==3250
evaluate ot="L2(CDD).deflection==3250" t="L2_CDD_==3250", ctx="{'L2_CDD_': 0.0}"
GetDeflection L2 (CDD) ===>> 0
testing L2_CDD_==3250
evaluate ot="L2(CDD).deflection==3250" t="L2_CDD_==3250", ctx="{'L2_CDD_': 0.0}"
10:49:20 -- collecting point 75
GetDeflection L2 (CDD) ===>> 0
testing L2_CDD_==3250
evaluate ot="L2(CDD).deflection==3250" t="L2_CDD_==3250", ctx="{'L2_CDD_': 0.0}"
GetDeflection L2 (CDD) ===>> 0
testing L2_CDD_==3250
evaluate ot="L2(CDD).deflection==3250" t="L2_CDD_==3250", ctx="{'L2_CDD_': 0.0}"
10:49:47 -- collecting point 100
GetDeflection L2 (CDD) ===>> 0
testing L2_CDD_==3250
evaluate ot="L2(CDD).deflection==3250" t="L2_CDD_==3250", ctx="{'L2_CDD_': 0.0}"
GetDeflection L2 (CDD) ===>> 0
testing L2_CDD_==3250
evaluate ot="L2(CDD).deflection==3250" t="L2_CDD_==3250", ctx="{'L2_CDD_': 0.0}"
waiting for write to finish
measurement finished
estimated time: 125.829 actual time: :126.443
flush and close file /Users/obama/PychronDev/data/isotopes/34/893c93-32a5-477d-9377-a7ff534e404c.h5
activate_detectors ('H2', 'AX', 'L2(CDD)') {'peak_center': True}
peak_center () {'detector': 'L2(CDD)', 'config_name': 'CDD_on_36', 'integration_time': 1.048576, 'isotope': 'Ar36'}
peak center: mean=2.07978329767 threshold=10.0
Skipping peak center. intensities to small. 2.07978329767<10.0
finished measure script
executed snippet estimated_duration=155.4, duration=568.397384167
felix_peak_hop_argon_2CDD_CDD_center.py completed successfully
Measurement Finished
10:50:09 -- ******* Measurement Finished *******
Post Measurement Started felix_pump_ms.py
10:50:09 -- ******* Post Measurement Started felix_pump_ms.py *******
testing...
no interpolation path defined
executed snippet estimated_duration=0, duration=2.8133392334e-05
Pumping spectrometer
open () {'name': 'V'}
open name=V desc=---
checking ownership. requestor=192.168.2.137
check software interlocks V
interlocks []
actuate state mode=None-script, software_lock=False
doing actuation None-script open_channel True
Open V ===>> OK
GetIndicatorState V ===>> OK
change switch state (True, True)
10:50:09 -- OPEN   VALVE-V (Felix Ion Pump)
-------------------------- open V () result=[(True, True)]
action=open, ok=True, locked=[False]
executed snippet estimated_duration=0, duration=0.753280162811
felix_pump_ms.py completed successfully
setting _ms_pumptime
Post Measurement Finished
10:50:10 -- ******* Post Measurement Finished *******
$$$$$$$$$$$$$$$$$$$$ state at run end measurement
state changed from measurement to success
post measurement save measured=True aborted=False
Set filtering
setting fod for Ar40= {'filter_outliers': True, 'std_devs': 2, 'iterations': 2}
setting fod for H2= {'filter_outliers': True, 'std_devs': 2, 'iterations': 1}
setting fod for Ar38= {'filter_outliers': True, 'std_devs': 2, 'iterations': 2}
setting fod for AX= {'filter_outliers': True, 'std_devs': 2, 'iterations': 1}
setting fod for Ar36= {'filter_outliers': True, 'std_devs': 2, 'iterations': 2}
setting fod for L2(CDD)= {'filter_outliers': True, 'std_devs': 2, 'iterations': 1}
setting fod for Ar37= {'filter_outliers': True, 'std_devs': 2, 'iterations': 2}
setting fod for L1= {'filter_outliers': True, 'std_devs': 2, 'iterations': 1}
setting fod for Ar38= {'filter_outliers': True, 'std_devs': 2, 'iterations': 2}
setting fod for AX(CDD)= {'filter_outliers': True, 'std_devs': 2, 'iterations': 1}
setting fod for Ar39= {'filter_outliers': True, 'std_devs': 2, 'iterations': 2}
setting fod for H1= {'filter_outliers': True, 'std_devs': 2, 'iterations': 1}
not connected to db mysql://felixexp@129.138.12.160/labspy
Enviromentals: {'lab_humiditys': [{'device': 'EnvironmentalMonitor',
                    'name': 'Lab Hum.',
                    'pub_date': '2017-10-20T10:37:52',
                    'title': 'iServer Hum.',
                    'value': 46.0}],
 'lab_pneumatics': [{'device': 'AirPressure',
                     'name': 'Pressure',
                     'pub_date': '2017-10-20T10:49:57',
                     'title': None,
                     'value': 82.2},
                    {'device': 'AirPressure2',
                     'name': 'Pressure2',
                     'pub_date': '2017-10-20T10:50:09',
                     'title': None,
                     'value': 79.51762}],
 'lab_temperatures': [{'device': 'Coldfinger',
                       'name': 'ColdFinger Temp.',
                       'pub_date': '2017-10-20T10:28:45',
                       'title': None,
                       'value': 71.0},
                      {'device': 'EnvironmentalMonitor',
                       'name': 'Lab Temp.',
                       'pub_date': '2017-10-20T09:23:53',
                       'title': 'iServer Temp.',
                       'value': 72.3},
                      {'device': 'Chiller',
                       'name': 'Coolant Temp.',
                       'pub_date': '2017-10-20T10:45:18',
                       'title': None,
                       'value': 18.0555555555556}]}
persistence save...
persistence save - db
post measurement save
5402290704 connecting to database sqlite://@/
connected to db sqlite://@/
create new session 5402290704
close session 5402290704
No database instance. Not saving post measurement to isotopedb database
$$$$$$$$$$$$$$$ auto_save_detector_ic=False
massspec enabled True
create new session 4785978352
MassSpec Database Version: 16.0
close session 4785978352
saving post measurement to secondary database
saving to massspec database 129.138.12.160/massspecdata
setting labnumber to a-01-F
setting aliquot to 2568
setting step to 
setting uuid to 34893c93-32a5-477d-9377-a7ff534e404c
setting irradpos to a-01-F
setting extract_device to Extract Device
setting tray to ---
setting position to 
setting power_requested to 0.0
setting extract_value to 0.0
setting duration to 0.0
setting duration_at_request to 0.0
setting first_stage_delay to 0.0
setting cleanup to 0.0
setting comment to 
setting irradiation to NoIrradiation
setting level to A
setting irradiation_level to A
setting sample to air
setting material to Gas
setting project to REFERENCES
setting mass_spectrometer to Felix
no attribute chron_dosages
no attribute production_ratios
no attribute interference_corrections
no attribute production_name
no attribute j
no row found for RunScriptTable ('RunScriptID',) (63246035,)
Reference Isotope=Ar40
Reference Detector=H2
%%%%%%%%%%%%%%%%%%%% Comment:  %%%%%%%%%%%%%%%%%%%
adding isotope Ar40 H2
add baseline dbdet= Ar40. original det= H2
get baseline data Ar40 H2
Get data baseline <pychron.processing.isotope.Baseline object at 0x14f919590> len t=120
baseline Ar40. v=0.0134927806174, e=0.00968169797108
get signal data Ar40 H2
Get data signal Ar40 657.54+/-0.11 len t=100
adding isotope Ar39 H1
add baseline dbdet= Ar39. original det= H1
get baseline data Ar39 H1
Get data baseline <pychron.processing.isotope.Baseline object at 0x14f919b10> len t=120
baseline Ar39. v=-0.0425730747596, e=0.0126838996855
get signal data Ar39 H1
Get data signal Ar39 0.06+/-0.04 len t=100
adding isotope Ar38 AX
add baseline dbdet= Ar38. original det= AX
get baseline data Ar38 AX
Get data baseline Ar38 len t=1
baseline Ar38. v=0.0, e=0.0
get signal data Ar38 AX
Get data signal Ar38 len t=1
no key Ar38 ['Ar40', 'Ar36', 'Ar37', 'Ar38AX', 'Ar38AX(CDD)', 'Ar39']
no blank for Ar38 ['Ar40', 'Ar36', 'Ar37', 'Ar38AX', 'Ar38AX(CDD)', 'Ar39']
adding isotope Ar38 AX(CDD)
add baseline dbdet= Ar38. original det= AX(CDD)
get baseline data Ar38 AX(CDD)
Get data baseline Ar38 len t=1
baseline Ar38. v=0.0, e=0.0
get signal data Ar38 AX(CDD)
Get data signal Ar38 len t=1
no key Ar38 ['Ar40', 'Ar36', 'Ar37', 'Ar38AX', 'Ar38AX(CDD)', 'Ar39']
no blank for Ar38 ['Ar40', 'Ar36', 'Ar37', 'Ar38AX', 'Ar38AX(CDD)', 'Ar39']
adding isotope Ar37 L1
add baseline dbdet= Ar37. original det= L1
get baseline data Ar37 L1
Get data baseline <pychron.processing.isotope.Baseline object at 0x13ea06d10> len t=120
baseline Ar37. v=-0.128618905034, e=0.0104472293016
get signal data Ar37 L1
Get data signal Ar37 0.016+/-0.020 len t=100
adding isotope Ar36 L2(CDD)
add baseline dbdet= Ar36. original det= L2(CDD)
get baseline data Ar36 L2(CDD)
Get data baseline <pychron.processing.isotope.Baseline object at 0x13ea06b50> len t=120
baseline Ar36. v=0.0, e=0.0
get signal data Ar36 L2(CDD)
Get data signal Ar36 2.201+/-0.006 len t=100
a-01-F-2568 added analysis time 0.526262044907s
analysis added to mass spec database
mass spec save time= 0.534
persistence save - dvc
================= post measurement started
create new session 4790803056
close session 4790803056
---------------- Experiment Queue saving disabled
Popen(['git', 'cat-file', '--batch-check'], cwd=/Users/obama/PychronDev/data/.dvc/MetaData, universal_newlines=False, shell=None)
DVC saving peakcenter
Popen(['git', 'fetch', 'origin'], cwd=/Users/obama/PychronDev/data/.dvc/repositories/FractionatedRes, universal_newlines=False, shell=None)
Popen(['git', 'status', '-sb'], cwd=/Users/obama/PychronDev/data/.dvc/repositories/FractionatedRes, universal_newlines=False, shell=None)
not at valid file /Users/obama/PychronDev/data/.dvc/repositories/FractionatedRes/a-01/tags/-F-2568.tags.json
not at valid file /Users/obama/PychronDev/data/.dvc/repositories/FractionatedRes/a-01/peakcenter/-F-2568.peak.json
not at valid file /Users/obama/PychronDev/data/.dvc/repositories/FractionatedRes/a-01/monitor/-F-2568.moni.json
Popen(['git', 'cat-file', '--batch-check'], cwd=/Users/obama/PychronDev/data/.dvc/repositories/FractionatedRes, universal_newlines=False, shell=None)
Popen(['git', 'cat-file', '--batch'], cwd=/Users/obama/PychronDev/data/.dvc/repositories/FractionatedRes, universal_newlines=False, shell=None)
push repository <pychron.git_archive.repo_manager.GitRepoManager object at 0x150543170>
pushing to remote=origin, url=https://github.com
Popen(['git', 'push', 'origin', 'master'], cwd=/Users/obama/PychronDev/data/.dvc/repositories/FractionatedRes, universal_newlines=False, shell=None)
Popen(['git', 'fetch', 'origin'], cwd=/Users/obama/PychronDev/data/.dvc/MetaData, universal_newlines=False, shell=None)
Popen(['git', 'status', '-sb'], cwd=/Users/obama/PychronDev/data/.dvc/MetaData, universal_newlines=False, shell=None)
Popen(['git', 'diff', 'HEAD', '--name-only'], cwd=/Users/obama/PychronDev/data/.dvc/MetaData, universal_newlines=False, shell=None)
meta repo has changes: scripts/felix/felix_peak_hop_argon_2CDD_CDD_center.py
Popen(['git', 'diff', '-R', 'bc980e51136d50e933c89e248c153bc1ec1869ff', '--cached', '--abbrev=40', '--full-index', '-M', '--raw', '--no-color'], cwd=/Users/obama/PychronDev/data/.dvc/MetaData, universal_newlines=False, shell=None)
Popen(['git', 'cat-file', '--batch'], cwd=/Users/obama/PychronDev/data/.dvc/MetaData, universal_newlines=False, shell=None)
Popen(['git', 'push', 'origin', 'master'], cwd=/Users/obama/PychronDev/data/.dvc/MetaData, universal_newlines=False, shell=None)
create new session 4790803056
add association FractionatedRes
get identifier "a-01-F"
setting analysis irradiation position=<pychron.dvc.dvc_orm.IrradiationPositionTbl object at 0x14198ff10>
close session 4790803056
================= post measurement finished
10:50:22 -- ******* Post Run Check *******
loading queue conditionals post_run_actions
loading system conditionals post_run_actions
loading conditionals from /Users/obama/PychronDev/setupfiles/spectrometer/default_conditionals.yaml
loading queue conditionals post_run_terminations
loading system conditionals post_run_terminations
loading conditionals from /Users/obama/PychronDev/setupfiles/spectrometer/default_conditionals.yaml
Checking default post run terminations n=1
GetDeflection L2 (CDD) ===>> 0
testing L2_CDD_==3250
evaluate ot="L2(CDD).deflection==3250" t="L2_CDD_==3250", ctx="{'L2_CDD_': 0.0}"
10:50:22 -- ******* Post Run Check Passed *******
10:50:22 -- Automated run a-01-F-2568 success duration: 591.392 s
----------------- finish -----------------
----------------- stop -----------------
retroactive repository identifiers disabled
finish run. runs completed=1
update duration runid=a-01-F-2568, duration=591.392342806, md5=cdbb3bd9
adding a-01-F-2568 cdbb3bd9 to durations
adding a-01-F-2568 27088cd7 to frequencies
loading script "felix_peak_hop_argon_2CDD_CDD_center.py"
loading script "felix_pump_ms.py"
loading script "felix_air_x5.py"
loading script "felix_pump_extraction_line.py"
testing...
no interpolation path defined
executed snippet estimated_duration=139.8, duration=0.0151710510254
script duration name:peak_hop_argon_2CDD_CDD_center seconds:140.0
loading script "felix_peak_hop_argon_2CDD_CDD_center.py"
loading script "felix_pump_ms.py"
loading script "felix_air_x5.py"
loading script "felix_pump_extraction_line.py"
testing...
no interpolation path defined
executed snippet estimated_duration=0, duration=2.69412994385e-05
loading script "felix_peak_hop_argon_2CDD_CDD_center.py"
loading script "felix_pump_ms.py"
loading script "felix_air_x5.py"
loading script "felix_pump_extraction_line.py"
testing...
no interpolation path defined
calculate duration
testing...
no interpolation path defined
executed snippet estimated_duration=0, duration=5.50746917725e-05
calculate duration
testing...
no interpolation path defined
executed snippet estimated_duration=0, duration=0.000113010406494
calculate duration
testing...
no interpolation path defined
executed snippet estimated_duration=32.0, duration=0.000311851501465
calculate duration
testing...
no interpolation path defined
executed snippet estimated_duration=34.0, duration=0.000123977661133
calculate duration
testing...
no interpolation path defined
executed snippet estimated_duration=2.0, duration=7.39097595215e-05
calculate duration
testing...
no interpolation path defined
executed snippet estimated_duration=34.0, duration=8.29696655273e-05
calculate duration
testing...
no interpolation path defined
executed snippet estimated_duration=34.0, duration=0.000102996826172
calculate duration
testing...
no interpolation path defined
executed snippet estimated_duration=34.0, duration=9.10758972168e-05
calculate duration
testing...
no interpolation path defined
executed snippet estimated_duration=34.0, duration=9.89437103271e-05
calculate duration
testing...
no interpolation path defined
executed snippet estimated_duration=34.0, duration=9.29832458496e-05
calculate duration
testing...
no interpolation path defined
executed snippet estimated_duration=34.0, duration=0.000117063522339
calculate duration
testing...
no interpolation path defined
executed snippet estimated_duration=34.0, duration=9.48905944824e-05
calculate duration
testing...
no interpolation path defined
executed snippet estimated_duration=34.0, duration=0.000112056732178
calculate duration
testing...
no interpolation path defined
executed snippet estimated_duration=34.0, duration=9.01222229004e-05
executed snippet estimated_duration=384.0, duration=0.0557210445404
script duration name:air_x5 seconds:384.0
loading script "felix_peak_hop_argon_2CDD_CDD_center.py"
loading script "felix_pump_ms.py"
loading script "felix_air_x5.py"
loading script "felix_pump_extraction_line.py"
testing...
no interpolation path defined
calculate duration
testing...
no interpolation path defined
executed snippet estimated_duration=4.0, duration=0.000163078308105
executed snippet estimated_duration=4.0, duration=0.00784206390381
Script duration 524.0
Run total estimated duration= 525.000
peak_hop_argon_2CDD_CDD_center in script context. using previous estimated duration
script duration name:peak_hop_argon_2CDD_CDD_center seconds:140.0
pump_ms in script context. using previous estimated duration
air_x5 in script context. using previous estimated duration
script duration name:air_x5 seconds:384.0
pump_extraction_line in script context. using previous estimated duration
Script duration 524.0
Run total estimated duration= 525.000
script duration name:peak_hop_argon_2CDD_CDD_center seconds:140.0
script duration name:air_x5 seconds:384.0
Script duration 524.0
Run total estimated duration= 525.000
script duration name:peak_hop_argon_2CDD_CDD_center seconds:140.0
script duration name:air_x5 seconds:384.0
Script duration 524.0
Run total estimated duration= 525.000
script duration name:peak_hop_argon_2CDD_CDD_center seconds:140.0
script duration name:air_x5 seconds:384.0
Script duration 524.0
Run total estimated duration= 525.000
script duration name:peak_hop_argon_2CDD_CDD_center seconds:140.0
script duration name:air_x5 seconds:384.0
Script duration 524.0
Run total estimated duration= 525.000
script duration name:peak_hop_argon_2CDD_CDD_center seconds:140.0
script duration name:air_x5 seconds:384.0
Script duration 524.0
Run total estimated duration= 525.000
script duration name:peak_hop_argon_2CDD_CDD_center seconds:140.0
script duration name:air_x5 seconds:384.0
Script duration 524.0
Run total estimated duration= 525.000
script duration name:peak_hop_argon_2CDD_CDD_center seconds:140.0
script duration name:air_x5 seconds:384.0
Script duration 524.0
Run total estimated duration= 525.000
script duration name:peak_hop_argon_2CDD_CDD_center seconds:140.0
script duration name:air_x5 seconds:384.0
Script duration 524.0
Run total estimated duration= 525.000
script duration name:peak_hop_argon_2CDD_CDD_center seconds:140.0
script duration name:air_x5 seconds:384.0
Script duration 524.0
Run total estimated duration= 525.000
script duration name:peak_hop_argon_2CDD_CDD_center seconds:140.0
script duration name:air_x5 seconds:384.0
Script duration 524.0
Run total estimated duration= 525.000
script duration name:peak_hop_argon_2CDD_CDD_center seconds:140.0
script duration name:air_x5 seconds:384.0
Script duration 524.0
Run total estimated duration= 525.000
script duration name:peak_hop_argon_2CDD_CDD_center seconds:140.0
script duration name:air_x5 seconds:384.0
Script duration 524.0
Run total estimated duration= 525.000
script duration name:peak_hop_argon_2CDD_CDD_center seconds:140.0
script duration name:air_x5 seconds:384.0
Script duration 524.0
Run total estimated duration= 525.000
script duration name:peak_hop_argon_2CDD_CDD_center seconds:140.0
script duration name:air_x5 seconds:384.0
Script duration 524.0
Run total estimated duration= 525.000
script duration name:peak_hop_argon_2CDD_CDD_center seconds:140.0
script duration name:air_x5 seconds:384.0
Script duration 524.0
Run total estimated duration= 525.000
script duration name:peak_hop_argon_2CDD_CDD_center seconds:140.0
script duration name:air_x5 seconds:384.0
Script duration 524.0
Run total estimated duration= 525.000
script duration name:peak_hop_argon_2CDD_CDD_center seconds:140.0
script duration name:air_x5 seconds:384.0
Script duration 524.0
Run total estimated duration= 525.000
nruns=19 before=5.0, run_dur=9975.0, btw=18.0
write rem/ex queues
/Users/obama/PychronDev/experiments/rem/Argon2CDD_38AX.rem.txt
/Users/obama/PychronDev/experiments/rem/Argon2CDD_38AX.ex.txt
doing event level: 3
add run
