do run
loading script "felix_peak_hop_argon_2CDD_CDD_center.py"
loading script "felix_pump_ms.py"
loading script "felix_pump_extraction_line.py"
testing...
no interpolation path defined
executed snippet estimated_duration=139.8, duration=0.0111999511719
script duration name:peak_hop_argon_2CDD_CDD_center seconds:140.0
loading script "felix_peak_hop_argon_2CDD_CDD_center.py"
loading script "felix_pump_ms.py"
loading script "felix_pump_extraction_line.py"
testing...
no interpolation path defined
executed snippet estimated_duration=0, duration=1.90734863281e-05
loading script "felix_peak_hop_argon_2CDD_CDD_center.py"
loading script "felix_pump_ms.py"
loading script "felix_pump_extraction_line.py"
loading script "felix_peak_hop_argon_2CDD_CDD_center.py"
loading script "felix_pump_ms.py"
loading script "felix_pump_extraction_line.py"
testing...
no interpolation path defined
calculate duration
testing...
no interpolation path defined
executed snippet estimated_duration=4.0, duration=0.000170946121216
executed snippet estimated_duration=4.0, duration=0.00145697593689
Script duration 140.0
Run total estimated duration= 141.000
run duration: 0:02:21
doing event level: 2
14:46:00 -- Setting default integration. t=1.048576
setting integration time = 1.048576
SetIntegrationTime 1.048576 ===>> OK
----------------- start -----------------
**************** Experiment Type: Ar/Ar, Ar/Ar
close session 5050996880
$$$$$ Clearing conditionals
adding conditionals 
Add queue conditionals
add default conditionals
adding default conditionals from /Users/obama/PychronDev/setupfiles/spectrometer/default_conditionals.yaml
Start automated run a-01-F-2594
loading script "felix_peak_hop_argon_2CDD_CDD_center.py"
loading script "felix_pump_ms.py"
loading script "felix_pump_extraction_line.py"
%%%%%%%%%%%%%%%%%% setting automated run a-01-F-2594
$$$$$$$$$$$$$$$ auto_save_detector_ic=False
============================= Pre Extraction Check =============================
loading queue conditionals pre_run_terminations
loading system conditionals pre_run_terminations
loading conditionals from /Users/obama/PychronDev/setupfiles/spectrometer/default_conditionals.yaml
14:46:00 -- ******* Pre Extraction Check *******
Get a measurement from the spectrometer
Pre Extraction Termination data. keys=AX(CDD),L2(CDD),H2,H1,AX,L1, signals=0.00000,1.28733,564.05307,0.02289,0.24546,-0.12048
14:46:00 -- testing system defined conditionals
Checking default pre extraction terminations n=2
testing L2_CDD_
evaluate ot="L2(CDD).inactive" t="L2_CDD_", ctx="{'L2_CDD_': False}"
GetDeflection L2 (CDD) ===>> 0
testing L2_CDD_==3250
evaluate ot="L2(CDD).deflection==3250" t="L2_CDD_==3250", ctx="{'L2_CDD_': 0.0}"
14:46:00 -- ******* Pre Extraction Check Passed *******
=================================================================================
14:46:00 -- stopping status monitor. block=True
stop 5042687920
Status monitor stopped
14:46:04 -- starting status monitor
start 5042687920
StatusMonitor period=3. Frequencies(state=1, checksum=3, lock=5, owner=5)
start extraction
no extraction script
14:46:09 -- Sending spectrometer configuration
======== Sending configuration ========
SetDeflection H1(CDD),0.0 ===>> Error: could not set Deflection H1(CDD) Set to 0
SetDeflection L2(CDD),0.0 ===>> Error: could not set Deflection L2(CDD) Set to 0
SetDeflection L1(CDD),0.0 ===>> Error: could not set Deflection L1(CDD) Set to 0
SetDeflection H2(CDD),600.0 ===>> Error: could not set Deflection H2(CDD) Set to 600
SetExtractionFocus 1.65 ===>> OK
SetHV 9900.0 ===>> OK
SetExtractionLens 63.57 ===>> OK
SetExtractionSymmetry 3.35 ===>> OK
SetIonRepeller -5.15 ===>> OK
SetElectronEnergy 125.02 ===>> OK
SetYSymmetry 38.07 ===>> OK
send trap current 250.0
GetParameter Trap Current Readback ===>> 248.830617103095
SetParameter Trap Current Set,250.0 ===>> OK
updating mftable name argon_2CDD
Using mftable located at /Users/obama/PychronDev/setupfiles/spectrometer/mftables/argon_2CDD.csv
============ MFtable ===========
Isotope  H2     AX(CDD)L2(CDD)
Ar40     3.7681 --- ---
Ar38     --- 3.7950 ---
Ar36     --- --- 3.7677
PHHCbs   --- 3.8101 ---
================================
get initial guess discrete
get initial guess discrete
get initial guess discrete
======== Configuration Finished ========
GetYSymmetry ===>> 38.07
GetZSymmetry ===>> 3.34554334554335
GetParameter Trap Current Readback ===>> 247.935542940853
GetHighVoltage ===>> 9900
start measurement
do measurement
L#=a-01-F analysis type=air
Measurement Started felix_peak_hop_argon_2CDD_CDD_center.py
14:46:09 -- ******* Measurement Started felix_peak_hop_argon_2CDD_CDD_center.py *******
state changed from not run to measurement
setting trap, emission, spec, defl, and gains
GetExtractionLens ===>> 63.57
GetYSymmetry ===>> 38.07
GetZSymmetry ===>> 3.34554334554335
GetZFocus ===>> 1.66056166056166
GetDeflection H2 (CDD) ===>> 0
GetDeflection H1 (CDD) ===>> 0
GetDeflection AX (CDD) ===>> 0
GetDeflection L1 (CDD) ===>> 0
GetDeflection L2 (CDD) ===>> 0
GetGain H2 ===>> 0.9809305
GetGain H1 ===>> 0.9706
GetGain AX ===>> 0.01
GetGain L1 ===>> 0.970094835296087
GetGain L2 ===>> 0.967359864778375
GetGain H2(CDD) ===>> 0
GetGain H1(CDD) ===>> 0
GetGain AX(CDD) ===>> 0
GetGain L1(CDD) ===>> 0
GetGain L2(CDD) ===>> 0
GetParameter Trap Current Readback ===>> 248.383080021974
GetParameter Source Current Readback ===>> 862.137032289568
pre measurement save
New frame /Users/obama/PychronDev/data/isotopes/6b/9bd383-8d1b-472e-9eae-98144c0909a7.h5
flush and close file /Users/obama/PychronDev/data/isotopes/6b/9bd383-8d1b-472e-9eae-98144c0909a7.h5
testing...
no interpolation path defined
molweights={'PHHCl': 38.13021421, 'Ar40': 39.9624, 'PM41': 41.0, 'Ar35': 35.0, 'Ar36': 35.9675, 'Ar37': 36.9668, 'PHHCbs': 38.9016474, 'Ar38': 37.9627, 'Ar39': 38.964, 'PM42': 42.0}
setting detector H2 to PM42 (42.0624)
setting detector H1 to PM41 (41.0624)
setting detector AX to Ar40 (40.0624)
setting detector L1 to Ar39 (39.0624)
setting detector L2 to Ar38 (37.9624)
setting detector H2(CDD) to PM42 (41.9624)
setting detector H1(CDD) to PM41 (40.9624)
setting detector AX(CDD) to Ar40 (39.9624)
setting detector L1(CDD) to Ar39 (38.9624)
setting detector L2(CDD) to Ar38 (38.0624)
executed snippet estimated_duration=155.4, duration=0.0178890228271
unknown measurement script
activate_detectors ('H2', 'H1', 'AX', 'AX(CDD)', 'L1', 'L2(CDD)') {}
activate detectors
*************** Set Analysis View Ar/Ar
create graphs
clearing graphs
creating plots for detectors [Detector(H2), Detector(H1), Detector(AX), Detector(AX(CDD)), Detector(L1), Detector(L2(CDD))]
clear isotope group
setting isotope det=H2, iso=PM42
setting isotope det=H1, iso=PM41
setting isotope det=AX, iso=Ar40
setting isotope det=AX(CDD), iso=Ar40
setting isotope det=L1, iso=Ar39
setting isotope det=L2(CDD), iso=Ar38
setting previous blanks
 - setting Ar40 blank 0.182+/-0.034
 - setting Ar36 blank 0.00292+/-0.00024
 - setting Ar37 blank -0.006+/-0.021
 - setting Ar38AX blank -0.018+/-0.032
 - setting Ar38AX(CDD) blank 0.0013+/-0.0005
 - setting Ar39 blank -0.00+/-0.05
load analysis view
set_spectrometer_configuration ('argon_2CDD',) {}
======== Sending configuration ========
SetDeflection H1(CDD),0.0 ===>> Error: could not set Deflection H1(CDD) Set to 0
SetDeflection L2(CDD),0.0 ===>> Error: could not set Deflection L2(CDD) Set to 0
SetDeflection L1(CDD),0.0 ===>> Error: could not set Deflection L1(CDD) Set to 0
SetDeflection H2(CDD),600.0 ===>> Error: could not set Deflection H2(CDD) Set to 600
SetExtractionFocus 1.65 ===>> OK
SetHV 9900.0 ===>> OK
SetExtractionLens 63.57 ===>> OK
SetExtractionSymmetry 3.35 ===>> OK
SetIonRepeller -5.15 ===>> OK
SetElectronEnergy 125.02 ===>> OK
SetYSymmetry 38.07 ===>> OK
send trap current 250.0
GetParameter Trap Current Readback ===>> 248.271195751694
SetParameter Trap Current Set,250.0 ===>> OK
updating mftable name argon_2CDD
Using mftable located at /Users/obama/PychronDev/setupfiles/spectrometer/mftables/argon_2CDD.csv
============ MFtable ===========
Isotope  H2     AX(CDD)L2(CDD)
Ar40     3.7681 --- ---
Ar38     --- 3.7950 ---
Ar36     --- --- 3.7677
PHHCbs   --- 3.8101 ---
================================
get initial guess discrete
get initial guess discrete
get initial guess discrete
======== Configuration Finished ========
GetYSymmetry ===>> 38.07
GetZSymmetry ===>> 3.34554334554335
GetParameter Trap Current Readback ===>> 247.935542940853
GetHighVoltage ===>> 9900
position_magnet ('Ar40',) {'detector': 'H2'}
detector Detector(H2)
POSITION Ar40 H2
molweights={'PHHCl': 38.13021421, 'Ar40': 39.9624, 'PM41': 41.0, 'Ar35': 35.0, 'Ar36': 35.9675, 'Ar37': 36.9668, 'PHHCbs': 38.9016474, 'Ar38': 37.9627, 'Ar39': 38.964, 'PM42': 42.0}
setting detector H2 to Ar40 (39.9624)
setting detector H1 to Ar39 (38.9624)
setting detector AX to Ar38 (37.9624)
setting detector L1 to Ar37 (36.9624)
setting detector L2 to Ar36 (35.8624)
setting detector H2(CDD) to Ar40 (39.8624)
setting detector H1(CDD) to Ar39 (38.8624)
setting detector AX(CDD) to Ar38 (37.8624)
setting detector L1(CDD) to Ar37 (36.8624)
setting detector L2(CDD) to Ar36 (35.9624)
Mapping mass to dac mass func: "discrete"
using discrete mass mapping
H2 map mass to dac 39.9624 >> 3.76814
GetHighVoltage ===>> 9900
positioning Ar40 (3.76814) on H2
setting magnet DAC
current  : 3.768140
requested: 3.768140
Delta Dac: 0.000000
Checking detector protection. dv=0.00000
AF Demag not enabled. self.use_af_demag=True, use_af_demag=False
SetMagnetDAC 3.76814 ===>> OK
set_dac. change=False
equilibrate () {'delay': 3, 'inlet': 'H', 'outlet': 'V', 'eqtime': 15.0}
Equilibration Started
14:46:10 -- ******* Equilibration Started *******
checking ownership. requestor=192.168.2.137
check software interlocks V
interlocks []
actuate state mode=None-script, software_lock=True
VALVE-V(Felix Ion Pump) software locked
change switch state (True, False)
waiting 3s before opening inlet value ('H',)
update labels <pychron.experiment.plot_panel.PlotPanel object at 0x13dd76830>
update labels "<pychron.graph.stacked_regression_graph.StackedRegressionGraph object at 0x14050be90>"
setting label 0 H2 Ar40
setting label 1 H1 Ar39
setting label 2 AX Ar38
setting label 3 AX(CDD) Ar38AX(CDD)
setting label 4 L1 Ar37
setting label 5 L2(CDD) Ar36
update labels "<pychron.graph.stacked_graph.StackedGraph object at 0x12d2a9530>"
setting label 0 H2 Ar40
setting label 1 H1 Ar39
setting label 2 AX Ar38
setting label 3 AX(CDD) Ar38AX(CDD)
setting label 4 L1 Ar37
setting label 5 L2(CDD) Ar36
checking ownership. requestor=192.168.2.137
check software interlocks H
interlocks []
actuate state mode=None-script, software_lock=True
VALVE-H(Felix Inlet) software locked
change switch state (True, False)
equilibrating for 15.0sec
set_time_zero (0,) {}
sniff (15.0,) {}
py_sniff
build tables- sniff [Detector(H2), Detector(H1), Detector(AX), Detector(AX(CDD)), Detector(L1), Detector(L2(CDD))]
add group /sniff/Ar40 (Group) u'' table H2
add group /sniff/Ar39 (Group) u'' table H1
add group /sniff/Ar38 (Group) u'' table AX
add group /sniff/Ar38 (Group) u'' table AX(CDD)
add group /sniff/Ar37 (Group) u'' table L1
add group /sniff/Ar36 (Group) u'' table L2(CDD)
flush and close file /Users/obama/PychronDev/data/isotopes/6b/9bd383-8d1b-472e-9eae-98144c0909a7.h5
measuring sniff. ncounts=15.0
"sniff" increment series count="1" fit count="0" regressing="False"
starting measurement
measurement period (ms) = 1048.576
Equilibration Finished
14:46:28 -- ******* Equilibration Finished *******
checking ownership. requestor=192.168.2.137
check software interlocks H
interlocks []
actuate state mode=None-script, software_lock=True
VALVE-H(Felix Inlet) software locked
change switch state (True, False)
Post Equilibration Started felix_pump_extraction_line.py
14:46:28 -- ******* Post Equilibration Started felix_pump_extraction_line.py *******
testing...
no interpolation path defined
calculate duration
testing...
no interpolation path defined
executed snippet estimated_duration=4.0, duration=0.000131130218506
executed snippet estimated_duration=4.0, duration=0.0010130405426
Pump after analysis
doing GOSUB
testing...
no interpolation path defined
executed snippet estimated_duration=4.0, duration=0.00012993812561
Pump Bone
close () {'description': 'Felix Inlet'}
close name=--- desc=Felix Inlet
checking ownership. requestor=192.168.2.137
check software interlocks H
interlocks []
actuate state mode=None-script, software_lock=True
VALVE-H(Felix Inlet) software locked
change switch state (True, False)
-------------------------- close None (Felix Inlet) result=[(True, False)]
action=close, ok=True, locked=[True]
is_closed ('A',) {}
is A () closed?
is closed False
close () {'description': 'CO2 Laser to Bone'}
close name=--- desc=CO2 Laser to Bone
checking ownership. requestor=192.168.2.137
check software interlocks F
interlocks []
actuate state mode=None-script, software_lock=True
VALVE-F(CO2 Laser to Bone) software locked
change switch state (True, False)
-------------------------- close None (CO2 Laser to Bone) result=[(True, False)]
action=close, ok=True, locked=[True]
sleep (1,) {}
SLEEP 1.0
close () {'description': 'CO2 Laser to Roughing'}
close name=--- desc=CO2 Laser to Roughing
checking ownership. requestor=192.168.2.137
check software interlocks G
interlocks []
actuate state mode=None-script, software_lock=True
VALVE-G(CO2 Laser to Roughing) software locked
change switch state (True, False)
-------------------------- close None (CO2 Laser to Roughing) result=[(True, False)]
action=close, ok=True, locked=[True]
open () {'description': 'Bone to Turbo'}
open name=--- desc=Bone to Turbo
checking ownership. requestor=192.168.2.137
check software interlocks C
interlocks []
actuate state mode=None-script, software_lock=False
doing actuation None-script open_channel False
waiting for write to finish
Open C ===>> OK
measurement finished
estimated time: 15.729 actual time: :15.812
flush and close file /Users/obama/PychronDev/data/isotopes/6b/9bd383-8d1b-472e-9eae-98144c0909a7.h5
set_spectrometer_configuration ('argon_2CDD',) {}
======== Sending configuration ========
caching configuration from /Users/obama/PychronDev/setupfiles/spectrometer/configurations/argon_2CDD.cfg
SetDeflection H1(CDD),0.0 ===>> Error: could not set Deflection H1(CDD) Set to 0
SetDeflection L2(CDD),0.0 ===>> Error: could not set Deflection L2(CDD) Set to 0
SetDeflection L1(CDD),0.0 ===>> Error: could not set Deflection L1(CDD) Set to 0
SetDeflection H2(CDD),600.0 ===>> Error: could not set Deflection H2(CDD) Set to 600
SetExtractionFocus 1.65 ===>> OK
SetHV 9900.0 ===>> OK
GetIndicatorState C ===>> OK
change switch state (True, True)
SetExtractionLens 63.57 ===>> OK
SetExtractionSymmetry 3.35 ===>> OK
14:46:29 -- OPEN   VALVE-C (Bone to Turbo)
SetIonRepeller -5.15 ===>> OK
-------------------------- open None (Bone to Turbo) result=[(True, True)]
SetElectronEnergy 125.02 ===>> OK
SetYSymmetry 38.07 ===>> OK
send trap current 250.0
GetParameter Trap Current Readback ===>> 248.830617103095
SetParameter Trap Current Set,250.0 ===>> OK
updating mftable name argon_2CDD
Using mftable located at /Users/obama/PychronDev/setupfiles/spectrometer/mftables/argon_2CDD.csv
============ MFtable ===========
Isotope  H2     AX(CDD)L2(CDD)
Ar40     3.7681 --- ---
Ar38     --- 3.7950 ---
Ar36     --- --- 3.7677
PHHCbs   --- 3.8101 ---
================================
get initial guess discrete
get initial guess discrete
get initial guess discrete
======== Configuration Finished ========
GetYSymmetry ===>> 38.07
GetZSymmetry ===>> 3.34554334554335
GetParameter Trap Current Readback ===>> 248.159311481414
GetHighVoltage ===>> 9900
load_hops ('hops/argon_2CDDF.yaml',) {}
define_hops ([{'counts': 10, 'settle': 5, 'positioning': {'detector': 'L2(CDD)', 'isotope': 'Ar36'}, 'cup_configuration': [{'protect': False, 'active': True, 'detector': 'H2', 'is_baseline': False, 'isotope': 'Ar40', 'deflection': 0}, {'protect': False, 'active': True, 'detector': 'H1', 'is_baseline': False, 'isotope': 'Ar39', 'deflection': 0}, {'protect': False, 'active': True, 'detector': 'AX', 'is_baseline': False, 'isotope': 'Ar38', 'deflection': 0}, {'protect': False, 'active': True, 'detector': 'L1', 'is_baseline': False, 'isotope': 'Ar37', 'deflection': 0}, {'protect': False, 'active': True, 'detector': 'L2(CDD)', 'is_baseline': False, 'isotope': 'Ar36', 'deflection': 0}]}, {'counts': 20, 'settle': 5, 'positioning': {'detector': 'AX(CDD)', 'isotope': 'Ar38', 'use_af_demag': False}, 'cup_configuration': [{'protect': False, 'active': True, 'detector': 'AX(CDD)', 'is_baseline': False, 'isotope': 'Ar38', 'deflection': 0}]}],) {}
set_fits () {}
using default fits file=/Users/obama/PychronDev/scripts/measurement/fits/nominal.yaml
set "Ar40" to "('Parabolic', 'SEM')"
No fit for "Ar38AX". defaulting to linear. check the measurement script "felix_peak_hop_argon_2CDD_CDD_center.py"
set "Ar38AX" to "linear"
set "Ar36" to "('Parabolic', 'SEM')"
set "Ar37" to "('linear', 'SEM')"
No fit for "Ar38AX(CDD)". defaulting to linear. check the measurement script "felix_peak_hop_argon_2CDD_CDD_center.py"
set "Ar38AX(CDD)" to "linear"
set "Ar39" to "('Parabolic', 'SEM')"
set_baseline_fits () {}
action=open, ok=True, locked=[False]
using default fits file=/Users/obama/PychronDev/scripts/measurement/fits/nominal.yaml
open () {'description': 'Bone to Getter GP-50'}
open name=--- desc=Bone to Getter GP-50
checking ownership. requestor=192.168.2.137
check software interlocks N
interlocks []
actuate state mode=None-script, software_lock=False
doing actuation None-script open_channel False
set "H2" to "('average', 'SEM')"
set "AX" to "('average', 'SEM')"
set "L2(CDD)" to "('average', 'SEM')"
set "L1" to "('average', 'SEM')"
set "AX(CDD)" to "('average', 'SEM')"
set "H1" to "('average', 'SEM')"
peak_hop () {'ncycles': 10, 'hops': [{'counts': 10, 'settle': 5, 'positioning': {'detector': 'L2(CDD)', 'isotope': 'Ar36'}, 'cup_configuration': [{'protect': False, 'active': True, 'detector': 'H2', 'is_baseline': False, 'isotope': 'Ar40', 'deflection': 0}, {'protect': False, 'active': True, 'detector': 'H1', 'is_baseline': False, 'isotope': 'Ar39', 'deflection': 0}, {'protect': False, 'active': True, 'detector': 'AX', 'is_baseline': False, 'isotope': 'Ar38', 'deflection': 0}, {'protect': False, 'active': True, 'detector': 'L1', 'is_baseline': False, 'isotope': 'Ar37', 'deflection': 0}, {'protect': False, 'active': True, 'detector': 'L2(CDD)', 'is_baseline': False, 'isotope': 'Ar36', 'deflection': 0}]}, {'counts': 20, 'settle': 5, 'positioning': {'detector': 'AX(CDD)', 'isotope': 'Ar38', 'use_af_demag': False}, 'cup_configuration': [{'protect': False, 'active': True, 'detector': 'AX(CDD)', 'is_baseline': False, 'isotope': 'Ar38', 'deflection': 0}]}]}
adding conditionals 
make new hop generatior
add group /signal/Ar40 (Group) u'' table H2
add group /signal/Ar39 (Group) u'' table H1
add group /signal/Ar38 (Group) u'' table AX
add group /signal/Ar37 (Group) u'' table L1
add group /signal/Ar36 (Group) u'' table L2(CDD)
add group /signal/Ar38 (Group) u'' table AX(CDD)
flush and close file /Users/obama/PychronDev/data/isotopes/6b/9bd383-8d1b-472e-9eae-98144c0909a7.h5
measuring signal. ncounts=430.0
Open N ===>> OK
GetIndicatorState N ===>> OK
change switch state (True, True)
14:46:29 -- OPEN   VALVE-N (Bone to Getter GP-50)
-------------------------- open None (Bone to Getter GP-50) result=[(True, True)]
"signal" increment series count="2" fit count="1" regressing="True"
action=open, ok=True, locked=[False]
open () {'description': 'Bone to Diode Laser'}
open name=--- desc=Bone to Diode Laser
checking ownership. requestor=192.168.2.137
check software interlocks B
interlocks []
actuate state mode=None-script, software_lock=False
doing actuation None-script open_channel False
Open B ===>> OK
GetIndicatorState B ===>> OK
change switch state (True, True)
14:46:30 -- OPEN   VALVE-B (Bone to Diode Laser)
-------------------------- open None (Bone to Diode Laser) result=[(True, True)]
starting measurement
measurement period (ms) = 1048.576
$$$$$$$$$$$$$$$$$ SETTING is_baseline False
Peak hop Detectors=['H2', 'H1', 'AX', 'L1', 'L2(CDD)']
Peak hop Deflections=[0, 0, 0, 0, 0]
Peak hop DeflectionsPairs=[('H2', 0), ('H1', 0), ('AX', 0), ('L1', 0), ('L2(CDD)', 0)]
SetDeflection L2 (CDD),0.0 ===>> OK
----------------------- HOP Ar36 L2(CDD)
detector Detector(L2(CDD))
POSITION Ar36 L2(CDD)
Mapping mass to dac mass func: "discrete"
using discrete mass mapping
L2(CDD) map mass to dac 35.9675 >> 3.7677
GetDeflection L2 (CDD) ===>> 0
GetHighVoltage ===>> 9900
positioning Ar36 (3.7677) on L2(CDD)
setting magnet DAC
current  : 3.768140
requested: 3.767700
Delta Dac: 0.000440
Checking detector protection. dv=0.00044
AF Demag not enabled. self.use_af_demag=True, use_af_demag=False
SetMagnetDAC 3.7677 ===>> OK
Magnet settling time: 0.500 0.500
action=open, ok=True, locked=[False]
open () {'description': 'Bone to CO2 Laser'}
open name=--- desc=Bone to CO2 Laser
checking ownership. requestor=192.168.2.137
check software interlocks D
interlocks []
actuate state mode=None-script, software_lock=False
doing actuation None-script open_channel False
Open D ===>> OK
GetIndicatorState D ===>> OK
change switch state (True, True)
14:46:30 -- OPEN   VALVE-D (Bone to CO2 Laser)
-------------------------- open None (Bone to CO2 Laser) result=[(True, True)]
Magnet settling complete
set_dac. change=True
update detector isotope pairing
detectors=['H2', 'H1', 'AX', 'L1', 'L2(CDD)']
isotopes=['Ar40', 'Ar39', 'Ar38', 'Ar37', 'Ar36']
updating pairing H2 - Ar40
updating pairing H1 - Ar39
updating pairing AX - Ar38
updating pairing L1 - Ar37
updating pairing L2(CDD) - Ar36
action=open, ok=True, locked=[False]
sleep (1,) {}
SLEEP 1.0
set_resource () {'name': 'CO2PumpTimeFlag', 'value': 30}
Set CO2PumpTimeFlag 30 ===>> OK
release ('FelixCO2Flag',) {}
release FelixCO2Flag
Set FelixCO2Flag 0 ===>> OK
executed snippet estimated_duration=6.0, duration=3.72013401985
PumpBone.py completed successfully
gosub finished
get_resource_value () {'name': 'FelixMiniboneFlag'}
Read FelixMiniboneFlag ===>> 0
Get Resource Value FelixMiniboneFlag=0.0
executed snippet estimated_duration=4.0, duration=3.72685194016
felix_pump_extraction_line.py completed successfully
Post Equilibration Finished
14:46:32 -- ******* Post Equilibration Finished *******
Join finished
delaying 5 for detectors to settle after peak hop
no intensity change cnt= 0
signals=[  0.00000000e+00   1.88190567e+00   5.62256220e+02   5.21396038e-02
   3.08082392e-01  -1.62325883e-01]
prev_signals=[  0.00000000e+00   1.88190567e+00   5.62256220e+02   5.21396038e-02
   3.08082392e-01  -1.62325883e-01]
resetting no_intensity_change_cnt
signals=[  0.00000000e+00   1.81068743e+00   5.61692357e+02  -2.07957201e-03
   2.84669109e-01  -1.65668952e-01]
prev_signals=[  0.00000000e+00   1.88190567e+00   5.62256220e+02   5.21396038e-02
   3.08082392e-01  -1.62325883e-01]
$$$$$$$$$$$$$$$$$ SETTING is_baseline False
Peak hop Detectors=['AX(CDD)']
Peak hop Deflections=[0]
Peak hop DeflectionsPairs=[('AX(CDD)', 0)]
SetDeflection AX (CDD),0.0 ===>> OK
----------------------- HOP Ar38 AX(CDD)
detector Detector(AX(CDD))
POSITION Ar38 AX(CDD)
Mapping mass to dac mass func: "discrete"
using discrete mass mapping
AX(CDD) map mass to dac 37.9627 >> 3.795
GetDeflection AX (CDD) ===>> 0
GetHighVoltage ===>> 9900
positioning Ar38 (3.795) on AX(CDD)
setting magnet DAC
current  : 3.767700
requested: 3.795000
Delta Dac: 0.027300
Checking detector protection. dv=0.02730
AF Demag not enabled. self.use_af_demag=True, use_af_demag=False
SetMagnetDAC 3.795 ===>> OK
Magnet settling time: 0.500 0.500
Magnet settling complete
set_dac. change=True
update detector isotope pairing
detectors=['AX(CDD)']
isotopes=['Ar38']
updating pairing AX(CDD) - Ar38
Join finished
delaying 5 for detectors to settle after peak hop
no intensity change cnt= 0
signals=[ 0.34505672  0.         -0.23369638  0.25008265 -0.01119963 -0.13096963]
prev_signals=[ 0.34505672  0.         -0.23369638  0.25008265 -0.01119963 -0.13096963]
resetting no_intensity_change_cnt
signals=[ 0.35269849  0.          0.11953119 -0.17269414 -0.03633888 -0.04438883]
prev_signals=[ 0.34505672  0.         -0.23369638  0.25008265 -0.01119963 -0.13096963]
GetDeflection L2 (CDD) ===>> 0
testing L2_CDD_==3250
evaluate ot="L2(CDD).deflection==3250" t="L2_CDD_==3250", ctx="{'L2_CDD_': 0.0}"
GetDeflection L2 (CDD) ===>> 0
testing L2_CDD_==3250
evaluate ot="L2(CDD).deflection==3250" t="L2_CDD_==3250", ctx="{'L2_CDD_': 0.0}"
$$$$$$$$$$$$$$$$$ SETTING is_baseline False
Peak hop Detectors=['H2', 'H1', 'AX', 'L1', 'L2(CDD)']
Peak hop Deflections=[0, 0, 0, 0, 0]
Peak hop DeflectionsPairs=[('H2', 0), ('H1', 0), ('AX', 0), ('L1', 0), ('L2(CDD)', 0)]
SetDeflection L2 (CDD),0.0 ===>> OK
----------------------- HOP Ar36 L2(CDD)
detector Detector(L2(CDD))
POSITION Ar36 L2(CDD)
Mapping mass to dac mass func: "discrete"
using discrete mass mapping
L2(CDD) map mass to dac 35.9675 >> 3.7677
GetDeflection L2 (CDD) ===>> 0
GetHighVoltage ===>> 9900
positioning Ar36 (3.7677) on L2(CDD)
setting magnet DAC
current  : 3.795000
requested: 3.767700
Delta Dac: 0.027300
Checking detector protection. dv=0.02730
AF Demag not enabled. self.use_af_demag=True, use_af_demag=False
SetMagnetDAC 3.7677 ===>> OK
Magnet settling time: 0.500 0.500
Magnet settling complete
set_dac. change=True
update detector isotope pairing
detectors=['H2', 'H1', 'AX', 'L1', 'L2(CDD)']
isotopes=['Ar40', 'Ar39', 'Ar38', 'Ar37', 'Ar36']
updating pairing H2 - Ar40
updating pairing H1 - Ar39
updating pairing AX - Ar38
updating pairing L1 - Ar37
updating pairing L2(CDD) - Ar36
Join finished
delaying 5 for detectors to settle after peak hop
no intensity change cnt= 0
signals=[  0.00000000e+00   1.84100316e+00   5.58837329e+02   3.03969001e-01
   2.19317850e-01  -2.85665973e-01]
prev_signals=[  0.00000000e+00   1.84100316e+00   5.58837329e+02   3.03969001e-01
   2.19317850e-01  -2.85665973e-01]
resetting no_intensity_change_cnt
signals=[  0.00000000e+00   1.84116356e+00   5.59167425e+02   2.79453810e-01
   2.65616632e-01  -9.45457513e-03]
prev_signals=[  0.00000000e+00   1.84100316e+00   5.58837329e+02   3.03969001e-01
   2.19317850e-01  -2.85665973e-01]
GetDeflection L2 (CDD) ===>> 0
testing L2_CDD_==3250
evaluate ot="L2(CDD).deflection==3250" t="L2_CDD_==3250", ctx="{'L2_CDD_': 0.0}"
$$$$$$$$$$$$$$$$$ SETTING is_baseline False
Peak hop Detectors=['AX(CDD)']
Peak hop Deflections=[0]
Peak hop DeflectionsPairs=[('AX(CDD)', 0)]
SetDeflection AX (CDD),0.0 ===>> OK
----------------------- HOP Ar38 AX(CDD)
detector Detector(AX(CDD))
POSITION Ar38 AX(CDD)
Mapping mass to dac mass func: "discrete"
using discrete mass mapping
AX(CDD) map mass to dac 37.9627 >> 3.795
GetDeflection AX (CDD) ===>> 0
GetHighVoltage ===>> 9900
positioning Ar38 (3.795) on AX(CDD)
setting magnet DAC
current  : 3.767700
requested: 3.795000
Delta Dac: 0.027300
Checking detector protection. dv=0.02730
AF Demag not enabled. self.use_af_demag=True, use_af_demag=False
SetMagnetDAC 3.795 ===>> OK
Magnet settling time: 0.500 0.500
Magnet settling complete
set_dac. change=True
update detector isotope pairing
detectors=['AX(CDD)']
isotopes=['Ar38']
updating pairing AX(CDD) - Ar38
Join finished
delaying 5 for detectors to settle after peak hop
no intensity change cnt= 0
signals=[ 0.3423057   0.         -0.06636329 -0.01121214 -0.06336551 -0.19967538]
prev_signals=[ 0.3423057   0.         -0.06636329 -0.01121214 -0.06336551 -0.19967538]
resetting no_intensity_change_cnt
signals=[ 0.35300416  0.         -0.02347666 -0.09733151 -0.07203519  0.06306975]
prev_signals=[ 0.3423057   0.         -0.06636329 -0.01121214 -0.06336551 -0.19967538]
GetDeflection L2 (CDD) ===>> 0
testing L2_CDD_==3250
evaluate ot="L2(CDD).deflection==3250" t="L2_CDD_==3250", ctx="{'L2_CDD_': 0.0}"
14:47:40 -- collecting point 50
GetDeflection L2 (CDD) ===>> 0
testing L2_CDD_==3250
evaluate ot="L2(CDD).deflection==3250" t="L2_CDD_==3250", ctx="{'L2_CDD_': 0.0}"
$$$$$$$$$$$$$$$$$ SETTING is_baseline False
Peak hop Detectors=['H2', 'H1', 'AX', 'L1', 'L2(CDD)']
Peak hop Deflections=[0, 0, 0, 0, 0]
Peak hop DeflectionsPairs=[('H2', 0), ('H1', 0), ('AX', 0), ('L1', 0), ('L2(CDD)', 0)]
SetDeflection L2 (CDD),0.0 ===>> OK
----------------------- HOP Ar36 L2(CDD)
detector Detector(L2(CDD))
POSITION Ar36 L2(CDD)
Mapping mass to dac mass func: "discrete"
using discrete mass mapping
L2(CDD) map mass to dac 35.9675 >> 3.7677
GetDeflection L2 (CDD) ===>> 0
GetHighVoltage ===>> 9900
positioning Ar36 (3.7677) on L2(CDD)
setting magnet DAC
current  : 3.795000
requested: 3.767700
Delta Dac: 0.027300
Checking detector protection. dv=0.02730
AF Demag not enabled. self.use_af_demag=True, use_af_demag=False
SetMagnetDAC 3.7677 ===>> OK
Magnet settling time: 0.500 0.500
Magnet settling complete
set_dac. change=True
update detector isotope pairing
detectors=['H2', 'H1', 'AX', 'L1', 'L2(CDD)']
isotopes=['Ar40', 'Ar39', 'Ar38', 'Ar37', 'Ar36']
updating pairing H2 - Ar40
updating pairing H1 - Ar39
updating pairing AX - Ar38
updating pairing L1 - Ar37
updating pairing L2(CDD) - Ar36
Join finished
delaying 5 for detectors to settle after peak hop
no intensity change cnt= 0
signals=[  0.00000000e+00   1.83891794e+00   5.56289344e+02   6.39318086e-02
   2.56945642e-01  -1.40664308e-02]
prev_signals=[  0.00000000e+00   1.83891794e+00   5.56289344e+02   6.39318086e-02
   2.56945642e-01  -1.40664308e-02]
resetting no_intensity_change_cnt
signals=[  0.00000000e+00   1.81357463e+00   5.56238883e+02   3.37620578e-01
   2.24485288e-01  -1.18403794e-01]
prev_signals=[  0.00000000e+00   1.83891794e+00   5.56289344e+02   6.39318086e-02
   2.56945642e-01  -1.40664308e-02]
GetDeflection L2 (CDD) ===>> 0
testing L2_CDD_==3250
evaluate ot="L2(CDD).deflection==3250" t="L2_CDD_==3250", ctx="{'L2_CDD_': 0.0}"
$$$$$$$$$$$$$$$$$ SETTING is_baseline False
Peak hop Detectors=['AX(CDD)']
Peak hop Deflections=[0]
Peak hop DeflectionsPairs=[('AX(CDD)', 0)]
SetDeflection AX (CDD),0.0 ===>> OK
----------------------- HOP Ar38 AX(CDD)
detector Detector(AX(CDD))
POSITION Ar38 AX(CDD)
Mapping mass to dac mass func: "discrete"
using discrete mass mapping
AX(CDD) map mass to dac 37.9627 >> 3.795
GetDeflection AX (CDD) ===>> 0
GetHighVoltage ===>> 9900
positioning Ar38 (3.795) on AX(CDD)
setting magnet DAC
current  : 3.767700
requested: 3.795000
Delta Dac: 0.027300
Checking detector protection. dv=0.02730
AF Demag not enabled. self.use_af_demag=True, use_af_demag=False
SetMagnetDAC 3.795 ===>> OK
Magnet settling time: 0.500 0.500
Magnet settling complete
set_dac. change=True
update detector isotope pairing
detectors=['AX(CDD)']
isotopes=['Ar38']
updating pairing AX(CDD) - Ar38
Join finished
delaying 5 for detectors to settle after peak hop
no intensity change cnt= 0
signals=[ 0.36171584  0.         -0.25490228  0.10497442 -0.01617886 -0.41665824]
prev_signals=[ 0.36171584  0.         -0.25490228  0.10497442 -0.01617886 -0.41665824]
resetting no_intensity_change_cnt
signals=[ 0.35346267  0.         -0.01310435 -0.11651949 -0.07301892 -0.17004951]
prev_signals=[ 0.36171584  0.         -0.25490228  0.10497442 -0.01617886 -0.41665824]
GetDeflection L2 (CDD) ===>> 0
testing L2_CDD_==3250
evaluate ot="L2(CDD).deflection==3250" t="L2_CDD_==3250", ctx="{'L2_CDD_': 0.0}"
GetDeflection L2 (CDD) ===>> 0
testing L2_CDD_==3250
evaluate ot="L2(CDD).deflection==3250" t="L2_CDD_==3250", ctx="{'L2_CDD_': 0.0}"
$$$$$$$$$$$$$$$$$ SETTING is_baseline False
Peak hop Detectors=['H2', 'H1', 'AX', 'L1', 'L2(CDD)']
Peak hop Deflections=[0, 0, 0, 0, 0]
Peak hop DeflectionsPairs=[('H2', 0), ('H1', 0), ('AX', 0), ('L1', 0), ('L2(CDD)', 0)]
SetDeflection L2 (CDD),0.0 ===>> OK
----------------------- HOP Ar36 L2(CDD)
detector Detector(L2(CDD))
POSITION Ar36 L2(CDD)
Mapping mass to dac mass func: "discrete"
using discrete mass mapping
L2(CDD) map mass to dac 35.9675 >> 3.7677
GetDeflection L2 (CDD) ===>> 0
GetHighVoltage ===>> 9900
positioning Ar36 (3.7677) on L2(CDD)
setting magnet DAC
current  : 3.795000
requested: 3.767700
Delta Dac: 0.027300
Checking detector protection. dv=0.02730
AF Demag not enabled. self.use_af_demag=True, use_af_demag=False
SetMagnetDAC 3.7677 ===>> OK
Magnet settling time: 0.500 0.500
Magnet settling complete
set_dac. change=True
update detector isotope pairing
detectors=['H2', 'H1', 'AX', 'L1', 'L2(CDD)']
isotopes=['Ar40', 'Ar39', 'Ar38', 'Ar37', 'Ar36']
updating pairing H2 - Ar40
updating pairing H1 - Ar39
updating pairing AX - Ar38
updating pairing L1 - Ar37
updating pairing L2(CDD) - Ar36
Join finished
delaying 5 for detectors to settle after peak hop
no intensity change cnt= 0
signals=[  0.00000000e+00   1.79336426e+00   5.53558349e+02   6.95967422e-02
   3.01619714e-01  -1.04339081e-01]
prev_signals=[  0.00000000e+00   1.79336426e+00   5.53558349e+02   6.95967422e-02
   3.01619714e-01  -1.04339081e-01]
resetting no_intensity_change_cnt
signals=[  0.00000000e+00   1.85720371e+00   5.53033179e+02   1.59199581e-01
   2.71269686e-01  -2.17888505e-01]
prev_signals=[  0.00000000e+00   1.79336426e+00   5.53558349e+02   6.95967422e-02
   3.01619714e-01  -1.04339081e-01]
GetDeflection L2 (CDD) ===>> 0
testing L2_CDD_==3250
evaluate ot="L2(CDD).deflection==3250" t="L2_CDD_==3250", ctx="{'L2_CDD_': 0.0}"
14:48:47 -- collecting point 100
$$$$$$$$$$$$$$$$$ SETTING is_baseline False
Peak hop Detectors=['AX(CDD)']
Peak hop Deflections=[0]
Peak hop DeflectionsPairs=[('AX(CDD)', 0)]
SetDeflection AX (CDD),0.0 ===>> OK
----------------------- HOP Ar38 AX(CDD)
detector Detector(AX(CDD))
POSITION Ar38 AX(CDD)
Mapping mass to dac mass func: "discrete"
using discrete mass mapping
AX(CDD) map mass to dac 37.9627 >> 3.795
GetDeflection AX (CDD) ===>> 0
GetHighVoltage ===>> 9900
positioning Ar38 (3.795) on AX(CDD)
setting magnet DAC
current  : 3.767700
requested: 3.795000
Delta Dac: 0.027300
Checking detector protection. dv=0.02730
AF Demag not enabled. self.use_af_demag=True, use_af_demag=False
SetMagnetDAC 3.795 ===>> OK
Magnet settling time: 0.500 0.500
Magnet settling complete
set_dac. change=True
update detector isotope pairing
detectors=['AX(CDD)']
isotopes=['Ar38']
updating pairing AX(CDD) - Ar38
Join finished
delaying 5 for detectors to settle after peak hop
no intensity change cnt= 0
signals=[ 0.34964178  0.         -0.17788302  0.02797759 -0.03264744 -0.19102979]
prev_signals=[ 0.34964178  0.         -0.17788302  0.02797759 -0.03264744 -0.19102979]
resetting no_intensity_change_cnt
signals=[ 0.35361551  0.         -0.03804434 -0.10889058 -0.04599021 -0.10157223]
prev_signals=[ 0.34964178  0.         -0.17788302  0.02797759 -0.03264744 -0.19102979]
GetDeflection L2 (CDD) ===>> 0
testing L2_CDD_==3250
evaluate ot="L2(CDD).deflection==3250" t="L2_CDD_==3250", ctx="{'L2_CDD_': 0.0}"
GetDeflection L2 (CDD) ===>> 0
testing L2_CDD_==3250
evaluate ot="L2(CDD).deflection==3250" t="L2_CDD_==3250", ctx="{'L2_CDD_': 0.0}"
$$$$$$$$$$$$$$$$$ SETTING is_baseline False
Peak hop Detectors=['H2', 'H1', 'AX', 'L1', 'L2(CDD)']
Peak hop Deflections=[0, 0, 0, 0, 0]
Peak hop DeflectionsPairs=[('H2', 0), ('H1', 0), ('AX', 0), ('L1', 0), ('L2(CDD)', 0)]
SetDeflection L2 (CDD),0.0 ===>> OK
----------------------- HOP Ar36 L2(CDD)
detector Detector(L2(CDD))
POSITION Ar36 L2(CDD)
Mapping mass to dac mass func: "discrete"
using discrete mass mapping
L2(CDD) map mass to dac 35.9675 >> 3.7677
GetDeflection L2 (CDD) ===>> 0
GetHighVoltage ===>> 9900
positioning Ar36 (3.7677) on L2(CDD)
setting magnet DAC
current  : 3.795000
requested: 3.767700
Delta Dac: 0.027300
Checking detector protection. dv=0.02730
AF Demag not enabled. self.use_af_demag=True, use_af_demag=False
SetMagnetDAC 3.7677 ===>> OK
Magnet settling time: 0.500 0.500
Magnet settling complete
set_dac. change=True
update detector isotope pairing
detectors=['H2', 'H1', 'AX', 'L1', 'L2(CDD)']
isotopes=['Ar40', 'Ar39', 'Ar38', 'Ar37', 'Ar36']
updating pairing H2 - Ar40
updating pairing H1 - Ar39
updating pairing AX - Ar38
updating pairing L1 - Ar37
updating pairing L2(CDD) - Ar36
Join finished
delaying 5 for detectors to settle after peak hop
no intensity change cnt= 0
signals=[  0.00000000e+00   1.81983024e+00   5.51048135e+02   1.54112230e-01
   2.47918635e-01  -2.73678467e-01]
prev_signals=[  0.00000000e+00   1.81983024e+00   5.51048135e+02   1.54112230e-01
   2.47918635e-01  -2.73678467e-01]
resetting no_intensity_change_cnt
signals=[  0.00000000e+00   1.80763983e+00   5.50949875e+02   1.54805958e-01
   2.06093475e-01   9.22424279e-02]
prev_signals=[  0.00000000e+00   1.81983024e+00   5.51048135e+02   1.54112230e-01
   2.47918635e-01  -2.73678467e-01]
GetDeflection L2 (CDD) ===>> 0
testing L2_CDD_==3250
evaluate ot="L2(CDD).deflection==3250" t="L2_CDD_==3250", ctx="{'L2_CDD_': 0.0}"
$$$$$$$$$$$$$$$$$ SETTING is_baseline False
Peak hop Detectors=['AX(CDD)']
Peak hop Deflections=[0]
Peak hop DeflectionsPairs=[('AX(CDD)', 0)]
SetDeflection AX (CDD),0.0 ===>> OK
----------------------- HOP Ar38 AX(CDD)
detector Detector(AX(CDD))
POSITION Ar38 AX(CDD)
Mapping mass to dac mass func: "discrete"
using discrete mass mapping
AX(CDD) map mass to dac 37.9627 >> 3.795
GetDeflection AX (CDD) ===>> 0
GetHighVoltage ===>> 9900
positioning Ar38 (3.795) on AX(CDD)
setting magnet DAC
current  : 3.767700
requested: 3.795000
Delta Dac: 0.027300
Checking detector protection. dv=0.02730
AF Demag not enabled. self.use_af_demag=True, use_af_demag=False
SetMagnetDAC 3.795 ===>> OK
Magnet settling time: 0.500 0.500
Magnet settling complete
set_dac. change=True
update detector isotope pairing
detectors=['AX(CDD)']
isotopes=['Ar38']
updating pairing AX(CDD) - Ar38
Join finished
delaying 5 for detectors to settle after peak hop
no intensity change cnt= 0
signals=[ 0.34643224  0.         -0.01834879 -0.073635   -0.05435647 -0.12451381]
prev_signals=[ 0.34643224  0.         -0.01834879 -0.073635   -0.05435647 -0.12451381]
resetting no_intensity_change_cnt
signals=[ 0.36232718  0.         -0.21283956 -0.04184608 -0.04613166 -0.16474673]
prev_signals=[ 0.34643224  0.         -0.01834879 -0.073635   -0.05435647 -0.12451381]
GetDeflection L2 (CDD) ===>> 0
testing L2_CDD_==3250
evaluate ot="L2(CDD).deflection==3250" t="L2_CDD_==3250", ctx="{'L2_CDD_': 0.0}"
GetDeflection L2 (CDD) ===>> 0
testing L2_CDD_==3250
evaluate ot="L2(CDD).deflection==3250" t="L2_CDD_==3250", ctx="{'L2_CDD_': 0.0}"
14:49:54 -- collecting point 150
$$$$$$$$$$$$$$$$$ SETTING is_baseline False
Peak hop Detectors=['H2', 'H1', 'AX', 'L1', 'L2(CDD)']
Peak hop Deflections=[0, 0, 0, 0, 0]
Peak hop DeflectionsPairs=[('H2', 0), ('H1', 0), ('AX', 0), ('L1', 0), ('L2(CDD)', 0)]
SetDeflection L2 (CDD),0.0 ===>> OK
----------------------- HOP Ar36 L2(CDD)
detector Detector(L2(CDD))
POSITION Ar36 L2(CDD)
Mapping mass to dac mass func: "discrete"
using discrete mass mapping
L2(CDD) map mass to dac 35.9675 >> 3.7677
GetDeflection L2 (CDD) ===>> 0
GetHighVoltage ===>> 9900
positioning Ar36 (3.7677) on L2(CDD)
setting magnet DAC
current  : 3.795000
requested: 3.767700
Delta Dac: 0.027300
Checking detector protection. dv=0.02730
AF Demag not enabled. self.use_af_demag=True, use_af_demag=False
SetMagnetDAC 3.7677 ===>> OK
Magnet settling time: 0.500 0.500
Magnet settling complete
set_dac. change=True
update detector isotope pairing
detectors=['H2', 'H1', 'AX', 'L1', 'L2(CDD)']
isotopes=['Ar40', 'Ar39', 'Ar38', 'Ar37', 'Ar36']
updating pairing H2 - Ar40
updating pairing H1 - Ar39
updating pairing AX - Ar38
updating pairing L1 - Ar37
updating pairing L2(CDD) - Ar36
Join finished
delaying 5 for detectors to settle after peak hop
no intensity change cnt= 0
signals=[  0.00000000e+00   1.79961984e+00   5.48476320e+02   2.98649614e-01
   2.97462668e-01  -2.55005326e-01]
prev_signals=[  0.00000000e+00   1.79961984e+00   5.48476320e+02   2.98649614e-01
   2.97462668e-01  -2.55005326e-01]
resetting no_intensity_change_cnt
signals=[  1.52795465e-04   1.80571503e+00   5.48015062e+02   2.91336560e-02
   2.44146421e-01  -1.55754989e-01]
prev_signals=[  0.00000000e+00   1.79961984e+00   5.48476320e+02   2.98649614e-01
   2.97462668e-01  -2.55005326e-01]
GetDeflection L2 (CDD) ===>> 0
testing L2_CDD_==3250
evaluate ot="L2(CDD).deflection==3250" t="L2_CDD_==3250", ctx="{'L2_CDD_': 0.0}"
$$$$$$$$$$$$$$$$$ SETTING is_baseline False
Peak hop Detectors=['AX(CDD)']
Peak hop Deflections=[0]
Peak hop DeflectionsPairs=[('AX(CDD)', 0)]
SetDeflection AX (CDD),0.0 ===>> OK
----------------------- HOP Ar38 AX(CDD)
detector Detector(AX(CDD))
POSITION Ar38 AX(CDD)
Mapping mass to dac mass func: "discrete"
using discrete mass mapping
AX(CDD) map mass to dac 37.9627 >> 3.795
GetDeflection AX (CDD) ===>> 0
GetHighVoltage ===>> 9900
positioning Ar38 (3.795) on AX(CDD)
setting magnet DAC
current  : 3.767700
requested: 3.795000
Delta Dac: 0.027300
Checking detector protection. dv=0.02730
AF Demag not enabled. self.use_af_demag=True, use_af_demag=False
SetMagnetDAC 3.795 ===>> OK
Magnet settling time: 0.500 0.500
Magnet settling complete
set_dac. change=True
update detector isotope pairing
detectors=['AX(CDD)']
isotopes=['Ar38']
updating pairing AX(CDD) - Ar38
Join finished
delaying 5 for detectors to settle after peak hop
no intensity change cnt= 0
signals=[ 0.33863767  0.         -0.23497806 -0.01109654 -0.05377572 -0.35539804]
prev_signals=[ 0.33863767  0.         -0.23497806 -0.01109654 -0.05377572 -0.35539804]
resetting no_intensity_change_cnt
signals=[ 0.34383404  0.          0.01603197 -0.05074708 -0.01190462 -0.09615379]
prev_signals=[ 0.33863767  0.         -0.23497806 -0.01109654 -0.05377572 -0.35539804]
GetDeflection L2 (CDD) ===>> 0
testing L2_CDD_==3250
evaluate ot="L2(CDD).deflection==3250" t="L2_CDD_==3250", ctx="{'L2_CDD_': 0.0}"
GetDeflection L2 (CDD) ===>> 0
testing L2_CDD_==3250
evaluate ot="L2(CDD).deflection==3250" t="L2_CDD_==3250", ctx="{'L2_CDD_': 0.0}"
$$$$$$$$$$$$$$$$$ SETTING is_baseline False
Peak hop Detectors=['H2', 'H1', 'AX', 'L1', 'L2(CDD)']
Peak hop Deflections=[0, 0, 0, 0, 0]
Peak hop DeflectionsPairs=[('H2', 0), ('H1', 0), ('AX', 0), ('L1', 0), ('L2(CDD)', 0)]
SetDeflection L2 (CDD),0.0 ===>> OK
----------------------- HOP Ar36 L2(CDD)
detector Detector(L2(CDD))
POSITION Ar36 L2(CDD)
Mapping mass to dac mass func: "discrete"
using discrete mass mapping
L2(CDD) map mass to dac 35.9675 >> 3.7677
GetDeflection L2 (CDD) ===>> 0
GetHighVoltage ===>> 9900
positioning Ar36 (3.7677) on L2(CDD)
setting magnet DAC
current  : 3.795000
requested: 3.767700
Delta Dac: 0.027300
Checking detector protection. dv=0.02730
AF Demag not enabled. self.use_af_demag=True, use_af_demag=False
SetMagnetDAC 3.7677 ===>> OK
Magnet settling time: 0.500 0.500
Magnet settling complete
set_dac. change=True
update detector isotope pairing
detectors=['H2', 'H1', 'AX', 'L1', 'L2(CDD)']
isotopes=['Ar40', 'Ar39', 'Ar38', 'Ar37', 'Ar36']
updating pairing H2 - Ar40
updating pairing H1 - Ar39
updating pairing AX - Ar38
updating pairing L1 - Ar37
updating pairing L2(CDD) - Ar36
Join finished
delaying 5 for detectors to settle after peak hop
no intensity change cnt= 0
signals=[  0.00000000e+00   1.77187079e+00   5.45254876e+02   2.00361851e-01
   2.32121748e-01   6.68709291e-03]
prev_signals=[  0.00000000e+00   1.77187079e+00   5.45254876e+02   2.00361851e-01
   2.32121748e-01   6.68709291e-03]
resetting no_intensity_change_cnt
signals=[  0.00000000e+00   1.81116863e+00   5.44854180e+02   1.99321210e-01
   3.12800482e-01  -1.24398527e-01]
prev_signals=[  0.00000000e+00   1.77187079e+00   5.45254876e+02   2.00361851e-01
   2.32121748e-01   6.68709291e-03]
GetDeflection L2 (CDD) ===>> 0
testing L2_CDD_==3250
evaluate ot="L2(CDD).deflection==3250" t="L2_CDD_==3250", ctx="{'L2_CDD_': 0.0}"
$$$$$$$$$$$$$$$$$ SETTING is_baseline False
Peak hop Detectors=['AX(CDD)']
Peak hop Deflections=[0]
Peak hop DeflectionsPairs=[('AX(CDD)', 0)]
SetDeflection AX (CDD),0.0 ===>> OK
----------------------- HOP Ar38 AX(CDD)
detector Detector(AX(CDD))
POSITION Ar38 AX(CDD)
Mapping mass to dac mass func: "discrete"
using discrete mass mapping
AX(CDD) map mass to dac 37.9627 >> 3.795
GetDeflection AX (CDD) ===>> 0
GetHighVoltage ===>> 9900
positioning Ar38 (3.795) on AX(CDD)
setting magnet DAC
current  : 3.767700
requested: 3.795000
Delta Dac: 0.027300
Checking detector protection. dv=0.02730
AF Demag not enabled. self.use_af_demag=True, use_af_demag=False
SetMagnetDAC 3.795 ===>> OK
Magnet settling time: 0.500 0.500
Magnet settling complete
set_dac. change=True
update detector isotope pairing
detectors=['AX(CDD)']
isotopes=['Ar38']
updating pairing AX(CDD) - Ar38
Join finished
delaying 5 for detectors to settle after peak hop
no intensity change cnt= 0
signals=[  3.45209559e-01   1.60331017e-04  -5.61079634e-02  -1.39865759e-02
  -1.98538356e-03  -2.39328830e-01]
prev_signals=[  3.45209559e-01   1.60331017e-04  -5.61079634e-02  -1.39865759e-02
  -1.98538356e-03  -2.39328830e-01]
resetting no_intensity_change_cnt
signals=[ 0.3427642   0.         -0.04293903  0.16185889 -0.05868529 -0.385825  ]
prev_signals=[  3.45209559e-01   1.60331017e-04  -5.61079634e-02  -1.39865759e-02
  -1.98538356e-03  -2.39328830e-01]
GetDeflection L2 (CDD) ===>> 0
testing L2_CDD_==3250
evaluate ot="L2(CDD).deflection==3250" t="L2_CDD_==3250", ctx="{'L2_CDD_': 0.0}"
14:51:05 -- collecting point 200
GetDeflection L2 (CDD) ===>> 0
testing L2_CDD_==3250
evaluate ot="L2(CDD).deflection==3250" t="L2_CDD_==3250", ctx="{'L2_CDD_': 0.0}"
$$$$$$$$$$$$$$$$$ SETTING is_baseline False
Peak hop Detectors=['H2', 'H1', 'AX', 'L1', 'L2(CDD)']
Peak hop Deflections=[0, 0, 0, 0, 0]
Peak hop DeflectionsPairs=[('H2', 0), ('H1', 0), ('AX', 0), ('L1', 0), ('L2(CDD)', 0)]
SetDeflection L2 (CDD),0.0 ===>> OK
----------------------- HOP Ar36 L2(CDD)
detector Detector(L2(CDD))
POSITION Ar36 L2(CDD)
Mapping mass to dac mass func: "discrete"
using discrete mass mapping
L2(CDD) map mass to dac 35.9675 >> 3.7677
GetDeflection L2 (CDD) ===>> 0
GetHighVoltage ===>> 9900
positioning Ar36 (3.7677) on L2(CDD)
setting magnet DAC
current  : 3.795000
requested: 3.767700
Delta Dac: 0.027300
Checking detector protection. dv=0.02730
AF Demag not enabled. self.use_af_demag=True, use_af_demag=False
SetMagnetDAC 3.7677 ===>> OK
Magnet settling time: 0.500 0.500
Magnet settling complete
set_dac. change=True
update detector isotope pairing
detectors=['H2', 'H1', 'AX', 'L1', 'L2(CDD)']
isotopes=['Ar40', 'Ar39', 'Ar38', 'Ar37', 'Ar36']
updating pairing H2 - Ar40
updating pairing H1 - Ar39
updating pairing AX - Ar38
updating pairing L1 - Ar37
updating pairing L2(CDD) - Ar36
Join finished
delaying 5 for detectors to settle after peak hop
no intensity change cnt= 0
signals=[  0.00000000e+00   1.79047707e+00   5.42155611e+02   4.02845513e-01
   2.46202652e-01  -2.81170676e-01]
prev_signals=[  0.00000000e+00   1.79047707e+00   5.42155611e+02   4.02845513e-01
   2.46202652e-01  -2.81170676e-01]
resetting no_intensity_change_cnt
signals=[  0.00000000e+00   1.78967507e+00   5.42196541e+02   2.39444499e-01
   2.60586980e-01  -1.35119784e-01]
prev_signals=[  0.00000000e+00   1.79047707e+00   5.42155611e+02   4.02845513e-01
   2.46202652e-01  -2.81170676e-01]
GetDeflection L2 (CDD) ===>> 0
testing L2_CDD_==3250
evaluate ot="L2(CDD).deflection==3250" t="L2_CDD_==3250", ctx="{'L2_CDD_': 0.0}"
$$$$$$$$$$$$$$$$$ SETTING is_baseline False
Peak hop Detectors=['AX(CDD)']
Peak hop Deflections=[0]
Peak hop DeflectionsPairs=[('AX(CDD)', 0)]
SetDeflection AX (CDD),0.0 ===>> OK
----------------------- HOP Ar38 AX(CDD)
detector Detector(AX(CDD))
POSITION Ar38 AX(CDD)
Mapping mass to dac mass func: "discrete"
using discrete mass mapping
AX(CDD) map mass to dac 37.9627 >> 3.795
GetDeflection AX (CDD) ===>> 0
GetHighVoltage ===>> 9900
positioning Ar38 (3.795) on AX(CDD)
setting magnet DAC
current  : 3.767700
requested: 3.795000
Delta Dac: 0.027300
Checking detector protection. dv=0.02730
AF Demag not enabled. self.use_af_demag=True, use_af_demag=False
SetMagnetDAC 3.795 ===>> OK
Magnet settling time: 0.500 0.500
Magnet settling complete
set_dac. change=True
update detector isotope pairing
detectors=['AX(CDD)']
isotopes=['Ar38']
updating pairing AX(CDD) - Ar38
Join finished
delaying 5 for detectors to settle after peak hop
no intensity change cnt= 0
signals=[ 0.35713074  0.         -0.14420703  0.15376537 -0.00829227 -0.228724  ]
prev_signals=[ 0.35713074  0.         -0.14420703  0.15376537 -0.00829227 -0.228724  ]
resetting no_intensity_change_cnt
signals=[ 0.34016601  0.         -0.0322173   0.0494806  -0.00081754 -0.09488564]
prev_signals=[ 0.35713074  0.         -0.14420703  0.15376537 -0.00829227 -0.228724  ]
GetDeflection L2 (CDD) ===>> 0
testing L2_CDD_==3250
evaluate ot="L2(CDD).deflection==3250" t="L2_CDD_==3250", ctx="{'L2_CDD_': 0.0}"
GetDeflection L2 (CDD) ===>> 0
testing L2_CDD_==3250
evaluate ot="L2(CDD).deflection==3250" t="L2_CDD_==3250", ctx="{'L2_CDD_': 0.0}"
$$$$$$$$$$$$$$$$$ SETTING is_baseline False
Peak hop Detectors=['H2', 'H1', 'AX', 'L1', 'L2(CDD)']
Peak hop Deflections=[0, 0, 0, 0, 0]
Peak hop DeflectionsPairs=[('H2', 0), ('H1', 0), ('AX', 0), ('L1', 0), ('L2(CDD)', 0)]
SetDeflection L2 (CDD),0.0 ===>> OK
----------------------- HOP Ar36 L2(CDD)
detector Detector(L2(CDD))
POSITION Ar36 L2(CDD)
Mapping mass to dac mass func: "discrete"
using discrete mass mapping
L2(CDD) map mass to dac 35.9675 >> 3.7677
GetDeflection L2 (CDD) ===>> 0
GetHighVoltage ===>> 9900
positioning Ar36 (3.7677) on L2(CDD)
setting magnet DAC
current  : 3.795000
requested: 3.767700
Delta Dac: 0.027300
Checking detector protection. dv=0.02730
AF Demag not enabled. self.use_af_demag=True, use_af_demag=False
SetMagnetDAC 3.7677 ===>> OK
Magnet settling time: 0.500 0.500
Magnet settling complete
set_dac. change=True
update detector isotope pairing
detectors=['H2', 'H1', 'AX', 'L1', 'L2(CDD)']
isotopes=['Ar40', 'Ar39', 'Ar38', 'Ar37', 'Ar36']
updating pairing H2 - Ar40
updating pairing H1 - Ar39
updating pairing AX - Ar38
updating pairing L1 - Ar37
updating pairing L2(CDD) - Ar36
Join finished
delaying 5 for detectors to settle after peak hop
no intensity change cnt= 0
signals=[  0.00000000e+00   1.80491303e+00   5.40027151e+02  -9.01570856e-03
   2.32386938e-01  -8.77378465e-02]
prev_signals=[  0.00000000e+00   1.80491303e+00   5.40027151e+02  -9.01570856e-03
   2.32386938e-01  -8.77378465e-02]
resetting no_intensity_change_cnt
signals=[  0.00000000e+00   1.78678788e+00   5.39522060e+02   3.35376958e-03
   2.95780143e-01   1.51512956e-01]
prev_signals=[  0.00000000e+00   1.80491303e+00   5.40027151e+02  -9.01570856e-03
   2.32386938e-01  -8.77378465e-02]
GetDeflection L2 (CDD) ===>> 0
testing L2_CDD_==3250
evaluate ot="L2(CDD).deflection==3250" t="L2_CDD_==3250", ctx="{'L2_CDD_': 0.0}"
14:52:12 -- collecting point 250
$$$$$$$$$$$$$$$$$ SETTING is_baseline False
Peak hop Detectors=['AX(CDD)']
Peak hop Deflections=[0]
Peak hop DeflectionsPairs=[('AX(CDD)', 0)]
SetDeflection AX (CDD),0.0 ===>> OK
----------------------- HOP Ar38 AX(CDD)
detector Detector(AX(CDD))
POSITION Ar38 AX(CDD)
Mapping mass to dac mass func: "discrete"
using discrete mass mapping
AX(CDD) map mass to dac 37.9627 >> 3.795
GetDeflection AX (CDD) ===>> 0
GetHighVoltage ===>> 9900
positioning Ar38 (3.795) on AX(CDD)
setting magnet DAC
current  : 3.767700
requested: 3.795000
Delta Dac: 0.027300
Checking detector protection. dv=0.02730
AF Demag not enabled. self.use_af_demag=True, use_af_demag=False
SetMagnetDAC 3.795 ===>> OK
Magnet settling time: 0.500 0.500
Magnet settling complete
set_dac. change=True
update detector isotope pairing
detectors=['AX(CDD)']
isotopes=['Ar38']
updating pairing AX(CDD) - Ar38
Join finished
delaying 5 for detectors to settle after peak hop
no intensity change cnt= 0
signals=[ 0.34490389  0.         -0.15504407  0.04601234 -0.06695878 -0.12416796]
prev_signals=[ 0.34490389  0.         -0.15504407  0.04601234 -0.06695878 -0.12416796]
resetting no_intensity_change_cnt
signals=[ 0.34184719  0.         -0.16844454 -0.03941852 -0.05117847 -0.22319099]
prev_signals=[ 0.34490389  0.         -0.15504407  0.04601234 -0.06695878 -0.12416796]
GetDeflection L2 (CDD) ===>> 0
testing L2_CDD_==3250
evaluate ot="L2(CDD).deflection==3250" t="L2_CDD_==3250", ctx="{'L2_CDD_': 0.0}"
GetDeflection L2 (CDD) ===>> 0
testing L2_CDD_==3250
evaluate ot="L2(CDD).deflection==3250" t="L2_CDD_==3250", ctx="{'L2_CDD_': 0.0}"
$$$$$$$$$$$$$$$$$ SETTING is_baseline False
Peak hop Detectors=['H2', 'H1', 'AX', 'L1', 'L2(CDD)']
Peak hop Deflections=[0, 0, 0, 0, 0]
Peak hop DeflectionsPairs=[('H2', 0), ('H1', 0), ('AX', 0), ('L1', 0), ('L2(CDD)', 0)]
SetDeflection L2 (CDD),0.0 ===>> OK
----------------------- HOP Ar36 L2(CDD)
detector Detector(L2(CDD))
POSITION Ar36 L2(CDD)
Mapping mass to dac mass func: "discrete"
using discrete mass mapping
L2(CDD) map mass to dac 35.9675 >> 3.7677
GetDeflection L2 (CDD) ===>> 0
GetHighVoltage ===>> 9900
positioning Ar36 (3.7677) on L2(CDD)
setting magnet DAC
current  : 3.795000
requested: 3.767700
Delta Dac: 0.027300
Checking detector protection. dv=0.02730
AF Demag not enabled. self.use_af_demag=True, use_af_demag=False
SetMagnetDAC 3.7677 ===>> OK
Magnet settling time: 0.500 0.500
Magnet settling complete
set_dac. change=True
update detector isotope pairing
detectors=['H2', 'H1', 'AX', 'L1', 'L2(CDD)']
isotopes=['Ar40', 'Ar39', 'Ar38', 'Ar37', 'Ar36']
updating pairing H2 - Ar40
updating pairing H1 - Ar39
updating pairing AX - Ar38
updating pairing L1 - Ar37
updating pairing L2(CDD) - Ar36
Join finished
delaying 5 for detectors to settle after peak hop
no intensity change cnt= 0
signals=[  0.00000000e+00   1.76288847e+00   5.36875755e+02   3.35192074e-01
   2.61110926e-01  -1.03301513e-01]
prev_signals=[  0.00000000e+00   1.76288847e+00   5.36875755e+02   3.35192074e-01
   2.61110926e-01  -1.03301513e-01]
resetting no_intensity_change_cnt
signals=[  0.00000000e+00   1.75214180e+00   5.37045399e+02   3.75667924e-01
   2.51019990e-01  -2.08666714e-01]
prev_signals=[  0.00000000e+00   1.76288847e+00   5.36875755e+02   3.35192074e-01
   2.61110926e-01  -1.03301513e-01]
GetDeflection L2 (CDD) ===>> 0
testing L2_CDD_==3250
evaluate ot="L2(CDD).deflection==3250" t="L2_CDD_==3250", ctx="{'L2_CDD_': 0.0}"
$$$$$$$$$$$$$$$$$ SETTING is_baseline False
Peak hop Detectors=['AX(CDD)']
Peak hop Deflections=[0]
Peak hop DeflectionsPairs=[('AX(CDD)', 0)]
SetDeflection AX (CDD),0.0 ===>> OK
----------------------- HOP Ar38 AX(CDD)
detector Detector(AX(CDD))
POSITION Ar38 AX(CDD)
Mapping mass to dac mass func: "discrete"
using discrete mass mapping
AX(CDD) map mass to dac 37.9627 >> 3.795
GetDeflection AX (CDD) ===>> 0
GetHighVoltage ===>> 9900
positioning Ar38 (3.795) on AX(CDD)
setting magnet DAC
current  : 3.767700
requested: 3.795000
Delta Dac: 0.027300
Checking detector protection. dv=0.02730
AF Demag not enabled. self.use_af_demag=True, use_af_demag=False
SetMagnetDAC 3.795 ===>> OK
Magnet settling time: 0.500 0.500
Magnet settling complete
set_dac. change=True
update detector isotope pairing
detectors=['AX(CDD)']
isotopes=['Ar38']
updating pairing AX(CDD) - Ar38
Join finished
delaying 5 for detectors to settle after peak hop
no intensity change cnt= 0
signals=[ 0.32855065  0.         -0.29323488 -0.18633276 -0.04264713 -0.24705184]
prev_signals=[ 0.32855065  0.         -0.29323488 -0.18633276 -0.04264713 -0.24705184]
resetting no_intensity_change_cnt
signals=[ 0.33252432  0.         -0.05669066  0.11121768 -0.12777892 -0.02778657]
prev_signals=[ 0.32855065  0.         -0.29323488 -0.18633276 -0.04264713 -0.24705184]
GetDeflection L2 (CDD) ===>> 0
testing L2_CDD_==3250
evaluate ot="L2(CDD).deflection==3250" t="L2_CDD_==3250", ctx="{'L2_CDD_': 0.0}"
GetDeflection L2 (CDD) ===>> 0
testing L2_CDD_==3250
evaluate ot="L2(CDD).deflection==3250" t="L2_CDD_==3250", ctx="{'L2_CDD_': 0.0}"
14:53:19 -- collecting point 300
$$$$$$$$$$$$$$$$$ SETTING is_baseline False
waiting for write to finish
measurement finished
estimated time: 450.888 actual time: :410.033
flush and close file /Users/obama/PychronDev/data/isotopes/6b/9bd383-8d1b-472e-9eae-98144c0909a7.h5
set_deflection ('H2 (CDD)', 0) {}
setting spectrometer parameter SetDeflection H2 (CDD),0
SetDeflection H2 (CDD),0 ===>> OK
set_deflection ('H1 (CDD)', 0) {}
setting spectrometer parameter SetDeflection H1 (CDD),0
SetDeflection H1 (CDD),0 ===>> OK
set_deflection ('AX (CDD)', 0) {}
setting spectrometer parameter SetDeflection AX (CDD),0
SetDeflection AX (CDD),0 ===>> OK
set_deflection ('L1 (CDD)', 0) {}
setting spectrometer parameter SetDeflection L1 (CDD),0
SetDeflection L1 (CDD),0 ===>> OK
set_deflection ('L2 (CDD)', 0) {}
setting spectrometer parameter SetDeflection L2 (CDD),0
SetDeflection L2 (CDD),0 ===>> OK
define_detectors ('Ar40', 'AX(CDD)') {}
molweights={'PHHCl': 38.13021421, 'Ar40': 39.9624, 'PM41': 41.0, 'Ar35': 35.0, 'Ar36': 35.9675, 'Ar37': 36.9668, 'PHHCbs': 38.9016474, 'Ar38': 37.9627, 'Ar39': 38.964, 'PM42': 42.0}
setting detector H2 to PM42 (42.0624)
setting detector H1 to PM41 (41.0624)
setting detector AX to Ar40 (40.0624)
setting detector L1 to Ar39 (39.0624)
setting detector L2 to Ar38 (37.9624)
setting detector H2(CDD) to PM42 (41.9624)
setting detector H1(CDD) to PM41 (40.9624)
setting detector AX(CDD) to Ar40 (39.9624)
setting detector L1(CDD) to Ar39 (38.9624)
setting detector L2(CDD) to Ar38 (38.0624)
baselines () {'settling_time': 15.0, 'detector': 'AX(CDD)', 'mass': 'PHHCbs', 'ncounts': 120, 'use_dac': False}
%%%%%%%%%%%%%%%%%%%%%%%%%%%%%%%% Baseline
build tables- baseline [Detector(H2), Detector(H1), Detector(AX), Detector(AX(CDD)), Detector(L1), Detector(L2(CDD))]
add group baseline table H2
add group baseline table H1
add group baseline table AX
add group baseline table AX(CDD)
add group baseline table L1
add group baseline table L2(CDD)
flush and close file /Users/obama/PychronDev/data/isotopes/6b/9bd383-8d1b-472e-9eae-98144c0909a7.h5
detector Detector(AX(CDD))
POSITION PHHCbs AX(CDD)
molweights={'PHHCl': 38.13021421, 'Ar40': 39.9624, 'PM41': 41.0, 'Ar35': 35.0, 'Ar36': 35.9675, 'Ar37': 36.9668, 'PHHCbs': 38.9016474, 'Ar38': 37.9627, 'Ar39': 38.964, 'PM42': 42.0}
setting detector H2 to PM41 (41.0016474)
setting detector H1 to Ar40 (40.0016474)
setting detector AX to Ar39 (39.0016474)
setting detector L1 to Ar38 (38.0016474)
setting detector L2 to Ar37 (36.9016474)
setting detector H2(CDD) to PM41 (40.9016474)
setting detector H1(CDD) to Ar40 (39.9016474)
setting detector AX(CDD) to Ar39 (38.9016474)
setting detector L1(CDD) to Ar38 (37.9016474)
setting detector L2(CDD) to Ar37 (37.0016474)
Mapping mass to dac mass func: "discrete"
using discrete mass mapping
AX(CDD) map mass to dac 38.9016474 >> 3.81008
GetDeflection AX (CDD) ===>> 0
GetHighVoltage ===>> 9900
positioning PHHCbs (3.81008) on AX(CDD)
setting magnet DAC
current  : 3.795000
requested: 3.810080
Delta Dac: 0.015080
Checking detector protection. dv=0.01508
AF Demag not enabled. self.use_af_demag=True, use_af_demag=False
SetMagnetDAC 3.81008 ===>> OK
Magnet settling time: 0.500 0.500
Magnet settling complete
set_dac. change=True
Delaying 15.0s for detectors to settle
Join finished
measuring baseline. ncounts=120
"baseline" increment series count="2" fit count="1" regressing="True"
starting measurement
measurement period (ms) = 1048.576
GetDeflection L2 (CDD) ===>> 0
testing L2_CDD_==3250
evaluate ot="L2(CDD).deflection==3250" t="L2_CDD_==3250", ctx="{'L2_CDD_': 0.0}"
GetDeflection L2 (CDD) ===>> 0
testing L2_CDD_==3250
evaluate ot="L2(CDD).deflection==3250" t="L2_CDD_==3250", ctx="{'L2_CDD_': 0.0}"
14:54:01 -- collecting point 25
State checksums do not match. Local:-1907941251 Remote:-516497771
State checksum failed
GetDeflection L2 (CDD) ===>> 0
testing L2_CDD_==3250
evaluate ot="L2(CDD).deflection==3250" t="L2_CDD_==3250", ctx="{'L2_CDD_': 0.0}"
refresh_lock_state fired. ('H', False)
refresh_lock_state fired. ('V', False)
refresh_canvas_needed fired
GetDeflection L2 (CDD) ===>> 0
testing L2_CDD_==3250
evaluate ot="L2(CDD).deflection==3250" t="L2_CDD_==3250", ctx="{'L2_CDD_': 0.0}"
14:54:28 -- collecting point 50
GetDeflection L2 (CDD) ===>> 0
testing L2_CDD_==3250
evaluate ot="L2(CDD).deflection==3250" t="L2_CDD_==3250", ctx="{'L2_CDD_': 0.0}"
GetDeflection L2 (CDD) ===>> 0
testing L2_CDD_==3250
evaluate ot="L2(CDD).deflection==3250" t="L2_CDD_==3250", ctx="{'L2_CDD_': 0.0}"
GetDeflection L2 (CDD) ===>> 0
testing L2_CDD_==3250
evaluate ot="L2(CDD).deflection==3250" t="L2_CDD_==3250", ctx="{'L2_CDD_': 0.0}"
14:54:54 -- collecting point 75
GetDeflection L2 (CDD) ===>> 0
testing L2_CDD_==3250
evaluate ot="L2(CDD).deflection==3250" t="L2_CDD_==3250", ctx="{'L2_CDD_': 0.0}"
GetDeflection L2 (CDD) ===>> 0
testing L2_CDD_==3250
evaluate ot="L2(CDD).deflection==3250" t="L2_CDD_==3250", ctx="{'L2_CDD_': 0.0}"
14:55:20 -- collecting point 100
GetDeflection L2 (CDD) ===>> 0
testing L2_CDD_==3250
evaluate ot="L2(CDD).deflection==3250" t="L2_CDD_==3250", ctx="{'L2_CDD_': 0.0}"
GetDeflection L2 (CDD) ===>> 0
testing L2_CDD_==3250
evaluate ot="L2(CDD).deflection==3250" t="L2_CDD_==3250", ctx="{'L2_CDD_': 0.0}"
waiting for write to finish
measurement finished
estimated time: 125.829 actual time: :126.158
flush and close file /Users/obama/PychronDev/data/isotopes/6b/9bd383-8d1b-472e-9eae-98144c0909a7.h5
activate_detectors ('H2', 'AX', 'L2(CDD)') {'peak_center': True}
peak_center () {'detector': 'L2(CDD)', 'config_name': 'CDD_on_36', 'integration_time': 1.048576, 'isotope': 'Ar36'}
peak center: mean=1.76202234274 threshold=1.0
peak center started
setup peak center. detector=['L2(CDD)', 'H2', 'AX'], isotope=Ar36
VersionedUnpickler [<apptools.sweet_pickle.versioned_unpickler.VersionedUnpickler object at 0x13cef5f50>] using Updater [<apptools.sweet_pickle.updater.Updater object at 0x13e7bd590>]
VersionedUnpickler [<apptools.sweet_pickle.versioned_unpickler.VersionedUnpickler object at 0x13cef5f50>] using Updater [<apptools.sweet_pickle.updater.Updater object at 0x13e7bd590>]
setting integration time = 0.524288
SetIntegrationTime 0.524288 ===>> OK
Mapping mass to dac mass func: "discrete"
using discrete mass mapping
L2(CDD) map mass to dac 35.9675 >> 3.7677
GetDeflection L2 (CDD) ===>> 0
GetHighVoltage ===>> 9900
do peak center. <pychron.spectrometer.jobs.peak_center.PeakCenter object at 0x14aed6b30>
doing pc
starting peak center. center dac= 3.7677 step_width=3e-05
width = 3e-05
get scan parameters. half-width=0.001,window=0.001, i=0, scalar=1
Scan parameters center=3.76770 width=0.00200 (3.76670 - 3.76870)
Moving to starting dac 3.7667
setting magnet DAC
current  : 3.810080
requested: 3.766700
Delta Dac: 0.043380
Checking detector protection. dv=0.04338
SetMagnetDAC 3.7667 ===>> OK
Magnet settling time: 0.500 0.500
Magnet settling complete
set_dac. change=True
Wait until signal near baseline. tol= 0.0. timeout= 10
no intensity change cnt= 0
signals=[ 0.          0.          0.16767138 -0.13697853 -0.1049803  -0.20705289]
prev_signals=[ 0.          0.          0.16767138 -0.13697853 -0.1049803  -0.20705289]
resetting no_intensity_change_cnt
signals=[  1.22236421e-03   1.03394154e+00   1.65351553e+02   1.56829445e-01
  -1.04449232e-01   2.19771947e-03]
prev_signals=[ 0.          0.          0.16767138 -0.13697853 -0.1049803  -0.20705289]
Peak center failed to move to a baseline position
_do_sweep sm= 3.7667, em= 3.7687, stm= 3e-05
calculated step values: start=3.7667, end=3.7687, width=3e-05, nsteps=67.6666666667
setting magnet DAC
current  : 3.766700
requested: 3.766700
Delta Dac: 0.000000
Checking detector protection. dv=0.00000
set_dac. change=False
no intensity change cnt= 0
signals=[  0.00000000e+00   4.87409110e-02   5.17502110e+02   1.71384003e-01
   3.46166030e-01  -1.50990248e-01]
prev_signals=[  0.00000000e+00   4.87409110e-02   5.17502110e+02   1.71384003e-01
   3.46166030e-01  -1.50990248e-01]
setting magnet DAC
current  : 3.766700
requested: 3.766730
Delta Dac: 0.000030
Checking detector protection. dv=0.00003
Magnet settling time: 1.049 0.500
Magnet settling complete
set_dac. change=True
resetting no_intensity_change_cnt
signals=[  0.00000000e+00   6.70188983e-02   5.17899117e+02   3.42358655e-01
   2.28742587e-01   1.11632542e-01]
prev_signals=[  0.00000000e+00   4.87409110e-02   5.17502110e+02   1.71384003e-01
   3.46166030e-01  -1.50990248e-01]
setting magnet DAC
current  : 3.766730
requested: 3.766761
Delta Dac: 0.000030
Checking detector protection. dv=0.00003
Magnet settling time: 1.049 0.500
Magnet settling complete
set_dac. change=True
setting magnet DAC
current  : 3.766761
requested: 3.766791
Delta Dac: 0.000030
Checking detector protection. dv=0.00003
Magnet settling time: 1.049 0.500
Magnet settling complete
set_dac. change=True
setting magnet DAC
current  : 3.766791
requested: 3.766821
Delta Dac: 0.000030
Checking detector protection. dv=0.00003
Magnet settling time: 1.049 0.500
Magnet settling complete
set_dac. change=True
setting magnet DAC
current  : 3.766821
requested: 3.766852
Delta Dac: 0.000030
Checking detector protection. dv=0.00003
Magnet settling time: 1.049 0.500
Magnet settling complete
set_dac. change=True
setting magnet DAC
current  : 3.766852
requested: 3.766882
Delta Dac: 0.000030
Checking detector protection. dv=0.00003
Magnet settling time: 1.049 0.500
Magnet settling complete
set_dac. change=True
setting magnet DAC
current  : 3.766882
requested: 3.766912
Delta Dac: 0.000030
Checking detector protection. dv=0.00003
Magnet settling time: 1.049 0.500
Magnet settling complete
set_dac. change=True
setting magnet DAC
current  : 3.766912
requested: 3.766942
Delta Dac: 0.000030
Checking detector protection. dv=0.00003
Magnet settling time: 1.049 0.500
Magnet settling complete
set_dac. change=True
setting magnet DAC
current  : 3.766942
requested: 3.766973
Delta Dac: 0.000030
Checking detector protection. dv=0.00003
Magnet settling time: 1.049 0.500
Magnet settling complete
set_dac. change=True
setting magnet DAC
current  : 3.766973
requested: 3.767003
Delta Dac: 0.000030
Checking detector protection. dv=0.00003
Magnet settling time: 1.049 0.500
Magnet settling complete
set_dac. change=True
setting magnet DAC
current  : 3.767003
requested: 3.767033
Delta Dac: 0.000030
Checking detector protection. dv=0.00003
Magnet settling time: 1.049 0.500
Magnet settling complete
set_dac. change=True
setting magnet DAC
current  : 3.767033
requested: 3.767064
Delta Dac: 0.000030
Checking detector protection. dv=0.00003
Magnet settling time: 1.049 0.500
Magnet settling complete
set_dac. change=True
setting magnet DAC
current  : 3.767064
requested: 3.767094
Delta Dac: 0.000030
Checking detector protection. dv=0.00003
Magnet settling time: 1.049 0.500
Magnet settling complete
set_dac. change=True
setting magnet DAC
current  : 3.767094
requested: 3.767124
Delta Dac: 0.000030
Checking detector protection. dv=0.00003
Magnet settling time: 1.049 0.500
Magnet settling complete
set_dac. change=True
setting magnet DAC
current  : 3.767124
requested: 3.767155
Delta Dac: 0.000030
Checking detector protection. dv=0.00003
Magnet settling time: 1.049 0.500
Magnet settling complete
set_dac. change=True
setting magnet DAC
current  : 3.767155
requested: 3.767185
Delta Dac: 0.000030
Checking detector protection. dv=0.00003
Magnet settling time: 1.049 0.500
Magnet settling complete
set_dac. change=True
setting magnet DAC
current  : 3.767185
requested: 3.767215
Delta Dac: 0.000030
Checking detector protection. dv=0.00003
Magnet settling time: 1.049 0.500
Magnet settling complete
set_dac. change=True
setting magnet DAC
current  : 3.767215
requested: 3.767245
Delta Dac: 0.000030
Checking detector protection. dv=0.00003
Magnet settling time: 1.049 0.500
Magnet settling complete
set_dac. change=True
setting magnet DAC
current  : 3.767245
requested: 3.767276
Delta Dac: 0.000030
Checking detector protection. dv=0.00003
Magnet settling time: 1.049 0.500
Magnet settling complete
set_dac. change=True
setting magnet DAC
current  : 3.767276
requested: 3.767306
Delta Dac: 0.000030
Checking detector protection. dv=0.00003
Magnet settling time: 1.049 0.500
Magnet settling complete
set_dac. change=True
setting magnet DAC
current  : 3.767306
requested: 3.767336
Delta Dac: 0.000030
Checking detector protection. dv=0.00003
Magnet settling time: 1.049 0.500
Magnet settling complete
set_dac. change=True
setting magnet DAC
current  : 3.767336
requested: 3.767367
Delta Dac: 0.000030
Checking detector protection. dv=0.00003
Magnet settling time: 1.049 0.500
Magnet settling complete
set_dac. change=True
setting magnet DAC
current  : 3.767367
requested: 3.767397
Delta Dac: 0.000030
Checking detector protection. dv=0.00003
Magnet settling time: 1.049 0.500
Magnet settling complete
set_dac. change=True
setting magnet DAC
current  : 3.767397
requested: 3.767427
Delta Dac: 0.000030
Checking detector protection. dv=0.00003
Magnet settling time: 1.049 0.500
Magnet settling complete
set_dac. change=True
setting magnet DAC
current  : 3.767427
requested: 3.767458
Delta Dac: 0.000030
Checking detector protection. dv=0.00003
Magnet settling time: 1.049 0.500
Magnet settling complete
set_dac. change=True
setting magnet DAC
current  : 3.767458
requested: 3.767488
Delta Dac: 0.000030
Checking detector protection. dv=0.00003
Magnet settling time: 1.049 0.500
Magnet settling complete
set_dac. change=True
setting magnet DAC
current  : 3.767488
requested: 3.767518
Delta Dac: 0.000030
Checking detector protection. dv=0.00003
Magnet settling time: 1.049 0.500
Magnet settling complete
set_dac. change=True
setting magnet DAC
current  : 3.767518
requested: 3.767548
Delta Dac: 0.000030
Checking detector protection. dv=0.00003
Magnet settling time: 1.049 0.500
Magnet settling complete
set_dac. change=True
setting magnet DAC
current  : 3.767548
requested: 3.767579
Delta Dac: 0.000030
Checking detector protection. dv=0.00003
Magnet settling time: 1.049 0.500
Magnet settling complete
set_dac. change=True
setting magnet DAC
current  : 3.767579
requested: 3.767609
Delta Dac: 0.000030
Checking detector protection. dv=0.00003
Magnet settling time: 1.049 0.500
Magnet settling complete
set_dac. change=True
setting magnet DAC
current  : 3.767609
requested: 3.767639
Delta Dac: 0.000030
Checking detector protection. dv=0.00003
Magnet settling time: 1.049 0.500
Magnet settling complete
set_dac. change=True
setting magnet DAC
current  : 3.767639
requested: 3.767670
Delta Dac: 0.000030
Checking detector protection. dv=0.00003
Magnet settling time: 1.049 0.500
Magnet settling complete
set_dac. change=True
setting magnet DAC
current  : 3.767670
requested: 3.767700
Delta Dac: 0.000030
Checking detector protection. dv=0.00003
Magnet settling time: 1.049 0.500
Magnet settling complete
set_dac. change=True
setting magnet DAC
current  : 3.767700
requested: 3.767730
Delta Dac: 0.000030
Checking detector protection. dv=0.00003
Magnet settling time: 1.049 0.500
Magnet settling complete
set_dac. change=True
setting magnet DAC
current  : 3.767730
requested: 3.767761
Delta Dac: 0.000030
Checking detector protection. dv=0.00003
Magnet settling time: 1.049 0.500
Magnet settling complete
set_dac. change=True
setting magnet DAC
current  : 3.767761
requested: 3.767791
Delta Dac: 0.000030
Checking detector protection. dv=0.00003
Magnet settling time: 1.049 0.500
Magnet settling complete
set_dac. change=True
setting magnet DAC
current  : 3.767791
requested: 3.767821
Delta Dac: 0.000030
Checking detector protection. dv=0.00003
Magnet settling time: 1.049 0.500
Magnet settling complete
set_dac. change=True
setting magnet DAC
current  : 3.767821
requested: 3.767852
Delta Dac: 0.000030
Checking detector protection. dv=0.00003
Magnet settling time: 1.049 0.500
Magnet settling complete
set_dac. change=True
setting magnet DAC
current  : 3.767852
requested: 3.767882
Delta Dac: 0.000030
Checking detector protection. dv=0.00003
Magnet settling time: 1.049 0.500
Magnet settling complete
set_dac. change=True
setting magnet DAC
current  : 3.767882
requested: 3.767912
Delta Dac: 0.000030
Checking detector protection. dv=0.00003
Magnet settling time: 1.049 0.500
Magnet settling complete
set_dac. change=True
setting magnet DAC
current  : 3.767912
requested: 3.767942
Delta Dac: 0.000030
Checking detector protection. dv=0.00003
Magnet settling time: 1.049 0.500
Magnet settling complete
set_dac. change=True
setting magnet DAC
current  : 3.767942
requested: 3.767973
Delta Dac: 0.000030
Checking detector protection. dv=0.00003
Magnet settling time: 1.049 0.500
Magnet settling complete
set_dac. change=True
setting magnet DAC
current  : 3.767973
requested: 3.768003
Delta Dac: 0.000030
Checking detector protection. dv=0.00003
Magnet settling time: 1.049 0.500
Magnet settling complete
set_dac. change=True
setting magnet DAC
current  : 3.768003
requested: 3.768033
Delta Dac: 0.000030
Checking detector protection. dv=0.00003
Magnet settling time: 1.049 0.500
Magnet settling complete
set_dac. change=True
setting magnet DAC
current  : 3.768033
requested: 3.768064
Delta Dac: 0.000030
Checking detector protection. dv=0.00003
Magnet settling time: 1.049 0.500
Magnet settling complete
set_dac. change=True
setting magnet DAC
current  : 3.768064
requested: 3.768094
Delta Dac: 0.000030
Checking detector protection. dv=0.00003
Magnet settling time: 1.049 0.500
Magnet settling complete
set_dac. change=True
setting magnet DAC
current  : 3.768094
requested: 3.768124
Delta Dac: 0.000030
Checking detector protection. dv=0.00003
Magnet settling time: 1.049 0.500
Magnet settling complete
set_dac. change=True
setting magnet DAC
current  : 3.768124
requested: 3.768155
Delta Dac: 0.000030
Checking detector protection. dv=0.00003
Magnet settling time: 1.049 0.500
Magnet settling complete
set_dac. change=True
setting magnet DAC
current  : 3.768155
requested: 3.768185
Delta Dac: 0.000030
Checking detector protection. dv=0.00003
Magnet settling time: 1.049 0.500
Magnet settling complete
set_dac. change=True
setting magnet DAC
current  : 3.768185
requested: 3.768215
Delta Dac: 0.000030
Checking detector protection. dv=0.00003
Magnet settling time: 1.049 0.500
Magnet settling complete
set_dac. change=True
setting magnet DAC
current  : 3.768215
requested: 3.768245
Delta Dac: 0.000030
Checking detector protection. dv=0.00003
Magnet settling time: 1.049 0.500
Magnet settling complete
set_dac. change=True
setting magnet DAC
current  : 3.768245
requested: 3.768276
Delta Dac: 0.000030
Checking detector protection. dv=0.00003
Magnet settling time: 1.049 0.500
Magnet settling complete
set_dac. change=True
setting magnet DAC
current  : 3.768276
requested: 3.768306
Delta Dac: 0.000030
Checking detector protection. dv=0.00003
Magnet settling time: 1.049 0.500
Magnet settling complete
set_dac. change=True
setting magnet DAC
current  : 3.768306
requested: 3.768336
Delta Dac: 0.000030
Checking detector protection. dv=0.00003
Magnet settling time: 1.049 0.500
Magnet settling complete
set_dac. change=True
setting magnet DAC
current  : 3.768336
requested: 3.768367
Delta Dac: 0.000030
Checking detector protection. dv=0.00003
Magnet settling time: 1.049 0.500
Magnet settling complete
set_dac. change=True
setting magnet DAC
current  : 3.768367
requested: 3.768397
Delta Dac: 0.000030
Checking detector protection. dv=0.00003
Magnet settling time: 1.049 0.500
Magnet settling complete
set_dac. change=True
setting magnet DAC
current  : 3.768397
requested: 3.768427
Delta Dac: 0.000030
Checking detector protection. dv=0.00003
Magnet settling time: 1.049 0.500
Magnet settling complete
set_dac. change=True
setting magnet DAC
current  : 3.768427
requested: 3.768458
Delta Dac: 0.000030
Checking detector protection. dv=0.00003
Magnet settling time: 1.049 0.500
Magnet settling complete
set_dac. change=True
setting magnet DAC
current  : 3.768458
requested: 3.768488
Delta Dac: 0.000030
Checking detector protection. dv=0.00003
Magnet settling time: 1.049 0.500
Magnet settling complete
set_dac. change=True
setting magnet DAC
current  : 3.768488
requested: 3.768518
Delta Dac: 0.000030
Checking detector protection. dv=0.00003
Magnet settling time: 1.049 0.500
Magnet settling complete
set_dac. change=True
setting magnet DAC
current  : 3.768518
requested: 3.768548
Delta Dac: 0.000030
Checking detector protection. dv=0.00003
Magnet settling time: 1.049 0.500
Magnet settling complete
set_dac. change=True
setting magnet DAC
current  : 3.768548
requested: 3.768579
Delta Dac: 0.000030
Checking detector protection. dv=0.00003
Magnet settling time: 1.049 0.500
Magnet settling complete
set_dac. change=True
setting magnet DAC
current  : 3.768579
requested: 3.768609
Delta Dac: 0.000030
Checking detector protection. dv=0.00003
Magnet settling time: 1.049 0.500
Magnet settling complete
set_dac. change=True
setting magnet DAC
current  : 3.768609
requested: 3.768639
Delta Dac: 0.000030
Checking detector protection. dv=0.00003
Magnet settling time: 1.049 0.500
Magnet settling complete
set_dac. change=True
setting magnet DAC
current  : 3.768639
requested: 3.768670
Delta Dac: 0.000030
Checking detector protection. dv=0.00003
Magnet settling time: 1.049 0.500
Magnet settling complete
set_dac. change=True
setting magnet DAC
current  : 3.768670
requested: 3.768700
Delta Dac: 0.000030
Checking detector protection. dv=0.00003
Magnet settling time: 1.049 0.500
Magnet settling complete
set_dac. change=True
result of _do_sweep=True
result of _calculate_peak_center=([3.7672591182364732, 3.7676799599198398, 3.7681008016032065], [1.31192161093337, 1.7663928333901571, 1.3153842222000138], 3.7677741482965934, 1.7663928333901571)
Failed to find a valid peak. peak not well centered, len(x)=500, len(y)=500, i=499
Failed to find a valid peak. No peak greater than 0.5. max = 0.346166029535
new center pos Detector(L2(CDD)) (Ar36) @ 3.76767995992
GetHighVoltage ===>> 9900
GetDeflection L2 (CDD) ===>> 0
dac uncorrected for HV and deflection 3.76767995992
update mftable L2(CDD) Ar36 3.76767995992 message=automated run peakcenter
get initial guess discrete
get initial guess discrete
get initial guess discrete
dump mftable to /Users/obama/PychronDev/setupfiles/spectrometer/mftables/argon_2CDD.csv
add to repo msg=modified - automated run peakcenter
Popen(['git', 'cat-file', '--batch-check'], cwd=/Users/obama/PychronDev/setupfiles/spectrometer/felix_mftable_archive, universal_newlines=False, shell=None)
Popen(['git', 'cat-file', '--batch'], cwd=/Users/obama/PychronDev/setupfiles/spectrometer/felix_mftable_archive, universal_newlines=False, shell=None)
locally archiving mftable
sweep finished
setting magnet DAC
current  : 3.768700
requested: 3.767680
Delta Dac: 0.001020
Checking detector protection. dv=0.00102
SetMagnetDAC 3.76767995992 ===>> OK
Magnet settling time: 0.500 0.500
Magnet settling complete
set_dac. change=True
setting integration time = 1.048576
SetIntegrationTime 1.048576 ===>> OK
Failed to find a valid peak. peak not well centered, len(x)=500, len(y)=500, i=499
Failed to find a valid peak. No peak greater than 0.5. max = 0.346166029535
flush and close file /Users/obama/PychronDev/data/isotopes/6b/9bd383-8d1b-472e-9eae-98144c0909a7.h5
finished measure script
executed snippet estimated_duration=155.4, duration=658.35263896
felix_peak_hop_argon_2CDD_CDD_center.py completed successfully
Measurement Finished
14:57:07 -- ******* Measurement Finished *******
Post Measurement Started felix_pump_ms.py
14:57:07 -- ******* Post Measurement Started felix_pump_ms.py *******
testing...
no interpolation path defined
executed snippet estimated_duration=0, duration=2.47955322266e-05
Pumping spectrometer
open () {'name': 'V'}
open name=V desc=---
checking ownership. requestor=192.168.2.137
check software interlocks V
interlocks []
actuate state mode=None-script, software_lock=False
doing actuation None-script open_channel True
Open V ===>> OK
GetIndicatorState V ===>> OK
change switch state (True, True)
14:57:08 -- OPEN   VALVE-V (Felix Ion Pump)
-------------------------- open V () result=[(True, True)]
action=open, ok=True, locked=[False]
executed snippet estimated_duration=0, duration=0.435883045197
felix_pump_ms.py completed successfully
setting _ms_pumptime
Post Measurement Finished
14:57:08 -- ******* Post Measurement Finished *******
$$$$$$$$$$$$$$$$$$$$ state at run end measurement
state changed from measurement to success
post measurement save measured=True aborted=False
Set filtering
setting fod for Ar40= {'filter_outliers': True, 'std_devs': 2, 'iterations': 2}
setting fod for H2= {'filter_outliers': True, 'std_devs': 2, 'iterations': 1}
setting fod for Ar38= {'filter_outliers': True, 'std_devs': 2, 'iterations': 2}
setting fod for AX= {'filter_outliers': True, 'std_devs': 2, 'iterations': 1}
setting fod for Ar36= {'filter_outliers': True, 'std_devs': 2, 'iterations': 2}
setting fod for L2(CDD)= {'filter_outliers': True, 'std_devs': 2, 'iterations': 1}
setting fod for Ar37= {'filter_outliers': True, 'std_devs': 2, 'iterations': 2}
setting fod for L1= {'filter_outliers': True, 'std_devs': 2, 'iterations': 1}
setting fod for Ar38= {'filter_outliers': True, 'std_devs': 2, 'iterations': 2}
setting fod for AX(CDD)= {'filter_outliers': True, 'std_devs': 2, 'iterations': 1}
setting fod for Ar39= {'filter_outliers': True, 'std_devs': 2, 'iterations': 2}
setting fod for H1= {'filter_outliers': True, 'std_devs': 2, 'iterations': 1}
not connected to db mysql://felixexp@129.138.12.160/labspy
Enviromentals: {'lab_humiditys': [{'device': 'EnvironmentalMonitor',
                    'name': 'Lab Hum.',
                    'pub_date': '2017-10-23T14:43:38',
                    'title': 'iServer Hum.',
                    'value': 22.8}],
 'lab_pneumatics': [{'device': 'AirPressure',
                     'name': 'Pressure',
                     'pub_date': '2017-10-23T14:55:39',
                     'title': None,
                     'value': 95.625},
                    {'device': 'AirPressure2',
                     'name': 'Pressure2',
                     'pub_date': '2017-10-23T14:55:43',
                     'title': None,
                     'value': 97.06294}],
 'lab_temperatures': [{'device': 'Coldfinger',
                       'name': 'ColdFinger Temp.',
                       'pub_date': '2017-10-23T14:53:43',
                       'title': None,
                       'value': 72.0},
                      {'device': 'EnvironmentalMonitor',
                       'name': 'Lab Temp.',
                       'pub_date': '2017-10-23T14:40:36',
                       'title': 'iServer Temp.',
                       'value': 74.1},
                      {'device': 'Chiller',
                       'name': 'Coolant Temp.',
                       'pub_date': '2017-10-23T14:44:10',
                       'title': None,
                       'value': 18.0}]}
persistence save...
persistence save - db
post measurement save
5373169584 connecting to database sqlite://@/
connected to db sqlite://@/
create new session 5373169584
close session 5373169584
No database instance. Not saving post measurement to isotopedb database
$$$$$$$$$$$$$$$ auto_save_detector_ic=False
massspec enabled True
create new session 4901580048
MassSpec Database Version: 16.0
close session 4901580048
saving post measurement to secondary database
saving to massspec database 129.138.12.160/massspecdata
setting labnumber to a-01-F
setting aliquot to 2594
setting step to 
setting uuid to 6b9bd383-8d1b-472e-9eae-98144c0909a7
setting irradpos to a-01-F
setting extract_device to Extract Device
setting tray to ---
setting position to 
setting power_requested to 0.0
setting extract_value to 0.0
setting duration to 0.0
setting duration_at_request to 0.0
setting first_stage_delay to 0.0
setting cleanup to 0.0
setting comment to 
setting irradiation to NoIrradiation
setting level to A
setting irradiation_level to A
setting sample to air
setting material to Gas
setting project to REFERENCES
setting mass_spectrometer to Felix
no attribute chron_dosages
no attribute production_ratios
no attribute interference_corrections
no attribute production_name
no attribute j
Reference Isotope=Ar40
Reference Detector=H2
%%%%%%%%%%%%%%%%%%%% Comment:  %%%%%%%%%%%%%%%%%%%
adding isotope Ar40 H2
add baseline dbdet= Ar40. original det= H2
get baseline data Ar40 H2
Get data baseline <pychron.processing.isotope.Baseline object at 0x13ff64f90> len t=120
baseline Ar40. v=-0.00236791102671, e=0.00949078137371
get signal data Ar40 H2
Get data signal Ar40 563.76+/-0.09 len t=100
adding isotope Ar39 H1
add baseline dbdet= Ar39. original det= H1
get baseline data Ar39 H1
Get data baseline <pychron.processing.isotope.Baseline object at 0x13ff59b90> len t=120
baseline Ar39. v=-0.0412444634618, e=0.009800074514
get signal data Ar39 H1
Get data signal Ar39 0.19+/-0.04 len t=100
adding isotope Ar38 AX
add baseline dbdet= Ar38. original det= AX
get baseline data Ar38 AX
Get data baseline Ar38 len t=1
baseline Ar38. v=0.0, e=0.0
get signal data Ar38 AX
Get data signal Ar38 len t=1
no key Ar38 ['Ar40', 'Ar36', 'Ar37', 'Ar38AX', 'Ar38AX(CDD)', 'Ar39']
no blank for Ar38 ['Ar40', 'Ar36', 'Ar37', 'Ar38AX', 'Ar38AX(CDD)', 'Ar39']
adding isotope Ar38 AX(CDD)
add baseline dbdet= Ar38. original det= AX(CDD)
get baseline data Ar38 AX(CDD)
Get data baseline Ar38 len t=1
baseline Ar38. v=0.0, e=0.0
get signal data Ar38 AX(CDD)
Get data signal Ar38 len t=1
no key Ar38 ['Ar40', 'Ar36', 'Ar37', 'Ar38AX', 'Ar38AX(CDD)', 'Ar39']
no blank for Ar38 ['Ar40', 'Ar36', 'Ar37', 'Ar38AX', 'Ar38AX(CDD)', 'Ar39']
adding isotope Ar37 L1
add baseline dbdet= Ar37. original det= L1
get baseline data Ar37 L1
Get data baseline <pychron.processing.isotope.Baseline object at 0x13f951d90> len t=120
baseline Ar37. v=-0.166628884494, e=0.00994521129808
get signal data Ar37 L1
Get data signal Ar37 0.024+/-0.020 len t=100
adding isotope Ar36 L2(CDD)
add baseline dbdet= Ar36. original det= L2(CDD)
get baseline data Ar36 L2(CDD)
Get data baseline <pychron.processing.isotope.Baseline object at 0x13f951bd0> len t=120
baseline Ar36. v=0.0, e=0.0
get signal data Ar36 L2(CDD)
Get data signal Ar36 1.866+/-0.006 len t=100
a-01-F-2594 added analysis time 0.594357013702s
analysis added to mass spec database
mass spec save time= 0.603
persistence save - dvc
================= post measurement started
create new session 5042419280
close session 5042419280
add to repo msg=modified - felix_peak_hop_argon_2CDD_CDD_center.py
cannot update text with no name. tag=scripts/felix name=
add to repo msg=modified - felix_pump_ms.py
add to repo msg=modified - felix_pump_extraction_line.py
---------------- Experiment Queue saving disabled
Popen(['git', 'cat-file', '--batch-check'], cwd=/Users/obama/PychronDev/data/.dvc/MetaData, universal_newlines=False, shell=None)
DVC saving peakcenter
Failed to find a valid peak. peak not well centered, len(x)=500, len(y)=500, i=499
Failed to find a valid peak. No peak greater than 0.5. max = 0.346166029535
ahead behind
Popen(['git', 'fetch', 'origin'], cwd=/Users/obama/PychronDev/data/.dvc/repositories/FractionatedRes, universal_newlines=False, shell=None)
Popen(['git', 'status', '-sb'], cwd=/Users/obama/PychronDev/data/.dvc/repositories/FractionatedRes, universal_newlines=False, shell=None)
Smart pull ahead: 0 behind: 0
Up-to-date with origin
add to repo msg=modified - 0155fa6cc151036cb60f80cfea075a992e1eec24.json
add to repo msg=modified - -F-2594.json
add to repo msg=modified - -F-2594.dat.json
not at valid file /Users/obama/PychronDev/data/.dvc/repositories/FractionatedRes/a-01/tags/-F-2594.tags.json
add to repo msg=modified - -F-2594.peak.json
not at valid file /Users/obama/PychronDev/data/.dvc/repositories/FractionatedRes/a-01/extraction/-F-2594.extr.json
not at valid file /Users/obama/PychronDev/data/.dvc/repositories/FractionatedRes/a-01/monitor/-F-2594.moni.json
commit message=<COLLECTION>
Popen(['git', 'cat-file', '--batch-check'], cwd=/Users/obama/PychronDev/data/.dvc/repositories/FractionatedRes, universal_newlines=False, shell=None)
Popen(['git', 'cat-file', '--batch'], cwd=/Users/obama/PychronDev/data/.dvc/repositories/FractionatedRes, universal_newlines=False, shell=None)
add to repo msg=modified - -F-2594.inte.json
add to repo msg=modified - -F-2594.base.json
commit message=<ISOEVO> default collection fits
add to repo msg=modified - -F-2594.blan.json
commit message=<BLANKS> preceding 
add to repo msg=modified - -F-2594.icfa.json
commit message=<ICFactor> default
push repository <pychron.git_archive.repo_manager.GitRepoManager object at 0x129d82110>
pushing to remote=origin, url=https://github.com
Popen(['git', 'push', 'origin', 'master'], cwd=/Users/obama/PychronDev/data/.dvc/repositories/FractionatedRes, universal_newlines=False, shell=None)
ahead behind
Popen(['git', 'fetch', 'origin'], cwd=/Users/obama/PychronDev/data/.dvc/MetaData, universal_newlines=False, shell=None)
Popen(['git', 'status', '-sb'], cwd=/Users/obama/PychronDev/data/.dvc/MetaData, universal_newlines=False, shell=None)
Smart pull ahead: 0 behind: 0
Up-to-date with origin
Popen(['git', 'diff', 'HEAD', '--name-only'], cwd=/Users/obama/PychronDev/data/.dvc/MetaData, universal_newlines=False, shell=None)
no changes to meta repo
Popen(['git', 'push', 'origin', 'master'], cwd=/Users/obama/PychronDev/data/.dvc/MetaData, universal_newlines=False, shell=None)
create new session 5042419280
add association FractionatedRes
get identifier "a-01-F"
setting analysis irradiation position=<pychron.dvc.dvc_orm.IrradiationPositionTbl object at 0x13ff59c90>
close session 5042419280
================= post measurement finished
14:57:18 -- ******* Post Run Check *******
loading queue conditionals post_run_actions
loading system conditionals post_run_actions
loading conditionals from /Users/obama/PychronDev/setupfiles/spectrometer/default_conditionals.yaml
loading queue conditionals post_run_terminations
loading system conditionals post_run_terminations
loading conditionals from /Users/obama/PychronDev/setupfiles/spectrometer/default_conditionals.yaml
Checking default post run terminations n=1
GetDeflection L2 (CDD) ===>> 0
testing L2_CDD_==3250
evaluate ot="L2(CDD).deflection==3250" t="L2_CDD_==3250", ctx="{'L2_CDD_': 0.0}"
14:57:18 -- ******* Post Run Check Passed *******
14:57:18 -- Automated run a-01-F-2594 success duration: 678.138 s
----------------- finish -----------------
----------------- stop -----------------
retroactive repository identifiers disabled
finish run. runs completed=1
update duration runid=a-01-F-2594, duration=678.137592077, md5=cdbb3bd9
loading script "felix_peak_hop_argon_2CDD_CDD_center.py"
loading script "felix_pump_ms.py"
loading script "felix_air_x5.py"
loading script "felix_pump_extraction_line.py"
testing...
no interpolation path defined
executed snippet estimated_duration=139.8, duration=0.0150399208069
script duration name:peak_hop_argon_2CDD_CDD_center seconds:140.0
loading script "felix_peak_hop_argon_2CDD_CDD_center.py"
loading script "felix_pump_ms.py"
loading script "felix_air_x5.py"
loading script "felix_pump_extraction_line.py"
testing...
no interpolation path defined
executed snippet estimated_duration=0, duration=2.88486480713e-05
loading script "felix_peak_hop_argon_2CDD_CDD_center.py"
loading script "felix_pump_ms.py"
loading script "felix_air_x5.py"
loading script "felix_pump_extraction_line.py"
testing...
no interpolation path defined
calculate duration
testing...
no interpolation path defined
executed snippet estimated_duration=0, duration=5.60283660889e-05
calculate duration
testing...
no interpolation path defined
executed snippet estimated_duration=0, duration=0.000112056732178
calculate duration
testing...
no interpolation path defined
executed snippet estimated_duration=32.0, duration=0.000104904174805
calculate duration
testing...
no interpolation path defined
executed snippet estimated_duration=34.0, duration=0.000111103057861
calculate duration
testing...
no interpolation path defined
executed snippet estimated_duration=2.0, duration=0.000380992889404
calculate duration
testing...
no interpolation path defined
executed snippet estimated_duration=34.0, duration=7.39097595215e-05
calculate duration
testing...
no interpolation path defined
executed snippet estimated_duration=34.0, duration=9.10758972168e-05
calculate duration
testing...
no interpolation path defined
executed snippet estimated_duration=34.0, duration=8.48770141602e-05
calculate duration
testing...
no interpolation path defined
executed snippet estimated_duration=34.0, duration=0.000105857849121
calculate duration
testing...
no interpolation path defined
executed snippet estimated_duration=34.0, duration=7.70092010498e-05
calculate duration
testing...
no interpolation path defined
executed snippet estimated_duration=34.0, duration=9.98973846436e-05
calculate duration
testing...
no interpolation path defined
executed snippet estimated_duration=34.0, duration=6.29425048828e-05
calculate duration
testing...
no interpolation path defined
executed snippet estimated_duration=34.0, duration=0.000103950500488
calculate duration
testing...
no interpolation path defined
executed snippet estimated_duration=34.0, duration=7.5101852417e-05
executed snippet estimated_duration=384.0, duration=0.0455179214478
script duration name:air_x5 seconds:384.0
loading script "felix_peak_hop_argon_2CDD_CDD_center.py"
loading script "felix_pump_ms.py"
loading script "felix_air_x5.py"
loading script "felix_pump_extraction_line.py"
testing...
no interpolation path defined
calculate duration
testing...
no interpolation path defined
executed snippet estimated_duration=4.0, duration=0.000168800354004
executed snippet estimated_duration=4.0, duration=0.00548410415649
Script duration 524.0
Run total estimated duration= 525.000
peak_hop_argon_2CDD_CDD_center in script context. using previous estimated duration
script duration name:peak_hop_argon_2CDD_CDD_center seconds:140.0
pump_ms in script context. using previous estimated duration
air_x5 in script context. using previous estimated duration
script duration name:air_x5 seconds:384.0
pump_extraction_line in script context. using previous estimated duration
Script duration 524.0
Run total estimated duration= 525.000
script duration name:peak_hop_argon_2CDD_CDD_center seconds:140.0
script duration name:air_x5 seconds:384.0
Script duration 524.0
Run total estimated duration= 525.000
script duration name:peak_hop_argon_2CDD_CDD_center seconds:140.0
script duration name:air_x5 seconds:384.0
Script duration 524.0
Run total estimated duration= 525.000
script duration name:peak_hop_argon_2CDD_CDD_center seconds:140.0
script duration name:air_x5 seconds:384.0
Script duration 524.0
Run total estimated duration= 525.000
script duration name:peak_hop_argon_2CDD_CDD_center seconds:140.0
script duration name:air_x5 seconds:384.0
Script duration 524.0
Run total estimated duration= 525.000
script duration name:peak_hop_argon_2CDD_CDD_center seconds:140.0
script duration name:air_x5 seconds:384.0
Script duration 524.0
Run total estimated duration= 525.000
script duration name:peak_hop_argon_2CDD_CDD_center seconds:140.0
script duration name:air_x5 seconds:384.0
Script duration 524.0
Run total estimated duration= 525.000
script duration name:peak_hop_argon_2CDD_CDD_center seconds:140.0
script duration name:air_x5 seconds:384.0
Script duration 524.0
Run total estimated duration= 525.000
script duration name:peak_hop_argon_2CDD_CDD_center seconds:140.0
script duration name:air_x5 seconds:384.0
Script duration 524.0
Run total estimated duration= 525.000
script duration name:peak_hop_argon_2CDD_CDD_center seconds:140.0
script duration name:air_x5 seconds:384.0
Script duration 524.0
Run total estimated duration= 525.000
script duration name:peak_hop_argon_2CDD_CDD_center seconds:140.0
script duration name:air_x5 seconds:384.0
Script duration 524.0
Run total estimated duration= 525.000
script duration name:peak_hop_argon_2CDD_CDD_center seconds:140.0
script duration name:air_x5 seconds:384.0
Script duration 524.0
Run total estimated duration= 525.000
script duration name:peak_hop_argon_2CDD_CDD_center seconds:140.0
script duration name:air_x5 seconds:384.0
Script duration 524.0
Run total estimated duration= 525.000
script duration name:peak_hop_argon_2CDD_CDD_center seconds:140.0
script duration name:air_x5 seconds:384.0
Script duration 524.0
Run total estimated duration= 525.000
script duration name:peak_hop_argon_2CDD_CDD_center seconds:140.0
script duration name:air_x5 seconds:384.0
Script duration 524.0
Run total estimated duration= 525.000
script duration name:peak_hop_argon_2CDD_CDD_center seconds:140.0
script duration name:air_x5 seconds:384.0
Script duration 524.0
Run total estimated duration= 525.000
script duration name:peak_hop_argon_2CDD_CDD_center seconds:140.0
script duration name:air_x5 seconds:384.0
Script duration 524.0
Run total estimated duration= 525.000
script duration name:peak_hop_argon_2CDD_CDD_center seconds:140.0
script duration name:air_x5 seconds:384.0
Script duration 524.0
Run total estimated duration= 525.000
script duration name:peak_hop_argon_2CDD_CDD_center seconds:140.0
script duration name:air_x5 seconds:384.0
Script duration 524.0
Run total estimated duration= 525.000
nruns=20 before=5.0, run_dur=10500.0, btw=19.0
write rem/ex queues
/Users/obama/PychronDev/experiments/rem/Argon2CDD_38AX.rem.txt
/Users/obama/PychronDev/experiments/rem/Argon2CDD_38AX.ex.txt
doing event level: 3
add run
