do run
loading script "felix_peak_hop_argon_2CDD_CDD_center.py"
loading script "felix_pump_ms.py"
loading script "felix_pump_extraction_line.py"
testing...
no interpolation path defined
executed snippet estimated_duration=139.8, duration=0.0105230808258
script duration name:peak_hop_argon_2CDD_CDD_center seconds:140.0
loading script "felix_peak_hop_argon_2CDD_CDD_center.py"
loading script "felix_pump_ms.py"
loading script "felix_pump_extraction_line.py"
testing...
no interpolation path defined
executed snippet estimated_duration=0, duration=1.78813934326e-05
loading script "felix_peak_hop_argon_2CDD_CDD_center.py"
loading script "felix_pump_ms.py"
loading script "felix_pump_extraction_line.py"
loading script "felix_peak_hop_argon_2CDD_CDD_center.py"
loading script "felix_pump_ms.py"
loading script "felix_pump_extraction_line.py"
testing...
no interpolation path defined
calculate duration
testing...
no interpolation path defined
executed snippet estimated_duration=4.0, duration=0.000128984451294
executed snippet estimated_duration=4.0, duration=0.000993967056274
Script duration 140.0
Run total estimated duration= 141.000
run duration: 0:02:21
doing event level: 2
14:01:04 -- Setting default integration. t=1.048576
setting integration time = 1.048576
SetIntegrationTime 1.048576 ===>> OK
----------------- start -----------------
**************** Experiment Type: Ar/Ar, Ar/Ar
close session 5056658608
$$$$$ Clearing conditionals
adding conditionals 
Add queue conditionals
add default conditionals
adding default conditionals from /Users/obama/PychronDev/setupfiles/spectrometer/default_conditionals.yaml
Start automated run a-01-F-2573
loading script "felix_peak_hop_argon_2CDD_CDD_center.py"
loading script "felix_pump_ms.py"
loading script "felix_pump_extraction_line.py"
%%%%%%%%%%%%%%%%%% setting automated run a-01-F-2573
$$$$$$$$$$$$$$$ auto_save_detector_ic=False
============================= Pre Extraction Check =============================
loading queue conditionals pre_run_terminations
loading system conditionals pre_run_terminations
loading conditionals from /Users/obama/PychronDev/setupfiles/spectrometer/default_conditionals.yaml
14:01:04 -- ******* Pre Extraction Check *******
Get a measurement from the spectrometer
Pre Extraction Termination data. keys=AX(CDD),L2(CDD),H2,H1,AX,L1, signals=0.00000,1.03859,311.54377,0.22777,0.09466,-0.16336
14:01:04 -- testing system defined conditionals
Checking default pre extraction terminations n=2
testing L2_CDD_
evaluate ot="L2(CDD).inactive" t="L2_CDD_", ctx="{'L2_CDD_': False}"
GetDeflection L2 (CDD) ===>> 0
testing L2_CDD_==3250
evaluate ot="L2(CDD).deflection==3250" t="L2_CDD_==3250", ctx="{'L2_CDD_': 0.0}"
14:01:05 -- ******* Pre Extraction Check Passed *******
=================================================================================
14:01:05 -- stopping status monitor. block=True
stop 5032563536
Status monitor stopped
14:01:09 -- starting status monitor
start 5032563536
StatusMonitor period=3. Frequencies(state=1, checksum=3, lock=5, owner=5)
start extraction
no extraction script
14:01:14 -- Sending spectrometer configuration
======== Sending configuration ========
SetDeflection H1(CDD),0.0 ===>> Error: could not set Deflection H1(CDD) Set to 0
SetDeflection L2(CDD),0.0 ===>> Error: could not set Deflection L2(CDD) Set to 0
SetDeflection L1(CDD),0.0 ===>> Error: could not set Deflection L1(CDD) Set to 0
SetDeflection H2(CDD),600.0 ===>> Error: could not set Deflection H2(CDD) Set to 600
SetZFocus 1.65 ===>> OK
SetHV 9900.0 ===>> OK
SetZSymmetry 3.35 ===>> OK
SetExtractionLens 63.57 ===>> OK
SetIonRepeller -5.15 ===>> OK
SetElectronEnergy 125.02 ===>> OK
SetYSymmetry 38.07 ===>> OK
send trap current 250.0
GetParameter Trap Current Readback ===>> 248.606848562534
SetParameter Trap Current Set,250.0 ===>> OK
updating mftable name argon_2CDD
Using mftable located at /Users/obama/PychronDev/setupfiles/spectrometer/mftables/argon_2CDD.csv
============ MFtable ===========
Isotope  H2     AX(CDD)L2(CDD)
Ar40     3.7665 --- ---
Ar38     --- 3.7938 ---
Ar36     --- --- 3.7666
PHHCbs   --- 3.8089 ---
================================
get initial guess discrete
get initial guess discrete
get initial guess discrete
======== Configuration Finished ========
GetYSymmetry ===>> 38.07
GetZSymmetry ===>> 3.35
GetParameter Trap Current Readback ===>> 248.047427211133
GetHighVoltage ===>> 9900
start measurement
do measurement
L#=a-01-F analysis type=air
Measurement Started felix_peak_hop_argon_2CDD_CDD_center.py
14:01:14 -- ******* Measurement Started felix_peak_hop_argon_2CDD_CDD_center.py *******
state changed from not run to measurement
setting trap, emission, spec, defl, and gains
GetExtractionLens ===>> 63.57
GetYSymmetry ===>> 38.07
GetZSymmetry ===>> 3.35
GetZFocus ===>> 1.65
GetDeflection H2 (CDD) ===>> 0
GetDeflection H1 (CDD) ===>> 0
GetDeflection AX (CDD) ===>> 0
GetDeflection L1 (CDD) ===>> 0
GetDeflection L2 (CDD) ===>> 0
GetGain H2 ===>> 0.9809305
GetGain H1 ===>> 0.9706
GetGain AX ===>> 0.01
GetGain L1 ===>> 0.970094835296087
GetGain L2 ===>> 0.967359864778375
GetGain H2(CDD) ===>> 0
GetGain H1(CDD) ===>> 0
GetGain AX(CDD) ===>> 0
GetGain L1(CDD) ===>> 0
GetGain L2(CDD) ===>> 0
GetParameter Trap Current Readback ===>> 247.935542940853
GetParameter Source Current Readback ===>> 863.475187694561
pre measurement save
New frame /Users/obama/PychronDev/data/isotopes/a6/79bc77-7c66-4f5d-8ded-37e7ce7cbd22.h5
flush and close file /Users/obama/PychronDev/data/isotopes/a6/79bc77-7c66-4f5d-8ded-37e7ce7cbd22.h5
testing...
no interpolation path defined
molweights={'PHHCl': 38.13021421, 'Ar40': 39.9624, 'PM41': 41.0, 'Ar35': 35.0, 'Ar36': 35.9675, 'Ar37': 36.9668, 'PHHCbs': 38.9016474, 'Ar38': 37.9627, 'Ar39': 38.964, 'PM42': 42.0}
setting detector H2 to PM42 (42.0624)
setting detector H1 to PM41 (41.0624)
setting detector AX to Ar40 (40.0624)
setting detector L1 to Ar39 (39.0624)
setting detector L2 to Ar38 (37.9624)
setting detector H2(CDD) to PM42 (41.9624)
setting detector H1(CDD) to PM41 (40.9624)
setting detector AX(CDD) to Ar40 (39.9624)
setting detector L1(CDD) to Ar39 (38.9624)
setting detector L2(CDD) to Ar38 (38.0624)
executed snippet estimated_duration=155.4, duration=0.0165917873383
unknown measurement script
activate_detectors ('H2', 'H1', 'AX', 'AX(CDD)', 'L1', 'L2(CDD)') {}
activate detectors
*************** Set Analysis View Ar/Ar
create graphs
clearing graphs
creating plots for detectors [Detector(H2), Detector(H1), Detector(AX), Detector(AX(CDD)), Detector(L1), Detector(L2(CDD))]
clear isotope group
setting isotope det=H2, iso=PM42
setting isotope det=H1, iso=PM41
setting isotope det=AX, iso=Ar40
setting isotope det=AX(CDD), iso=Ar40
setting isotope det=L1, iso=Ar39
setting isotope det=L2(CDD), iso=Ar38
setting previous blanks
 - setting Ar40 blank 3+/-8
 - setting Ar36 blank -0.01+/-0.04
 - setting Ar37 blank -0.0+/-0.5
 - setting Ar38AX blank -0.06+/-0.06
 - setting Ar38AX(CDD) blank 0.0011+/-0.0012
 - setting Ar39 blank 0+/-6
load analysis view
set_spectrometer_configuration ('argon_2CDD',) {}
======== Sending configuration ========
SetDeflection H1(CDD),0.0 ===>> Error: could not set Deflection H1(CDD) Set to 0
SetDeflection L2(CDD),0.0 ===>> Error: could not set Deflection L2(CDD) Set to 0
SetDeflection L1(CDD),0.0 ===>> Error: could not set Deflection L1(CDD) Set to 0
SetDeflection H2(CDD),600.0 ===>> Error: could not set Deflection H2(CDD) Set to 600
SetZFocus 1.65 ===>> OK
SetHV 9900.0 ===>> OK
SetZSymmetry 3.35 ===>> OK
SetExtractionLens 63.57 ===>> OK
SetIonRepeller -5.15 ===>> OK
SetElectronEnergy 125.02 ===>> OK
SetYSymmetry 38.07 ===>> OK
send trap current 250.0
GetParameter Trap Current Readback ===>> 248.271195751694
SetParameter Trap Current Set,250.0 ===>> OK
updating mftable name argon_2CDD
Using mftable located at /Users/obama/PychronDev/setupfiles/spectrometer/mftables/argon_2CDD.csv
============ MFtable ===========
Isotope  H2     AX(CDD)L2(CDD)
Ar40     3.7665 --- ---
Ar38     --- 3.7938 ---
Ar36     --- --- 3.7666
PHHCbs   --- 3.8089 ---
================================
get initial guess discrete
get initial guess discrete
get initial guess discrete
======== Configuration Finished ========
GetYSymmetry ===>> 38.07
GetZSymmetry ===>> 3.35
GetParameter Trap Current Readback ===>> 247.823658670573
GetHighVoltage ===>> 9900
position_magnet ('Ar40',) {'detector': 'H2'}
detector Detector(H2)
POSITION Ar40 H2
molweights={'PHHCl': 38.13021421, 'Ar40': 39.9624, 'PM41': 41.0, 'Ar35': 35.0, 'Ar36': 35.9675, 'Ar37': 36.9668, 'PHHCbs': 38.9016474, 'Ar38': 37.9627, 'Ar39': 38.964, 'PM42': 42.0}
setting detector H2 to Ar40 (39.9624)
setting detector H1 to Ar39 (38.9624)
setting detector AX to Ar38 (37.9624)
setting detector L1 to Ar37 (36.9624)
setting detector L2 to Ar36 (35.8624)
setting detector H2(CDD) to Ar40 (39.8624)
setting detector H1(CDD) to Ar39 (38.8624)
setting detector AX(CDD) to Ar38 (37.8624)
setting detector L1(CDD) to Ar37 (36.8624)
setting detector L2(CDD) to Ar36 (35.9624)
Mapping mass to dac mass func: "discrete"
using discrete mass mapping
H2 map mass to dac 39.9624 >> 3.76652
GetHighVoltage ===>> 9900
positioning Ar40 (3.76652) on H2
setting magnet DAC
current  : 3.766523
requested: 3.766520
Delta Dac: 0.000003
Checking detector protection. dv=0.00000
AF Demag not enabled. self.use_af_demag=True, use_af_demag=False
SetMagnetDAC 3.76652 ===>> OK
Magnet settling time: 0.500 0.500
Magnet settling complete
set_dac. change=True
update labels <pychron.experiment.plot_panel.PlotPanel object at 0x141d79410>
update labels "<pychron.graph.stacked_regression_graph.StackedRegressionGraph object at 0x130bf4dd0>"
setting label 0 H2 Ar40
setting label 1 H1 Ar39
setting label 2 AX Ar38
setting label 3 AX(CDD) Ar38AX(CDD)
setting label 4 L1 Ar37
setting label 5 L2(CDD) Ar36
update labels "<pychron.graph.stacked_graph.StackedGraph object at 0x1312677d0>"
setting label 0 H2 Ar40
setting label 1 H1 Ar39
setting label 2 AX Ar38
setting label 3 AX(CDD) Ar38AX(CDD)
setting label 4 L1 Ar37
setting label 5 L2(CDD) Ar36
equilibrate () {'delay': 3, 'inlet': 'H', 'outlet': 'V', 'eqtime': 15.0}
Equilibration Started
14:01:15 -- ******* Equilibration Started *******
checking ownership. requestor=192.168.2.137
check software interlocks V
interlocks []
actuate state mode=None-script, software_lock=True
VALVE-V(Felix Ion Pump) software locked
change switch state (True, False)
waiting 3s before opening inlet value ('H',)
checking ownership. requestor=192.168.2.137
check software interlocks H
interlocks []
actuate state mode=None-script, software_lock=True
VALVE-H(Felix Inlet) software locked
change switch state (True, False)
set_time_zero (0,) {}
equilibrating for 15.0sec
sniff (15.0,) {}
py_sniff
build tables- sniff [Detector(H2), Detector(H1), Detector(AX), Detector(AX(CDD)), Detector(L1), Detector(L2(CDD))]
add group /sniff/Ar40 (Group) u'' table H2
add group /sniff/Ar39 (Group) u'' table H1
add group /sniff/Ar38 (Group) u'' table AX
add group /sniff/Ar38 (Group) u'' table AX(CDD)
add group /sniff/Ar37 (Group) u'' table L1
add group /sniff/Ar36 (Group) u'' table L2(CDD)
flush and close file /Users/obama/PychronDev/data/isotopes/a6/79bc77-7c66-4f5d-8ded-37e7ce7cbd22.h5
measuring sniff. ncounts=15.0
"sniff" increment series count="1" fit count="0" regressing="False"
starting measurement
measurement period (ms) = 1048.576
Equilibration Finished
14:01:33 -- ******* Equilibration Finished *******
checking ownership. requestor=192.168.2.137
check software interlocks H
interlocks []
actuate state mode=None-script, software_lock=True
VALVE-H(Felix Inlet) software locked
change switch state (True, False)
Post Equilibration Started felix_pump_extraction_line.py
14:01:33 -- ******* Post Equilibration Started felix_pump_extraction_line.py *******
testing...
no interpolation path defined
calculate duration
testing...
no interpolation path defined
executed snippet estimated_duration=4.0, duration=0.000141143798828
executed snippet estimated_duration=4.0, duration=0.000940799713135
Pump after analysis
doing GOSUB
testing...
no interpolation path defined
executed snippet estimated_duration=4.0, duration=0.000123023986816
Pump Bone
close () {'description': 'Felix Inlet'}
close name=--- desc=Felix Inlet
checking ownership. requestor=192.168.2.137
check software interlocks H
interlocks []
actuate state mode=None-script, software_lock=True
VALVE-H(Felix Inlet) software locked
change switch state (True, False)
-------------------------- close None (Felix Inlet) result=[(True, False)]
action=close, ok=True, locked=[True]
is_closed ('A',) {}
is A () closed?
is closed False
close () {'description': 'CO2 Laser to Bone'}
close name=--- desc=CO2 Laser to Bone
checking ownership. requestor=192.168.2.137
check software interlocks F
interlocks []
actuate state mode=None-script, software_lock=True
VALVE-F(CO2 Laser to Bone) software locked
change switch state (True, False)
-------------------------- close None (CO2 Laser to Bone) result=[(True, False)]
action=close, ok=True, locked=[True]
sleep (1,) {}
SLEEP 1.0
close () {'description': 'CO2 Laser to Roughing'}
close name=--- desc=CO2 Laser to Roughing
checking ownership. requestor=192.168.2.137
check software interlocks G
interlocks []
actuate state mode=None-script, software_lock=True
VALVE-G(CO2 Laser to Roughing) software locked
change switch state (True, False)
-------------------------- close None (CO2 Laser to Roughing) result=[(True, False)]
action=close, ok=True, locked=[True]
open () {'description': 'Bone to Turbo'}
open name=--- desc=Bone to Turbo
checking ownership. requestor=192.168.2.137
check software interlocks C
interlocks []
actuate state mode=None-script, software_lock=False
doing actuation None-script open_channel False
Open C ===>> OK
waiting for write to finish
GetIndicatorState C ===>> OK
change switch state (True, True)
measurement finished
estimated time: 15.729 actual time: :15.823
flush and close file /Users/obama/PychronDev/data/isotopes/a6/79bc77-7c66-4f5d-8ded-37e7ce7cbd22.h5
set_spectrometer_configuration ('argon_2CDD',) {}
======== Sending configuration ========
caching configuration from /Users/obama/PychronDev/setupfiles/spectrometer/configurations/argon_2CDD.cfg
SetDeflection H1(CDD),0.0 ===>> Error: could not set Deflection H1(CDD) Set to 0
SetDeflection L2(CDD),0.0 ===>> Error: could not set Deflection L2(CDD) Set to 0
SetDeflection L1(CDD),0.0 ===>> Error: could not set Deflection L1(CDD) Set to 0
SetDeflection H2(CDD),600.0 ===>> Error: could not set Deflection H2(CDD) Set to 600
SetZFocus 1.65 ===>> OK
SetHV 9900.0 ===>> OK
14:01:34 -- OPEN   VALVE-C (Bone to Turbo)
-------------------------- open None (Bone to Turbo) result=[(True, True)]
SetZSymmetry 3.35 ===>> OK
SetExtractionLens 63.57 ===>> OK
SetIonRepeller -5.15 ===>> OK
SetElectronEnergy 125.02 ===>> OK
SetYSymmetry 38.07 ===>> OK
send trap current 250.0
GetParameter Trap Current Readback ===>> 248.718732832815
SetParameter Trap Current Set,250.0 ===>> OK
updating mftable name argon_2CDD
Using mftable located at /Users/obama/PychronDev/setupfiles/spectrometer/mftables/argon_2CDD.csv
============ MFtable ===========
Isotope  H2     AX(CDD)L2(CDD)
Ar40     3.7665 --- ---
Ar38     --- 3.7938 ---
Ar36     --- --- 3.7666
PHHCbs   --- 3.8089 ---
================================
get initial guess discrete
get initial guess discrete
get initial guess discrete
======== Configuration Finished ========
GetYSymmetry ===>> 38.07
GetZSymmetry ===>> 3.35
GetParameter Trap Current Readback ===>> 248.047427211133
GetHighVoltage ===>> 9900
load_hops ('hops/argon_2CDDF.yaml',) {}
define_hops ([{'counts': 10, 'settle': 5, 'positioning': {'detector': 'H2', 'isotope': 'Ar40'}, 'cup_configuration': [{'protect': False, 'active': True, 'detector': 'H2', 'is_baseline': False, 'isotope': 'Ar40', 'deflection': 0}, {'protect': False, 'active': True, 'detector': 'H1', 'is_baseline': False, 'isotope': 'Ar39', 'deflection': 0}, {'protect': False, 'active': True, 'detector': 'AX', 'is_baseline': False, 'isotope': 'Ar38', 'deflection': 0}, {'protect': False, 'active': True, 'detector': 'L1', 'is_baseline': False, 'isotope': 'Ar37', 'deflection': 0}, {'protect': False, 'active': True, 'detector': 'L2(CDD)', 'is_baseline': False, 'isotope': 'Ar36', 'deflection': 0}]}, {'counts': 20, 'settle': 5, 'positioning': {'detector': 'AX(CDD)', 'isotope': 'Ar38', 'use_af_demag': False}, 'cup_configuration': [{'protect': False, 'active': True, 'detector': 'AX(CDD)', 'is_baseline': False, 'isotope': 'Ar38', 'deflection': 0}]}],) {}
set_fits () {}
using default fits file=/Users/obama/PychronDev/scripts/measurement/fits/nominal.yaml
action=open, ok=True, locked=[False]
open () {'description': 'Bone to Getter GP-50'}
set "Ar40" to "('Parabolic', 'SEM')"
open name=--- desc=Bone to Getter GP-50
No fit for "Ar38AX". defaulting to linear. check the measurement script "felix_peak_hop_argon_2CDD_CDD_center.py"
set "Ar38AX" to "linear"
set "Ar36" to "('Parabolic', 'SEM')"
set "Ar37" to "('linear', 'SEM')"
No fit for "Ar38AX(CDD)". defaulting to linear. check the measurement script "felix_peak_hop_argon_2CDD_CDD_center.py"
checking ownership. requestor=192.168.2.137
set "Ar38AX(CDD)" to "linear"
check software interlocks N
set "Ar39" to "('Parabolic', 'SEM')"
interlocks []
set_baseline_fits () {}
actuate state mode=None-script, software_lock=False
doing actuation None-script open_channel False
using default fits file=/Users/obama/PychronDev/scripts/measurement/fits/nominal.yaml
set "H2" to "('average', 'SEM')"
set "AX" to "('average', 'SEM')"
set "L2(CDD)" to "('average', 'SEM')"
set "L1" to "('average', 'SEM')"
set "AX(CDD)" to "('average', 'SEM')"
set "H1" to "('average', 'SEM')"
peak_hop () {'ncycles': 10, 'hops': [{'counts': 10, 'settle': 5, 'positioning': {'detector': 'H2', 'isotope': 'Ar40'}, 'cup_configuration': [{'protect': False, 'active': True, 'detector': 'H2', 'is_baseline': False, 'isotope': 'Ar40', 'deflection': 0}, {'protect': False, 'active': True, 'detector': 'H1', 'is_baseline': False, 'isotope': 'Ar39', 'deflection': 0}, {'protect': False, 'active': True, 'detector': 'AX', 'is_baseline': False, 'isotope': 'Ar38', 'deflection': 0}, {'protect': False, 'active': True, 'detector': 'L1', 'is_baseline': False, 'isotope': 'Ar37', 'deflection': 0}, {'protect': False, 'active': True, 'detector': 'L2(CDD)', 'is_baseline': False, 'isotope': 'Ar36', 'deflection': 0}]}, {'counts': 20, 'settle': 5, 'positioning': {'detector': 'AX(CDD)', 'isotope': 'Ar38', 'use_af_demag': False}, 'cup_configuration': [{'protect': False, 'active': True, 'detector': 'AX(CDD)', 'is_baseline': False, 'isotope': 'Ar38', 'deflection': 0}]}]}
adding conditionals 
make new hop generatior
add group /signal/Ar40 (Group) u'' table H2
add group /signal/Ar39 (Group) u'' table H1
add group /signal/Ar38 (Group) u'' table AX
add group /signal/Ar37 (Group) u'' table L1
add group /signal/Ar36 (Group) u'' table L2(CDD)
Open N ===>> OK
add group /signal/Ar38 (Group) u'' table AX(CDD)
flush and close file /Users/obama/PychronDev/data/isotopes/a6/79bc77-7c66-4f5d-8ded-37e7ce7cbd22.h5
measuring signal. ncounts=430.0
GetIndicatorState N ===>> OK
change switch state (True, True)
14:01:35 -- OPEN   VALVE-N (Bone to Getter GP-50)
-------------------------- open None (Bone to Getter GP-50) result=[(True, True)]
"signal" increment series count="2" fit count="1" regressing="True"
action=open, ok=True, locked=[False]
open () {'description': 'Bone to Diode Laser'}
open name=--- desc=Bone to Diode Laser
checking ownership. requestor=192.168.2.137
check software interlocks B
interlocks []
actuate state mode=None-script, software_lock=False
doing actuation None-script open_channel False
Open B ===>> OK
GetIndicatorState B ===>> OK
change switch state (True, True)
starting measurement
measurement period (ms) = 1048.576
$$$$$$$$$$$$$$$$$ SETTING is_baseline False
Peak hop Detectors=['H2', 'H1', 'AX', 'L1', 'L2(CDD)']
Peak hop Deflections=[0, 0, 0, 0, 0]
Peak hop DeflectionsPairs=[('H2', 0), ('H1', 0), ('AX', 0), ('L1', 0), ('L2(CDD)', 0)]
14:01:35 -- OPEN   VALVE-B (Bone to Diode Laser)
-------------------------- open None (Bone to Diode Laser) result=[(True, True)]
SetDeflection L2 (CDD),0.0 ===>> OK
----------------------- HOP Ar40 H2
detector Detector(H2)
POSITION Ar40 H2
Mapping mass to dac mass func: "discrete"
using discrete mass mapping
H2 map mass to dac 39.9624 >> 3.76652
GetHighVoltage ===>> 9900
positioning Ar40 (3.76652) on H2
setting magnet DAC
current  : 3.766520
requested: 3.766520
Delta Dac: 0.000000
Checking detector protection. dv=0.00000
AF Demag not enabled. self.use_af_demag=True, use_af_demag=False
SetMagnetDAC 3.76652 ===>> OK
set_dac. change=False
update detector isotope pairing
detectors=['H2', 'H1', 'AX', 'L1', 'L2(CDD)']
isotopes=['Ar40', 'Ar39', 'Ar38', 'Ar37', 'Ar36']
updating pairing H2 - Ar40
updating pairing H1 - Ar39
updating pairing AX - Ar38
updating pairing L1 - Ar37
updating pairing L2(CDD) - Ar36
action=open, ok=True, locked=[False]
open () {'description': 'Bone to CO2 Laser'}
open name=--- desc=Bone to CO2 Laser
checking ownership. requestor=192.168.2.137
check software interlocks D
interlocks []
actuate state mode=None-script, software_lock=False
doing actuation None-script open_channel False
Open D ===>> OK
GetIndicatorState D ===>> OK
change switch state (True, True)
14:01:36 -- OPEN   VALVE-D (Bone to CO2 Laser)
-------------------------- open None (Bone to CO2 Laser) result=[(True, True)]
action=open, ok=True, locked=[False]
sleep (1,) {}
SLEEP 1.0
set_resource () {'name': 'CO2PumpTimeFlag', 'value': 30}
Set CO2PumpTimeFlag 30 ===>> OK
release ('FelixCO2Flag',) {}
release FelixCO2Flag
Set FelixCO2Flag 0 ===>> OK
executed snippet estimated_duration=6.0, duration=3.84874296188
PumpBone.py completed successfully
gosub finished
get_resource_value () {'name': 'FelixMiniboneFlag'}
Read FelixMiniboneFlag ===>> 0
Get Resource Value FelixMiniboneFlag=0.0
executed snippet estimated_duration=4.0, duration=3.85466504097
felix_pump_extraction_line.py completed successfully
Post Equilibration Finished
14:01:37 -- ******* Post Equilibration Finished *******
$$$$$$$$$$$$$$$$$ SETTING is_baseline False
Peak hop Detectors=['AX(CDD)']
Peak hop Deflections=[0]
Peak hop DeflectionsPairs=[('AX(CDD)', 0)]
SetDeflection AX (CDD),0.0 ===>> OK
----------------------- HOP Ar38 AX(CDD)
detector Detector(AX(CDD))
POSITION Ar38 AX(CDD)
Mapping mass to dac mass func: "discrete"
using discrete mass mapping
AX(CDD) map mass to dac 37.9627 >> 3.79384
GetDeflection AX (CDD) ===>> 0
GetHighVoltage ===>> 9900
positioning Ar38 (3.79384) on AX(CDD)
setting magnet DAC
current  : 3.766520
requested: 3.793840
Delta Dac: 0.027320
Checking detector protection. dv=0.02732
AF Demag not enabled. self.use_af_demag=True, use_af_demag=False
SetMagnetDAC 3.79384 ===>> OK
Magnet settling time: 0.500 0.500
Magnet settling complete
set_dac. change=True
update detector isotope pairing
detectors=['AX(CDD)']
isotopes=['Ar38']
updating pairing AX(CDD) - Ar38
Join finished
delaying 5 for detectors to settle after peak hop
no intensity change cnt= 0
signals=[ 0.19788478  0.         -0.01158928 -0.13362651 -0.08822931 -0.00818631]
prev_signals=[ 0.19788478  0.         -0.01158928 -0.13362651 -0.08822931 -0.00818631]
resetting no_intensity_change_cnt
signals=[ 0.20537289  0.         -0.0562245  -0.41180459  0.02079736 -0.18042443]
prev_signals=[ 0.19788478  0.         -0.01158928 -0.13362651 -0.08822931 -0.00818631]
GetDeflection L2 (CDD) ===>> 0
testing L2_CDD_==3250
evaluate ot="L2(CDD).deflection==3250" t="L2_CDD_==3250", ctx="{'L2_CDD_': 0.0}"
GetDeflection L2 (CDD) ===>> 0
testing L2_CDD_==3250
evaluate ot="L2(CDD).deflection==3250" t="L2_CDD_==3250", ctx="{'L2_CDD_': 0.0}"
$$$$$$$$$$$$$$$$$ SETTING is_baseline False
Peak hop Detectors=['H2', 'H1', 'AX', 'L1', 'L2(CDD)']
Peak hop Deflections=[0, 0, 0, 0, 0]
Peak hop DeflectionsPairs=[('H2', 0), ('H1', 0), ('AX', 0), ('L1', 0), ('L2(CDD)', 0)]
SetDeflection L2 (CDD),0.0 ===>> OK
----------------------- HOP Ar40 H2
detector Detector(H2)
POSITION Ar40 H2
Mapping mass to dac mass func: "discrete"
using discrete mass mapping
H2 map mass to dac 39.9624 >> 3.76652
GetHighVoltage ===>> 9900
positioning Ar40 (3.76652) on H2
setting magnet DAC
current  : 3.793840
requested: 3.766520
Delta Dac: 0.027320
Checking detector protection. dv=0.02732
AF Demag not enabled. self.use_af_demag=True, use_af_demag=False
SetMagnetDAC 3.76652 ===>> OK
Magnet settling time: 0.500 0.500
Magnet settling complete
set_dac. change=True
update detector isotope pairing
detectors=['H2', 'H1', 'AX', 'L1', 'L2(CDD)']
isotopes=['Ar40', 'Ar39', 'Ar38', 'Ar37', 'Ar36']
updating pairing H2 - Ar40
updating pairing H1 - Ar39
updating pairing AX - Ar38
updating pairing L1 - Ar37
updating pairing L2(CDD) - Ar36
Join finished
delaying 5 for detectors to settle after peak hop
no intensity change cnt= 0
signals=[  0.00000000e+00   1.03313969e+00   3.09682221e+02  -6.81927068e-03
   1.63742167e-01  -1.75006430e-01]
prev_signals=[  0.00000000e+00   1.03313969e+00   3.09682221e+02  -6.81927068e-03
   1.63742167e-01  -1.75006430e-01]
resetting no_intensity_change_cnt
signals=[  0.00000000e+00   1.03602636e+00   3.09413562e+02   4.04811580e-01
   1.09336209e-01  -1.62095326e-01]
prev_signals=[  0.00000000e+00   1.03313969e+00   3.09682221e+02  -6.81927068e-03
   1.63742167e-01  -1.75006430e-01]
GetDeflection L2 (CDD) ===>> 0
testing L2_CDD_==3250
evaluate ot="L2(CDD).deflection==3250" t="L2_CDD_==3250", ctx="{'L2_CDD_': 0.0}"
$$$$$$$$$$$$$$$$$ SETTING is_baseline False
Peak hop Detectors=['AX(CDD)']
Peak hop Deflections=[0]
Peak hop DeflectionsPairs=[('AX(CDD)', 0)]
SetDeflection AX (CDD),0.0 ===>> OK
----------------------- HOP Ar38 AX(CDD)
detector Detector(AX(CDD))
POSITION Ar38 AX(CDD)
Mapping mass to dac mass func: "discrete"
using discrete mass mapping
AX(CDD) map mass to dac 37.9627 >> 3.79384
GetDeflection AX (CDD) ===>> 0
GetHighVoltage ===>> 9900
positioning Ar38 (3.79384) on AX(CDD)
setting magnet DAC
current  : 3.766520
requested: 3.793840
Delta Dac: 0.027320
Checking detector protection. dv=0.02732
AF Demag not enabled. self.use_af_demag=True, use_af_demag=False
SetMagnetDAC 3.79384 ===>> OK
Magnet settling time: 0.500 0.500
Magnet settling complete
set_dac. change=True
update detector isotope pairing
detectors=['AX(CDD)']
isotopes=['Ar38']
updating pairing AX(CDD) - Ar38
Join finished
delaying 5 for detectors to settle after peak hop
no intensity change cnt= 0
signals=[ 0.19299461  0.         -0.11623993 -0.1836744   0.01408003 -0.21120272]
prev_signals=[ 0.19299461  0.         -0.11623993 -0.1836744   0.01408003 -0.21120272]
resetting no_intensity_change_cnt
signals=[ 0.19513406  0.          0.15053646  0.11977331 -0.02045919 -0.17143284]
prev_signals=[ 0.19299461  0.         -0.11623993 -0.1836744   0.01408003 -0.21120272]
GetDeflection L2 (CDD) ===>> 0
testing L2_CDD_==3250
evaluate ot="L2(CDD).deflection==3250" t="L2_CDD_==3250", ctx="{'L2_CDD_': 0.0}"
14:02:41 -- collecting point 50
GetDeflection L2 (CDD) ===>> 0
testing L2_CDD_==3250
evaluate ot="L2(CDD).deflection==3250" t="L2_CDD_==3250", ctx="{'L2_CDD_': 0.0}"
$$$$$$$$$$$$$$$$$ SETTING is_baseline False
Peak hop Detectors=['H2', 'H1', 'AX', 'L1', 'L2(CDD)']
Peak hop Deflections=[0, 0, 0, 0, 0]
Peak hop DeflectionsPairs=[('H2', 0), ('H1', 0), ('AX', 0), ('L1', 0), ('L2(CDD)', 0)]
SetDeflection L2 (CDD),0.0 ===>> OK
----------------------- HOP Ar40 H2
detector Detector(H2)
POSITION Ar40 H2
Mapping mass to dac mass func: "discrete"
using discrete mass mapping
H2 map mass to dac 39.9624 >> 3.76652
GetHighVoltage ===>> 9900
positioning Ar40 (3.76652) on H2
setting magnet DAC
current  : 3.793840
requested: 3.766520
Delta Dac: 0.027320
Checking detector protection. dv=0.02732
AF Demag not enabled. self.use_af_demag=True, use_af_demag=False
SetMagnetDAC 3.76652 ===>> OK
Magnet settling time: 0.500 0.500
Magnet settling complete
set_dac. change=True
update detector isotope pairing
detectors=['H2', 'H1', 'AX', 'L1', 'L2(CDD)']
isotopes=['Ar40', 'Ar39', 'Ar38', 'Ar37', 'Ar36']
updating pairing H2 - Ar40
updating pairing H1 - Ar39
updating pairing AX - Ar38
updating pairing L1 - Ar37
updating pairing L2(CDD) - Ar36
Join finished
delaying 5 for detectors to settle after peak hop
GetDeflection L2 (CDD) ===>> 0
testing L2_CDD_==3250
evaluate ot="L2(CDD).deflection==3250" t="L2_CDD_==3250", ctx="{'L2_CDD_': 0.0}"
$$$$$$$$$$$$$$$$$ SETTING is_baseline False
Peak hop Detectors=['AX(CDD)']
Peak hop Deflections=[0]
Peak hop DeflectionsPairs=[('AX(CDD)', 0)]
SetDeflection AX (CDD),0.0 ===>> OK
----------------------- HOP Ar38 AX(CDD)
detector Detector(AX(CDD))
POSITION Ar38 AX(CDD)
Mapping mass to dac mass func: "discrete"
using discrete mass mapping
AX(CDD) map mass to dac 37.9627 >> 3.79384
GetDeflection AX (CDD) ===>> 0
GetHighVoltage ===>> 9900
positioning Ar38 (3.79384) on AX(CDD)
setting magnet DAC
current  : 3.766520
requested: 3.793840
Delta Dac: 0.027320
Checking detector protection. dv=0.02732
AF Demag not enabled. self.use_af_demag=True, use_af_demag=False
SetMagnetDAC 3.79384 ===>> OK
Magnet settling time: 0.500 0.500
Magnet settling complete
set_dac. change=True
update detector isotope pairing
detectors=['AX(CDD)']
isotopes=['Ar38']
updating pairing AX(CDD) - Ar38
Join finished
delaying 5 for detectors to settle after peak hop
no intensity change cnt= 0
signals=[  2.00329872e-01   1.60331017e-04  -4.64352276e-02   2.52030461e-02
  -4.01932710e-02  -1.21862298e-01]
prev_signals=[  2.00329872e-01   1.60331017e-04  -4.64352276e-02   2.52030461e-02
  -4.01932710e-02  -1.21862298e-01]
resetting no_intensity_change_cnt
signals=[  2.02010875e-01   1.60331017e-04  -4.01017434e-04  -1.38249985e-01
  -5.41898890e-02  -9.39633429e-02]
prev_signals=[  2.00329872e-01   1.60331017e-04  -4.64352276e-02   2.52030461e-02
  -4.01932710e-02  -1.21862298e-01]
GetDeflection L2 (CDD) ===>> 0
testing L2_CDD_==3250
evaluate ot="L2(CDD).deflection==3250" t="L2_CDD_==3250", ctx="{'L2_CDD_': 0.0}"
GetDeflection L2 (CDD) ===>> 0
testing L2_CDD_==3250
evaluate ot="L2(CDD).deflection==3250" t="L2_CDD_==3250", ctx="{'L2_CDD_': 0.0}"
$$$$$$$$$$$$$$$$$ SETTING is_baseline False
Peak hop Detectors=['H2', 'H1', 'AX', 'L1', 'L2(CDD)']
Peak hop Deflections=[0, 0, 0, 0, 0]
Peak hop DeflectionsPairs=[('H2', 0), ('H1', 0), ('AX', 0), ('L1', 0), ('L2(CDD)', 0)]
SetDeflection L2 (CDD),0.0 ===>> OK
----------------------- HOP Ar40 H2
detector Detector(H2)
POSITION Ar40 H2
Mapping mass to dac mass func: "discrete"
using discrete mass mapping
H2 map mass to dac 39.9624 >> 3.76652
GetHighVoltage ===>> 9900
positioning Ar40 (3.76652) on H2
setting magnet DAC
current  : 3.793840
requested: 3.766520
Delta Dac: 0.027320
Checking detector protection. dv=0.02732
AF Demag not enabled. self.use_af_demag=True, use_af_demag=False
SetMagnetDAC 3.76652 ===>> OK
Magnet settling time: 0.500 0.500
Magnet settling complete
set_dac. change=True
update detector isotope pairing
detectors=['H2', 'H1', 'AX', 'L1', 'L2(CDD)']
isotopes=['Ar40', 'Ar39', 'Ar38', 'Ar37', 'Ar36']
updating pairing H2 - Ar40
updating pairing H1 - Ar39
updating pairing AX - Ar38
updating pairing L1 - Ar37
updating pairing L2(CDD) - Ar36
Join finished
delaying 5 for detectors to settle after peak hop
no intensity change cnt= 0
signals=[  0.00000000e+00   1.00010351e+00   3.06416315e+02   1.72496191e-01
   1.23800386e-01  -2.25842229e-01]
prev_signals=[  0.00000000e+00   1.00010351e+00   3.06416315e+02   1.72496191e-01
   1.23800386e-01  -2.25842229e-01]
resetting no_intensity_change_cnt
signals=[  0.00000000e+00   1.01806489e+00   3.06853368e+02   1.06130578e-01
   1.54542686e-01  -1.14945277e-01]
prev_signals=[  0.00000000e+00   1.00010351e+00   3.06416315e+02   1.72496191e-01
   1.23800386e-01  -2.25842229e-01]
GetDeflection L2 (CDD) ===>> 0
testing L2_CDD_==3250
evaluate ot="L2(CDD).deflection==3250" t="L2_CDD_==3250", ctx="{'L2_CDD_': 0.0}"
14:03:47 -- collecting point 100
$$$$$$$$$$$$$$$$$ SETTING is_baseline False
Peak hop Detectors=['AX(CDD)']
Peak hop Deflections=[0]
Peak hop DeflectionsPairs=[('AX(CDD)', 0)]
SetDeflection AX (CDD),0.0 ===>> OK
----------------------- HOP Ar38 AX(CDD)
detector Detector(AX(CDD))
POSITION Ar38 AX(CDD)
Mapping mass to dac mass func: "discrete"
using discrete mass mapping
AX(CDD) map mass to dac 37.9627 >> 3.79384
GetDeflection AX (CDD) ===>> 0
GetHighVoltage ===>> 9900
positioning Ar38 (3.79384) on AX(CDD)
setting magnet DAC
current  : 3.766520
requested: 3.793840
Delta Dac: 0.027320
Checking detector protection. dv=0.02732
AF Demag not enabled. self.use_af_demag=True, use_af_demag=False
SetMagnetDAC 3.79384 ===>> OK
Magnet settling time: 0.500 0.500
Magnet settling complete
set_dac. change=True
update detector isotope pairing
detectors=['AX(CDD)']
isotopes=['Ar38']
updating pairing AX(CDD) - Ar38
Join finished
delaying 5 for detectors to settle after peak hop
no intensity change cnt= 0
signals=[  2.04608793e-01   1.60331017e-04  -1.53179641e-01  -2.36031209e-01
  -2.39117814e-02  -2.65264072e-01]
prev_signals=[  2.04608793e-01   1.60331017e-04  -1.53179641e-01  -2.36031209e-01
  -2.39117814e-02  -2.65264072e-01]
resetting no_intensity_change_cnt
signals=[ 0.20430316  0.         -0.06916018 -0.37008874 -0.07094989 -0.01533469]
prev_signals=[  2.04608793e-01   1.60331017e-04  -1.53179641e-01  -2.36031209e-01
  -2.39117814e-02  -2.65264072e-01]
GetDeflection L2 (CDD) ===>> 0
testing L2_CDD_==3250
evaluate ot="L2(CDD).deflection==3250" t="L2_CDD_==3250", ctx="{'L2_CDD_': 0.0}"
GetDeflection L2 (CDD) ===>> 0
testing L2_CDD_==3250
evaluate ot="L2(CDD).deflection==3250" t="L2_CDD_==3250", ctx="{'L2_CDD_': 0.0}"
$$$$$$$$$$$$$$$$$ SETTING is_baseline False
Peak hop Detectors=['H2', 'H1', 'AX', 'L1', 'L2(CDD)']
Peak hop Deflections=[0, 0, 0, 0, 0]
Peak hop DeflectionsPairs=[('H2', 0), ('H1', 0), ('AX', 0), ('L1', 0), ('L2(CDD)', 0)]
SetDeflection L2 (CDD),0.0 ===>> OK
----------------------- HOP Ar40 H2
detector Detector(H2)
POSITION Ar40 H2
Mapping mass to dac mass func: "discrete"
using discrete mass mapping
H2 map mass to dac 39.9624 >> 3.76652
GetHighVoltage ===>> 9900
positioning Ar40 (3.76652) on H2
setting magnet DAC
current  : 3.793840
requested: 3.766520
Delta Dac: 0.027320
Checking detector protection. dv=0.02732
AF Demag not enabled. self.use_af_demag=True, use_af_demag=False
SetMagnetDAC 3.76652 ===>> OK
Magnet settling time: 0.500 0.500
Magnet settling complete
set_dac. change=True
update detector isotope pairing
detectors=['H2', 'H1', 'AX', 'L1', 'L2(CDD)']
isotopes=['Ar40', 'Ar39', 'Ar38', 'Ar37', 'Ar36']
updating pairing H2 - Ar40
updating pairing H1 - Ar39
updating pairing AX - Ar38
updating pairing L1 - Ar37
updating pairing L2(CDD) - Ar36
Join finished
delaying 5 for detectors to settle after peak hop
no intensity change cnt= 0
signals=[  0.00000000e+00   1.01068789e+00   3.04785207e+02   3.71967204e-01
   1.36261145e-01  -1.93911665e-01]
prev_signals=[  0.00000000e+00   1.01068789e+00   3.04785207e+02   3.71967204e-01
   1.36261145e-01  -1.93911665e-01]
resetting no_intensity_change_cnt
signals=[  0.00000000e+00   1.00844271e+00   3.04957771e+02   2.21290529e-01
   1.65916345e-01  -1.31084917e-01]
prev_signals=[  0.00000000e+00   1.01068789e+00   3.04785207e+02   3.71967204e-01
   1.36261145e-01  -1.93911665e-01]
GetDeflection L2 (CDD) ===>> 0
testing L2_CDD_==3250
evaluate ot="L2(CDD).deflection==3250" t="L2_CDD_==3250", ctx="{'L2_CDD_': 0.0}"
$$$$$$$$$$$$$$$$$ SETTING is_baseline False
Peak hop Detectors=['AX(CDD)']
Peak hop Deflections=[0]
Peak hop DeflectionsPairs=[('AX(CDD)', 0)]
SetDeflection AX (CDD),0.0 ===>> OK
----------------------- HOP Ar38 AX(CDD)
detector Detector(AX(CDD))
POSITION Ar38 AX(CDD)
Mapping mass to dac mass func: "discrete"
using discrete mass mapping
AX(CDD) map mass to dac 37.9627 >> 3.79384
GetDeflection AX (CDD) ===>> 0
GetHighVoltage ===>> 9900
positioning Ar38 (3.79384) on AX(CDD)
setting magnet DAC
current  : 3.766520
requested: 3.793840
Delta Dac: 0.027320
Checking detector protection. dv=0.02732
AF Demag not enabled. self.use_af_demag=True, use_af_demag=False
SetMagnetDAC 3.79384 ===>> OK
Magnet settling time: 0.500 0.500
Magnet settling complete
set_dac. change=True
update detector isotope pairing
detectors=['AX(CDD)']
isotopes=['Ar38']
updating pairing AX(CDD) - Ar38
Join finished
delaying 5 for detectors to settle after peak hop
no intensity change cnt= 0
signals=[ 0.2013996   0.          0.02244208 -0.01560499 -0.03845008 -0.22526587]
prev_signals=[ 0.2013996   0.          0.02244208 -0.01560499 -0.03845008 -0.22526587]
resetting no_intensity_change_cnt
signals=[ 0.19284179  0.         -0.15143174 -0.10403579  0.04984796  0.07852078]
prev_signals=[ 0.2013996   0.          0.02244208 -0.01560499 -0.03845008 -0.22526587]
GetDeflection L2 (CDD) ===>> 0
testing L2_CDD_==3250
evaluate ot="L2(CDD).deflection==3250" t="L2_CDD_==3250", ctx="{'L2_CDD_': 0.0}"
GetDeflection L2 (CDD) ===>> 0
testing L2_CDD_==3250
evaluate ot="L2(CDD).deflection==3250" t="L2_CDD_==3250", ctx="{'L2_CDD_': 0.0}"
14:04:54 -- collecting point 150
$$$$$$$$$$$$$$$$$ SETTING is_baseline False
Peak hop Detectors=['H2', 'H1', 'AX', 'L1', 'L2(CDD)']
Peak hop Deflections=[0, 0, 0, 0, 0]
Peak hop DeflectionsPairs=[('H2', 0), ('H1', 0), ('AX', 0), ('L1', 0), ('L2(CDD)', 0)]
SetDeflection L2 (CDD),0.0 ===>> OK
----------------------- HOP Ar40 H2
detector Detector(H2)
POSITION Ar40 H2
Mapping mass to dac mass func: "discrete"
using discrete mass mapping
H2 map mass to dac 39.9624 >> 3.76652
GetHighVoltage ===>> 9900
positioning Ar40 (3.76652) on H2
setting magnet DAC
current  : 3.793840
requested: 3.766520
Delta Dac: 0.027320
Checking detector protection. dv=0.02732
AF Demag not enabled. self.use_af_demag=True, use_af_demag=False
SetMagnetDAC 3.76652 ===>> OK
Magnet settling time: 0.500 0.500
Magnet settling complete
set_dac. change=True
update detector isotope pairing
detectors=['H2', 'H1', 'AX', 'L1', 'L2(CDD)']
isotopes=['Ar40', 'Ar39', 'Ar38', 'Ar37', 'Ar36']
updating pairing H2 - Ar40
updating pairing H1 - Ar39
updating pairing AX - Ar38
updating pairing L1 - Ar37
updating pairing L2(CDD) - Ar36
Join finished
delaying 5 for detectors to settle after peak hop
no intensity change cnt= 0
signals=[  0.00000000e+00   1.00988604e+00   3.03257953e+02   7.98861961e-02
   1.23883243e-01  -2.17657961e-01]
prev_signals=[  0.00000000e+00   1.00988604e+00   3.03257953e+02   7.98861961e-02
   1.23883243e-01  -2.17657961e-01]
resetting no_intensity_change_cnt
signals=[  0.00000000e+00   9.90481371e-01   3.03051718e+02   1.05436885e-01
   1.44530132e-01  -2.24458977e-01]
prev_signals=[  0.00000000e+00   1.00988604e+00   3.03257953e+02   7.98861961e-02
   1.23883243e-01  -2.17657961e-01]
GetDeflection L2 (CDD) ===>> 0
testing L2_CDD_==3250
evaluate ot="L2(CDD).deflection==3250" t="L2_CDD_==3250", ctx="{'L2_CDD_': 0.0}"
$$$$$$$$$$$$$$$$$ SETTING is_baseline False
Peak hop Detectors=['AX(CDD)']
Peak hop Deflections=[0]
Peak hop DeflectionsPairs=[('AX(CDD)', 0)]
SetDeflection AX (CDD),0.0 ===>> OK
----------------------- HOP Ar38 AX(CDD)
detector Detector(AX(CDD))
POSITION Ar38 AX(CDD)
Mapping mass to dac mass func: "discrete"
using discrete mass mapping
AX(CDD) map mass to dac 37.9627 >> 3.79384
GetDeflection AX (CDD) ===>> 0
GetHighVoltage ===>> 9900
positioning Ar38 (3.79384) on AX(CDD)
setting magnet DAC
current  : 3.766520
requested: 3.793840
Delta Dac: 0.027320
Checking detector protection. dv=0.02732
AF Demag not enabled. self.use_af_demag=True, use_af_demag=False
SetMagnetDAC 3.79384 ===>> OK
Magnet settling time: 0.500 0.500
Magnet settling complete
set_dac. change=True
update detector isotope pairing
detectors=['AX(CDD)']
isotopes=['Ar38']
updating pairing AX(CDD) - Ar38
Join finished
delaying 5 for detectors to settle after peak hop
no intensity change cnt= 0
signals=[ 0.1920777   0.         -0.09526409 -0.13605384 -0.05837623 -0.06871525]
prev_signals=[ 0.1920777   0.         -0.09526409 -0.13605384 -0.05837623 -0.06871525]
resetting no_intensity_change_cnt
signals=[ 0.19513406  0.         -0.06310024  0.19816494 -0.02215137 -0.10618365]
prev_signals=[ 0.1920777   0.         -0.09526409 -0.13605384 -0.05837623 -0.06871525]
GetDeflection L2 (CDD) ===>> 0
testing L2_CDD_==3250
evaluate ot="L2(CDD).deflection==3250" t="L2_CDD_==3250", ctx="{'L2_CDD_': 0.0}"
GetDeflection L2 (CDD) ===>> 0
testing L2_CDD_==3250
evaluate ot="L2(CDD).deflection==3250" t="L2_CDD_==3250", ctx="{'L2_CDD_': 0.0}"
$$$$$$$$$$$$$$$$$ SETTING is_baseline False
Peak hop Detectors=['H2', 'H1', 'AX', 'L1', 'L2(CDD)']
Peak hop Deflections=[0, 0, 0, 0, 0]
Peak hop DeflectionsPairs=[('H2', 0), ('H1', 0), ('AX', 0), ('L1', 0), ('L2(CDD)', 0)]
SetDeflection L2 (CDD),0.0 ===>> OK
----------------------- HOP Ar40 H2
detector Detector(H2)
POSITION Ar40 H2
Mapping mass to dac mass func: "discrete"
using discrete mass mapping
H2 map mass to dac 39.9624 >> 3.76652
GetHighVoltage ===>> 9900
positioning Ar40 (3.76652) on H2
setting magnet DAC
current  : 3.793840
requested: 3.766520
Delta Dac: 0.027320
Checking detector protection. dv=0.02732
AF Demag not enabled. self.use_af_demag=True, use_af_demag=False
SetMagnetDAC 3.76652 ===>> OK
Magnet settling time: 0.500 0.500
Magnet settling complete
set_dac. change=True
update detector isotope pairing
detectors=['H2', 'H1', 'AX', 'L1', 'L2(CDD)']
isotopes=['Ar40', 'Ar39', 'Ar38', 'Ar37', 'Ar36']
updating pairing H2 - Ar40
updating pairing H1 - Ar39
updating pairing AX - Ar38
updating pairing L1 - Ar37
updating pairing L2(CDD) - Ar36
Join finished
delaying 5 for detectors to settle after peak hop
no intensity change cnt= 0
signals=[  0.00000000e+00   9.93849117e-01   3.02208594e+02   4.11403719e-01
   9.20501491e-02  -3.75913295e-01]
prev_signals=[  0.00000000e+00   9.93849117e-01   3.02208594e+02   4.11403719e-01
   9.20501491e-02  -3.75913295e-01]
resetting no_intensity_change_cnt
signals=[  0.00000000e+00   9.79897043e-01   3.01772084e+02   1.77352389e-01
   9.76959204e-02   1.38712982e-01]
prev_signals=[  0.00000000e+00   9.93849117e-01   3.02208594e+02   4.11403719e-01
   9.20501491e-02  -3.75913295e-01]
GetDeflection L2 (CDD) ===>> 0
testing L2_CDD_==3250
evaluate ot="L2(CDD).deflection==3250" t="L2_CDD_==3250", ctx="{'L2_CDD_': 0.0}"
$$$$$$$$$$$$$$$$$ SETTING is_baseline False
Peak hop Detectors=['AX(CDD)']
Peak hop Deflections=[0]
Peak hop DeflectionsPairs=[('AX(CDD)', 0)]
SetDeflection AX (CDD),0.0 ===>> OK
----------------------- HOP Ar38 AX(CDD)
detector Detector(AX(CDD))
POSITION Ar38 AX(CDD)
Mapping mass to dac mass func: "discrete"
using discrete mass mapping
AX(CDD) map mass to dac 37.9627 >> 3.79384
GetDeflection AX (CDD) ===>> 0
GetHighVoltage ===>> 9900
positioning Ar38 (3.79384) on AX(CDD)
setting magnet DAC
current  : 3.766520
requested: 3.793840
Delta Dac: 0.027320
Checking detector protection. dv=0.02732
AF Demag not enabled. self.use_af_demag=True, use_af_demag=False
SetMagnetDAC 3.79384 ===>> OK
Magnet settling time: 0.500 0.500
Magnet settling complete
set_dac. change=True
update detector isotope pairing
detectors=['AX(CDD)']
isotopes=['Ar38']
updating pairing AX(CDD) - Ar38
set states for children of O. state=True
refresh_canvas_needed fired
Join finished
delaying 5 for detectors to settle after peak hop
no intensity change cnt= 0
signals=[ 0.19421715  0.          0.05519255 -0.02022902 -0.0598872  -0.07309624]
prev_signals=[ 0.19421715  0.          0.05519255 -0.02022902 -0.0598872  -0.07309624]
resetting no_intensity_change_cnt
signals=[ 0.19742633  0.         -0.04095785 -0.05259663 -0.11819851  0.05050155]
prev_signals=[ 0.19421715  0.          0.05519255 -0.02022902 -0.0598872  -0.07309624]
GetDeflection L2 (CDD) ===>> 0
testing L2_CDD_==3250
evaluate ot="L2(CDD).deflection==3250" t="L2_CDD_==3250", ctx="{'L2_CDD_': 0.0}"
14:06:05 -- collecting point 200
GetDeflection L2 (CDD) ===>> 0
testing L2_CDD_==3250
evaluate ot="L2(CDD).deflection==3250" t="L2_CDD_==3250", ctx="{'L2_CDD_': 0.0}"
$$$$$$$$$$$$$$$$$ SETTING is_baseline False
Peak hop Detectors=['H2', 'H1', 'AX', 'L1', 'L2(CDD)']
Peak hop Deflections=[0, 0, 0, 0, 0]
Peak hop DeflectionsPairs=[('H2', 0), ('H1', 0), ('AX', 0), ('L1', 0), ('L2(CDD)', 0)]
SetDeflection L2 (CDD),0.0 ===>> OK
----------------------- HOP Ar40 H2
detector Detector(H2)
POSITION Ar40 H2
Mapping mass to dac mass func: "discrete"
using discrete mass mapping
H2 map mass to dac 39.9624 >> 3.76652
GetHighVoltage ===>> 9900
positioning Ar40 (3.76652) on H2
setting magnet DAC
current  : 3.793840
requested: 3.766520
Delta Dac: 0.027320
Checking detector protection. dv=0.02732
AF Demag not enabled. self.use_af_demag=True, use_af_demag=False
SetMagnetDAC 3.76652 ===>> OK
Magnet settling time: 0.500 0.500
Magnet settling complete
set_dac. change=True
update detector isotope pairing
detectors=['H2', 'H1', 'AX', 'L1', 'L2(CDD)']
isotopes=['Ar40', 'Ar39', 'Ar38', 'Ar37', 'Ar36']
updating pairing H2 - Ar40
updating pairing H1 - Ar39
updating pairing AX - Ar38
updating pairing L1 - Ar37
updating pairing L2(CDD) - Ar36
Join finished
delaying 5 for detectors to settle after peak hop
no intensity change cnt= 0
signals=[  0.00000000e+00   9.68190166e-01   3.00841012e+02   6.89030751e-02
   1.04836506e-01   9.51251517e-02]
prev_signals=[  0.00000000e+00   9.68190166e-01   3.00841012e+02   6.89030751e-02
   1.04836506e-01   9.51251517e-02]
resetting no_intensity_change_cnt
signals=[  0.00000000e+00   9.84708098e-01   3.00513262e+02   2.18977946e-01
   1.12087892e-01   4.27762244e-02]
prev_signals=[  0.00000000e+00   9.68190166e-01   3.00841012e+02   6.89030751e-02
   1.04836506e-01   9.51251517e-02]
GetDeflection L2 (CDD) ===>> 0
testing L2_CDD_==3250
evaluate ot="L2(CDD).deflection==3250" t="L2_CDD_==3250", ctx="{'L2_CDD_': 0.0}"
$$$$$$$$$$$$$$$$$ SETTING is_baseline False
Peak hop Detectors=['AX(CDD)']
Peak hop Deflections=[0]
Peak hop DeflectionsPairs=[('AX(CDD)', 0)]
SetDeflection AX (CDD),0.0 ===>> OK
----------------------- HOP Ar38 AX(CDD)
detector Detector(AX(CDD))
POSITION Ar38 AX(CDD)
Mapping mass to dac mass func: "discrete"
using discrete mass mapping
AX(CDD) map mass to dac 37.9627 >> 3.79384
GetDeflection AX (CDD) ===>> 0
GetHighVoltage ===>> 9900
positioning Ar38 (3.79384) on AX(CDD)
setting magnet DAC
current  : 3.766520
requested: 3.793840
Delta Dac: 0.027320
Checking detector protection. dv=0.02732
AF Demag not enabled. self.use_af_demag=True, use_af_demag=False
SetMagnetDAC 3.79384 ===>> OK
Magnet settling time: 0.500 0.500
Magnet settling complete
set_dac. change=True
update detector isotope pairing
detectors=['AX(CDD)']
isotopes=['Ar38']
updating pairing AX(CDD) - Ar38
Join finished
delaying 5 for detectors to settle after peak hop
no intensity change cnt= 0
signals=[ 0.1997186   0.         -0.08023112  0.22383438 -0.12669102 -0.20509325]
prev_signals=[ 0.1997186   0.         -0.08023112  0.22383438 -0.12669102 -0.20509325]
resetting no_intensity_change_cnt
signals=[ 0.18245024  0.         -0.0092584   0.2219843  -0.062962   -0.08796842]
prev_signals=[ 0.1997186   0.         -0.08023112  0.22383438 -0.12669102 -0.20509325]
GetDeflection L2 (CDD) ===>> 0
testing L2_CDD_==3250
evaluate ot="L2(CDD).deflection==3250" t="L2_CDD_==3250", ctx="{'L2_CDD_': 0.0}"
GetDeflection L2 (CDD) ===>> 0
testing L2_CDD_==3250
evaluate ot="L2(CDD).deflection==3250" t="L2_CDD_==3250", ctx="{'L2_CDD_': 0.0}"
$$$$$$$$$$$$$$$$$ SETTING is_baseline False
Peak hop Detectors=['H2', 'H1', 'AX', 'L1', 'L2(CDD)']
Peak hop Deflections=[0, 0, 0, 0, 0]
Peak hop DeflectionsPairs=[('H2', 0), ('H1', 0), ('AX', 0), ('L1', 0), ('L2(CDD)', 0)]
SetDeflection L2 (CDD),0.0 ===>> OK
----------------------- HOP Ar40 H2
detector Detector(H2)
POSITION Ar40 H2
Mapping mass to dac mass func: "discrete"
using discrete mass mapping
H2 map mass to dac 39.9624 >> 3.76652
GetHighVoltage ===>> 9900
positioning Ar40 (3.76652) on H2
setting magnet DAC
current  : 3.793840
requested: 3.766520
Delta Dac: 0.027320
Checking detector protection. dv=0.02732
AF Demag not enabled. self.use_af_demag=True, use_af_demag=False
SetMagnetDAC 3.76652 ===>> OK
Magnet settling time: 0.500 0.500
Magnet settling complete
set_dac. change=True
update detector isotope pairing
detectors=['H2', 'H1', 'AX', 'L1', 'L2(CDD)']
isotopes=['Ar40', 'Ar39', 'Ar38', 'Ar37', 'Ar36']
updating pairing H2 - Ar40
updating pairing H1 - Ar39
updating pairing AX - Ar38
updating pairing L1 - Ar37
updating pairing L2(CDD) - Ar36
set states for children of U. state=False
refresh_canvas_needed fired
Join finished
delaying 5 for detectors to settle after peak hop
no intensity change cnt= 0
signals=[  0.00000000e+00   9.67388327e-01   2.99245840e+02   1.61049533e-01
   9.85641747e-02  -1.09988048e-01]
prev_signals=[  0.00000000e+00   9.67388327e-01   2.99245840e+02   1.61049533e-01
   9.85641747e-02  -1.09988048e-01]
resetting no_intensity_change_cnt
signals=[  0.00000000e+00   9.82944044e-01   2.98817802e+02   1.75618030e-01
   1.61050785e-01   5.11933719e-02]
prev_signals=[  0.00000000e+00   9.67388327e-01   2.99245840e+02   1.61049533e-01
   9.85641747e-02  -1.09988048e-01]
GetDeflection L2 (CDD) ===>> 0
testing L2_CDD_==3250
evaluate ot="L2(CDD).deflection==3250" t="L2_CDD_==3250", ctx="{'L2_CDD_': 0.0}"
14:07:12 -- collecting point 250
$$$$$$$$$$$$$$$$$ SETTING is_baseline False
Peak hop Detectors=['AX(CDD)']
Peak hop Deflections=[0]
Peak hop DeflectionsPairs=[('AX(CDD)', 0)]
SetDeflection AX (CDD),0.0 ===>> OK
----------------------- HOP Ar38 AX(CDD)
detector Detector(AX(CDD))
POSITION Ar38 AX(CDD)
Mapping mass to dac mass func: "discrete"
using discrete mass mapping
AX(CDD) map mass to dac 37.9627 >> 3.79384
GetDeflection AX (CDD) ===>> 0
GetHighVoltage ===>> 9900
positioning Ar38 (3.79384) on AX(CDD)
setting magnet DAC
current  : 3.766520
requested: 3.793840
Delta Dac: 0.027320
Checking detector protection. dv=0.02732
AF Demag not enabled. self.use_af_demag=True, use_af_demag=False
SetMagnetDAC 3.79384 ===>> OK
Magnet settling time: 0.500 0.500
Magnet settling complete
set_dac. change=True
update detector isotope pairing
detectors=['AX(CDD)']
isotopes=['Ar38']
updating pairing AX(CDD) - Ar38
Join finished
delaying 5 for detectors to settle after peak hop
no intensity change cnt= 0
signals=[ 0.18963263  0.         -0.02510826  0.0223129  -0.03515234 -0.07586318]
prev_signals=[ 0.18963263  0.         -0.02510826  0.0223129  -0.03515234 -0.07586318]
resetting no_intensity_change_cnt
signals=[ 0.18306151  0.         -0.04864948 -0.16934225 -0.03078926 -0.0493464 ]
prev_signals=[ 0.18963263  0.         -0.02510826  0.0223129  -0.03515234 -0.07586318]
GetDeflection L2 (CDD) ===>> 0
testing L2_CDD_==3250
evaluate ot="L2(CDD).deflection==3250" t="L2_CDD_==3250", ctx="{'L2_CDD_': 0.0}"
GetDeflection L2 (CDD) ===>> 0
testing L2_CDD_==3250
evaluate ot="L2(CDD).deflection==3250" t="L2_CDD_==3250", ctx="{'L2_CDD_': 0.0}"
$$$$$$$$$$$$$$$$$ SETTING is_baseline False
Peak hop Detectors=['H2', 'H1', 'AX', 'L1', 'L2(CDD)']
Peak hop Deflections=[0, 0, 0, 0, 0]
Peak hop DeflectionsPairs=[('H2', 0), ('H1', 0), ('AX', 0), ('L1', 0), ('L2(CDD)', 0)]
SetDeflection L2 (CDD),0.0 ===>> OK
----------------------- HOP Ar40 H2
detector Detector(H2)
POSITION Ar40 H2
Mapping mass to dac mass func: "discrete"
using discrete mass mapping
H2 map mass to dac 39.9624 >> 3.76652
GetHighVoltage ===>> 9900
positioning Ar40 (3.76652) on H2
setting magnet DAC
current  : 3.793840
requested: 3.766520
Delta Dac: 0.027320
Checking detector protection. dv=0.02732
AF Demag not enabled. self.use_af_demag=True, use_af_demag=False
SetMagnetDAC 3.76652 ===>> OK
Magnet settling time: 0.500 0.500
Magnet settling complete
set_dac. change=True
update detector isotope pairing
detectors=['H2', 'H1', 'AX', 'L1', 'L2(CDD)']
isotopes=['Ar40', 'Ar39', 'Ar38', 'Ar37', 'Ar36']
updating pairing H2 - Ar40
updating pairing H1 - Ar39
updating pairing AX - Ar38
updating pairing L1 - Ar37
updating pairing L2(CDD) - Ar36
Join finished
delaying 5 for detectors to settle after peak hop
no intensity change cnt= 0
signals=[  0.00000000e+00   9.70114582e-01   2.97810774e+02   1.91574253e-01
   1.03663915e-01  -2.69795099e-02]
prev_signals=[  0.00000000e+00   9.70114582e-01   2.97810774e+02   1.91574253e-01
   1.03663915e-01  -2.69795099e-02]
resetting no_intensity_change_cnt
signals=[  0.00000000e+00   9.76048203e-01   2.97769137e+02   1.00234201e-01
   1.22252693e-01  -1.86303505e-01]
prev_signals=[  0.00000000e+00   9.70114582e-01   2.97810774e+02   1.91574253e-01
   1.03663915e-01  -2.69795099e-02]
GetDeflection L2 (CDD) ===>> 0
testing L2_CDD_==3250
evaluate ot="L2(CDD).deflection==3250" t="L2_CDD_==3250", ctx="{'L2_CDD_': 0.0}"
$$$$$$$$$$$$$$$$$ SETTING is_baseline False
Peak hop Detectors=['AX(CDD)']
Peak hop Deflections=[0]
Peak hop DeflectionsPairs=[('AX(CDD)', 0)]
SetDeflection AX (CDD),0.0 ===>> OK
----------------------- HOP Ar38 AX(CDD)
detector Detector(AX(CDD))
POSITION Ar38 AX(CDD)
Mapping mass to dac mass func: "discrete"
using discrete mass mapping
AX(CDD) map mass to dac 37.9627 >> 3.79384
GetDeflection AX (CDD) ===>> 0
GetHighVoltage ===>> 9900
positioning Ar38 (3.79384) on AX(CDD)
setting magnet DAC
current  : 3.766520
requested: 3.793840
Delta Dac: 0.027320
Checking detector protection. dv=0.02732
AF Demag not enabled. self.use_af_demag=True, use_af_demag=False
SetMagnetDAC 3.79384 ===>> OK
Magnet settling time: 0.500 0.500
Magnet settling complete
set_dac. change=True
update detector isotope pairing
detectors=['AX(CDD)']
isotopes=['Ar38']
updating pairing AX(CDD) - Ar38
Join finished
delaying 5 for detectors to settle after peak hop
no intensity change cnt= 0
signals=[ 0.19666224  0.         -0.10750005 -0.16298517 -0.0401967  -0.06514126]
prev_signals=[ 0.19666224  0.         -0.10750005 -0.16298517 -0.0401967  -0.06514126]
resetting no_intensity_change_cnt
signals=[ 0.19421715  0.         -0.07708465 -0.08935568 -0.11511295  0.09131996]
prev_signals=[ 0.19666224  0.         -0.10750005 -0.16298517 -0.0401967  -0.06514126]
GetDeflection L2 (CDD) ===>> 0
testing L2_CDD_==3250
evaluate ot="L2(CDD).deflection==3250" t="L2_CDD_==3250", ctx="{'L2_CDD_': 0.0}"
set states for children of O. state=False
set states for children of R. state=True
refresh_canvas_needed fired
GetDeflection L2 (CDD) ===>> 0
testing L2_CDD_==3250
evaluate ot="L2(CDD).deflection==3250" t="L2_CDD_==3250", ctx="{'L2_CDD_': 0.0}"
14:08:19 -- collecting point 300
$$$$$$$$$$$$$$$$$ SETTING is_baseline False
waiting for write to finish
measurement finished
estimated time: 450.888 actual time: :404.864
flush and close file /Users/obama/PychronDev/data/isotopes/a6/79bc77-7c66-4f5d-8ded-37e7ce7cbd22.h5
set_deflection ('H2 (CDD)', 0) {}
setting spectrometer parameter SetDeflection H2 (CDD),0
SetDeflection H2 (CDD),0 ===>> OK
set_deflection ('H1 (CDD)', 0) {}
setting spectrometer parameter SetDeflection H1 (CDD),0
SetDeflection H1 (CDD),0 ===>> OK
set_deflection ('AX (CDD)', 0) {}
setting spectrometer parameter SetDeflection AX (CDD),0
SetDeflection AX (CDD),0 ===>> OK
set_deflection ('L1 (CDD)', 0) {}
setting spectrometer parameter SetDeflection L1 (CDD),0
SetDeflection L1 (CDD),0 ===>> OK
set_deflection ('L2 (CDD)', 0) {}
setting spectrometer parameter SetDeflection L2 (CDD),0
SetDeflection L2 (CDD),0 ===>> OK
define_detectors ('Ar40', 'AX(CDD)') {}
molweights={'PHHCl': 38.13021421, 'Ar40': 39.9624, 'PM41': 41.0, 'Ar35': 35.0, 'Ar36': 35.9675, 'Ar37': 36.9668, 'PHHCbs': 38.9016474, 'Ar38': 37.9627, 'Ar39': 38.964, 'PM42': 42.0}
setting detector H2 to PM42 (42.0624)
setting detector H1 to PM41 (41.0624)
setting detector AX to Ar40 (40.0624)
setting detector L1 to Ar39 (39.0624)
setting detector L2 to Ar38 (37.9624)
setting detector H2(CDD) to PM42 (41.9624)
setting detector H1(CDD) to PM41 (40.9624)
setting detector AX(CDD) to Ar40 (39.9624)
setting detector L1(CDD) to Ar39 (38.9624)
setting detector L2(CDD) to Ar38 (38.0624)
baselines () {'settling_time': 15.0, 'detector': 'AX(CDD)', 'mass': 'PHHCbs', 'ncounts': 120, 'use_dac': False}
%%%%%%%%%%%%%%%%%%%%%%%%%%%%%%%% Baseline
build tables- baseline [Detector(H2), Detector(H1), Detector(AX), Detector(AX(CDD)), Detector(L1), Detector(L2(CDD))]
add group baseline table H2
add group baseline table H1
add group baseline table AX
add group baseline table AX(CDD)
add group baseline table L1
add group baseline table L2(CDD)
flush and close file /Users/obama/PychronDev/data/isotopes/a6/79bc77-7c66-4f5d-8ded-37e7ce7cbd22.h5
detector Detector(AX(CDD))
POSITION PHHCbs AX(CDD)
molweights={'PHHCl': 38.13021421, 'Ar40': 39.9624, 'PM41': 41.0, 'Ar35': 35.0, 'Ar36': 35.9675, 'Ar37': 36.9668, 'PHHCbs': 38.9016474, 'Ar38': 37.9627, 'Ar39': 38.964, 'PM42': 42.0}
setting detector H2 to PM41 (41.0016474)
setting detector H1 to Ar40 (40.0016474)
setting detector AX to Ar39 (39.0016474)
setting detector L1 to Ar38 (38.0016474)
setting detector L2 to Ar37 (36.9016474)
setting detector H2(CDD) to PM41 (40.9016474)
setting detector H1(CDD) to Ar40 (39.9016474)
setting detector AX(CDD) to Ar39 (38.9016474)
setting detector L1(CDD) to Ar38 (37.9016474)
setting detector L2(CDD) to Ar37 (37.0016474)
Mapping mass to dac mass func: "discrete"
using discrete mass mapping
AX(CDD) map mass to dac 38.9016474 >> 3.80892
GetDeflection AX (CDD) ===>> 0
GetHighVoltage ===>> 9900
positioning PHHCbs (3.80892) on AX(CDD)
setting magnet DAC
current  : 3.793840
requested: 3.808920
Delta Dac: 0.015080
Checking detector protection. dv=0.01508
AF Demag not enabled. self.use_af_demag=True, use_af_demag=False
SetMagnetDAC 3.80892 ===>> OK
Magnet settling time: 0.500 0.500
Magnet settling complete
set_dac. change=True
Delaying 15.0s for detectors to settle
set states for children of R. state=False
set states for children of U. state=True
refresh_canvas_needed fired
Join finished
measuring baseline. ncounts=120
"baseline" increment series count="2" fit count="1" regressing="True"
starting measurement
measurement period (ms) = 1048.576
GetDeflection L2 (CDD) ===>> 0
testing L2_CDD_==3250
evaluate ot="L2(CDD).deflection==3250" t="L2_CDD_==3250", ctx="{'L2_CDD_': 0.0}"
GetDeflection L2 (CDD) ===>> 0
testing L2_CDD_==3250
evaluate ot="L2(CDD).deflection==3250" t="L2_CDD_==3250", ctx="{'L2_CDD_': 0.0}"
14:09:01 -- collecting point 25
GetDeflection L2 (CDD) ===>> 0
testing L2_CDD_==3250
evaluate ot="L2(CDD).deflection==3250" t="L2_CDD_==3250", ctx="{'L2_CDD_': 0.0}"
GetDeflection L2 (CDD) ===>> 0
testing L2_CDD_==3250
evaluate ot="L2(CDD).deflection==3250" t="L2_CDD_==3250", ctx="{'L2_CDD_': 0.0}"
14:09:28 -- collecting point 50
GetDeflection L2 (CDD) ===>> 0
testing L2_CDD_==3250
evaluate ot="L2(CDD).deflection==3250" t="L2_CDD_==3250", ctx="{'L2_CDD_': 0.0}"
no intensity change cnt= 0
signals=[ 0.          0.          0.04551881  0.020232   -0.06105818 -0.23656236]
prev_signals=[ 0.          0.          0.04551881  0.020232   -0.06105818 -0.23656236]
resetting no_intensity_change_cnt
signals=[ 0.          0.         -0.15259701 -0.17535253 -0.07404585 -0.25177783]
prev_signals=[ 0.          0.          0.04551881  0.020232   -0.06105818 -0.23656236]
no intensity change cnt= 0
signals=[ 0.          0.         -0.18755446  0.28569819 -0.07065803 -0.333384  ]
prev_signals=[ 0.          0.         -0.18755446  0.28569819 -0.07065803 -0.333384  ]
resetting no_intensity_change_cnt
signals=[ 0.          0.          0.08864345 -0.44092373 -0.07341899 -0.24186475]
prev_signals=[ 0.          0.         -0.18755446  0.28569819 -0.07065803 -0.333384  ]
GetDeflection L2 (CDD) ===>> 0
testing L2_CDD_==3250
evaluate ot="L2(CDD).deflection==3250" t="L2_CDD_==3250", ctx="{'L2_CDD_': 0.0}"
no intensity change cnt= 0
signals=[  1.52795465e-04   0.00000000e+00  -2.49882603e-03  -2.05981290e-01
  -4.95476510e-02  -2.13162348e-01]
prev_signals=[  1.52795465e-04   0.00000000e+00  -2.49882603e-03  -2.05981290e-01
  -4.95476510e-02  -2.13162348e-01]
resetting no_intensity_change_cnt
signals=[ 0.          0.         -0.07976497  0.10763358 -0.08840315 -0.18261468]
prev_signals=[  1.52795465e-04   0.00000000e+00  -2.49882603e-03  -2.05981290e-01
  -4.95476510e-02  -2.13162348e-01]
GetDeflection L2 (CDD) ===>> 0
testing L2_CDD_==3250
evaluate ot="L2(CDD).deflection==3250" t="L2_CDD_==3250", ctx="{'L2_CDD_': 0.0}"
14:09:54 -- collecting point 75
GetDeflection L2 (CDD) ===>> 0
testing L2_CDD_==3250
evaluate ot="L2(CDD).deflection==3250" t="L2_CDD_==3250", ctx="{'L2_CDD_': 0.0}"
GetDeflection L2 (CDD) ===>> 0
testing L2_CDD_==3250
evaluate ot="L2(CDD).deflection==3250" t="L2_CDD_==3250", ctx="{'L2_CDD_': 0.0}"
14:10:20 -- collecting point 100
GetDeflection L2 (CDD) ===>> 0
testing L2_CDD_==3250
evaluate ot="L2(CDD).deflection==3250" t="L2_CDD_==3250", ctx="{'L2_CDD_': 0.0}"
GetDeflection L2 (CDD) ===>> 0
testing L2_CDD_==3250
evaluate ot="L2(CDD).deflection==3250" t="L2_CDD_==3250", ctx="{'L2_CDD_': 0.0}"
waiting for write to finish
measurement finished
estimated time: 125.829 actual time: :126.523
flush and close file /Users/obama/PychronDev/data/isotopes/a6/79bc77-7c66-4f5d-8ded-37e7ce7cbd22.h5
activate_detectors ('H2', 'AX', 'L2(CDD)') {'peak_center': True}
peak_center () {'detector': 'L2(CDD)', 'config_name': 'CDD_on_36', 'integration_time': 1.048576, 'isotope': 'Ar36'}
peak center: mean=0.975887845945 threshold=2.0
Skipping peak center. intensities to small. 0.975887845945<2.0
finished measure script
executed snippet estimated_duration=155.4, duration=568.872805119
felix_peak_hop_argon_2CDD_CDD_center.py completed successfully
Measurement Finished
14:10:43 -- ******* Measurement Finished *******
Post Measurement Started felix_pump_ms.py
14:10:43 -- ******* Post Measurement Started felix_pump_ms.py *******
testing...
no interpolation path defined
executed snippet estimated_duration=0, duration=2.88486480713e-05
Pumping spectrometer
open () {'name': 'V'}
open name=V desc=---
checking ownership. requestor=192.168.2.137
check software interlocks V
interlocks []
actuate state mode=None-script, software_lock=True
VALVE-V(Felix Ion Pump) software locked
change switch state (True, False)
-------------------------- open V () result=[(True, False)]
action=open, ok=True, locked=[True]
executed snippet estimated_duration=0, duration=0.00323700904846
felix_pump_ms.py completed successfully
setting _ms_pumptime
Post Measurement Finished
14:10:43 -- ******* Post Measurement Finished *******
$$$$$$$$$$$$$$$$$$$$ state at run end measurement
state changed from measurement to success
post measurement save measured=True aborted=False
Set filtering
setting fod for Ar40= {'filter_outliers': True, 'std_devs': 2, 'iterations': 2}
setting fod for H2= {'filter_outliers': True, 'std_devs': 2, 'iterations': 1}
setting fod for Ar38= {'filter_outliers': True, 'std_devs': 2, 'iterations': 2}
setting fod for AX= {'filter_outliers': True, 'std_devs': 2, 'iterations': 1}
setting fod for Ar36= {'filter_outliers': True, 'std_devs': 2, 'iterations': 2}
setting fod for L2(CDD)= {'filter_outliers': True, 'std_devs': 2, 'iterations': 1}
setting fod for Ar37= {'filter_outliers': True, 'std_devs': 2, 'iterations': 2}
setting fod for L1= {'filter_outliers': True, 'std_devs': 2, 'iterations': 1}
setting fod for Ar38= {'filter_outliers': True, 'std_devs': 2, 'iterations': 2}
setting fod for AX(CDD)= {'filter_outliers': True, 'std_devs': 2, 'iterations': 1}
setting fod for Ar39= {'filter_outliers': True, 'std_devs': 2, 'iterations': 2}
setting fod for H1= {'filter_outliers': True, 'std_devs': 2, 'iterations': 1}
not connected to db mysql://felixexp@129.138.12.160/labspy
Enviromentals: {'lab_humiditys': [{'device': 'EnvironmentalMonitor',
                    'name': 'Lab Hum.',
                    'pub_date': '2017-10-20T13:50:39',
                    'title': 'iServer Hum.',
                    'value': 43.0}],
 'lab_pneumatics': [{'device': 'AirPressure',
                     'name': 'Pressure',
                     'pub_date': '2017-10-20T14:10:44',
                     'title': None,
                     'value': 82.125},
                    {'device': 'AirPressure2',
                     'name': 'Pressure2',
                     'pub_date': '2017-10-20T14:08:56',
                     'title': None,
                     'value': 83.93086}],
 'lab_temperatures': [{'device': 'Coldfinger',
                       'name': 'ColdFinger Temp.',
                       'pub_date': '2017-10-20T10:28:45',
                       'title': None,
                       'value': 71.0},
                      {'device': 'EnvironmentalMonitor',
                       'name': 'Lab Temp.',
                       'pub_date': '2017-10-20T13:44:35',
                       'title': 'iServer Temp.',
                       'value': 73.0},
                      {'device': 'Chiller',
                       'name': 'Coolant Temp.',
                       'pub_date': '2017-10-20T14:05:33',
                       'title': None,
                       'value': 18.0}]}
persistence save...
persistence save - db
post measurement save
5406622544 connecting to database sqlite://@/
connected to db sqlite://@/
create new session 5406622544
close session 5406622544
No database instance. Not saving post measurement to isotopedb database
$$$$$$$$$$$$$$$ auto_save_detector_ic=False
massspec enabled True
create new session 5348939056
MassSpec Database Version: 16.0
close session 5348939056
saving post measurement to secondary database
saving to massspec database 129.138.12.160/massspecdata
setting labnumber to a-01-F
setting aliquot to 2573
setting step to 
setting uuid to a679bc77-7c66-4f5d-8ded-37e7ce7cbd22
setting irradpos to a-01-F
setting extract_device to Extract Device
setting tray to ---
setting position to 
setting power_requested to 0.0
setting extract_value to 0.0
setting duration to 0.0
setting duration_at_request to 0.0
setting first_stage_delay to 0.0
setting cleanup to 0.0
setting comment to 
setting irradiation to NoIrradiation
setting level to A
setting irradiation_level to A
setting sample to air
setting material to Gas
setting project to REFERENCES
setting mass_spectrometer to Felix
no attribute chron_dosages
no attribute production_ratios
no attribute interference_corrections
no attribute production_name
no attribute j
Reference Isotope=Ar40
Reference Detector=H2
%%%%%%%%%%%%%%%%%%%% Comment:  %%%%%%%%%%%%%%%%%%%
adding isotope Ar40 H2
add baseline dbdet= Ar40. original det= H2
get baseline data Ar40 H2
Get data baseline <pychron.processing.isotope.Baseline object at 0x14c0a4c50> len t=120
baseline Ar40. v=-0.0343316298498, e=0.0101186130134
get signal data Ar40 H2
Get data signal Ar40 311.79+/-0.06 len t=100
adding isotope Ar39 H1
add baseline dbdet= Ar39. original det= H1
get baseline data Ar39 H1
Get data baseline <pychron.processing.isotope.Baseline object at 0x14ba05310> len t=120
baseline Ar39. v=-0.0581881179064, e=0.0108261703761
get signal data Ar39 H1
Get data signal Ar39 0.24+/-0.04 len t=100
adding isotope Ar38 AX
add baseline dbdet= Ar38. original det= AX
get baseline data Ar38 AX
Get data baseline Ar38 len t=1
baseline Ar38. v=0.0, e=0.0
get signal data Ar38 AX
Get data signal Ar38 len t=1
no key Ar38 ['Ar40', 'Ar36', 'Ar37', 'Ar38AX', 'Ar38AX(CDD)', 'Ar39']
no blank for Ar38 ['Ar40', 'Ar36', 'Ar37', 'Ar38AX', 'Ar38AX(CDD)', 'Ar39']
adding isotope Ar38 AX(CDD)
add baseline dbdet= Ar38. original det= AX(CDD)
get baseline data Ar38 AX(CDD)
Get data baseline Ar38 len t=1
baseline Ar38. v=0.0, e=0.0
get signal data Ar38 AX(CDD)
Get data signal Ar38 len t=1
no key Ar38 ['Ar40', 'Ar36', 'Ar37', 'Ar38AX', 'Ar38AX(CDD)', 'Ar39']
no blank for Ar38 ['Ar40', 'Ar36', 'Ar37', 'Ar38AX', 'Ar38AX(CDD)', 'Ar39']
adding isotope Ar37 L1
add baseline dbdet= Ar37. original det= L1
get baseline data Ar37 L1
Get data baseline <pychron.processing.isotope.Baseline object at 0x141c712d0> len t=120
baseline Ar37. v=-0.135734935087, e=0.00980908451063
get signal data Ar37 L1
Get data signal Ar37 0.007+/-0.018 len t=100
adding isotope Ar36 L2(CDD)
add baseline dbdet= Ar36. original det= L2(CDD)
get baseline data Ar36 L2(CDD)
Get data baseline <pychron.processing.isotope.Baseline object at 0x141c71110> len t=120
baseline Ar36. v=0.0, e=0.0
get signal data Ar36 L2(CDD)
Get data signal Ar36 1.0313+/-0.0030 len t=100
a-01-F-2573 added analysis time 0.543391942978s
analysis added to mass spec database
mass spec save time= 0.554
persistence save - dvc
================= post measurement started
create new session 4790803056
close session 4790803056
---------------- Experiment Queue saving disabled
Popen(['git', 'cat-file', '--batch-check'], cwd=/Users/obama/PychronDev/data/.dvc/MetaData, universal_newlines=False, shell=None)
DVC saving peakcenter
Popen(['git', 'fetch', 'origin'], cwd=/Users/obama/PychronDev/data/.dvc/repositories/FractionatedRes, universal_newlines=False, shell=None)
Popen(['git', 'status', '-sb'], cwd=/Users/obama/PychronDev/data/.dvc/repositories/FractionatedRes, universal_newlines=False, shell=None)
not at valid file /Users/obama/PychronDev/data/.dvc/repositories/FractionatedRes/a-01/tags/-F-2573.tags.json
not at valid file /Users/obama/PychronDev/data/.dvc/repositories/FractionatedRes/a-01/peakcenter/-F-2573.peak.json
not at valid file /Users/obama/PychronDev/data/.dvc/repositories/FractionatedRes/a-01/extraction/-F-2573.extr.json
not at valid file /Users/obama/PychronDev/data/.dvc/repositories/FractionatedRes/a-01/monitor/-F-2573.moni.json
Popen(['git', 'cat-file', '--batch-check'], cwd=/Users/obama/PychronDev/data/.dvc/repositories/FractionatedRes, universal_newlines=False, shell=None)
Popen(['git', 'cat-file', '--batch'], cwd=/Users/obama/PychronDev/data/.dvc/repositories/FractionatedRes, universal_newlines=False, shell=None)
push repository <pychron.git_archive.repo_manager.GitRepoManager object at 0x12e959dd0>
pushing to remote=origin, url=https://github.com
Popen(['git', 'push', 'origin', 'master'], cwd=/Users/obama/PychronDev/data/.dvc/repositories/FractionatedRes, universal_newlines=False, shell=None)
Popen(['git', 'fetch', 'origin'], cwd=/Users/obama/PychronDev/data/.dvc/MetaData, universal_newlines=False, shell=None)
Popen(['git', 'status', '-sb'], cwd=/Users/obama/PychronDev/data/.dvc/MetaData, universal_newlines=False, shell=None)
Popen(['git', 'diff', 'HEAD', '--name-only'], cwd=/Users/obama/PychronDev/data/.dvc/MetaData, universal_newlines=False, shell=None)
no changes to meta repo
Popen(['git', 'push', 'origin', 'master'], cwd=/Users/obama/PychronDev/data/.dvc/MetaData, universal_newlines=False, shell=None)
create new session 4790803056
add association FractionatedRes
get identifier "a-01-F"
setting analysis irradiation position=<pychron.dvc.dvc_orm.IrradiationPositionTbl object at 0x14ac60610>
close session 4790803056
================= post measurement finished
14:10:55 -- ******* Post Run Check *******
loading queue conditionals post_run_actions
loading system conditionals post_run_actions
loading conditionals from /Users/obama/PychronDev/setupfiles/spectrometer/default_conditionals.yaml
loading queue conditionals post_run_terminations
loading system conditionals post_run_terminations
loading conditionals from /Users/obama/PychronDev/setupfiles/spectrometer/default_conditionals.yaml
Checking default post run terminations n=1
GetDeflection L2 (CDD) ===>> 0
testing L2_CDD_==3250
evaluate ot="L2(CDD).deflection==3250" t="L2_CDD_==3250", ctx="{'L2_CDD_': 0.0}"
14:10:55 -- ******* Post Run Check Passed *******
14:10:55 -- Automated run a-01-F-2573 success duration: 590.558 s
----------------- finish -----------------
----------------- stop -----------------
retroactive repository identifiers disabled
finish run. runs completed=1
update duration runid=a-01-F-2573, duration=590.557659864, md5=f23a3922
loading script "felix_peak_hop_argon_2CDD_CDD_center.py"
loading script "felix_pump_ms.py"
loading script "felix_air_x5.py"
loading script "felix_pump_extraction_line.py"
testing...
no interpolation path defined
executed snippet estimated_duration=139.8, duration=0.0125629901886
script duration name:peak_hop_argon_2CDD_CDD_center seconds:140.0
loading script "felix_peak_hop_argon_2CDD_CDD_center.py"
loading script "felix_pump_ms.py"
loading script "felix_air_x5.py"
loading script "felix_pump_extraction_line.py"
testing...
no interpolation path defined
executed snippet estimated_duration=0, duration=2.09808349609e-05
loading script "felix_peak_hop_argon_2CDD_CDD_center.py"
loading script "felix_pump_ms.py"
loading script "felix_air_x5.py"
loading script "felix_pump_extraction_line.py"
testing...
no interpolation path defined
calculate duration
testing...
no interpolation path defined
executed snippet estimated_duration=0, duration=5.00679016113e-05
calculate duration
testing...
no interpolation path defined
executed snippet estimated_duration=0, duration=8.39233398438e-05
calculate duration
testing...
no interpolation path defined
executed snippet estimated_duration=32.0, duration=6.91413879395e-05
calculate duration
testing...
no interpolation path defined
executed snippet estimated_duration=34.0, duration=7.91549682617e-05
calculate duration
testing...
no interpolation path defined
executed snippet estimated_duration=2.0, duration=5.10215759277e-05
calculate duration
testing...
no interpolation path defined
executed snippet estimated_duration=34.0, duration=5.69820404053e-05
calculate duration
testing...
no interpolation path defined
executed snippet estimated_duration=34.0, duration=7.91549682617e-05
calculate duration
testing...
no interpolation path defined
executed snippet estimated_duration=34.0, duration=0.000185966491699
calculate duration
testing...
no interpolation path defined
executed snippet estimated_duration=34.0, duration=7.89165496826e-05
calculate duration
testing...
no interpolation path defined
executed snippet estimated_duration=34.0, duration=7.10487365723e-05
calculate duration
testing...
no interpolation path defined
executed snippet estimated_duration=34.0, duration=9.20295715332e-05
calculate duration
testing...
no interpolation path defined
executed snippet estimated_duration=34.0, duration=6.19888305664e-05
calculate duration
testing...
no interpolation path defined
executed snippet estimated_duration=34.0, duration=9.98973846436e-05
calculate duration
testing...
no interpolation path defined
executed snippet estimated_duration=34.0, duration=7.00950622559e-05
executed snippet estimated_duration=384.0, duration=0.0125930309296
script duration name:air_x5 seconds:384.0
loading script "felix_peak_hop_argon_2CDD_CDD_center.py"
loading script "felix_pump_ms.py"
loading script "felix_air_x5.py"
loading script "felix_pump_extraction_line.py"
testing...
no interpolation path defined
calculate duration
testing...
no interpolation path defined
executed snippet estimated_duration=4.0, duration=0.00012993812561
executed snippet estimated_duration=4.0, duration=0.000895977020264
Script duration 524.0
Run total estimated duration= 525.000
peak_hop_argon_2CDD_CDD_center in script context. using previous estimated duration
script duration name:peak_hop_argon_2CDD_CDD_center seconds:140.0
pump_ms in script context. using previous estimated duration
air_x5 in script context. using previous estimated duration
script duration name:air_x5 seconds:384.0
pump_extraction_line in script context. using previous estimated duration
Script duration 524.0
Run total estimated duration= 525.000
script duration name:peak_hop_argon_2CDD_CDD_center seconds:140.0
script duration name:air_x5 seconds:384.0
Script duration 524.0
Run total estimated duration= 525.000
script duration name:peak_hop_argon_2CDD_CDD_center seconds:140.0
script duration name:air_x5 seconds:384.0
Script duration 524.0
Run total estimated duration= 525.000
script duration name:peak_hop_argon_2CDD_CDD_center seconds:140.0
script duration name:air_x5 seconds:384.0
Script duration 524.0
Run total estimated duration= 525.000
script duration name:peak_hop_argon_2CDD_CDD_center seconds:140.0
script duration name:air_x5 seconds:384.0
Script duration 524.0
Run total estimated duration= 525.000
script duration name:peak_hop_argon_2CDD_CDD_center seconds:140.0
script duration name:air_x5 seconds:384.0
Script duration 524.0
Run total estimated duration= 525.000
script duration name:peak_hop_argon_2CDD_CDD_center seconds:140.0
script duration name:air_x5 seconds:384.0
Script duration 524.0
Run total estimated duration= 525.000
script duration name:peak_hop_argon_2CDD_CDD_center seconds:140.0
script duration name:air_x5 seconds:384.0
Script duration 524.0
Run total estimated duration= 525.000
script duration name:peak_hop_argon_2CDD_CDD_center seconds:140.0
script duration name:air_x5 seconds:384.0
Script duration 524.0
Run total estimated duration= 525.000
script duration name:peak_hop_argon_2CDD_CDD_center seconds:140.0
script duration name:air_x5 seconds:384.0
Script duration 524.0
Run total estimated duration= 525.000
script duration name:peak_hop_argon_2CDD_CDD_center seconds:140.0
script duration name:air_x5 seconds:384.0
Script duration 524.0
Run total estimated duration= 525.000
script duration name:peak_hop_argon_2CDD_CDD_center seconds:140.0
script duration name:air_x5 seconds:384.0
Script duration 524.0
Run total estimated duration= 525.000
script duration name:peak_hop_argon_2CDD_CDD_center seconds:140.0
script duration name:air_x5 seconds:384.0
Script duration 524.0
Run total estimated duration= 525.000
script duration name:peak_hop_argon_2CDD_CDD_center seconds:140.0
script duration name:air_x5 seconds:384.0
Script duration 524.0
Run total estimated duration= 525.000
script duration name:peak_hop_argon_2CDD_CDD_center seconds:140.0
script duration name:air_x5 seconds:384.0
Script duration 524.0
Run total estimated duration= 525.000
script duration name:peak_hop_argon_2CDD_CDD_center seconds:140.0
script duration name:air_x5 seconds:384.0
Script duration 524.0
Run total estimated duration= 525.000
script duration name:peak_hop_argon_2CDD_CDD_center seconds:140.0
script duration name:air_x5 seconds:384.0
Script duration 524.0
Run total estimated duration= 525.000
script duration name:peak_hop_argon_2CDD_CDD_center seconds:140.0
script duration name:air_x5 seconds:384.0
Script duration 524.0
Run total estimated duration= 525.000
nruns=19 before=5.0, run_dur=9975.0, btw=18.0
write rem/ex queues
/Users/obama/PychronDev/experiments/rem/Argon2CDD_38AX.rem.txt
/Users/obama/PychronDev/experiments/rem/Argon2CDD_38AX.ex.txt
doing event level: 3
add run
